FILE_TYPE=LIBRARY_PARTS;
primitive 'MUR105';
  pin
    'CAT':
      PIN_NUMBER='(1)';
      PIN_TYPE='ANALOG';
      NO_LOAD_CHECK='BOTH';
      UNKNOWN_LOADING='TRUE';
    'AN':
      PIN_NUMBER='(2)';
      PIN_TYPE='ANALOG';
      NO_LOAD_CHECK='BOTH';
      UNKNOWN_LOADING='TRUE';
  end_pin;
  body
    LAST_MODIFIED='MON OCT 5 13:48:08 1987';
    ABBREV='1N4000';
    NEEDS_NO_SIZE='TRUE';
    LEADOUT_STYLE='DO4';
    PINCOUNT='2';
    PATH='10P';
    SIZE='1';
    BODY_NAME='MUR105';
    JEDEC_TYPE='D041';
    PHYS_DES_PREFIX='D';
    CLASS='DISCRETE';
  end_body;
end_primitive;

END.
