Design Differences 16.6-p001 (v16-6-112A) 9/10/2012
    Cadence Design Systems, Inc.
    (C) Copyright 1994, Cadence Design Systems, Inc.

Load design differences view at 23:14:55 Saturday, March 07, 2015
--- Ignored Instance Property List ---
   SCH_SIZE
   HAS_FIXED_SIZE
   DES
   PRIM_FILE
   CDS_LIB
   DRAWING
   PATH
   XY

 *************************************************
 *  Loading logical design view of tubii(sch_1)  *
 *************************************************

Setting design view directives...

Loading... C:\Users\Eric Marzec\Documents\Tubii_Tk2\worklib\tubii\packaged\pstchip.dat

Loading... C:\Users\Eric Marzec\Documents\Tubii_Tk2\worklib\tubii\packaged\pstxprt.dat

Loading... C:\Users\Eric Marzec\Documents\Tubii_Tk2\worklib\tubii\packaged\pstxnet.dat
packaging the design view...
 *****************************************************
 *  End loading logical design view of tubii(sch_1)  *
 *****************************************************


 ************************************************************
 *  Loading physical design view of tubii(TubiiPCB_V2.brd)  *
 ************************************************************

Setting design view directives...
Loading... C:\Users\Eric Marzec\Documents\Tubii_Tk2\worklib\tubii\packaged/funcview.dat
Loading... C:\Users\Eric Marzec\Documents\Tubii_Tk2\worklib\tubii\packaged/compview.dat
Loading... C:\Users\Eric Marzec\Documents\Tubii_Tk2\worklib\tubii\packaged/netview.dat
Loading... C:\Users\Eric Marzec\Documents\Tubii_Tk2\worklib\tubii\packaged/pinview.dat
packaging the design view...

 ****************************************************************
 *  End loading physical design view of tubii(TubiiPCB_V2.brd)  *
 ****************************************************************


 *******************************************
 *  Generating the design view difference  *
 *******************************************


 ***********************************************
 *  End generating the design view difference  *
 ***********************************************

Found Pin-net Connection Difference: tubii(sch_1) vs. tubii(TubiiPCB_V2.brd)
Writing project directives...
Exit Design Differences
