



    Cadence Design Systems, Inc.
    Packager-XL 16.6-p001 (v16-6-112A) WIN32 9/10/2012 12:00:00 IST
    (C) Copyright 1994, Cadence Design Systems, Inc.

    Run on Sun Mar 01 23:27:20 2015


 **********************************************
 *  Processing project file and command line  *
 **********************************************



    ANNOTATE  'BODY' 'PIN'
    COMP_DEF_PROP  'ALT_SYMBOLS' 'JEDEC_TYPE' 'NC_PINS' 'MERGE_NC_PINS'
                   'POWER_GROUP' 'POWER_PINS' 'MERGE_POWER_PINS' 'PINCOUNT'
    COMP_INST_PROP  'GROUP' 'ROOM' 'REUSE_INSTANCE' 'REUSE_ID' 'REUSE_NAME'
                    'SIGNAL_MODEL' 'DEFAULT_SIGNAL_MODEL'
                    'VOLT_TEMP_SIGNAL_MODEL' 'SYMBOL_EDITED'
                    'INCLUDE_IN_RF_TOPOLOGY' 'CDS_FSP_LIB_PART_MODEL'
                    'CDS_FSP_IS_FPGA' 'CDS_FSP_INSTANCE_NAME'
                    'CDS_FSP_INSTANCE_ID' 'NO_XNET_CONNECTION'
                    'EMBEDDED_PLACEMENT' 'ISRFELEMENT' 'RFELEMENTTYPE' 'RFLAYER'
                    'RFLAYER1' 'RFLAYER2' 'RFLAYER3' 'RFLAYER4' 'RFLAYER5'
                    'RFLAYER6' 'RFLAYER7' 'RFLAYER8' 'RFLAYER9' 'RFLAYER10'
                    'RFLAYER11' 'RFLAYER12' 'RFLAYER13' 'RFLAYER14' 'RFLAYER15'
                    'RFLAYER16' 'RFCOUPLINGMODE' 'RFFLIPMODE' 'RFANGLE'
                    'RFANGLE1' 'RFWIDTH' 'RFWIDTH1' 'RFWIDTH2' 'RFWIDTH3'
                    'RFWIDTH4' 'RFWIDTH5' 'RFWIDTH6' 'RFWIDTH7' 'RFWIDTH8'
                    'RFWIDTH9' 'RFWIDTH10' 'RFWIDTH11' 'RFWIDTH12' 'RFWIDTH13'
                    'RFWIDTH14' 'RFWIDTH15' 'RFWIDTH16' 'RFLENGTH' 'RFLENGTH1'
                    'RFLENGTH2' 'RFLENGTH3' 'RFLENGTH4' 'RFLENGTH5' 'RFLENGTH6'
                    'RFLENGTH7' 'RFLENGTH8' 'RFSPACING' 'RFSPACING1'
                    'RFSPACING2' 'RFSPACING3' 'RFSPACING4' 'RFSPACING5'
                    'RFSPACING6' 'RFSPACING7' 'RFSPACING8' 'RFSPACING9'
                    'RFSPACING10' 'RFSPACING11' 'RFSPACING12' 'RFSPACING13'
                    'RFSPACING14' 'RFSPACING15' 'RFOFFSETX' 'RFOFFSETY'
                    'RFRADIUS' 'RFDEPTH' 'RFFREQUENCY' 'RFMITERFRACTION'
                    'RFBENDMODE' 'RFNUMBERLEGS' 'RFNUMBERPAIRS' 'RFNUMBERTURNS'
                    'RFCAPACITANCE' 'RFRESISTANCE' 'RFINDUCTANCE'
                    'RFPADSTACKNAME' 'RFPADSSMNAME1' 'RFPADSSMNAME2'
                    'RFPADBEGINLAYER' 'RFPADENDLAYER' 'RFPADLINEWIDTH1'
                    'RFPADLINEWIDTH2' 'RFPADDIAMETER1' 'RFPADDIAMETER2'
                    'RFPADLENGTH1' 'RFPADLENGTH2' 'RFHOLEDIAMETER' 'RFPADANGLE'
                    'RFDRANAME' 'RFPADTYPE' 'RFUID' 'RFBLOCK' 'RFDCNET'
                    'RFGROUP'
    SUPPRESS_GLOBAL_SHORT_CHECK OFF
    DEBUG    0
    DEFAULT_PHYS_DES_PREFIX U
    FEEDBACK  'OFF'
    MAX_ERRORS 999
    NET_NAME_CHARS   @  -  !  #  %  &  (  )  *  .  /  :  ?  [  ]  ^  _  `  +
                     =  >  0  1  2  3  4  5  6  7  8  9
    NET_NAME_LENGTH 31
    NUM_OLD_VERSIONS 3
    OPTIMIZE OFF
    REUSE_REFDES ON
    OPF_OPTIMIZATION OFF
    HARD_LOC_SEC OFF
    FORCE_PTF_ENTRY OFF
    REGENERATE_PHYSICAL_NET_NAME OFF
    SCH_POWER_GROUP_WINS_OVER_PPT OFF
    NULL_OPT_VALID OFF
    USE_VECTOR_NOTATION ON
    FILTER_ECS_FROM_XNET ON
    OUTPUT  'ON'
    PACKAGE_PROP  'GROUP' 'ROOM'
    PART_TYPE_LENGTH 31
    REF_DES_LENGTH 31
    REPACKAGE OFF
    ELECTRICAL_CONSTRAINTS ON
    OVERWRITE_CONSTRAINTS OFF
    RUN_DIR ./worklib/tubii/packaged/
    STRICT_PACKAGE_PROP  'REUSE_INSTANCE'
    USE_LIBRARY_PPT ON
    USE_STATE ON
    WARNINGS ON
    LIBRARY  'tubii_tk2_lib' 'standard' '74hct' 'diode' 'dig_ecl' 'opa' 'opamp'
             'special' 'capacitors' 'diodes' 'ecl' 'physparts' 'regulators'
             'resistors' 'SNO_standard' 'ttl' 'misc' 'transistors'
    VIEW_PTF part_table
    VIEW_PACKAGER packaged
    VIEW_CONSTRAINTS sch_1
    DESIGN_LIBRARY tubii_tk2_lib
    DESIGN_NAME tubii
    VIEW_CONFIG_PHYSICAL cfg_package
    SD_SUFFIX_SEPARATOR _
    STOP_PST_GEN_ON_PTF_MISMATCH ON
    IGNORE_PRIM_BINDING OFF
    LOG_INST_PHYS_PATH ON
    ANNOTATE_VISIBLE_SEC OFF
    PTF_MISMATCH_EXCLUDE_INJ_PROP  'ALL'
    IMPORT_HFS_HARDSEC_ON_SWAP_PINS OFF
    ALLOW_PTFVALUE_INITIAL_BLANKS ON
    PRESERVE_UNSUBSTITUTED_MACROS OFF
    DETECT_SYS_NETSHORTS_PKG ON
    PROCESS_PIN_SHORT_PROP OFF
    STOP_PACKAGE_ON_SCHEMATIC_ERROR OFF
    LOCK_FILE_PERM 444
    LOCK_FOR_SAME_USER OFF
    ERROR_ON_MISMATCHED_INTERFACE ON
    RETAIN_ZERO_NODE_NETS OFF
    CACHE_ENABLED OFF
    CACHE_NAME cache
    PTF_NAME cache

 **************************************************************
 *  End processing project file and command line  (00:00:00)  *
 **************************************************************


Creating Configuration "cfg_package" for Design "tubii"

INFO(SPCODD-181): Loading C:\Cadence\SPB_16.6\share\cdssetup\cdsprop.tmf.
INFO(SPCODD-181): Loading C:\Cadence\SPB_16.6\share\cdssetup\cdsprop.paf.

 *********************************
 *  Loading the design database  *
 *********************************

INFO(SPCODD-181): Loading ./Parts/parts/resistors/rsmd0805/part_table/part.ptf.
INFO(SPCODD-181): Loading ./Parts/parts/capacitors/csmd0603/part_table/part.pt~
f.
INFO(SPCODD-181): Loading ./Parts/parts/capacitors/csmd0805/part_table/part.pt~
f.
 #1   ERROR(SPCODD-557): Differential Pair dp_d1 on logical pin D1* is missing~
 positive polarity pin for Physical Part MC10H116 in pin definitions in chips.~
prt.
 #2   ERROR(SPCODD-557): Differential Pair dp_d2 on logical pin D2* is missing~
 positive polarity pin for Physical Part MC10H116 in pin definitions in chips.~
prt.
 #3   ERROR(SPCODD-557): Differential Pair dp_d3 on logical pin D3* is missing~
 positive polarity pin for Physical Part MC10H116 in pin definitions in chips.~
prt.
 #4   ERROR(SPCODD-557): Differential Pair dp_q1 on logical pin Q1* is missing~
 positive polarity pin for Physical Part MC10H116 in pin definitions in chips.~
prt.
 #5   ERROR(SPCODD-557): Differential Pair dp_q2 on logical pin Q2* is missing~
 positive polarity pin for Physical Part MC10H116 in pin definitions in chips.~
prt.
 #6   ERROR(SPCODD-557): Differential Pair dp_q3 on logical pin Q3* is missing~
 positive polarity pin for Physical Part MC10H116 in pin definitions in chips.~
prt.
 #7   ERROR(SPCODD-53): Packaging cannot be completed because packaging has en~
countered a null object ID. The design may not have been saved correctly. Save~
 the design before packaging.
 #8   ERROR(SPCODD-53): Packaging cannot be completed because packaging has en~
countered a null object ID. The design may not have been saved correctly. Save~
 the design before packaging.
 #9   Could not find logical part "null" for primitive instance '@tubii_tk2_li~
b.ribbon_delay(sch_1):page1_i4'. Check 'PART_NAME' property in chips.prt file ~
or check for syntax errors or Library Defined Differential Pair pin errors. #10  ERROR(SPCODD-53): Packaging cannot be completed because packaging has en~
countered a null object ID. The design may not have been saved correctly. Save~
 the design before packaging.
INTERNAL ERROR: Unknown ObjType in pckMrkrHandler.
 #11  ERROR(SPCODD-53): Packaging cannot be completed because packaging has en~
countered a null object ID. The design may not have been saved correctly. Save~
 the design before packaging.
INTERNAL ERROR: Unknown ObjType in pckMrkrHandler.
 #12  Could not find logical part "null" for primitive instance '@tubii_tk2_li~
b.general_utilities(sch_1):page1_i2@tubii_tk2_lib.ribbon_delay(sch_1):page1_i3~
'. Check 'PART_NAME' property in chips.prt file or check for syntax errors or ~
Library Defined Differential Pair pin errors.INTERNAL ERROR: Unknown ObjType in pckMrkrHandler.
 #13  ERROR(SPCODD-53): Packaging cannot be completed because packaging has en~
countered a null object ID. The design may not have been saved correctly. Save~
 the design before packaging.
INTERNAL ERROR: Unknown ObjType in pckMrkrHandler.
 #14  ERROR(SPCODD-53): Packaging cannot be completed because packaging has en~
countered a null object ID. The design may not have been saved correctly. Save~
 the design before packaging.
INTERNAL ERROR: Unknown ObjType in pckMrkrHandler.
 #15  Could not find logical part "null" for primitive instance '@tubii_tk2_li~
b.general_utilities(sch_1):page1_i2@tubii_tk2_lib.ribbon_delay(sch_1):page1_i4~
'. Check 'PART_NAME' property in chips.prt file or check for syntax errors or ~
Library Defined Differential Pair pin errors.INTERNAL ERROR: Unknown ObjType in pckMrkrHandler.
 #16  ERROR(SPCODD-53): Packaging cannot be completed because packaging has en~
countered a null object ID. The design may not have been saved correctly. Save~
 the design before packaging.
INTERNAL ERROR: Unknown ObjType in pckMrkrHandler.
 #17  ERROR(SPCODD-53): Packaging cannot be completed because packaging has en~
countered a null object ID. The design may not have been saved correctly. Save~
 the design before packaging.
INTERNAL ERROR: Unknown ObjType in pckMrkrHandler.
 #18  Could not find logical part "null" for primitive instance '@tubii_tk2_li~
b.tubii_pcb(sch_1):page1_i4@tubii_tk2_lib.general_utilities(sch_1):page1_i2@tu~
bii_tk2_lib.ribbon_delay(sch_1):page1_i3'. Check 'PART_NAME' property in chips~
.prt file or check for syntax errors or Library Defined Differential Pair pin ~
errors.INTERNAL ERROR: Unknown ObjType in pckMrkrHandler.
 #19  ERROR(SPCODD-53): Packaging cannot be completed because packaging has en~
countered a null object ID. The design may not have been saved correctly. Save~
 the design before packaging.
INTERNAL ERROR: Unknown ObjType in pckMrkrHandler.
 #20  ERROR(SPCODD-53): Packaging cannot be completed because packaging has en~
countered a null object ID. The design may not have been saved correctly. Save~
 the design before packaging.
INTERNAL ERROR: Unknown ObjType in pckMrkrHandler.
 #21  Could not find logical part "null" for primitive instance '@tubii_tk2_li~
b.tubii_pcb(sch_1):page1_i4@tubii_tk2_lib.general_utilities(sch_1):page1_i2@tu~
bii_tk2_lib.ribbon_delay(sch_1):page1_i4'. Check 'PART_NAME' property in chips~
.prt file or check for syntax errors or Library Defined Differential Pair pin ~
errors.INTERNAL ERROR: Unknown ObjType in pckMrkrHandler.
 #22  ERROR(SPCODD-53): Packaging cannot be completed because packaging has en~
countered a null object ID. The design may not have been saved correctly. Save~
 the design before packaging.
INTERNAL ERROR: Unknown ObjType in pckMrkrHandler.
 #23  ERROR(SPCODD-53): Packaging cannot be completed because packaging has en~
countered a null object ID. The design may not have been saved correctly. Save~
 the design before packaging.
INTERNAL ERROR: Unknown ObjType in pckMrkrHandler.
 #24  Could not find logical part "null" for primitive instance '@tubii_tk2_li~
b.tubii(sch_1):page1_i1@tubii_tk2_lib.tubii_pcb(sch_1):page1_i4@tubii_tk2_lib.~
general_utilities(sch_1):page1_i2@tubii_tk2_lib.ribbon_delay(sch_1):page1_i3'.~
 Check 'PART_NAME' property in chips.prt file or check for syntax errors or Li~
brary Defined Differential Pair pin errors.INTERNAL ERROR: Unknown ObjType in pckMrkrHandler.
 #25  ERROR(SPCODD-53): Packaging cannot be completed because packaging has en~
countered a null object ID. The design may not have been saved correctly. Save~
 the design before packaging.
INTERNAL ERROR: Unknown ObjType in pckMrkrHandler.
 #26  ERROR(SPCODD-53): Packaging cannot be completed because packaging has en~
countered a null object ID. The design may not have been saved correctly. Save~
 the design before packaging.
INTERNAL ERROR: Unknown ObjType in pckMrkrHandler.
 #27  Could not find logical part "null" for primitive instance '@tubii_tk2_li~
b.tubii(sch_1):page1_i1@tubii_tk2_lib.tubii_pcb(sch_1):page1_i4@tubii_tk2_lib.~
general_utilities(sch_1):page1_i2@tubii_tk2_lib.ribbon_delay(sch_1):page1_i4'.~
 Check 'PART_NAME' property in chips.prt file or check for syntax errors or Li~
brary Defined Differential Pair pin errors.INTERNAL ERROR: Unknown ObjType in pckMrkrHandler.
 #28   INTERNAL ERROR: Unknown ObjType in pckMrkrHandler.
Mismatch in the interface ports in design 'clocks' for block 'fault_detection'.

Ports Added : change_clk_n, change_clk_p
 #29  ERROR(SPCODD-440): The error occurred because you may have edited some i~
nterface ports in the hierarchical blocks and the connectivity of parent desig~
ns of these blocks was not updated with the port changes. Run File > Save Hier~
archy in Design Entry HDL before running Export/Import Physical.			
INTERNAL ERROR: Unknown ObjType in pckMrkrHandler.
INFO(SPCOPK-1441): 29 errors detected
INFO(SPCOPK-1444): No warnings detected
INTERNAL ERROR: Unknown ObjType in pckMrkrHandler.
INFO(SPCOPK-1448): Use Tools->Markers->Packager in ConceptHDL to highlight ins~
tances for the errors/warnings reported.
    Start time   23:27:19
    End time     23:27:33
    Elapsed time  0:00:14

 **************************************************
 *  FATAL ERROR PackagerXL exiting with status 2  *
 **************************************************

