FILE_TYPE=LIBRARY_PARTS;
primitive '10ELT24';
  pin
    'D':
      PIN_NUMBER='(2)';
      INPUT_LOAD='(-0.01,0.01)';
    'Q':
      PIN_NUMBER='(7)';
      OUTPUT_LOAD='(1.0,-1.0)';
    '-Q':
      PIN_NUMBER='(6)';
      OUTPUT_LOAD='(1.0,-1.0)';
  end_pin;
  body
    PART_NAME='10ELT24';
    BODY_NAME='10ELT24';
    JEDEC_TYPE='soic8';
    PHYS_DES_PREFIX='U';
    CLASS='IC';
    GROUND_NETS='GND';
    POWER_PINS='(VEE:1)';
    POWER_PINS='(VCC:8)';
    POWER_PINS='(GND:5)';
    NC_PINS='(3,4)';
  end_body;
end_primitive;

END.
