FILE_TYPE=LIBRARY_PARTS;
primitive 'AD96685';
  pin
    'LTCH':
      PIN_NUMBER='(6)';
      PINUSE='UNSPEC';
    'INN':
      PIN_NUMBER='(4)';
      PINUSE='UNSPEC';
    'QN':
      PIN_NUMBER='(12)';
      PINUSE='UNSPEC';
    'QP':
      PIN_NUMBER='(11)';
      PINUSE='UNSPEC';
    'INP':
      PIN_NUMBER='(3)';
      PINUSE='UNSPEC';
    'GRND1':
      PIN_NUMBER='(1)';
      PINUSE='GROUND';
      NO_LOAD_CHECK='Both';
      NO_IO_CHECK='Both';
      NO_ASSERT_CHECK='TRUE';
      NO_DIR_CHECK='TRUE';
      ALLOW_CONNECT='TRUE';
    'GRND2':
      PIN_NUMBER='(16)';
      PINUSE='GROUND';
      NO_LOAD_CHECK='Both';
      NO_IO_CHECK='Both';
      NO_ASSERT_CHECK='TRUE';
      NO_DIR_CHECK='TRUE';
      ALLOW_CONNECT='TRUE';
    'VP':
      PIN_NUMBER='(2)';
      PINUSE='POWER';
      NO_LOAD_CHECK='Both';
      NO_IO_CHECK='Both';
      NO_ASSERT_CHECK='TRUE';
      NO_DIR_CHECK='TRUE';
      ALLOW_CONNECT='TRUE';
    'VN':
      PIN_NUMBER='(8)';
      PINUSE='POWER';
      NO_LOAD_CHECK='Both';
      NO_IO_CHECK='Both';
      NO_ASSERT_CHECK='TRUE';
      NO_DIR_CHECK='TRUE';
      ALLOW_CONNECT='TRUE';
  end_pin;
  body
    PART_NAME='AD96685';
    PATH='34P';
    DRAWING='ICDEVICES.LOGIC.1.1';
    VER='1';
    XY='(950,2800)';
    DIR='NEWIC.LIB';
    ROT='0';
    PINCOUNT='16';
    SIZE='1';
    BODY_NAME='AD96685';
    JEDEC_TYPE='SOIC16';
    PHYS_DES_PREFIX='U';
    CLASS='IC';
    NC_PINS='(5,7,9,10,13,14,15)';
  end_body;
end_primitive;

END.
