FILE_TYPE=LIBRARY_PARTS;
primitive '10H131','10H131_PLCC';
  pin
    'D'<0>:
      PIN_NUMBER='(7,10)';
      INPUT_LOAD='(-0.00005,0.35)';
    'EN':
      PIN_NUMBER='(6,11)';
      INPUT_LOAD='(-0.0005,0.35)';
    'Q'<0>:
      PIN_NUMBER='(2,15)';
      OUTPUT_LOAD='(1.0,-1.0)';
    'R':
      PIN_NUMBER='(4,13)';
      INPUT_LOAD='(-0.0005,0.35)';
    'S':
      PIN_NUMBER='(5,12)';
      INPUT_LOAD='(-0.0005,0.35)';
    'CLK':
      PIN_NUMBER='(9,9)';
      INPUT_LOAD='(-0.0005,0.35)';
    '-Q'<0>:
      PIN_NUMBER='(3,14)';
      OUTPUT_LOAD='(1.0,-1.0)';
  end_pin;
  body
    PART_NAME='10H131';
    FAMILY='ECL10H';
    TECH='10H';
    BODY_NAME='10H131';
    JEDEC_TYPE='plcc20';
    PHYS_DES_PREFIX='U';
    CLASS='IC';
    POWER_PINS='(VEE:8)';
    POWER_PINS='(VCC1:1)';
    POWER_PINS='(VCC2:16)';
    NC_PINS='(17,18,19,20)';
    CDS_LMAN_UNMAPPED_PHYS_PIN='(21,22,23,24,25,26,27,28)';
  end_body;
end_primitive;

END.
