FILE_TYPE=LIBRARY_PARTS;
primitive 'HC574F','HC574F_DIP';
  pin
    '-OE':
      PIN_NUMBER='(1)';
      OUTPUT_TYPE='(OE,OR)';
      OUTPUT_LOAD='(1.0,*)';
    'CK':
      PIN_NUMBER='(11)';
      INPUT_LOAD='(-0.01,0.01)';
    'D'<0>:
      PIN_NUMBER='(2)';
      INPUT_LOAD='(-0.01,0.01)';
    'D'<1>:
      PIN_NUMBER='(3)';
      INPUT_LOAD='(-0.01,0.01)';
    'D'<2>:
      PIN_NUMBER='(4)';
      INPUT_LOAD='(-0.01,0.01)';
    'D'<3>:
      PIN_NUMBER='(5)';
      INPUT_LOAD='(-0.01,0.01)';
    'D'<4>:
      PIN_NUMBER='(6)';
      INPUT_LOAD='(-0.01,0.01)';
    'D'<5>:
      PIN_NUMBER='(7)';
      INPUT_LOAD='(-0.01,0.01)';
    'D'<6>:
      PIN_NUMBER='(8)';
      INPUT_LOAD='(-0.01,0.01)';
    'D'<7>:
      PIN_NUMBER='(9)';
      INPUT_LOAD='(-0.01,0.01)';
    'Q'<0>:
      PIN_NUMBER='(19)';
      OUTPUT_LOAD='(1.0,-1.0)';
    'Q'<1>:
      PIN_NUMBER='(18)';
      OUTPUT_LOAD='(1.0,-1.0)';
    'Q'<2>:
      PIN_NUMBER='(17)';
      OUTPUT_LOAD='(1.0,-1.0)';
    'Q'<3>:
      PIN_NUMBER='(16)';
      OUTPUT_LOAD='(1.0,-1.0)';
    'Q'<4>:
      PIN_NUMBER='(15)';
      OUTPUT_LOAD='(1.0,-1.0)';
    'Q'<5>:
      PIN_NUMBER='(14)';
      OUTPUT_LOAD='(1.0,-1.0)';
    'Q'<6>:
      PIN_NUMBER='(13)';
      OUTPUT_LOAD='(1.0,-1.0)';
    'Q'<7>:
      PIN_NUMBER='(12)';
      OUTPUT_LOAD='(1.0,-1.0)';
  end_pin;
  body
    PART_NAME='HC574F';
    BODY_NAME='HC574F';
    JEDEC_TYPE='dip20';
    PHYS_DES_PREFIX='U';
    CLASS='IC';
    GROUND_NETS='GND';
    POWER_PINS='(GND:10)';
    POWER_PINS='(VCC:20)';
  end_body;
end_primitive;

END.
