Allegro Design Entry HDL 16.6-p007 (v16-6-112F) 10/10/2012
Copyright 2011 Cadence Design Systems, Inc

WARNING(SPCOCN-1474): You must specify a window that contains a drawing.
WARNING(SPCOCN-1474): You must specify a window that contains a drawing.
WARNING(SPCOCN-1474): You must specify a window that contains a drawing.
WARNING(SPCOCN-1474): You must specify a window that contains a drawing.
WARNING(SPCOCN-1474): You must specify a window that contains a drawing.
WARNING(SPCOCN-1474): You must specify a window that contains a drawing.
WARNING(SPCOCN-1474): You must specify a window that contains a drawing.
WARNING(SPCOCN-2040): Specify the command "page forcereset all" to reset logical page numbers of all pages of this block.
WARNING(SPCOCN-1523): Invalid set option: <search_history_count>
INFO(SPCOCN-1177): Unexpected text: <5>
WARNING(SPCOCN-1523): Invalid set option: <search_history>
INFO(SPCOCN-1177): Unexpected text: <DATA_RDY>
WARNING(SPCOCN-1523): Invalid set option: <search_toolbar_lookin>
INFO(SPCOCN-1177): Unexpected text: <PAGE>
WARNING(SPCOCN-1523): Invalid set option: <modify_quick_reset_filters>
INFO(SPCOCN-1177): Unexpected text: <OFF>
WARNING(SPCOCN-1523): Invalid set option: <hss_distribute_ports_count>
INFO(SPCOCN-1177): Unexpected text: <25>
WARNING(SPCOCN-1523): Invalid set option: <hss_distribute_port_pattern>
WARNING(SPCOCN-1523): Invalid set option: <hss_distribute_property_name>
WARNING(SPCOCN-1474): You must specify a window that contains a drawing.
WARNING(SPCOCN-1474): You must specify a window that contains a drawing.
WARNING(SPCOCN-1474): You must specify a window that contains a drawing.
WARNING(SPCOCN-1474): You must specify a window that contains a drawing.
WARNING(SPCOCN-1474): You must specify a window that contains a drawing.
WARNING(SPCOCN-1474): You must specify a window that contains a drawing.
INFO(SPCOCN-1737): Reading C:\Users\QGPWindowsVB\Documents\ANUSTART\cds.lib file.
WARNING(SPCOCN-1474): You must specify a window that contains a drawing.
INFO(SPCOCN-1445): Reading TUBII.SCH.1.1 into drawing #1.
INFO(SPCOCN-195): The following file will be used to identify the list of modules to be excluded: 'C:\Cadence\SPB_16.6\share\cdssetup\xmodules.dat'.
INFO(SPCOCN-1445): Reading TUBII.SCH.1.1 into drawing #1.
INFO(SPCOCN-1001): Component: I1 selected.
INFO(SPCOCN-1001): Component: I1 selected.
INFO(SPCOCN-1001): Component: I1 selected.
INFO(SPCOCN-1001): Component: I1 selected.
INFO(SPCOCN-1445): Reading TUBII_PCB.SCH.1.1 into drawing #1.
INFO(SPCOCN-1070): Checking drawing...
INFO(SPCOCN-1028): writing <tubii_tk2_lib>TUBII_PCB.SCH.1.1:
INFO(SPCOCN-1044): writing binary file...
INFO(SPCOCN-1049): writing ASCII file...
INFO(SPCOCN-1053): writing connectivity file...
INFO(SPCOCN-1054): ...written

CSDirect 16.6-p007 (v16-6-112F)

Netlisting block tubii_pcb

Processing page 1

No netlisting errors found. 

INFO(SPCOCN-1640): writing occurrence data...
INFO(SPCOCN-1054): ...written
INFO(SPCOCN-1001): Component: I2 selected.
INFO(SPCOCN-1445): Reading CLOCKS.SCH.1.1 into drawing #1.
INFO(SPCOCN-1001): Component: I3 selected.
INFO(SPCOCN-1001): Component: I3 selected.
INFO(SPCOCN-1001): Component: I3 selected.
INFO(SPCOCN-1445): Reading CHANGE_CLKS.SCH.1.1 into drawing #1.
INFO(SPCOCN-1507): Adding version 1 of part RSMD0805 from library resistors
INFO(SPCOCN-1001): Component: I23 selected.
INFO(SPCOCN-1001): Component: I23 selected.
WARNING(SPCOCN-1553): Wire split has multiple signal names, which might short the component.
WARNING(SPCOCN-1553): Wire split has multiple signal names, which might short the component.
WARNING(SPCOCN-1553): Wire split has multiple signal names, which might short the component.
WARNING(SPCOCN-1553): Wire split has multiple signal names, which might short the component.
WARNING(SPCOCN-1553): Wire split has multiple signal names, which might short the component.
INFO(SPCOCN-1001): Component: I23 selected.
WARNING(SPCOCN-1553): Wire split has multiple signal names, which might short the component.
WARNING(SPCOCN-1553): Wire split has multiple signal names, which might short the component.
WARNING(SPCOCN-1553): Wire split has multiple signal names, which might short the component.
WARNING(SPCOCN-1553): Wire split has multiple signal names, which might short the component.
WARNING(SPCOCN-1553): Wire split has multiple signal names, which might short the component.
WARNING(SPCOCN-1553): Wire split has multiple signal names, which might short the component.
WARNING(SPCOCN-1553): Wire split has multiple signal names, which might short the component.
WARNING(SPCOCN-1553): Wire split has multiple signal names, which might short the component.
WARNING(SPCOCN-1553): Wire split has multiple signal names, which might short the component.
WARNING(SPCOCN-1553): Wire split has multiple signal names, which might short the component.
WARNING(SPCOCN-1553): Wire split has multiple signal names, which might short the component.
WARNING(SPCOCN-1553): Wire split has multiple signal names, which might short the component.
WARNING(SPCOCN-1553): Wire split has multiple signal names, which might short the component.
INFO(SPCOCN-1070): Checking drawing...
INFO(SPCOCN-1028): writing <tubii_tk2_lib>CHANGE_CLKS.SCH.1.1:
INFO(SPCOCN-1044): writing binary file...
INFO(SPCOCN-1049): writing ASCII file...
INFO(SPCOCN-1053): writing connectivity file...
INFO(SPCOCN-1054): ...written

CSDirect 16.6-p007 (v16-6-112F)

Netlisting block change_clks

Processing page 1

No netlisting errors found. 

INFO(SPCOCN-1640): writing occurrence data...
INFO(SPCOCN-1054): ...written
WARNING(SPCOCN-1200): Using group A
INFO(SPCOCN-1195): Group "A" contains:   40 bodies   698 properties   1 notes   174 wires   45 dots   0 images
WARNING(SPCOCN-1203): Excluding from group A
INFO(SPCOCN-1195): Group "A" contains:   40 bodies   698 properties   1 notes   174 wires   45 dots   0 images
INFO(SPCOCN-1195): Group "A" contains:   39 bodies   698 properties   1 notes   174 wires   45 dots   0 images
INFO(SPCOCN-1195): Group "A" contains:   38 bodies   698 properties   1 notes   174 wires   45 dots   0 images
INFO(SPCOCN-1195): Group "A" contains:   37 bodies   698 properties   1 notes   174 wires   45 dots   0 images
INFO(SPCOCN-1195): Group "A" contains:   37 bodies   697 properties   1 notes   174 wires   45 dots   0 images
INFO(SPCOCN-1195): Group "A" contains:   36 bodies   697 properties   1 notes   174 wires   45 dots   0 images
INFO(SPCOCN-1195): Group "A" contains:   35 bodies   697 properties   1 notes   174 wires   45 dots   0 images
INFO(SPCOCN-1195): Group "A" contains:   34 bodies   697 properties   1 notes   174 wires   45 dots   0 images
INFO(SPCOCN-1195): Group "A" contains:   33 bodies   697 properties   1 notes   174 wires   45 dots   0 images
INFO(SPCOCN-1195): Group "A" contains:   32 bodies   697 properties   1 notes   174 wires   45 dots   0 images
INFO(SPCOCN-1195): Group "A" contains:   31 bodies   697 properties   1 notes   174 wires   45 dots   0 images
INFO(SPCOCN-1195): Group "A" contains:   30 bodies   697 properties   1 notes   174 wires   45 dots   0 images
INFO(SPCOCN-1195): Group "A" contains:   29 bodies   697 properties   1 notes   174 wires   45 dots   0 images
INFO(SPCOCN-1195): Group "A" contains:   28 bodies   697 properties   1 notes   174 wires   45 dots   0 images
INFO(SPCOCN-1195): Group "A" contains:   28 bodies   696 properties   1 notes   174 wires   45 dots   0 images
WARNING(SPCOCN-1206): Not in this group
INFO(SPCOCN-1070): Checking drawing...
INFO(SPCOCN-1028): writing <tubii_tk2_lib>CHANGE_CLKS.SCH.1.1:
INFO(SPCOCN-1044): writing binary file...
INFO(SPCOCN-1049): writing ASCII file...
INFO(SPCOCN-1053): writing connectivity file...
INFO(SPCOCN-1054): ...written

CSDirect 16.6-p007 (v16-6-112F)

Netlisting block change_clks

Processing page 1

No netlisting errors found. 

INFO(SPCOCN-1640): writing occurrence data...
INFO(SPCOCN-1054): ...written
INFO(SPCOCN-1019): Save All completed.
INFO(SPCOCN-1070): Checking drawing...
INFO(SPCOCN-1028): writing <tubii_tk2_lib>CHANGE_CLKS.SCH.1.1:
INFO(SPCOCN-1044): writing binary file...
INFO(SPCOCN-1049): writing ASCII file...
INFO(SPCOCN-1053): writing connectivity file...
INFO(SPCOCN-1054): ...written

CSDirect 16.6-p007 (v16-6-112F)

Netlisting block change_clks

Processing page 1

No netlisting errors found. 

INFO(SPCOCN-1640): writing occurrence data...
INFO(SPCOCN-1054): ...written
INFO(SPCOCN-1019): Save All completed.
INFO(SPCOCN-1445): Reading CHANGE_CLKS.SCH.1.1 into drawing #1.
INFO(SPCOCN-1445): Reading CHANGE_CLKS.SCH.1.1 into drawing #1.
INFO(SPCOCN-1001): Component: I30 selected.
INFO(SPCOCN-1001): Component: I30 selected.
INFO(SPCOCN-1001): Component: I10 selected.
INFO(SPCOCN-1001): Component: I10 selected.
INFO(SPCOCN-1001): Component: I30 selected.
INFO(SPCOCN-1001): Component: I29 selected.
INFO(SPCOCN-1001): Component: I29 selected.
INFO(SPCOCN-1001): Component: I25 selected.
INFO(SPCOCN-1001): Component: I25 selected.
INFO(SPCOCN-1001): Component: I25 selected.
INFO(SPCOCN-1001): Component: I25 selected.
INFO(SPCOCN-1001): Component: I25 selected.
INFO(SPCOCN-1001): Component: I24 selected.
INFO(SPCOCN-1001): Component: I25 selected.
INFO(SPCOCN-1001): Component: I25 selected.
INFO(SPCOCN-1001): Component: I25 selected.
INFO(SPCOCN-1001): Component: I25 selected.
INFO(SPCOCN-1001): Component: I24 selected.
INFO(SPCOCN-1001): Component: I35 selected.
INFO(SPCOCN-1001): Component: I27 selected.
INFO(SPCOCN-1001): Component: I27 selected.
INFO(SPCOCN-1001): Component: I27 selected.
INFO(SPCOCN-1001): Component: I26 selected.
INFO(SPCOCN-1001): Component: I27 selected.
INFO(SPCOCN-999): Signal: DEFAULT_CLK2_P selected.
INFO(SPCOCN-1001): Component: I27 selected.
INFO(SPCOCN-1001): Component: I26 selected.
INFO(SPCOCN-1001): Component: I8 selected.
INFO(SPCOCN-1001): Component: I8 selected.
INFO(SPCOCN-1001): Component: I37 selected.
INFO(SPCOCN-1001): Component: I37 selected.
INFO(SPCOCN-1001): Component: I37 selected.
INFO(SPCOCN-1000): Pin: I38.A<0> selected.
WARNING(SPCOCN-982): The operation could not be performed because no object on the drawing was selected.
INFO(SPCOCN-1000): Pin: I31.A<0> selected.
INFO(SPCOCN-1001): Component: I6 selected.
INFO(SPCOCN-1854): The drawing CHANGE_CLKS.SCH.1.1
INFO(SPCOCN-578): will be retained as drawing #1.
INFO(SPCOCN-1445): Reading CLOCKS.SCH.1.1 into drawing #2.
INFO(SPCOCN-1443): CHANGE_CLKS.SCH.1.1 has been previously edited as drawing #1.
INFO(SPCOCN-1070): Checking drawing...
INFO(SPCOCN-1028): writing <tubii_tk2_lib>CHANGE_CLKS.SCH.1.1:
INFO(SPCOCN-1044): writing binary file...
INFO(SPCOCN-1049): writing ASCII file...
INFO(SPCOCN-1053): writing connectivity file...
INFO(SPCOCN-1054): ...written

CSDirect 16.6-p007 (v16-6-112F)

Netlisting block change_clks

Processing page 1

No netlisting errors found. 

INFO(SPCOCN-1640): writing occurrence data...
INFO(SPCOCN-1054): ...written
INFO(SPCOCN-1019): Save All completed.
INFO(SPCOCN-1445): Reading CLOCKS.SCH.1.1 into drawing #1.
INFO(SPCOCN-1001): Component: I1 selected.
INFO(SPCOCN-1001): Component: I1 selected.
INFO(SPCOCN-1445): Reading DEFAULT_CLK_SEL.SCH.1.1 into drawing #1.
INFO(SPCOCN-1854): The drawing DEFAULT_CLK_SEL.SCH.1.1
INFO(SPCOCN-578): will be retained as drawing #1.
INFO(SPCOCN-1445): Reading CLOCKS.SCH.1.1 into drawing #2.
