FILE_TYPE=LIBRARY_PARTS;
primitive '74FHCT597','74FHCT597_SSOP';
  pin
    'D'<0>:
      PIN_NUMBER='(15)';
      INPUT_LOAD='(-0.01,0.01)';
    'D'<1>:
      PIN_NUMBER='(1)';
      INPUT_LOAD='(-0.01,0.01)';
    'D'<2>:
      PIN_NUMBER='(2)';
      INPUT_LOAD='(-0.01,0.01)';
    'D'<3>:
      PIN_NUMBER='(3)';
      INPUT_LOAD='(-0.01,0.01)';
    'D'<4>:
      PIN_NUMBER='(4)';
      INPUT_LOAD='(-0.01,0.01)';
    'D'<5>:
      PIN_NUMBER='(5)';
      INPUT_LOAD='(-0.01,0.01)';
    'D'<6>:
      PIN_NUMBER='(6)';
      INPUT_LOAD='(-0.01,0.01)';
    'D'<7>:
      PIN_NUMBER='(7)';
      INPUT_LOAD='(-0.01,0.01)';
    'Q':
      PIN_NUMBER='(9)';
      OUTPUT_LOAD='(1.0,-1.0)';
    'DS':
      PIN_NUMBER='(14)';
      INPUT_LOAD='(-0.01,0.01)';
    'STCP':
      PIN_NUMBER='(12)';
      INPUT_LOAD='(-0.01,0.01)';
    'SHCP':
      PIN_NUMBER='(11)';
      INPUT_LOAD='(-0.01,0.01)';
    '-MR':
      PIN_NUMBER='(10)';
      INPUT_LOAD='(-0.01,0.01)';
    '-PL':
      PIN_NUMBER='(13)';
      INPUT_LOAD='(-0.01,0.01)';
  end_pin;
  body
    PART_NAME='74FHCT597';
    BODY_NAME='74FHCT597';
    JEDEC_TYPE='ssop16';
    PHYS_DES_PREFIX='U';
    CLASS='IC';
    GROUND_NETS='GND';
    POWER_PINS='(GND:8)';
    POWER_PINS='(VCC:16)';
  end_body;
end_primitive;

END.
