FILE_TYPE=LIBRARY_PARTS;
primitive 'BAS16LT1';
  pin
    'CAT':
      PIN_NUMBER='(3)';
      PINUSE='UNSPEC';
    'AN':
      PIN_NUMBER='(1)';
      PINUSE='UNSPEC';
  end_pin;
  body
    PART_NAME='BAS16LT1';
    LAST_MODIFIED='Thu Dec 27 14:50:46 PST 1990';
    ABBREV='BAS16LT1';
    NEEDS_NO_SIZE='TRUE';
    LEADOUT_STYLE='SOT23';
    PINCOUNT='3';
    PATH='10P';
    SIZE='1';
    BODY_NAME='BAS16LT1';
    JEDEC_TYPE='SOT23';
    PHYS_DES_PREFIX='D';
    CLASS='DISCRETE';
    NC_PINS='(2)';
  end_body;
end_primitive;

END.
