Thu May 21 14:43:43 2015				Page     1

Photoplot log file
Results from aperture table.


INPUT-UNITS     INCHES

WHEEL     1

LINE               4            D89
LINE               6            D90
LINE               7            D87
LINE               8            D91
LINE              10            D92
LINE              15            D88
LINE              25            D93
LINE              30            D94
CIRCLE            24            D59
CIRCLE            25            D11
CIRCLE            30            D32
CIRCLE            35            D30
CIRCLE          35.4            D67
CIRCLE          39.4            D65
CIRCLE            40            D31
CIRCLE            43            D61
CIRCLE            44            D60
CIRCLE            45            D33
CIRCLE            47            D63
CIRCLE            50            D14
CIRCLE            55            D48
CIRCLE          59.1            D66
CIRCLE            60            D50
CIRCLE            63            D29
CIRCLE            65            D47
CIRCLE          66.9            D64
CIRCLE            67            D62
CIRCLE            70            D22
CIRCLE            75            D51
CIRCLE            80            D20
CIRCLE            83            D56
CIRCLE            88            D49
CIRCLE            93            D46
CIRCLE            95            D52
CIRCLE           100            D21
CIRCLE           108            D19
CIRCLE           109            D18
CIRCLE           119            D17
CIRCLE           129            D16
CIRCLE           145            D10
CIRCLE           150            D54
CIRCLE           160            D53
CIRCLE           170            D55
CIRCLE           200            D12
CIRCLE           300            D15
SQUARE            55   0.00000            D58
SQUARE            60   0.00000            D69
Thu May 21 14:43:43 2015				Page     2

Photoplot log file
Results from aperture table.

SQUARE            75   0.00000            D70
SQUARE            80   0.00000            D57
SQUARE            88   0.00000            D68
RECTANGLE         13        65   0.00000  D84
RECTANGLE         17        20   0.00000  D35
RECTANGLE         18        75   0.00000  D86
RECTANGLE         20        17   0.00000  D34
RECTANGLE         20        80   0.00000  D78
RECTANGLE         22        25   0.00000  D37
RECTANGLE         25        22   0.00000  D36
RECTANGLE         25        35   0.00000  D81
RECTANGLE         25        50   0.00000  D71
RECTANGLE         30        55   0.00000  D73
RECTANGLE         35        25   0.00000  D82
RECTANGLE         40        60   0.00000  D43
RECTANGLE         40       100   0.00000  D76
RECTANGLE         50        25   0.00000  D72
RECTANGLE         50        54   0.00000  D80
RECTANGLE         54        50   0.00000  D79
RECTANGLE         55        30   0.00000  D74
RECTANGLE         59        64   0.00000  D24
RECTANGLE         60        40   0.00000  D42
RECTANGLE         60        80   0.00000  D45
RECTANGLE         60       130   0.00000  D38
RECTANGLE         64        59   0.00000  D23
RECTANGLE         65        13   0.00000  D83
RECTANGLE       70.9      78.7   0.00000  D25
RECTANGLE         75        18   0.00000  D85
RECTANGLE       78.7      70.9   0.00000  D26
RECTANGLE         80        20   0.00000  D77
RECTANGLE         80        60   0.00000  D44
RECTANGLE         80       170   0.00000  D40
RECTANGLE       82.7      90.6   0.00000  D27
RECTANGLE       90.6      82.7   0.00000  D28
RECTANGLE        100        40   0.00000  D75
RECTANGLE        130        60   0.00000  D39
RECTANGLE        170        80   0.00000  D41
FLASH     AB00                 0.00000  D13

