(---------------------------------------------------------------------)
(                                                                     )
(    Silkscreen Audit Log File                                        )
(                                                                     )
(    Drawing          : TubiiPCB_V6.brd                               )
(    Software Version : 16.6P004                                      )
(    Date/Time        : Thu May 21 14:46:41 2015                      )
(                                                                     )
(---------------------------------------------------------------------)


Auditing silkscreen for both sides of the board.

Element to Pad clearance is 0.1

     ----- Top Silkscreen Audit -----

TEXT 'U156' @ (12082.0, 4471.0) ... with a FILLED RECTANGLE place boundary
TEXT 'U155' @ (12018.0, 4589.0) ... with a FILLED RECTANGLE place boundary
TEXT 'U87' @ (13493.0, 7926.9) ... with text 'U88' @ (13368.0, 7926.9)
TEXT 'U87' @ (13493.0, 7926.9) ... with line starting at (13478.0, 8026.9)
TEXT 'U87' @ (13493.0, 7926.9) ... with a FILLED RECTANGLE place boundary
TEXT 'U87' @ (13493.0, 7926.9) ... with pin @ (13428.0, 7876.9)
TEXT 'U88' @ (13368.0, 7926.9) ... with text 'U89' @ (13243.0, 7926.9)
TEXT 'U88' @ (13368.0, 7926.9) ... with line starting at (13353.0, 8026.9)
TEXT 'U88' @ (13368.0, 7926.9) ... with a FILLED RECTANGLE place boundary
TEXT 'U88' @ (13368.0, 7926.9) ... with text 'U87' @ (13493.0, 7926.9)
TEXT 'U88' @ (13368.0, 7926.9) ... with pin @ (13303.0, 7876.9)
TEXT 'U89' @ (13243.0, 7926.9) ... with text 'U90' @ (13118.0, 7926.9)
TEXT 'U89' @ (13243.0, 7926.9) ... with text 'U88' @ (13368.0, 7926.9)
TEXT 'U89' @ (13243.0, 7926.9) ... with line starting at (13228.0, 8026.9)
TEXT 'U89' @ (13243.0, 7926.9) ... with a FILLED RECTANGLE place boundary
TEXT 'U89' @ (13243.0, 7926.9) ... with pin @ (13178.0, 7876.9)
TEXT 'U90' @ (13118.0, 7926.9) ... with text 'U91' @ (12993.0, 7926.9)
TEXT 'U90' @ (13118.0, 7926.9) ... with text 'U89' @ (13243.0, 7926.9)
TEXT 'U90' @ (13118.0, 7926.9) ... with line starting at (13103.0, 8026.9)
TEXT 'U90' @ (13118.0, 7926.9) ... with a FILLED RECTANGLE place boundary
TEXT 'U90' @ (13118.0, 7926.9) ... with pin @ (13053.0, 7876.9)
TEXT 'U91' @ (12993.0, 7926.9) ... with text 'U90' @ (13118.0, 7926.9)
TEXT 'U91' @ (12993.0, 7926.9) ... with line starting at (12978.0, 8026.9)
TEXT 'U91' @ (12993.0, 7926.9) ... with a FILLED RECTANGLE place boundary
TEXT 'U91' @ (12993.0, 7926.9) ... with pin @ (12928.0, 7876.9)
TEXT 'U112' @ (11020.0, 13400.0) ... with line starting at (11195.1, 13390.5)
TEXT 'U112' @ (11020.0, 13400.0) ... with line starting at (10845.0, 12995.0)
TEXT 'U112' @ (11020.0, 13400.0) ... with a FILLED RECTANGLE place boundary
TEXT 'U112' @ (11020.0, 13400.0) ... with pin @ (11225.0, 13450.0)
TEXT 'U112' @ (11020.0, 13400.0) ... with pin @ (11225.0, 13371.2)
TEXT 'U112' @ (11020.0, 13400.0) ... with a FILLED RECTANGLE place boundary
TEXT 'U122' @ (12320.0, 11925.0) ... with line starting at (12145.0, 11520.0)
TEXT 'U122' @ (12320.0, 11925.0) ... with a FILLED RECTANGLE place boundary
TEXT 'U122' @ (12320.0, 11925.0) ... with line starting at (12495.1, 11915.5)
TEXT 'U122' @ (12320.0, 11925.0) ... with a FILLED RECTANGLE place boundary
TEXT 'U122' @ (12320.0, 11925.0) ... with pin @ (12525.0, 11975.0)
TEXT 'U122' @ (12320.0, 11925.0) ... with pin @ (12525.0, 11896.2)
TEXT 'U117' @ (12270.0, 13400.0) ... with line starting at (12445.1, 13390.5)
TEXT 'U117' @ (12270.0, 13400.0) ... with line starting at (12095.0, 12995.0)
TEXT 'U117' @ (12270.0, 13400.0) ... with a FILLED RECTANGLE place boundary
TEXT 'U117' @ (12270.0, 13400.0) ... with pin @ (12475.0, 13450.0)
TEXT 'U117' @ (12270.0, 13400.0) ... with pin @ (12475.0, 13371.2)
TEXT 'U117' @ (12270.0, 13400.0) ... with a FILLED RECTANGLE place boundary
TEXT 'U137' @ (11045.0, 11925.0) ... with line starting at (10870.0, 11520.0)
TEXT 'U137' @ (11045.0, 11925.0) ... with a FILLED RECTANGLE place boundary
TEXT 'U137' @ (11045.0, 11925.0) ... with line starting at (11220.1, 11915.5)
TEXT 'U137' @ (11045.0, 11925.0) ... with a FILLED RECTANGLE place boundary
TEXT 'U137' @ (11045.0, 11925.0) ... with pin @ (11250.0, 11975.0)
TEXT 'U137' @ (11045.0, 11925.0) ... with pin @ (11250.0, 11896.2)
TEXT 'U107' @ (13570.0, 13400.0) ... with line starting at (13745.1, 13390.5)
TEXT 'U107' @ (13570.0, 13400.0) ... with line starting at (13395.0, 12995.0)
TEXT 'U107' @ (13570.0, 13400.0) ... with a FILLED RECTANGLE place boundary
TEXT 'U107' @ (13570.0, 13400.0) ... with pin @ (13775.0, 13450.0)
TEXT 'U107' @ (13570.0, 13400.0) ... with pin @ (13775.0, 13371.2)
TEXT 'U107' @ (13570.0, 13400.0) ... with a FILLED RECTANGLE place boundary
TEXT 'U127' @ (13595.0, 11925.0) ... with line starting at (13420.0, 11520.0)
TEXT 'U127' @ (13595.0, 11925.0) ... with a FILLED RECTANGLE place boundary
TEXT 'U127' @ (13595.0, 11925.0) ... with line starting at (13770.1, 11915.5)
TEXT 'U127' @ (13595.0, 11925.0) ... with a FILLED RECTANGLE place boundary
TEXT 'U127' @ (13595.0, 11925.0) ... with pin @ (13800.0, 11975.0)
TEXT 'U127' @ (13595.0, 11925.0) ... with pin @ (13800.0, 11896.2)
TEXT 'U132' @ (14870.0, 11950.0) ... with line starting at (14695.0, 11545.0)
TEXT 'U132' @ (14870.0, 11950.0) ... with a FILLED RECTANGLE place boundary
TEXT 'U132' @ (14870.0, 11950.0) ... with line starting at (15045.1, 11940.5)
TEXT 'U132' @ (14870.0, 11950.0) ... with a FILLED RECTANGLE place boundary
TEXT 'U132' @ (14870.0, 11950.0) ... with pin @ (15075.0, 12000.0)
TEXT 'U132' @ (14870.0, 11950.0) ... with pin @ (15075.0, 11921.2)
TEXT 'U142' @ (14845.0, 13400.0) ... with line starting at (15020.1, 13390.5)
TEXT 'U142' @ (14845.0, 13400.0) ... with line starting at (14670.0, 12995.0)
TEXT 'U142' @ (14845.0, 13400.0) ... with a FILLED RECTANGLE place boundary
TEXT 'U142' @ (14845.0, 13400.0) ... with pin @ (15050.0, 13450.0)
TEXT 'U142' @ (14845.0, 13400.0) ... with pin @ (15050.0, 13371.2)
TEXT 'U142' @ (14845.0, 13400.0) ... with a FILLED RECTANGLE place boundary
TEXT 'SY100EL91L' @ (12480.5, 5358.0) ... with text 'SY100EL34L' @ (12407.2, 5521.3)
TEXT 'U27' @ (12217.2, 4929.3) ... with line starting at (12732.2, 5150.9)
TEXT 'U27' @ (12217.2, 4929.3) ... with line starting at (12732.2, 4906.3)
TEXT 'U27' @ (12217.2, 4929.3) ... with a FILLED RECTANGLE place boundary
TEXT 'MC10E016' @ (14443.0, 6766.9) ... with line starting at (14523.1, 6731.8)
TEXT 'MC10E016' @ (14443.0, 6766.9) ... with line starting at (13928.0, 7026.9)
TEXT 'MC10E016' @ (14443.0, 6766.9) ... with a FILLED RECTANGLE place boundary
TEXT 'MC10E016' @ (14443.0, 6766.9) ... with pin @ (14553.0, 6791.3)
TEXT 'MC10E016' @ (14443.0, 6766.9) ... with a FILLED RECTANGLE place boundary
TEXT 'MC10E016' @ (14443.0, 6766.9) ... with pin @ (14323.0, 6776.9)
TEXT 'R304' @ (11274.0, 12172.9) ... with text 'R305' @ (11194.0, 12172.9)
TEXT 'R253' @ (12549.0, 12173.5) ... with text 'R254' @ (12469.0, 12173.5)
TEXT 'R21' @ (12486.3, 5469.1) ... with text 'SY100EL34L' @ (12407.2, 5521.3)
TEXT 'D10' @ (9646.5, 15673.4) ... with line starting at (9274.0, 15584.5)
TEXT 'D10' @ (9646.5, 15673.4) ... with a FILLED RECTANGLE place boundary
TEXT 'D12' @ (10021.5, 15669.8) ... with a FILLED RECTANGLE place boundary
TEXT 'D13' @ (9553.5, 15679.0) ... with text 'D10' @ (9646.5, 15673.4)
TEXT 'D13' @ (9553.5, 15679.0) ... with line starting at (9926.0, 15767.9)
TEXT 'D13' @ (9553.5, 15679.0) ... with a FILLED RECTANGLE place boundary
TEXT 'D5' @ (8778.5, 15704.0) ... with text 'D6' @ (8821.5, 15696.0)
TEXT 'D5' @ (8778.5, 15704.0) ... with line starting at (9101.0, 15790.5)
TEXT 'D5' @ (8778.5, 15704.0) ... with a FILLED RECTANGLE place boundary
TEXT 'D6' @ (8821.5, 15696.0) ... with line starting at (8499.0, 15609.5)
TEXT 'D6' @ (8821.5, 15696.0) ... with a FILLED RECTANGLE place boundary
TEXT 'MC10H125' @ (6915.0, 9465.0) ... with line starting at (6495.0, 9675.0)
TEXT 'MC10H125' @ (6915.0, 9465.0) ... with a FILLED RECTANGLE place boundary
TEXT 'MC10H125' @ (6915.0, 9465.0) ... with pin @ (6795.0, 9475.0)
TEXT 'MC10H125' @ (6915.0, 9465.0) ... with line starting at (5100.0, 8350.0)
TEXT 'SY100EL34L' @ (12407.2, 5521.3) ... with text 'SY100EL91L' @ (12480.5, 5358.0)
TEXT 'SY100EL34L' @ (12407.2, 5521.3) ... with text 'R21' @ (12486.3, 5469.1)
TEXT 'SY100EL34L' @ (12407.2, 5521.3) ... with a FILLED RECTANGLE place boundary
TEXT 'SY100EL34L' @ (12407.2, 5521.3) ... with pin @ (12442.8, 5413.8)
TEXT 'OPA2277_SOIC' @ (6616.2, 4724.6) ... with line starting at (5173.7, 3724.6)
TEXT 'OPA2277_SOIC' @ (6616.2, 4724.6) ... with a FILLED RECTANGLE place boundary
TEXT 'OPA2277_SOIC' @ (6616.2, 4724.6) ... with pin @ (6820.0, 4729.4)
TEXT '74HCT273' @ (13709.0, 8817.9) ... with line starting at (13358.0, 8526.9)
TEXT '74HCT273' @ (13709.0, 8817.9) ... with a FILLED RECTANGLE place boundary
TEXT '74HCT273' @ (13709.0, 8817.9) ... with pin @ (13398.0, 8826.9)
TEXT '74HCT273' @ (13709.0, 8817.9) ... with pin @ (13398.0, 8776.9)
TEXT '74HCT165' @ (8505.0, 11480.0) ... with via @ (8600.0, 11475.0)
TEXT '74HCT165' @ (8505.0, 11480.0) ... with text 'U3' @ (8524.0, 11505.7)
TEXT '74HCT165' @ (8505.0, 11480.0) ... with a FILLED RECTANGLE place boundary
TEXT '74HCT165' @ (8505.0, 11480.0) ... with pin @ (8752.5, 11500.0)
TEXT 'U3' @ (8524.0, 11505.7) ... with text '74HCT165' @ (8505.0, 11480.0)

Audit Errors: 117


     ----- Bottom Silkscreen Audit -----


Audit Errors: 0


Total Audit Errors: 117

Log End

