(---------------------------------------------------------------------)
(                                                                     )
(    DRC Update                                                       )
(                                                                     )
(    Drawing          : TubiiPCB_V6.brd                               )
(    Software Version : 16.6P004                                      )
(    Date/Time        : Tue May 19 19:50:11 2015                      )
(                                                                     )
(---------------------------------------------------------------------)


 ========= check shapes                       0:00:00
 ========= check standalone pins              0:00:00
 ========= check symbols (pins,lines,text)    0:00:00
 ========= check xnets                        0:00:00
 ========= check nets                         0:00:00
 ========= check standalone branches          0:00:00
 ========= check standalone filled rectangles 0:00:00
 ========= check standalone lines             0:00:00
 ========= check standalone text              0:00:00
 ========= check standalone rectangles        0:00:00

 ..... Total number of DRC errors  117


WARNING: 15 dynamic shape(s) out of date; checking skipped on these elements.

 ..... DRC update completed, total CPU time   0:00:01
 *************************************************************************

