(---------------------------------------------------------------------)
(                                                                     )
(    Cadence Artwork Import                                           )
(                                                                     )
(    Drawing          : DELETEME.brd                                  )
(    Software Version : 16.6P004                                      )
(    Date/Time        : Fri Jun 05 11:05:41 2015                      )
(                                                                     )
(---------------------------------------------------------------------)


Fri Jun 05 11:05:41 2015				Page     1


Processing photoplot file C:/Users/QGPWindowsVB/Desktop/marzece_Tubii_Prod_wSo~
lderMask/marzece_TUBII_6_5_SolderMask_Bottom_Production.art ...
Adding the film data on ETCH/TOP.
DRC errors detected.
DRC errors detected.
DRC errors detected.
DRC errors detected.
DRC errors detected.
DRC errors detected.
DRC errors detected.
DRC errors detected.
DRC errors detected.
DRC errors detected.
DRC errors detected.
DRC errors detected.
DRC errors detected.
DRC errors detected.
DRC errors detected.
DRC errors detected.
DRC errors detected.
DRC errors detected.
DRC errors detected.
DRC errors detected.
DRC errors detected.
DRC errors detected.
DRC errors detected.
DRC errors detected.
DRC errors detected.
DRC errors detected.
DRC errors detected.
DRC errors detected.
DRC errors detected.
DRC errors detected.
DRC errors detected.
DRC errors detected.
DRC errors detected.
DRC errors detected.
DRC errors detected.
DRC errors detected.
DRC errors detected.
DRC errors detected.
DRC errors detected.
DRC errors detected.
DRC errors detected.
DRC errors detected.
DRC errors detected.
DRC errors detected.
DRC errors detected.
DRC errors detected.
DRC errors detected.
DRC errors detected.
DRC errors detected.
DRC errors detected.
DRC errors detected.
DRC errors detected.
Fri Jun 05 11:05:41 2015				Page     2


DRC errors detected.
DRC errors detected.
DRC errors detected.
DRC errors detected.
DRC errors detected.
DRC errors detected.
DRC errors detected.
DRC errors detected.
DRC errors detected.
DRC errors detected.
DRC errors detected.
DRC errors detected.
DRC errors detected.
DRC errors detected.
DRC errors detected.
DRC errors detected.
DRC errors detected.
DRC errors detected.
DRC errors detected.
DRC errors detected.
DRC errors detected.
DRC errors detected.
DRC errors detected.
DRC errors detected.
DRC errors detected.
DRC errors detected.
DRC errors detected.
DRC errors detected.
DRC errors detected.
DRC errors detected.
DRC errors detected.
DRC errors detected.
DRC errors detected.
DRC errors detected.
DRC errors detected.
DRC errors detected.
DRC errors detected.
DRC errors detected.
DRC errors detected.
DRC errors detected.
DRC errors detected.
DRC errors detected.
DRC errors detected.
DRC errors detected.
DRC errors detected.
DRC errors detected.
DRC errors detected.
DRC errors detected.
DRC errors detected.
DRC errors detected.
DRC errors detected.
DRC errors detected.
DRC errors detected.
DRC errors detected.
DRC errors detected.
Fri Jun 05 11:05:41 2015				Page     3


DRC errors detected.
DRC errors detected.
DRC errors detected.
DRC errors detected.
DRC errors detected.
DRC errors detected.
DRC errors detected.
DRC errors detected.
DRC errors detected.
DRC errors detected.
DRC errors detected.
DRC errors detected.
DRC errors detected.
DRC errors detected.
DRC errors detected.
DRC errors detected.
DRC errors detected.
DRC errors detected.
DRC errors detected.
DRC errors detected.
DRC errors detected.
DRC errors detected.
DRC errors detected.
DRC errors detected.
DRC errors detected.
DRC errors detected.
DRC errors detected.
DRC errors detected.
DRC errors detected.
DRC errors detected.
DRC errors detected.
DRC errors detected.
DRC errors detected.
DRC errors detected.
DRC errors detected.
DRC errors detected.
DRC errors detected.
DRC errors detected.
DRC errors detected.
DRC errors detected.
DRC errors detected.
DRC errors detected.
DRC errors detected.
DRC errors detected.
DRC errors detected.
DRC errors detected.
DRC errors detected.
DRC errors detected.
DRC errors detected.
DRC errors detected.
DRC errors detected.
DRC errors detected.
DRC errors detected.
DRC errors detected.
DRC errors detected.
Fri Jun 05 11:05:41 2015				Page     4


DRC errors detected.
DRC errors detected.
DRC errors detected.
DRC errors detected.
DRC errors detected.
DRC errors detected.
DRC errors detected.
DRC errors detected.
DRC errors detected.
DRC errors detected.
DRC errors detected.
DRC errors detected.
DRC errors detected.
DRC errors detected.
DRC errors detected.
DRC errors detected.
DRC errors detected.
DRC errors detected.
DRC errors detected.
DRC errors detected.
DRC errors detected.
DRC errors detected.
DRC errors detected.
DRC errors detected.
DRC errors detected.
DRC errors detected.
DRC errors detected.
DRC errors detected.
DRC errors detected.
DRC errors detected.
DRC errors detected.
DRC errors detected.
DRC errors detected.
DRC errors detected.
DRC errors detected.
DRC errors detected.
DRC errors detected.
DRC errors detected.
DRC errors detected.
DRC errors detected.
DRC errors detected.
DRC errors detected.
DRC errors detected.
DRC errors detected.
DRC errors detected.
DRC errors detected.
DRC errors detected.
DRC errors detected.
DRC errors detected.
DRC errors detected.
DRC errors detected.
DRC errors detected.
DRC errors detected.
DRC errors detected.
DRC errors detected.
Fri Jun 05 11:05:41 2015				Page     5


DRC errors detected.
DRC errors detected.
DRC errors detected.
DRC errors detected.
DRC errors detected.
DRC errors detected.
DRC errors detected.
DRC errors detected.
DRC errors detected.
DRC errors detected.
DRC errors detected.
DRC errors detected.
DRC errors detected.
DRC errors detected.
DRC errors detected.
DRC errors detected.
DRC errors detected.
DRC errors detected.
DRC errors detected.
DRC errors detected.
DRC errors detected.
DRC errors detected.
DRC errors detected.
DRC errors detected.
DRC errors detected.
DRC errors detected.
DRC errors detected.
DRC errors detected.
DRC errors detected.
DRC errors detected.
DRC errors detected.
DRC errors detected.
DRC errors detected.
DRC errors detected.
DRC errors detected.
DRC errors detected.
DRC errors detected.
DRC errors detected.
DRC errors detected.
DRC errors detected.
DRC errors detected.
DRC errors detected.
DRC errors detected.
DRC errors detected.
DRC errors detected.
DRC errors detected.
DRC errors detected.
DRC errors detected.
DRC errors detected.
DRC errors detected.
DRC errors detected.
DRC errors detected.
DRC errors detected.
DRC errors detected.
DRC errors detected.
Fri Jun 05 11:05:41 2015				Page     6


DRC errors detected.
DRC errors detected.
DRC errors detected.
DRC errors detected.
DRC errors detected.
DRC errors detected.
DRC errors detected.
DRC errors detected.
DRC errors detected.
DRC errors detected.
DRC errors detected.
DRC errors detected.
DRC errors detected.
DRC errors detected.
DRC errors detected.
DRC errors detected.
DRC errors detected.
DRC errors detected.
DRC errors detected.
DRC errors detected.
DRC errors detected.
DRC errors detected.
DRC errors detected.
DRC errors detected.
DRC errors detected.
DRC errors detected.
DRC errors detected.
DRC errors detected.
DRC errors detected.
DRC errors detected.
DRC errors detected.
DRC errors detected.
DRC errors detected.
DRC errors detected.
DRC errors detected.
DRC errors detected.
DRC errors detected.
DRC errors detected.
DRC errors detected.
DRC errors detected.
DRC errors detected.
DRC errors detected.
DRC errors detected.
DRC errors detected.
DRC errors detected.
DRC errors detected.
DRC errors detected.
DRC errors detected.
DRC errors detected.
DRC errors detected.
DRC errors detected.
DRC errors detected.
DRC errors detected.
DRC errors detected.
DRC errors detected.
Fri Jun 05 11:05:41 2015				Page     7


DRC errors detected.
DRC errors detected.
DRC errors detected.
DRC errors detected.
DRC errors detected.
DRC errors detected.
DRC errors detected.
DRC errors detected.
DRC errors detected.
DRC errors detected.
DRC errors detected.
DRC errors detected.
DRC errors detected.
DRC errors detected.
DRC errors detected.
DRC errors detected.
DRC errors detected.
DRC errors detected.
DRC errors detected.
DRC errors detected.
DRC errors detected.
DRC errors detected.
DRC errors detected.
DRC errors detected.
DRC errors detected.
DRC errors detected.
DRC errors detected.
DRC errors detected.
DRC errors detected.
DRC errors detected.
DRC errors detected.
DRC errors detected.
DRC errors detected.
DRC errors detected.
DRC errors detected.
DRC errors detected.
DRC errors detected.
DRC errors detected.
DRC errors detected.
DRC errors detected.
DRC errors detected.
DRC errors detected.
DRC errors detected.
DRC errors detected.
DRC errors detected.
DRC errors detected.
DRC errors detected.
DRC errors detected.
DRC errors detected.
DRC errors detected.
DRC errors detected.
DRC errors detected.
DRC errors detected.
DRC errors detected.
DRC errors detected.
Fri Jun 05 11:05:41 2015				Page     8


DRC errors detected.
DRC errors detected.
DRC errors detected.
DRC errors detected.
DRC errors detected.
DRC errors detected.
DRC errors detected.
DRC errors detected.
DRC errors detected.
DRC errors detected.
DRC errors detected.
DRC errors detected.
DRC errors detected.
DRC errors detected.
DRC errors detected.
DRC errors detected.
DRC errors detected.
DRC errors detected.
DRC errors detected.
DRC errors detected.
DRC errors detected.
DRC errors detected.
DRC errors detected.
DRC errors detected.
DRC errors detected.
DRC errors detected.
DRC errors detected.
DRC errors detected.
DRC errors detected.
DRC errors detected.
DRC errors detected.
DRC errors detected.
DRC errors detected.
DRC errors detected.
DRC errors detected.
DRC errors detected.
DRC errors detected.
DRC errors detected.
DRC errors detected.
DRC errors detected.
DRC errors detected.
DRC errors detected.
DRC errors detected.
DRC errors detected.
DRC errors detected.
DRC errors detected.
DRC errors detected.
DRC errors detected.
DRC errors detected.
DRC errors detected.
DRC errors detected.
DRC errors detected.
DRC errors detected.
DRC errors detected.
DRC errors detected.
Fri Jun 05 11:05:41 2015				Page     9


DRC errors detected.
DRC errors detected.
DRC errors detected.
DRC errors detected.
DRC errors detected.
DRC errors detected.
DRC errors detected.
DRC errors detected.
DRC errors detected.
DRC errors detected.
DRC errors detected.
DRC errors detected.
DRC errors detected.
DRC errors detected.
DRC errors detected.
DRC errors detected.
DRC errors detected.
DRC errors detected.
DRC errors detected.
DRC errors detected.
DRC errors detected.
DRC errors detected.
DRC errors detected.
DRC errors detected.
DRC errors detected.
DRC errors detected.
DRC errors detected.
DRC errors detected.
DRC errors detected.
DRC errors detected.
DRC errors detected.
DRC errors detected.
DRC errors detected.
DRC errors detected.
DRC errors detected.
DRC errors detected.
DRC errors detected.
DRC errors detected.
DRC errors detected.
DRC errors detected.
DRC errors detected.
DRC errors detected.
DRC errors detected.
DRC errors detected.
DRC errors detected.
DRC errors detected.
DRC errors detected.
DRC errors detected.
DRC errors detected.
DRC errors detected.
DRC errors detected.
DRC errors detected.
DRC errors detected.
DRC errors detected.
DRC errors detected.
Fri Jun 05 11:05:41 2015				Page    10


DRC errors detected.
DRC errors detected.
DRC errors detected.
DRC errors detected.
DRC errors detected.
DRC errors detected.
DRC errors detected.
DRC errors detected.
DRC errors detected.
DRC errors detected.
DRC errors detected.
DRC errors detected.
DRC errors detected.
DRC errors detected.
DRC errors detected.
DRC errors detected.
DRC errors detected.
DRC errors detected.
DRC errors detected.
DRC errors detected.
DRC errors detected.
DRC errors detected.
DRC errors detected.
DRC errors detected.
DRC errors detected.
DRC errors detected.
DRC errors detected.
DRC errors detected.
DRC errors detected.
DRC errors detected.
DRC errors detected.
DRC errors detected.
DRC errors detected.
DRC errors detected.
DRC errors detected.
DRC errors detected.
DRC errors detected.
DRC errors detected.
DRC errors detected.
DRC errors detected.
DRC errors detected.
DRC errors detected.
DRC errors detected.
DRC errors detected.
DRC errors detected.
DRC errors detected.
DRC errors detected.
DRC errors detected.
DRC errors detected.
DRC errors detected.
DRC errors detected.
DRC errors detected.
DRC errors detected.
DRC errors detected.
DRC errors detected.
Fri Jun 05 11:05:41 2015				Page    11


DRC errors detected.
DRC errors detected.
DRC errors detected.
DRC errors detected.
DRC errors detected.
DRC errors detected.
DRC errors detected.
DRC errors detected.
DRC errors detected.
DRC errors detected.
DRC errors detected.
DRC errors detected.
DRC errors detected.
DRC errors detected.
DRC errors detected.
DRC errors detected.
DRC errors detected.
DRC errors detected.
DRC errors detected.
DRC errors detected.
DRC errors detected.
DRC errors detected.
DRC errors detected.
DRC errors detected.
DRC errors detected.
DRC errors detected.
DRC errors detected.
DRC errors detected.
DRC errors detected.
DRC errors detected.
DRC errors detected.
DRC errors detected.
DRC errors detected.
DRC errors detected.
DRC errors detected.
DRC errors detected.
DRC errors detected.
DRC errors detected.
DRC errors detected.
DRC errors detected.
DRC errors detected.
DRC errors detected.
DRC errors detected.
DRC errors detected.
DRC errors detected.
DRC errors detected.
DRC errors detected.
DRC errors detected.
DRC errors detected.
DRC errors detected.
DRC errors detected.
DRC errors detected.
DRC errors detected.
DRC errors detected.
DRC errors detected.
Fri Jun 05 11:05:41 2015				Page    12


DRC errors detected.
DRC errors detected.
DRC errors detected.
DRC errors detected.
DRC errors detected.
DRC errors detected.
DRC errors detected.
DRC errors detected.
DRC errors detected.
DRC errors detected.
DRC errors detected.
DRC errors detected.
DRC errors detected.
DRC errors detected.
DRC errors detected.
DRC errors detected.
DRC errors detected.
DRC errors detected.
DRC errors detected.
DRC errors detected.
DRC errors detected.
DRC errors detected.
DRC errors detected.
DRC errors detected.
DRC errors detected.
DRC errors detected.
DRC errors detected.
DRC errors detected.
DRC errors detected.
DRC errors detected.
DRC errors detected.
DRC errors detected.
DRC errors detected.
DRC errors detected.
DRC errors detected.
DRC errors detected.
DRC errors detected.
DRC errors detected.
DRC errors detected.
DRC errors detected.
DRC errors detected.
DRC errors detected.
DRC errors detected.
DRC errors detected.
DRC errors detected.
DRC errors detected.
DRC errors detected.
DRC errors detected.
DRC errors detected.
DRC errors detected.
DRC errors detected.
DRC errors detected.
DRC errors detected.
DRC errors detected.
DRC errors detected.
Fri Jun 05 11:05:41 2015				Page    13


DRC errors detected.
DRC errors detected.
DRC errors detected.
DRC errors detected.
DRC errors detected.
DRC errors detected.
DRC errors detected.
DRC errors detected.
DRC errors detected.
DRC errors detected.
DRC errors detected.
DRC errors detected.
DRC errors detected.
DRC errors detected.
DRC errors detected.
DRC errors detected.
DRC errors detected.
DRC errors detected.
DRC errors detected.
DRC errors detected.
DRC errors detected.
DRC errors detected.
DRC errors detected.
DRC errors detected.
DRC errors detected.
DRC errors detected.
DRC errors detected.
DRC errors detected.
DRC errors detected.
DRC errors detected.
DRC errors detected.
DRC errors detected.
DRC errors detected.
DRC errors detected.
DRC errors detected.
DRC errors detected.
DRC errors detected.
DRC errors detected.
DRC errors detected.
DRC errors detected.
DRC errors detected.
DRC errors detected.
DRC errors detected.
DRC errors detected.
DRC errors detected.
DRC errors detected.
DRC errors detected.
DRC errors detected.
DRC errors detected.
DRC errors detected.
DRC errors detected.
DRC errors detected.
DRC errors detected.
DRC errors detected.
DRC errors detected.
Fri Jun 05 11:05:41 2015				Page    14


DRC errors detected.
DRC errors detected.
DRC errors detected.
DRC errors detected.
DRC errors detected.
DRC errors detected.
DRC errors detected.
DRC errors detected.
DRC errors detected.
DRC errors detected.
DRC errors detected.
DRC errors detected.
DRC errors detected.
DRC errors detected.
DRC errors detected.
DRC errors detected.
DRC errors detected.
DRC errors detected.
DRC errors detected.
DRC errors detected.
DRC errors detected.
DRC errors detected.
DRC errors detected.
DRC errors detected.
DRC errors detected.
DRC errors detected.
DRC errors detected.
DRC errors detected.
DRC errors detected.
DRC errors detected.
DRC errors detected.
DRC errors detected.
DRC errors detected.
DRC errors detected.
DRC errors detected.
DRC errors detected.
DRC errors detected.
DRC errors detected.
DRC errors detected.
DRC errors detected.
DRC errors detected.
DRC errors detected.
DRC errors detected.
DRC errors detected.
DRC errors detected.
DRC errors detected.
DRC errors detected.
DRC errors detected.
DRC errors detected.
DRC errors detected.
DRC errors detected.
DRC errors detected.
DRC errors detected.
DRC errors detected.
DRC errors detected.
Fri Jun 05 11:05:41 2015				Page    15


DRC errors detected.
DRC errors detected.
DRC errors detected.
DRC errors detected.
DRC errors detected.
DRC errors detected.
DRC errors detected.
DRC errors detected.
DRC errors detected.
DRC errors detected.
DRC errors detected.
DRC errors detected.
DRC errors detected.
DRC errors detected.
DRC errors detected.
DRC errors detected.
DRC errors detected.
DRC errors detected.
DRC errors detected.
DRC errors detected.
DRC errors detected.
DRC errors detected.
DRC errors detected.
DRC errors detected.
DRC errors detected.
DRC errors detected.
DRC errors detected.
DRC errors detected.
DRC errors detected.
DRC errors detected.
DRC errors detected.
DRC errors detected.
DRC errors detected.
DRC errors detected.
DRC errors detected.
DRC errors detected.
DRC errors detected.
DRC errors detected.
DRC errors detected.
DRC errors detected.
DRC errors detected.
DRC errors detected.
DRC errors detected.
DRC errors detected.
DRC errors detected.
DRC errors detected.
DRC errors detected.
DRC errors detected.
DRC errors detected.
DRC errors detected.
DRC errors detected.
DRC errors detected.
DRC errors detected.
DRC errors detected.
DRC errors detected.
Fri Jun 05 11:05:41 2015				Page    16


DRC errors detected.
DRC errors detected.
DRC errors detected.
DRC errors detected.
DRC errors detected.
DRC errors detected.
DRC errors detected.
DRC errors detected.
DRC errors detected.
DRC errors detected.
DRC errors detected.
DRC errors detected.
DRC errors detected.
DRC errors detected.
DRC errors detected.
DRC errors detected.
DRC errors detected.
DRC errors detected.
DRC errors detected.
DRC errors detected.
DRC errors detected.
DRC errors detected.
DRC errors detected.
DRC errors detected.
DRC errors detected.
DRC errors detected.
DRC errors detected.
DRC errors detected.
DRC errors detected.
DRC errors detected.
DRC errors detected.
DRC errors detected.
DRC errors detected.
DRC errors detected.
DRC errors detected.
DRC errors detected.
DRC errors detected.
DRC errors detected.
DRC errors detected.
DRC errors detected.
DRC errors detected.
DRC errors detected.
DRC errors detected.
DRC errors detected.
DRC errors detected.
DRC errors detected.
DRC errors detected.
DRC errors detected.
DRC errors detected.
DRC errors detected.
DRC errors detected.
DRC errors detected.
DRC errors detected.
DRC errors detected.
DRC errors detected.
Fri Jun 05 11:05:41 2015				Page    17


DRC errors detected.
DRC errors detected.
DRC errors detected.
DRC errors detected.
DRC errors detected.
DRC errors detected.
DRC errors detected.
DRC errors detected.
DRC errors detected.
DRC errors detected.
DRC errors detected.
DRC errors detected.
DRC errors detected.
DRC errors detected.
DRC errors detected.
DRC errors detected.
DRC errors detected.
DRC errors detected.
DRC errors detected.
DRC errors detected.
DRC errors detected.
DRC errors detected.
DRC errors detected.
DRC errors detected.
DRC errors detected.
DRC errors detected.
DRC errors detected.
DRC errors detected.
DRC errors detected.
DRC errors detected.
DRC errors detected.
DRC errors detected.
DRC errors detected.
DRC errors detected.
DRC errors detected.
DRC errors detected.
DRC errors detected.
DRC errors detected.
DRC errors detected.
DRC errors detected.
DRC errors detected.
DRC errors detected.
DRC errors detected.
DRC errors detected.
DRC errors detected.
DRC errors detected.
DRC errors detected.
DRC errors detected.
DRC errors detected.
DRC errors detected.
DRC errors detected.
DRC errors detected.
DRC errors detected.
DRC errors detected.
DRC errors detected.
Fri Jun 05 11:05:41 2015				Page    18


DRC errors detected.
DRC errors detected.
DRC errors detected.
DRC errors detected.
DRC errors detected.
DRC errors detected.
DRC errors detected.
DRC errors detected.
DRC errors detected.
DRC errors detected.
DRC errors detected.
DRC errors detected.
DRC errors detected.
DRC errors detected.
DRC errors detected.
DRC errors detected.
DRC errors detected.
DRC errors detected.
DRC errors detected.
DRC errors detected.
DRC errors detected.
DRC errors detected.
DRC errors detected.
DRC errors detected.
DRC errors detected.
DRC errors detected.
DRC errors detected.
DRC errors detected.
DRC errors detected.
DRC errors detected.
DRC errors detected.
DRC errors detected.
DRC errors detected.
DRC errors detected.
DRC errors detected.
DRC errors detected.
DRC errors detected.
DRC errors detected.
DRC errors detected.
DRC errors detected.
DRC errors detected.
DRC errors detected.
DRC errors detected.
DRC errors detected.
DRC errors detected.
DRC errors detected.
DRC errors detected.
DRC errors detected.
DRC errors detected.
DRC errors detected.
DRC errors detected.
DRC errors detected.
DRC errors detected.
DRC errors detected.
DRC errors detected.
Fri Jun 05 11:05:41 2015				Page    19


DRC errors detected.
DRC errors detected.
DRC errors detected.
DRC errors detected.
DRC errors detected.
DRC errors detected.
DRC errors detected.
DRC errors detected.
DRC errors detected.
DRC errors detected.
DRC errors detected.
DRC errors detected.
DRC errors detected.
DRC errors detected.
DRC errors detected.
DRC errors detected.
DRC errors detected.
DRC errors detected.
DRC errors detected.
DRC errors detected.
DRC errors detected.
DRC errors detected.
DRC errors detected.
DRC errors detected.
DRC errors detected.
DRC errors detected.
DRC errors detected.
DRC errors detected.
DRC errors detected.
DRC errors detected.
DRC errors detected.
DRC errors detected.
DRC errors detected.
DRC errors detected.
DRC errors detected.
DRC errors detected.
DRC errors detected.
DRC errors detected.
DRC errors detected.
DRC errors detected.
DRC errors detected.
DRC errors detected.
DRC errors detected.
DRC errors detected.
DRC errors detected.
DRC errors detected.
DRC errors detected.
DRC errors detected.
DRC errors detected.
DRC errors detected.
DRC errors detected.
DRC errors detected.
DRC errors detected.
DRC errors detected.
DRC errors detected.
Fri Jun 05 11:05:41 2015				Page    20


DRC errors detected.
DRC errors detected.
DRC errors detected.
DRC errors detected.
DRC errors detected.
DRC errors detected.
DRC errors detected.
DRC errors detected.
DRC errors detected.
DRC errors detected.
DRC errors detected.
DRC errors detected.
DRC errors detected.
DRC errors detected.
DRC errors detected.
DRC errors detected.
DRC errors detected.
DRC errors detected.
DRC errors detected.
DRC errors detected.
DRC errors detected.
DRC errors detected.
DRC errors detected.
DRC errors detected.
DRC errors detected.
DRC errors detected.
DRC errors detected.
DRC errors detected.
DRC errors detected.
DRC errors detected.
DRC errors detected.
DRC errors detected.
DRC errors detected.
DRC errors detected.
DRC errors detected.
DRC errors detected.
DRC errors detected.
DRC errors detected.
DRC errors detected.
DRC errors detected.
DRC errors detected.
DRC errors detected.
DRC errors detected.
DRC errors detected.
DRC errors detected.
DRC errors detected.
DRC errors detected.
DRC errors detected.
DRC errors detected.
DRC errors detected.
DRC errors detected.
DRC errors detected.
DRC errors detected.
DRC errors detected.
DRC errors detected.
Fri Jun 05 11:05:41 2015				Page    21


DRC errors detected.
DRC errors detected.
DRC errors detected.
DRC errors detected.
DRC errors detected.
DRC errors detected.
DRC errors detected.
DRC errors detected.
DRC errors detected.
DRC errors detected.
DRC errors detected.
DRC errors detected.
DRC errors detected.
DRC errors detected.
DRC errors detected.
DRC errors detected.
DRC errors detected.
DRC errors detected.
DRC errors detected.
DRC errors detected.
DRC errors detected.
DRC errors detected.
DRC errors detected.
DRC errors detected.
DRC errors detected.
DRC errors detected.
DRC errors detected.
DRC errors detected.
DRC errors detected.
DRC errors detected.
DRC errors detected.
DRC errors detected.
DRC errors detected.
DRC errors detected.
DRC errors detected.
DRC errors detected.
DRC errors detected.
DRC errors detected.
DRC errors detected.
DRC errors detected.
DRC errors detected.
DRC errors detected.
DRC errors detected.
DRC errors detected.
DRC errors detected.
DRC errors detected.
DRC errors detected.
DRC errors detected.
DRC errors detected.
DRC errors detected.
DRC errors detected.
DRC errors detected.
DRC errors detected.
DRC errors detected.
DRC errors detected.
Fri Jun 05 11:05:41 2015				Page    22


DRC errors detected.
DRC errors detected.
DRC errors detected.
DRC errors detected.
DRC errors detected.
DRC errors detected.
DRC errors detected.
DRC errors detected.
DRC errors detected.
DRC errors detected.
DRC errors detected.
DRC errors detected.
DRC errors detected.
DRC errors detected.
DRC errors detected.
DRC errors detected.
DRC errors detected.
DRC errors detected.
DRC errors detected.
DRC errors detected.
DRC errors detected.
DRC errors detected.
DRC errors detected.
DRC errors detected.
DRC errors detected.
DRC errors detected.
DRC errors detected.
DRC errors detected.
DRC errors detected.
DRC errors detected.
DRC errors detected.
DRC errors detected.
DRC errors detected.
DRC errors detected.
DRC errors detected.
DRC errors detected.
DRC errors detected.
DRC errors detected.
DRC errors detected.
DRC errors detected.
DRC errors detected.
DRC errors detected.
DRC errors detected.
DRC errors detected.
DRC errors detected.
DRC errors detected.
DRC errors detected.
DRC errors detected.
DRC errors detected.
DRC errors detected.
DRC errors detected.
DRC errors detected.
DRC errors detected.
DRC errors detected.
DRC errors detected.
Fri Jun 05 11:05:41 2015				Page    23


DRC errors detected.
DRC errors detected.
DRC errors detected.
DRC errors detected.
DRC errors detected.
DRC errors detected.
DRC errors detected.
DRC errors detected.
DRC errors detected.
DRC errors detected.
DRC errors detected.
DRC errors detected.
DRC errors detected.
DRC errors detected.
DRC errors detected.
DRC errors detected.
DRC errors detected.
DRC errors detected.
DRC errors detected.
DRC errors detected.
DRC errors detected.
DRC errors detected.
DRC errors detected.
DRC errors detected.
DRC errors detected.
DRC errors detected.
DRC errors detected.
DRC errors detected.
DRC errors detected.
DRC errors detected.
DRC errors detected.
DRC errors detected.
DRC errors detected.
DRC errors detected.
DRC errors detected.
DRC errors detected.
DRC errors detected.
DRC errors detected.
DRC errors detected.
DRC errors detected.
DRC errors detected.
DRC errors detected.
DRC errors detected.
DRC errors detected.
DRC errors detected.
DRC errors detected.
DRC errors detected.
DRC errors detected.
DRC errors detected.
DRC errors detected.
DRC errors detected.
DRC errors detected.
DRC errors detected.
DRC errors detected.
DRC errors detected.
Fri Jun 05 11:05:41 2015				Page    24


DRC errors detected.
DRC errors detected.
DRC errors detected.
DRC errors detected.
DRC errors detected.
DRC errors detected.
DRC errors detected.
DRC errors detected.
DRC errors detected.
DRC errors detected.
DRC errors detected.
DRC errors detected.
DRC errors detected.
DRC errors detected.
DRC errors detected.
DRC errors detected.
DRC errors detected.
DRC errors detected.
DRC errors detected.
DRC errors detected.
DRC errors detected.
DRC errors detected.
DRC errors detected.
DRC errors detected.
DRC errors detected.
DRC errors detected.
DRC errors detected.
DRC errors detected.
DRC errors detected.
DRC errors detected.
DRC errors detected.
DRC errors detected.
DRC errors detected.
DRC errors detected.
DRC errors detected.
DRC errors detected.
DRC errors detected.
DRC errors detected.
DRC errors detected.
DRC errors detected.
DRC errors detected.
DRC errors detected.
DRC errors detected.
DRC errors detected.
DRC errors detected.
DRC errors detected.
DRC errors detected.
DRC errors detected.
DRC errors detected.
DRC errors detected.
DRC errors detected.
DRC errors detected.
DRC errors detected.
DRC errors detected.
DRC errors detected.
Fri Jun 05 11:05:41 2015				Page    25


DRC errors detected.
DRC errors detected.
DRC errors detected.
DRC errors detected.
DRC errors detected.
DRC errors detected.
DRC errors detected.
DRC errors detected.
DRC errors detected.
DRC errors detected.
DRC errors detected.
DRC errors detected.
DRC errors detected.
DRC errors detected.
DRC errors detected.
DRC errors detected.
DRC errors detected.
DRC errors detected.
DRC errors detected.
DRC errors detected.
DRC errors detected.
DRC errors detected.
DRC errors detected.
DRC errors detected.
DRC errors detected.
DRC errors detected.
DRC errors detected.
DRC errors detected.
DRC errors detected.
DRC errors detected.
DRC errors detected.
DRC errors detected.
DRC errors detected.
DRC errors detected.
DRC errors detected.
DRC errors detected.
DRC errors detected.
DRC errors detected.
DRC errors detected.
DRC errors detected.
DRC errors detected.
DRC errors detected.
DRC errors detected.
DRC errors detected.
DRC errors detected.
DRC errors detected.
DRC errors detected.
DRC errors detected.
DRC errors detected.
DRC errors detected.
DRC errors detected.
DRC errors detected.
DRC errors detected.
DRC errors detected.
DRC errors detected.
Fri Jun 05 11:05:41 2015				Page    26


DRC errors detected.
DRC errors detected.
DRC errors detected.
DRC errors detected.
DRC errors detected.
DRC errors detected.
DRC errors detected.
DRC errors detected.
DRC errors detected.
DRC errors detected.
DRC errors detected.
DRC errors detected.
DRC errors detected.
DRC errors detected.
DRC errors detected.
DRC errors detected.
DRC errors detected.
DRC errors detected.
DRC errors detected.
DRC errors detected.
DRC errors detected.
DRC errors detected.
DRC errors detected.
DRC errors detected.
DRC errors detected.
DRC errors detected.
DRC errors detected.
DRC errors detected.
DRC errors detected.
DRC errors detected.
DRC errors detected.
DRC errors detected.
DRC errors detected.
DRC errors detected.
DRC errors detected.
DRC errors detected.
DRC errors detected.
DRC errors detected.
DRC errors detected.
DRC errors detected.
DRC errors detected.
DRC errors detected.
DRC errors detected.
DRC errors detected.
DRC errors detected.
DRC errors detected.
DRC errors detected.
DRC errors detected.
DRC errors detected.
DRC errors detected.
DRC errors detected.
DRC errors detected.
DRC errors detected.
DRC errors detected.
DRC errors detected.
Fri Jun 05 11:05:41 2015				Page    27


DRC errors detected.
DRC errors detected.
DRC errors detected.
DRC errors detected.
DRC errors detected.
DRC errors detected.
DRC errors detected.
DRC errors detected.
DRC errors detected.
DRC errors detected.
DRC errors detected.
DRC errors detected.
DRC errors detected.
DRC errors detected.
DRC errors detected.
DRC errors detected.
DRC errors detected.
DRC errors detected.
DRC errors detected.
DRC errors detected.
DRC errors detected.
DRC errors detected.
DRC errors detected.
DRC errors detected.
DRC errors detected.
DRC errors detected.
DRC errors detected.
DRC errors detected.
DRC errors detected.
DRC errors detected.
DRC errors detected.
DRC errors detected.
DRC errors detected.
DRC errors detected.
DRC errors detected.
DRC errors detected.
DRC errors detected.
DRC errors detected.
DRC errors detected.
DRC errors detected.
DRC errors detected.
DRC errors detected.
DRC errors detected.
DRC errors detected.
DRC errors detected.
DRC errors detected.
DRC errors detected.
DRC errors detected.
DRC errors detected.
DRC errors detected.
DRC errors detected.
DRC errors detected.
DRC errors detected.
DRC errors detected.
DRC errors detected.
Fri Jun 05 11:05:41 2015				Page    28


DRC errors detected.
DRC errors detected.
DRC errors detected.
DRC errors detected.
DRC errors detected.
DRC errors detected.
DRC errors detected.
DRC errors detected.
DRC errors detected.
DRC errors detected.
DRC errors detected.
DRC errors detected.
DRC errors detected.
DRC errors detected.
DRC errors detected.
DRC errors detected.
DRC errors detected.
DRC errors detected.
DRC errors detected.
DRC errors detected.
DRC errors detected.
DRC errors detected.
DRC errors detected.
DRC errors detected.
DRC errors detected.
DRC errors detected.
DRC errors detected.
DRC errors detected.
DRC errors detected.
DRC errors detected.
DRC errors detected.
DRC errors detected.
DRC errors detected.
DRC errors detected.
DRC errors detected.
DRC errors detected.
DRC errors detected.
DRC errors detected.
DRC errors detected.
DRC errors detected.
DRC errors detected.
DRC errors detected.
DRC errors detected.
DRC errors detected.
DRC errors detected.
DRC errors detected.
DRC errors detected.
DRC errors detected.
DRC errors detected.
DRC errors detected.
DRC errors detected.
DRC errors detected.
DRC errors detected.
DRC errors detected.
DRC errors detected.
Fri Jun 05 11:05:41 2015				Page    29


DRC errors detected.
DRC errors detected.
DRC errors detected.
DRC errors detected.
DRC errors detected.
DRC errors detected.
DRC errors detected.
DRC errors detected.
DRC errors detected.
DRC errors detected.
DRC errors detected.
DRC errors detected.
DRC errors detected.
DRC errors detected.
DRC errors detected.
DRC errors detected.
DRC errors detected.
DRC errors detected.
DRC errors detected.
DRC errors detected.
DRC errors detected.
DRC errors detected.
DRC errors detected.
DRC errors detected.
DRC errors detected.
DRC errors detected.
DRC errors detected.
DRC errors detected.
DRC errors detected.
DRC errors detected.
DRC errors detected.
DRC errors detected.
DRC errors detected.
DRC errors detected.
DRC errors detected.
DRC errors detected.
DRC errors detected.
DRC errors detected.
DRC errors detected.
DRC errors detected.
DRC errors detected.
DRC errors detected.
DRC errors detected.
DRC errors detected.
DRC errors detected.
DRC errors detected.
DRC errors detected.
DRC errors detected.
DRC errors detected.
DRC errors detected.
DRC errors detected.
DRC errors detected.
DRC errors detected.
DRC errors detected.
DRC errors detected.
Fri Jun 05 11:05:41 2015				Page    30


DRC errors detected.
DRC errors detected.
DRC errors detected.
DRC errors detected.
DRC errors detected.
DRC errors detected.
DRC errors detected.
DRC errors detected.
DRC errors detected.
DRC errors detected.
DRC errors detected.
DRC errors detected.
DRC errors detected.
DRC errors detected.
DRC errors detected.
DRC errors detected.
DRC errors detected.
DRC errors detected.
DRC errors detected.
DRC errors detected.
DRC errors detected.
DRC errors detected.
DRC errors detected.
DRC errors detected.
DRC errors detected.
DRC errors detected.
DRC errors detected.
DRC errors detected.
DRC errors detected.
DRC errors detected.
DRC errors detected.
DRC errors detected.
DRC errors detected.
DRC errors detected.
DRC errors detected.
DRC errors detected.
DRC errors detected.
DRC errors detected.
DRC errors detected.
DRC errors detected.
DRC errors detected.
DRC errors detected.
DRC errors detected.
DRC errors detected.
DRC errors detected.
DRC errors detected.
DRC errors detected.
DRC errors detected.
DRC errors detected.
DRC errors detected.
DRC errors detected.
DRC errors detected.
DRC errors detected.
DRC errors detected.
DRC errors detected.
Fri Jun 05 11:05:41 2015				Page    31


DRC errors detected.
DRC errors detected.
DRC errors detected.
DRC errors detected.
DRC errors detected.
DRC errors detected.
DRC errors detected.
DRC errors detected.
DRC errors detected.
DRC errors detected.
DRC errors detected.
DRC errors detected.
DRC errors detected.
DRC errors detected.
DRC errors detected.
DRC errors detected.
DRC errors detected.
DRC errors detected.
DRC errors detected.
DRC errors detected.
DRC errors detected.
DRC errors detected.
DRC errors detected.
DRC errors detected.
DRC errors detected.
DRC errors detected.
DRC errors detected.
DRC errors detected.
DRC errors detected.
DRC errors detected.
DRC errors detected.
DRC errors detected.
DRC errors detected.
DRC errors detected.
DRC errors detected.
DRC errors detected.
DRC errors detected.
DRC errors detected.
DRC errors detected.
DRC errors detected.
DRC errors detected.
DRC errors detected.
DRC errors detected.
DRC errors detected.
DRC errors detected.
DRC errors detected.
DRC errors detected.
DRC errors detected.
DRC errors detected.
DRC errors detected.
DRC errors detected.
DRC errors detected.
DRC errors detected.
DRC errors detected.
DRC errors detected.
Fri Jun 05 11:05:41 2015				Page    32


DRC errors detected.
DRC errors detected.
DRC errors detected.
DRC errors detected.
DRC errors detected.
DRC errors detected.
DRC errors detected.
DRC errors detected.
DRC errors detected.
DRC errors detected.
DRC errors detected.
DRC errors detected.
DRC errors detected.
DRC errors detected.
DRC errors detected.
DRC errors detected.
DRC errors detected.
DRC errors detected.
DRC errors detected.
DRC errors detected.
DRC errors detected.
DRC errors detected.
DRC errors detected.
DRC errors detected.
DRC errors detected.
DRC errors detected.
DRC errors detected.
DRC errors detected.
DRC errors detected.
DRC errors detected.
DRC errors detected.
DRC errors detected.
DRC errors detected.
DRC errors detected.
DRC errors detected.
DRC errors detected.
DRC errors detected.
DRC errors detected.
DRC errors detected.
DRC errors detected.
DRC errors detected.
DRC errors detected.
DRC errors detected.
DRC errors detected.
DRC errors detected.
DRC errors detected.
DRC errors detected.
DRC errors detected.
DRC errors detected.
DRC errors detected.
DRC errors detected.
DRC errors detected.
DRC errors detected.
DRC errors detected.
DRC errors detected.
Fri Jun 05 11:05:41 2015				Page    33


DRC errors detected.
DRC errors detected.
DRC errors detected.
DRC errors detected.
DRC errors detected.
DRC errors detected.
DRC errors detected.
DRC errors detected.
DRC errors detected.
DRC errors detected.
DRC errors detected.
DRC errors detected.
DRC errors detected.
DRC errors detected.
DRC errors detected.
DRC errors detected.
DRC errors detected.
DRC errors detected.
DRC errors detected.
DRC errors detected.
DRC errors detected.
DRC errors detected.
DRC errors detected.
DRC errors detected.
DRC errors detected.
DRC errors detected.
DRC errors detected.
DRC errors detected.
DRC errors detected.
DRC errors detected.
DRC errors detected.
DRC errors detected.
DRC errors detected.
DRC errors detected.
DRC errors detected.
DRC errors detected.
DRC errors detected.
DRC errors detected.
DRC errors detected.
DRC errors detected.
DRC errors detected.
DRC errors detected.
DRC errors detected.
DRC errors detected.
DRC errors detected.
DRC errors detected.
DRC errors detected.
DRC errors detected.
DRC errors detected.
DRC errors detected.
DRC errors detected.
DRC errors detected.
DRC errors detected.
DRC errors detected.
DRC errors detected.
Fri Jun 05 11:05:41 2015				Page    34


DRC errors detected.
DRC errors detected.
DRC errors detected.
DRC errors detected.
DRC errors detected.
DRC errors detected.
DRC errors detected.
DRC errors detected.
DRC errors detected.
DRC errors detected.
DRC errors detected.
DRC errors detected.
DRC errors detected.
DRC errors detected.
DRC errors detected.
DRC errors detected.
DRC errors detected.
DRC errors detected.
DRC errors detected.
DRC errors detected.
DRC errors detected.
DRC errors detected.
DRC errors detected.
DRC errors detected.
DRC errors detected.
DRC errors detected.
DRC errors detected.
DRC errors detected.
DRC errors detected.
DRC errors detected.
DRC errors detected.
DRC errors detected.
DRC errors detected.
DRC errors detected.
DRC errors detected.
DRC errors detected.
DRC errors detected.
DRC errors detected.
DRC errors detected.
DRC errors detected.
DRC errors detected.
DRC errors detected.
DRC errors detected.
DRC errors detected.
DRC errors detected.
DRC errors detected.
DRC errors detected.
DRC errors detected.
DRC errors detected.
DRC errors detected.
DRC errors detected.
DRC errors detected.
DRC errors detected.
DRC errors detected.
DRC errors detected.
Fri Jun 05 11:05:41 2015				Page    35


DRC errors detected.
DRC errors detected.
DRC errors detected.
DRC errors detected.
DRC errors detected.
DRC errors detected.
DRC errors detected.
DRC errors detected.
DRC errors detected.
DRC errors detected.
DRC errors detected.
DRC errors detected.
DRC errors detected.
DRC errors detected.
DRC errors detected.
DRC errors detected.
DRC errors detected.
DRC errors detected.
DRC errors detected.
DRC errors detected.
DRC errors detected.
DRC errors detected.
DRC errors detected.
DRC errors detected.
DRC errors detected.
DRC errors detected.
DRC errors detected.
DRC errors detected.
DRC errors detected.
DRC errors detected.
DRC errors detected.
DRC errors detected.
DRC errors detected.
DRC errors detected.
DRC errors detected.
DRC errors detected.
DRC errors detected.
DRC errors detected.
DRC errors detected.
DRC errors detected.
DRC errors detected.
DRC errors detected.
DRC errors detected.
DRC errors detected.
DRC errors detected.
DRC errors detected.
DRC errors detected.
DRC errors detected.
DRC errors detected.
DRC errors detected.
DRC errors detected.
DRC errors detected.
DRC errors detected.
DRC errors detected.
DRC errors detected.
Fri Jun 05 11:05:41 2015				Page    36


DRC errors detected.
DRC errors detected.
DRC errors detected.
DRC errors detected.
DRC errors detected.
DRC errors detected.
DRC errors detected.
DRC errors detected.
DRC errors detected.
DRC errors detected.
DRC errors detected.
DRC errors detected.
DRC errors detected.
DRC errors detected.
DRC errors detected.
DRC errors detected.
DRC errors detected.
DRC errors detected.
DRC errors detected.
DRC errors detected.
DRC errors detected.
DRC errors detected.
DRC errors detected.
DRC errors detected.
DRC errors detected.
DRC errors detected.
DRC errors detected.
DRC errors detected.
DRC errors detected.
DRC errors detected.
DRC errors detected.
DRC errors detected.
DRC errors detected.
DRC errors detected.
DRC errors detected.
DRC errors detected.
DRC errors detected.
DRC errors detected.
DRC errors detected.
DRC errors detected.
DRC errors detected.
DRC errors detected.
DRC errors detected.
DRC errors detected.
DRC errors detected.
DRC errors detected.
DRC errors detected.
DRC errors detected.
DRC errors detected.
DRC errors detected.
DRC errors detected.
DRC errors detected.
DRC errors detected.
DRC errors detected.
DRC errors detected.
Fri Jun 05 11:05:41 2015				Page    37


DRC errors detected.
DRC errors detected.
DRC errors detected.
DRC errors detected.
DRC errors detected.
DRC errors detected.
DRC errors detected.
DRC errors detected.
DRC errors detected.
DRC errors detected.
DRC errors detected.
DRC errors detected.
DRC errors detected.
DRC errors detected.
DRC errors detected.
DRC errors detected.
DRC errors detected.
DRC errors detected.
DRC errors detected.
DRC errors detected.
DRC errors detected.
DRC errors detected.
DRC errors detected.
DRC errors detected.
DRC errors detected.
DRC errors detected.
DRC errors detected.
DRC errors detected.
DRC errors detected.
DRC errors detected.
DRC errors detected.
DRC errors detected.
DRC errors detected.
DRC errors detected.
DRC errors detected.
DRC errors detected.
DRC errors detected.
DRC errors detected.
DRC errors detected.
DRC errors detected.
DRC errors detected.
DRC errors detected.
DRC errors detected.
DRC errors detected.
DRC errors detected.
DRC errors detected.
DRC errors detected.
DRC errors detected.
DRC errors detected.
DRC errors detected.
DRC errors detected.
DRC errors detected.
DRC errors detected.
DRC errors detected.
DRC errors detected.
Fri Jun 05 11:05:41 2015				Page    38


DRC errors detected.
DRC errors detected.
DRC errors detected.
DRC errors detected.
DRC errors detected.
DRC errors detected.
DRC errors detected.
DRC errors detected.
DRC errors detected.
DRC errors detected.
DRC errors detected.
DRC errors detected.
DRC errors detected.
DRC errors detected.
DRC errors detected.
DRC errors detected.
DRC errors detected.
DRC errors detected.
DRC errors detected.
DRC errors detected.
DRC errors detected.
DRC errors detected.
DRC errors detected.
DRC errors detected.
DRC errors detected.
DRC errors detected.
DRC errors detected.
DRC errors detected.
DRC errors detected.
DRC errors detected.
DRC errors detected.
DRC errors detected.
DRC errors detected.
DRC errors detected.
DRC errors detected.
DRC errors detected.
DRC errors detected.
DRC errors detected.
DRC errors detected.
DRC errors detected.
DRC errors detected.
DRC errors detected.
DRC errors detected.
DRC errors detected.
DRC errors detected.
DRC errors detected.
DRC errors detected.
DRC errors detected.
DRC errors detected.
DRC errors detected.
DRC errors detected.
DRC errors detected.
DRC errors detected.
DRC errors detected.
DRC errors detected.
Fri Jun 05 11:05:41 2015				Page    39


DRC errors detected.
DRC errors detected.
DRC errors detected.
DRC errors detected.
DRC errors detected.
DRC errors detected.
DRC errors detected.
DRC errors detected.
DRC errors detected.
DRC errors detected.
DRC errors detected.
DRC errors detected.
DRC errors detected.
DRC errors detected.
DRC errors detected.
DRC errors detected.
DRC errors detected.
DRC errors detected.
DRC errors detected.
DRC errors detected.
DRC errors detected.
DRC errors detected.
DRC errors detected.
DRC errors detected.
DRC errors detected.
DRC errors detected.
DRC errors detected.
DRC errors detected.
DRC errors detected.
DRC errors detected.
DRC errors detected.
DRC errors detected.
DRC errors detected.
DRC errors detected.
DRC errors detected.
DRC errors detected.
DRC errors detected.
DRC errors detected.
DRC errors detected.
DRC errors detected.
DRC errors detected.
DRC errors detected.
DRC errors detected.
DRC errors detected.
DRC errors detected.
DRC errors detected.
DRC errors detected.
DRC errors detected.
DRC errors detected.
DRC errors detected.
DRC errors detected.
DRC errors detected.
DRC errors detected.
DRC errors detected.
DRC errors detected.
Fri Jun 05 11:05:41 2015				Page    40


DRC errors detected.
DRC errors detected.
DRC errors detected.
DRC errors detected.
DRC errors detected.
DRC errors detected.
DRC errors detected.
DRC errors detected.
DRC errors detected.
DRC errors detected.
DRC errors detected.
DRC errors detected.
DRC errors detected.
DRC errors detected.
DRC errors detected.
DRC errors detected.
DRC errors detected.
DRC errors detected.
DRC errors detected.
DRC errors detected.
DRC errors detected.
DRC errors detected.
DRC errors detected.
DRC errors detected.
DRC errors detected.
DRC errors detected.
DRC errors detected.
DRC errors detected.
DRC errors detected.
DRC errors detected.
DRC errors detected.
DRC errors detected.
DRC errors detected.
DRC errors detected.
DRC errors detected.
DRC errors detected.
DRC errors detected.
DRC errors detected.
DRC errors detected.
DRC errors detected.
DRC errors detected.
DRC errors detected.
DRC errors detected.
DRC errors detected.
DRC errors detected.
DRC errors detected.
DRC errors detected.
DRC errors detected.
DRC errors detected.
DRC errors detected.
DRC errors detected.
DRC errors detected.
DRC errors detected.
DRC errors detected.
DRC errors detected.
Fri Jun 05 11:05:41 2015				Page    41


DRC errors detected.
DRC errors detected.
DRC errors detected.
DRC errors detected.
DRC errors detected.
DRC errors detected.
DRC errors detected.
DRC errors detected.
DRC errors detected.
DRC errors detected.
DRC errors detected.
DRC errors detected.
DRC errors detected.
DRC errors detected.
DRC errors detected.
DRC errors detected.
DRC errors detected.
DRC errors detected.
DRC errors detected.
DRC errors detected.
DRC errors detected.
DRC errors detected.
DRC errors detected.
DRC errors detected.
DRC errors detected.
DRC errors detected.
DRC errors detected.
DRC errors detected.
DRC errors detected.
DRC errors detected.
DRC errors detected.
DRC errors detected.
DRC errors detected.
DRC errors detected.
DRC errors detected.
DRC errors detected.
DRC errors detected.
DRC errors detected.
DRC errors detected.
DRC errors detected.
DRC errors detected.
DRC errors detected.
DRC errors detected.
DRC errors detected.
DRC errors detected.
DRC errors detected.
DRC errors detected.
DRC errors detected.
DRC errors detected.
DRC errors detected.
DRC errors detected.
DRC errors detected.
DRC errors detected.
DRC errors detected.
DRC errors detected.
Fri Jun 05 11:05:41 2015				Page    42


DRC errors detected.
DRC errors detected.
DRC errors detected.
DRC errors detected.
DRC errors detected.
DRC errors detected.
DRC errors detected.
DRC errors detected.
DRC errors detected.
DRC errors detected.
DRC errors detected.
DRC errors detected.
DRC errors detected.
DRC errors detected.
DRC errors detected.
DRC errors detected.
DRC errors detected.
DRC errors detected.
DRC errors detected.
DRC errors detected.
DRC errors detected.
DRC errors detected.
DRC errors detected.
DRC errors detected.
DRC errors detected.
DRC errors detected.
DRC errors detected.
DRC errors detected.
DRC errors detected.
DRC errors detected.
DRC errors detected.
DRC errors detected.
DRC errors detected.
DRC errors detected.
DRC errors detected.
DRC errors detected.
DRC errors detected.
DRC errors detected.
DRC errors detected.
DRC errors detected.
DRC errors detected.
DRC errors detected.
DRC errors detected.
DRC errors detected.
DRC errors detected.
DRC errors detected.
DRC errors detected.
DRC errors detected.
DRC errors detected.
DRC errors detected.
DRC errors detected.
DRC errors detected.
DRC errors detected.
DRC errors detected.
DRC errors detected.
Fri Jun 05 11:05:41 2015				Page    43


DRC errors detected.
DRC errors detected.
DRC errors detected.
DRC errors detected.
DRC errors detected.
DRC errors detected.
DRC errors detected.
DRC errors detected.
DRC errors detected.
DRC errors detected.
DRC errors detected.
DRC errors detected.
DRC errors detected.
DRC errors detected.
DRC errors detected.
DRC errors detected.
DRC errors detected.
DRC errors detected.
DRC errors detected.
DRC errors detected.
DRC errors detected.
DRC errors detected.
DRC errors detected.
DRC errors detected.
DRC errors detected.
DRC errors detected.
DRC errors detected.
DRC errors detected.
DRC errors detected.
DRC errors detected.
DRC errors detected.
DRC errors detected.
DRC errors detected.
DRC errors detected.
DRC errors detected.
Load Photoplot complete.
