(---------------------------------------------------------------------)
(                                                                     )
(    NC DRILL Log                                                     )
(                                                                     )
(    Drawing          : #Taaaacc00972.tmp                             )
(    Software Version : 16.6P004                                      )
(    Date/Time        : Fri May 22 14:22:27 2015                      )
(                                                                     )
(---------------------------------------------------------------------)



 Processing NC Parameters file 'nc_param.txt' ...

 NC PARAMETERS
 -------------

 FORMAT   		2.5
 MACHINE-OFFSET		x:0.000000	y:0.000000
 FEEDRATE		1
 COORDINATES		ABSOLUTE
 OUTPUT-UNITS		ENGLISH
 TOOL-ORDER		INCREASING
 REPEAT-CODES		YES
 SUPPRESS-LEAD-ZEROES	NO
 SUPPRESS-TRAIL-ZEROES	NO
 SUPPRESS-EQUAL		NO
 TOOL-SELECT		NO
 HEADER			none
 LEADER			12
 CODE			ASCII
 SEPARATE		NO
 SEPARATE-ROUTING	NO
 OPTIMIZE_DRILLING	NO
 ENHANCED_EXCELLON	NO
 SCALE			1.000000



 Drill files being output to directory 'C:/Users/QGPWindowsVB/Documents/ANUSTART/worklib/tubii/physical' ...



     'TubiiPCB_prod-1-7.drl' created for holes connecting TOP and BOTTOM
     -------------------------------------------------------------------

           Num     Size      +/- Tolerance     Plating   Quantity

            1.  13.0000    0.0000/  0.0000      PLATED       1160
            2.  21.0000    0.0000/  0.0000      PLATED         64
            3.  25.0000    0.0000/  0.0000      PLATED         35
            4.  31.5000    0.0000/  0.0000      PLATED         36
            5.  36.0000    0.0000/  0.0000      PLATED        368
            6.  42.0000    0.0000/  0.0000      PLATED         10
            7.  50.0000    0.0000/  0.0000      PLATED          4
            8.  55.0000    0.0000/  0.0000      PLATED          6
            9. 150.0000    0.0000/  0.0000      PLATED          2
           10.  33.0000    0.0000/  0.0000  NON_PLATED          2
           11.  48.0000    0.0000/  0.0000  NON_PLATED          2
           12. 109.0000    0.0000/  0.0000  NON_PLATED          2
           13. 156.0000    0.0000/  0.0000  NON_PLATED          4
           14. 250.0000    0.0000/  0.0000  NON_PLATED         12

     ---- Total holes:                                       1707

     ---- Total head travel:              276.50 feet (84.28 meters)

