(---------------------------------------------------------------------)
(                                                                     )
(    Allegro Netrev Import Logic                                      )
(                                                                     )
(    Drawing          : TubiiPCB_V1.brd                               )
(    Software Version : 16.6P004                                      )
(    Date/Time        : Fri Feb 27 23:57:01 2015                      )
(                                                                     )
(---------------------------------------------------------------------)


------ Directives ------

RIPUP_ETCH FALSE;
RIPUP_DELETE_FIRST_SEGMENT FALSE;
RIPUP_RETAIN_BONDWIRE FALSE;
RIPUP_SYMBOLS ALWAYS;
Missing symbol has error FALSE;
SCHEMATIC_DIRECTORY 'C:\Users\Eric Marzec\Documents\Tubii_Tk2\worklib\tubii\packaged';
BOARD_DIRECTORY '';
OLD_BOARD_NAME 'C:/Users/Eric Marzec/Documents/Tubii_Tk2/worklib/tubii/physical/TubiiPCB_V1.brd';
NEW_BOARD_NAME 'C:/Users/Eric Marzec/Documents/Tubii_Tk2/worklib/tubii/physical/TubiiPCB_V1.brd';

CmdLine: netrev -proj C:\Users\Eric Marzec\Documents\Tubii_Tk2\tubii_tk2.cpm -y 1 -O C:\Users\Eric Marzec\Documents\Tubii_Tk2\worklib\tubii\physical\TubiiPCB_V1.brd C:\Users\Eric Marzec\Documents\Tubii_Tk2\worklib\tubii\physical\TubiiPCB_V1.brd -$

------ Preparing to read pst files ------

Starting to read C:/Users/Eric Marzec/Documents/Tubii_Tk2/worklib/tubii/packaged/pstchip.dat 
   Finished reading C:/Users/Eric Marzec/Documents/Tubii_Tk2/worklib/tubii/packaged/pstchip.dat (00:00:21.30)
Starting to read C:/Users/Eric Marzec/Documents/Tubii_Tk2/worklib/tubii/packaged/pstxprt.dat 
   Finished reading C:/Users/Eric Marzec/Documents/Tubii_Tk2/worklib/tubii/packaged/pstxprt.dat (00:00:00.00)
Starting to read C:/Users/Eric Marzec/Documents/Tubii_Tk2/worklib/tubii/packaged/pstxnet.dat 
   Finished reading C:/Users/Eric Marzec/Documents/Tubii_Tk2/worklib/tubii/packaged/pstxnet.dat (00:00:00.00)

------ Oversights/Warnings/Errors ------


ERROR: File "TubiiPCB_V1.brd" is being edited by user "Eric Marzec" on date "Fri Feb 27 23:54:58 2015" on system "ERIC_PC". Resolve lock file and re-run netrev.

#1   ERROR(SPMHNI-175): Netrev error detected.

#2   Run stopped because errors were detected

netrev run on Feb 27 23:56:39 2015
   DESIGN NAME : 'TUBII'
   PACKAGING ON 27-Feb-2015 AT 23:56:05

   COMPILE 'logic'
   CHECK_PIN_NAMES OFF
   CROSS_REFERENCE OFF
   DIRECTORIES  <none>
   FEEDBACK OFF
   INCREMENTAL OFF
   INTERFACE_TYPE PHYSICAL
   LIBRARIES  'tubii_tk2_lib' 'standard' '74hct' 'diode' 'dig_ecl' 'opa' 'opamp'
              'special' 'capacitors' 'diodes' 'ecl' 'physparts' 'regulators'
              'resistors' 'SNO_standard' 'ttl' 'misc' 'transistors'
   MASTER_LIBRARIES  <none>
   MAX_ERRORS 500
   MERGE_MINIMUM 5
   NET_NAME_CHARS '#%&()*+-./:=>?@[]^_`|'
   NET_NAME_LENGTH 24
   OVERSIGHTS ON
   REPLACE_CHECK OFF
   SINGLE_NODE_NETS ON
   SPLIT_MINIMUM 0
   SUPPRESS   20
   WARNINGS ON

  2 errors detected
 No oversight detected
 No warning detected

cpu time      1:11:00
elapsed time  0:00:22

