(---------------------------------------------------------------------)
(                                                                     )
(    ARTWORK LOG                                                      )
(                                                                     )
(    Drawing          : TubiiPCB_V6.brd                               )
(    Software Version : 16.6P004                                      )
(    Date/Time        : Wed May 20 16:21:30 2015                      )
(                                                                     )
(---------------------------------------------------------------------)



 ******************************************
 WARNING: DRC OUT OF DATE on this layout.
 ******************************************

 ---- Photoplot outline rectangle not found ... using drawing extents



Results from parameter file ...
    DEVICE-TYPE           GERBER_RS274X
    OUTPUT-UNITS          INCHES
    FILM-SIZE             2400000 1600000
    FORMAT                5.5
    ABORT-ON-ERROR        NO
    SCALE                 1
    SUPPRESS-LEAD-ZEROES  YES
    SUPPRESS-TRAIL-ZEROES NO
    SUPPRESS-EQUAL        YES
    UNDEF-APT-CONT        NO


================================================================
     PROCESSING FILM < GND_TOP >
     TO FILE < C:/Users/QGPWindowsVB/Documents/ANUSTART/worklib/tubii/physical/GND_TOP_test.art > ...
================================================================

  FILM PARAMETERS :
  ---------------------------------------------------------
  Undefined line width                0.0
  Mirror code                         NONE
  Rotate angle                        NONE
  Offset x:                           0.0
  Offset y:                           0.0
  Plot negative                       NO
  Suppress unconnected internal pads  NO
  Draw holes only                     NO



  APERTURES USED:
  ---------------------------------------------------------
  TYPE       SIZE/NAME                   ROT   MIRROR MODE 
  ---------------------------------------------------------
  CIRCLE     0.00700                                  DARK 
  CIRCLE     0.02400                                  DARK 
  CIRCLE     0.03000                                  DARK 
  CIRCLE     0.03540                                  DARK 
  CIRCLE     0.04000                                  DARK 
  CIRCLE     0.05000                                  DARK 
  CIRCLE     0.05500                                  DARK 
  CIRCLE     0.06500                                  DARK 
  CIRCLE     0.07000                                  DARK 
  CIRCLE     0.10900                                  DARK 
  CIRCLE     0.15000                                  DARK 
  SQUARE     0.05500                     0.000 NO     DARK 

     GND_TOP_test created with warnings


================================================================
     PROCESSING FILM < VTT >
     TO FILE < C:/Users/QGPWindowsVB/Documents/ANUSTART/worklib/tubii/physical/VTT_test.art > ...
================================================================

  FILM PARAMETERS :
  ---------------------------------------------------------
  Undefined line width                0.0
  Mirror code                         NONE
  Rotate angle                        NONE
  Offset x:                           0.0
  Offset y:                           0.0
  Plot negative                       NO
  Suppress unconnected internal pads  NO
  Draw holes only                     NO



  APERTURES USED:
  ---------------------------------------------------------
  TYPE       SIZE/NAME                   ROT   MIRROR MODE 
  ---------------------------------------------------------
  CIRCLE     0.00700                                  DARK 
  CIRCLE     0.02400                                  DARK 
  CIRCLE     0.03000                                  DARK 
  CIRCLE     0.03540                                  DARK 
  CIRCLE     0.04000                                  DARK 
  CIRCLE     0.05000                                  DARK 
  CIRCLE     0.05500                                  DARK 
  CIRCLE     0.06500                                  DARK 
  CIRCLE     0.07000                                  DARK 
  CIRCLE     0.10900                                  DARK 
  CIRCLE     0.15000                                  DARK 
  SQUARE     0.05500                     0.000 NO     DARK 

     VTT_test created with warnings


================================================================
     PROCESSING FILM < VEE >
     TO FILE < C:/Users/QGPWindowsVB/Documents/ANUSTART/worklib/tubii/physical/VEE_test.art > ...
================================================================

  FILM PARAMETERS :
  ---------------------------------------------------------
  Undefined line width                0.0
  Mirror code                         NONE
  Rotate angle                        NONE
  Offset x:                           0.0
  Offset y:                           0.0
  Plot negative                       NO
  Suppress unconnected internal pads  NO
  Draw holes only                     NO



  APERTURES USED:
  ---------------------------------------------------------
  TYPE       SIZE/NAME                   ROT   MIRROR MODE 
  ---------------------------------------------------------
  CIRCLE     0.00700                                  DARK 
  CIRCLE     0.02400                                  DARK 
  CIRCLE     0.03000                                  DARK 
  CIRCLE     0.03540                                  DARK 
  CIRCLE     0.04000                                  DARK 
  CIRCLE     0.05000                                  DARK 
  CIRCLE     0.05500                                  DARK 
  CIRCLE     0.06500                                  DARK 
  CIRCLE     0.07000                                  DARK 
  CIRCLE     0.10900                                  DARK 
  CIRCLE     0.15000                                  DARK 
  SQUARE     0.05500                     0.000 NO     DARK 

     VEE_test created with warnings


================================================================
     PROCESSING FILM < VCC >
     TO FILE < C:/Users/QGPWindowsVB/Documents/ANUSTART/worklib/tubii/physical/VCC_test.art > ...
================================================================

  FILM PARAMETERS :
  ---------------------------------------------------------
  Undefined line width                0.0
  Mirror code                         NONE
  Rotate angle                        NONE
  Offset x:                           0.0
  Offset y:                           0.0
  Plot negative                       NO
  Suppress unconnected internal pads  NO
  Draw holes only                     NO



  APERTURES USED:
  ---------------------------------------------------------
  TYPE       SIZE/NAME                   ROT   MIRROR MODE 
  ---------------------------------------------------------
  CIRCLE     0.00700                                  DARK 
  CIRCLE     0.02400                                  DARK 
  CIRCLE     0.03000                                  DARK 
  CIRCLE     0.03540                                  DARK 
  CIRCLE     0.04000                                  DARK 
  CIRCLE     0.05000                                  DARK 
  CIRCLE     0.05500                                  DARK 
  CIRCLE     0.06500                                  DARK 
  CIRCLE     0.07000                                  DARK 
  CIRCLE     0.10900                                  DARK 
  CIRCLE     0.15000                                  DARK 
  SQUARE     0.05500                     0.000 NO     DARK 

     VCC_test created with warnings


================================================================
     PROCESSING FILM < GND_BOT >
     TO FILE < C:/Users/QGPWindowsVB/Documents/ANUSTART/worklib/tubii/physical/GND_BOT_test.art > ...
================================================================

  FILM PARAMETERS :
  ---------------------------------------------------------
  Undefined line width                0.0
  Mirror code                         NONE
  Rotate angle                        NONE
  Offset x:                           0.0
  Offset y:                           0.0
  Plot negative                       NO
  Suppress unconnected internal pads  NO
  Draw holes only                     NO



  APERTURES USED:
  ---------------------------------------------------------
  TYPE       SIZE/NAME                   ROT   MIRROR MODE 
  ---------------------------------------------------------
  CIRCLE     0.00700                                  DARK 
  CIRCLE     0.02400                                  DARK 
  CIRCLE     0.03000                                  DARK 
  CIRCLE     0.03540                                  DARK 
  CIRCLE     0.04000                                  DARK 
  CIRCLE     0.05000                                  DARK 
  CIRCLE     0.05500                                  DARK 
  CIRCLE     0.06500                                  DARK 
  CIRCLE     0.07000                                  DARK 
  CIRCLE     0.10900                                  DARK 
  CIRCLE     0.15000                                  DARK 
  SQUARE     0.05500                     0.000 NO     DARK 

     GND_BOT_test created with warnings


================================================================
     PROCESSING FILM < BOTTOM >
     TO FILE < C:/Users/QGPWindowsVB/Documents/ANUSTART/worklib/tubii/physical/BOTTOM_test.art > ...
================================================================

  FILM PARAMETERS :
  ---------------------------------------------------------
  Undefined line width                0.0
  Mirror code                         NONE
  Rotate angle                        NONE
  Offset x:                           0.0
  Offset y:                           0.0
  Plot negative                       NO
  Suppress unconnected internal pads  NO
  Draw holes only                     NO

    WARNING: Null REGULAR-PAD specified for padstack HOLE48 at (7450.0 6231.5).
    WARNING: Null REGULAR-PAD specified for padstack HOLE32 at (7450.0 8168.5).
    WARNING: Null REGULAR-PAD specified for padstack HOLE48 at (9200.0 6231.5).
    WARNING: Null REGULAR-PAD specified for padstack HOLE32 at (9200.0 8168.5).


  APERTURES USED:
  ---------------------------------------------------------
  TYPE       SIZE/NAME                   ROT   MIRROR MODE 
  ---------------------------------------------------------
  CIRCLE     0.00700                                  DARK 
  CIRCLE     0.01500                                  DARK 
  CIRCLE     0.02400                                  DARK 
  CIRCLE     0.03500                                  DARK 
  CIRCLE     0.03940                                  DARK 
  CIRCLE     0.04000                                  DARK 
  CIRCLE     0.05000                                  DARK 
  CIRCLE     0.05500                                  DARK 
  CIRCLE     0.06000                                  DARK 
  CIRCLE     0.06500                                  DARK 
  CIRCLE     0.08000                                  DARK 
  CIRCLE     0.11900                                  DARK 
  CIRCLE     0.16000                                  DARK 
  SQUARE     0.05500                     0.000 NO     DARK 
  SQUARE     0.06000                     0.000 NO     DARK 
  RECTANGLE  0.02500     x 0.03500       0.000 NO     DARK 
  RECTANGLE  0.02500     x 0.03500      90.000 NO     DARK 
  RECTANGLE  0.05400     x 0.05000       0.000 NO     DARK 
  RECTANGLE  0.05400     x 0.05000      90.000 NO     DARK 

     BOTTOM_test created with warnings


------------------------------------------------------
 SUMMARY:
        GND_TOP_test created with warnings
        VTT_test created with warnings
        VEE_test created with warnings
        VCC_test created with warnings
        GND_BOT_test created with warnings
        BOTTOM_test created with warnings

 ARTWORK had warnings
