(---------------------------------------------------------------------)
(                                                                     )
(    QUICKPLACE LOG                                                   )
(                                                                     )
(    Drawing          : TubiiPCB_V3.brd                               )
(    Software Version : 16.6P004                                      )
(    Date/Time        : Thu Apr 23 03:08:59 2015                      )
(                                                                     )
(---------------------------------------------------------------------)


State: Placing on layer TOP

         Placed symbol:  TP18 / TESTPOINT_L / FEC32DTP at (469.0 16252.0)
         Placed symbol:  TP19 / TESTPOINT_L / FEC32DTP at (582.0 16252.0)
         Placed symbol:  TP20 / TESTPOINT_L / FEC32DTP at (695.0 16252.0)
         Placed symbol:  TP27 / TESTPOINT_L / FEC32DTP at (808.0 16252.0)
         Placed symbol:  TP28 / TESTPOINT_L / FEC32DTP at (921.0 16252.0)
         Placed symbol:  TP29 / TESTPOINT_L / FEC32DTP at (1034.0 16252.0)
         Placed symbol:  TP78 / TESTPOINT_L / FEC32DTP at (1147.0 16252.0)
         Placed symbol:  TP79 / TESTPOINT_L / FEC32DTP at (1260.0 16252.0)
         Placed symbol:  TP80 / TESTPOINT_L / FEC32DTP at (1373.0 16252.0)
         Placed symbol:  TP81 / TESTPOINT_L / FEC32DTP at (1486.0 16252.0)
         Placed symbol:  TP82 / TESTPOINT_L / FEC32DTP at (1599.0 16252.0)
         Placed symbol:  TP83 / TESTPOINT_L / FEC32DTP at (1712.0 16252.0)
         Placed symbol:  TP84 / TESTPOINT_L / FEC32DTP at (1825.0 16252.0)
         Placed symbol:  TP85 / TESTPOINT_L / FEC32DTP at (1938.0 16252.0)
         Placed symbol:  TP86 / TESTPOINT_L / FEC32DTP at (2051.0 16252.0)
         Placed symbol:  TP87 / TESTPOINT_L / FEC32DTP at (2164.0 16252.0)
         Placed symbol:  TP88 / TESTPOINT_L / FEC32DTP at (2277.0 16252.0)
         Placed symbol:  TP89 / TESTPOINT_L / FEC32DTP at (2390.0 16252.0)
         Placed symbol:  TP90 / TESTPOINT_L / FEC32DTP at (2503.0 16252.0)
         Placed symbol:  TP91 / TESTPOINT_L / FEC32DTP at (2616.0 16252.0)
         Placed symbol:  TP92 / TESTPOINT_L / FEC32DTP at (2729.0 16252.0)
         Placed symbol:  TP93 / TESTPOINT_L / FEC32DTP at (2842.0 16252.0)
         Placed symbol:  TP94 / TESTPOINT_L / FEC32DTP at (2955.0 16252.0)
         Placed symbol:  TP95 / TESTPOINT_L / FEC32DTP at (3068.0 16252.0)


Placed 24 of 24 applicable (24 total) symbols.

-----------------------------------------------------------------------

