FILE_TYPE=LIBRARY_PARTS;
primitive 'MAX9376';
  pin
    'IN1':
      PIN_NUMBER='(1,0)';
      PIN_TYPE='ANALOG';
      NO_LOAD_CHECK='Both';
      NO_IO_CHECK='Both';
      NO_ASSERT_CHECK='TRUE';
      NO_DIR_CHECK='TRUE';
      ALLOW_CONNECT='TRUE';
    '-IN1':
      PIN_NUMBER='(2,0)';
      INPUT_LOAD='(-0.01,0.01)';
    'OUT1':
      PIN_NUMBER='(9,0)';
      OUTPUT_LOAD='(1.0,-1.0)';
    '-OUT1':
      PIN_NUMBER='(8,0)';
      OUTPUT_LOAD='(1.0,-1.0)';
    'IN2':
      PIN_NUMBER='(0,7)';
      INPUT_LOAD='(-0.01,0.01)';
    '-IN2':
      PIN_NUMBER='(0,6)';
      INPUT_LOAD='(-0.01,0.01)';
    'OUT2':
      PIN_NUMBER='(0,3)';
      OUTPUT_LOAD='(1.0,-1.0)';
    '-OUT2':
      PIN_NUMBER='(0,4)';
      OUTPUT_LOAD='(1.0,-1.0)';
  end_pin;
  body
    PART_NAME='MAX9376';
    BODY_NAME='MAX9376';
    JEDEC_TYPE='umax10';
    PHYS_DES_PREFIX='U';
    CLASS='IC';
    GROUND_NETS='GND';
    POWER_PINS='(VCC:5)';
    POWER_PINS='(GND:10)';
  end_body;
end_primitive;

END.
