FILE_TYPE=LIBRARY_PARTS;
primitive 'MC10E101';
  pin
    'D0A':
      PIN_NUMBER='(10)';
      INPUT_LOAD='(-0.01,0.01)';
    'D0B':
      PIN_NUMBER='(9)';
      INPUT_LOAD='(-0.01,0.01)';
    'D0C':
      PIN_NUMBER='(8)';
      INPUT_LOAD='(-0.01,0.01)';
    'D0D':
      PIN_NUMBER='(7)';
      INPUT_LOAD='(-0.01,0.01)';
    'D1A':
      PIN_NUMBER='(6)';
      INPUT_LOAD='(-0.01,0.01)';
    'D1B':
      PIN_NUMBER='(5)';
      INPUT_LOAD='(-0.01,0.01)';
    'D1C':
      PIN_NUMBER='(4)';
      INPUT_LOAD='(-0.01,0.01)';
    'D1D':
      PIN_NUMBER='(3)';
      INPUT_LOAD='(-0.01,0.01)';
    'D2A':
      PIN_NUMBER='(2)';
      INPUT_LOAD='(-0.01,0.01)';
    'D2B':
      PIN_NUMBER='(28)';
      INPUT_LOAD='(-0.01,0.01)';
    'D2C':
      PIN_NUMBER='(27)';
      INPUT_LOAD='(-0.01,0.01)';
    'D2D':
      PIN_NUMBER='(26)';
      INPUT_LOAD='(-0.01,0.01)';
    'D3A':
      PIN_NUMBER='(25)';
      INPUT_LOAD='(-0.01,0.01)';
    'D3B':
      PIN_NUMBER='(24)';
      INPUT_LOAD='(-0.01,0.01)';
    'D3C':
      PIN_NUMBER='(23)';
      INPUT_LOAD='(-0.01,0.01)';
    'D3D':
      PIN_NUMBER='(22)';
      INPUT_LOAD='(-0.01,0.01)';
    'Q0':
      PIN_NUMBER='(12)';
      OUTPUT_LOAD='(1.0,-1.0)';
      DIFF_PAIR_PINS_POS='dp_q0';
    'Q1':
      PIN_NUMBER='(14)';
      OUTPUT_LOAD='(1.0,-1.0)';
      DIFF_PAIR_PINS_POS='dp_q1';
    'Q2':
      PIN_NUMBER='(17)';
      OUTPUT_LOAD='(1.0,-1.0)';
      DIFF_PAIR_PINS_POS='dp_q2';
    'Q3':
      PIN_NUMBER='(19)';
      OUTPUT_LOAD='(1.0,-1.0)';
      DIFF_PAIR_PINS_POS='dp_q3';
    '-Q0':
      PIN_NUMBER='(13)';
      OUTPUT_LOAD='(1.0,-1.0)';
      DIFF_PAIR_PINS_NEG='dp_q0';
    '-Q1':
      PIN_NUMBER='(15)';
      OUTPUT_LOAD='(1.0,-1.0)';
      DIFF_PAIR_PINS_NEG='dp_q1';
    '-Q2':
      PIN_NUMBER='(18)';
      OUTPUT_LOAD='(1.0,-1.0)';
      DIFF_PAIR_PINS_NEG='dp_q2';
    '-Q3':
      PIN_NUMBER='(20)';
      OUTPUT_LOAD='(1.0,-1.0)';
      DIFF_PAIR_PINS_NEG='dp_q3';
    'VEE':
      PIN_NUMBER='(1)';
      PINUSE='POWER';
      NO_LOAD_CHECK='Both';
      NO_IO_CHECK='Both';
      NO_ASSERT_CHECK='TRUE';
      NO_DIR_CHECK='TRUE';
      ALLOW_CONNECT='TRUE';
    'GND0':
      PIN_NUMBER='(11)';
      PINUSE='GROUND';
      NO_LOAD_CHECK='Both';
      NO_IO_CHECK='Both';
      NO_ASSERT_CHECK='TRUE';
      NO_DIR_CHECK='TRUE';
      ALLOW_CONNECT='TRUE';
    'GND1':
      PIN_NUMBER='(16)';
      PINUSE='GROUND';
      NO_LOAD_CHECK='Both';
      NO_IO_CHECK='Both';
      NO_ASSERT_CHECK='TRUE';
      NO_DIR_CHECK='TRUE';
      ALLOW_CONNECT='TRUE';
    'GND2':
      PIN_NUMBER='(21)';
      PINUSE='GROUND';
      NO_LOAD_CHECK='Both';
      NO_IO_CHECK='Both';
      NO_ASSERT_CHECK='TRUE';
      NO_DIR_CHECK='TRUE';
      ALLOW_CONNECT='TRUE';
  end_pin;
  body
    PART_NAME='MC10E101';
    BODY_NAME='MC10E101';
    JEDEC_TYPE='plcc28';
    PHYS_DES_PREFIX='U';
    CLASS='IC';
  end_body;
end_primitive;

END.
