FILE_TYPE=LIBRARY_PARTS;
primitive 'SY100EL05';
  pin
    'D_A':
      PIN_NUMBER='(1)';
      INPUT_LOAD='(-0.01,0.01)';
      DIFF_PAIR_PINS_POS='dp_da';
    '-D_A':
      PIN_NUMBER='(2)';
      INPUT_LOAD='(-0.01,0.01)';
      DIFF_PAIR_PINS_NEG='dp_da';
    'D_B':
      PIN_NUMBER='(3)';
      INPUT_LOAD='(-0.01,0.01)';
      DIFF_PAIR_PINS_POS='dp_db';
    '-D_B':
      PIN_NUMBER='(4)';
      INPUT_LOAD='(-0.01,0.01)';
      DIFF_PAIR_PINS_NEG='dp_db';
    'GND':
      PIN_NUMBER='(8)';
      PINUSE='GROUND';
      NO_LOAD_CHECK='Both';
      NO_IO_CHECK='Both';
      NO_ASSERT_CHECK='TRUE';
      NO_DIR_CHECK='TRUE';
      ALLOW_CONNECT='TRUE';
    'VEE':
      PIN_NUMBER='(5)';
      PINUSE='POWER';
      NO_LOAD_CHECK='Both';
      NO_IO_CHECK='Both';
      NO_ASSERT_CHECK='TRUE';
      NO_DIR_CHECK='TRUE';
      ALLOW_CONNECT='TRUE';
    'Q':
      PIN_NUMBER='(7)';
      OUTPUT_LOAD='(1.0,-1.0)';
      DIFF_PAIR_PINS_POS='dp_q';
    '-Q':
      PIN_NUMBER='(6)';
      OUTPUT_LOAD='(1.0,-1.0)';
      DIFF_PAIR_PINS_NEG='dp_q';
  end_pin;
  body
    PART_NAME='SY100EL05';
    BODY_NAME='SY100EL05';
    JEDEC_TYPE='soic8';
    PHYS_DES_PREFIX='U';
    CLASS='IC';
  end_body;
end_primitive;

END.
