FILE_TYPE=LIBRARY_PARTS;
primitive 'LM1117';
  pin
    'GROUND':
      PIN_NUMBER='(1)';
      PINUSE='UNSPEC';
    'INPUT':
      PIN_NUMBER='(3)';
      PINUSE='UNSPEC';
    'OUTPUT':
      PIN_NUMBER='(2)';
      PINUSE='UNSPEC';
    'OUTPUT_2':
      PIN_NUMBER='(4)';
      PINUSE='UNSPEC';
  end_pin;
  body
    PART_NAME='LM1117';
    LAST_MODIFIED='Fri May 22 15:20:13 PDT 1992';
    ABBREV='lm1117';
    NEEDS_NO_SIZE='TRUE';
    LEADOUT_STYLE='TO220ABH';
    PINCOUNT='4';
    PATH='10P';
    SIZE='1';
    BODY_NAME='LM1117';
    JEDEC_TYPE='sot223';
    PHYS_DES_PREFIX='Q';
    CLASS='IC';
  end_body;
end_primitive;

END.
