Allegro Design Entry HDL 16.6-p007 (v16-6-112F) 10/10/2012
Copyright 2011 Cadence Design Systems, Inc

WARNING(SPCOCN-1474): You must specify a window that contains a drawing.
WARNING(SPCOCN-1474): You must specify a window that contains a drawing.
WARNING(SPCOCN-1474): You must specify a window that contains a drawing.
WARNING(SPCOCN-1474): You must specify a window that contains a drawing.
WARNING(SPCOCN-1474): You must specify a window that contains a drawing.
WARNING(SPCOCN-1474): You must specify a window that contains a drawing.
WARNING(SPCOCN-1474): You must specify a window that contains a drawing.
WARNING(SPCOCN-2040): Specify the command "page forcereset all" to reset logical page numbers of all pages of this block.
WARNING(SPCOCN-1523): Invalid set option: <search_history_count>
INFO(SPCOCN-1177): Unexpected text: <5>
WARNING(SPCOCN-1523): Invalid set option: <search_history>
INFO(SPCOCN-1177): Unexpected text: <DATA_RDY>
WARNING(SPCOCN-1523): Invalid set option: <search_toolbar_lookin>
INFO(SPCOCN-1177): Unexpected text: <PAGE>
WARNING(SPCOCN-1523): Invalid set option: <modify_quick_reset_filters>
INFO(SPCOCN-1177): Unexpected text: <OFF>
WARNING(SPCOCN-1523): Invalid set option: <hss_distribute_ports_count>
INFO(SPCOCN-1177): Unexpected text: <25>
WARNING(SPCOCN-1523): Invalid set option: <hss_distribute_port_pattern>
WARNING(SPCOCN-1523): Invalid set option: <hss_distribute_property_name>
WARNING(SPCOCN-1474): You must specify a window that contains a drawing.
WARNING(SPCOCN-1474): You must specify a window that contains a drawing.
WARNING(SPCOCN-1474): You must specify a window that contains a drawing.
WARNING(SPCOCN-1474): You must specify a window that contains a drawing.
WARNING(SPCOCN-1474): You must specify a window that contains a drawing.
WARNING(SPCOCN-1474): You must specify a window that contains a drawing.
INFO(SPCOCN-1737): Reading C:\Users\QGPWindowsVB\Documents\ANUSTART\cds.lib file.
WARNING(SPCOCN-1474): You must specify a window that contains a drawing.
INFO(SPCOCN-1445): Reading TUBII.SCH.1.1 into drawing #1.
INFO(SPCOCN-195): The following file will be used to identify the list of modules to be excluded: 'C:\Cadence\SPB_16.6\share\cdssetup\xmodules.dat'.
INFO(SPCOCN-1445): Reading TUBII.SCH.1.1 into drawing #1.
INFO(SPCOCN-1001): Component: I1 selected.
INFO(SPCOCN-1445): Reading TUBII_PCB.SCH.1.1 into drawing #1.
INFO(SPCOCN-1001): Component: I8 selected.
INFO(SPCOCN-1445): Reading CAEN_COMS.SCH.1.1 into drawing #1.
INFO(SPCOCN-1001): Component: I1 selected.
INFO(SPCOCN-1445): Reading CAEN_ANALOG_COMS.SCH.1.1 into drawing #1.
INFO(SPCOCN-1001): Component: I33 selected.
INFO(SPCOCN-1001): Component: I33 selected.
INFO(SPCOCN-1001): Component: I33 selected.
INFO(SPCOCN-1001): Component: I33 selected.
INFO(SPCOCN-1001): Component: I34 selected.
INFO(SPCOCN-1001): Component: I34 selected.
INFO(SPCOCN-1001): Component: I58 selected.
INFO(SPCOCN-1001): Component: I58 selected.
INFO(SPCOCN-1445): Reading VREF_GEN.SCH.1.1 into drawing #1.
INFO(SPCOCN-1001): Component: I1 selected.
INFO(SPCOCN-1001): Component: I1 selected.
INFO(SPCOCN-1000): Pin: I2.V+ selected.
INFO(SPCOCN-1000): Pin: I2.IN- selected.
INFO(SPCOCN-1001): Component: I7 selected.
INFO(SPCOCN-1001): Component: I7 selected.
INFO(SPCOCN-1001): Component: I1 selected.
INFO(SPCOCN-1000): Pin: I7.B<0> selected.
INFO(SPCOCN-1001): Component: I7 selected.
INFO(SPCOCN-1001): Component: I9 selected.
INFO(SPCOCN-1001): Component: I9 selected.
INFO(SPCOCN-1001): Component: I9 selected.
INFO(SPCOCN-1001): Component: I10 selected.
INFO(SPCOCN-1001): Component: I10 selected.
INFO(SPCOCN-1001): Component: I10 selected.
INFO(SPCOCN-1001): Component: I9 selected.
INFO(SPCOCN-1445): Reading CAEN_ANALOG_COMS.SCH.1.1 into drawing #1.
INFO(SPCOCN-1001): Component: I47 selected.
INFO(SPCOCN-1001): Component: I47 selected.
INFO(SPCOCN-1001): Component: I49 selected.
INFO(SPCOCN-1001): Component: I45 selected.
INFO(SPCOCN-1001): Component: I45 selected.
INFO(SPCOCN-1001): Component: I45 selected.
INFO(SPCOCN-1001): Component: I44 selected.
INFO(SPCOCN-1001): Component: I47 selected.
INFO(SPCOCN-1001): Component: I41 selected.
INFO(SPCOCN-1001): Component: I43 selected.
INFO(SPCOCN-1001): Component: I42 selected.
INFO(SPCOCN-1001): Component: I35 selected.
INFO(SPCOCN-1001): Component: I35 selected.
INFO(SPCOCN-1001): Component: I35 selected.
INFO(SPCOCN-1001): Component: I35 selected.
INFO(SPCOCN-1445): Reading CAEN_COMS.SCH.1.1 into drawing #1.
INFO(SPCOCN-1445): Reading TUBII_PCB.SCH.1.1 into drawing #1.
INFO(SPCOCN-1445): Reading TUBII.SCH.1.1 into drawing #1.
INFO(SPCOCN-1001): Component: I2 selected.
INFO(SPCOCN-1001): Component: I2 selected.
INFO(SPCOCN-1001): Component: I2 selected.
INFO(SPCOCN-1445): Reading FRONT_PORTS.SCH.1.1 into drawing #1.
INFO(SPCOCN-1001): Component: I71 selected.
INFO(SPCOCN-1001): Component: I71 selected.
INFO(SPCOCN-1001): Component: I71 selected.
INFO(SPCOCN-1445): Reading CAEN_PORTS.SCH.1.1 into drawing #1.
INFO(SPCOCN-1001): Component: I2 selected.
INFO(SPCOCN-1445): Reading CAEN_ANALOG_PORTS.SCH.1.1 into drawing #1.
WARNING(SPCOCN-1200): Using group A
INFO(SPCOCN-1195): Group "A" contains:   75 bodies   435 properties   0 notes   50 wires   0 dots   0 images
WARNING(SPCOCN-1202): Including in group A
INFO(SPCOCN-1195): Group "A" contains:   75 bodies   435 properties   0 notes   50 wires   0 dots   0 images
WARNING(SPCOCN-1198): No object selected
INFO(SPCOCN-1195): Group "A" contains:   76 bodies   435 properties   0 notes   50 wires   0 dots   0 images
WARNING(SPCOCN-1198): No object selected
WARNING(SPCOCN-1200): Using group A
WARNING(SPCOCN-1196): Group  "A" is empty.
WARNING(SPCOCN-1200): Using group A
INFO(SPCOCN-1195): Group "A" contains:   56 bodies   357 properties   0 notes   56 wires   0 dots   0 images
INFO(SPCOCN-1070): Checking drawing...
INFO(SPCOCN-1028): writing <tubii_tk2_lib>CAEN_ANALOG_PORTS.SCH.1.1:
INFO(SPCOCN-1044): writing binary file...
INFO(SPCOCN-1049): writing ASCII file...
INFO(SPCOCN-1053): writing connectivity file...
INFO(SPCOCN-1054): ...written

CSDirect 16.6-p007 (v16-6-112F)

Netlisting block caen_analog_ports

Processing page 1

No netlisting errors found. 

INFO(SPCOCN-1640): writing occurrence data...
INFO(SPCOCN-1054): ...written
INFO(SPCOCN-1019): Save All completed.
INFO(SPCOCN-1445): Reading CAEN_ANALOG_PORTS.SCH.1.1 into drawing #1.
INFO(SPCOCN-1445): Reading CAEN_ANALOG_PORTS.SCH.1.1 into drawing #1.
INFO(SPCOCN-1000): Pin: I37.A selected.
INFO(SPCOCN-1070): Checking drawing...
INFO(SPCOCN-1028): writing <tubii_tk2_lib>CAEN_ANALOG_PORTS.SCH.1.1:
INFO(SPCOCN-1044): writing binary file...
INFO(SPCOCN-1049): writing ASCII file...
INFO(SPCOCN-1053): writing connectivity file...
INFO(SPCOCN-1054): ...written

CSDirect 16.6-p007 (v16-6-112F)

Netlisting block caen_analog_ports

Processing page 1

No netlisting errors found. 

INFO(SPCOCN-1640): writing occurrence data...
INFO(SPCOCN-1054): ...written
INFO(SPCOCN-1001): Component: I37 selected.
INFO(SPCOCN-1001): Component: I38 selected.
INFO(SPCOCN-1001): Component: I38 selected.
INFO(SPCOCN-1001): Component: I39 selected.
INFO(SPCOCN-1001): Component: I40 selected.
INFO(SPCOCN-1001): Component: I41 selected.
INFO(SPCOCN-1001): Component: I42 selected.
INFO(SPCOCN-1001): Component: I42 selected.
INFO(SPCOCN-1001): Component: I43 selected.
INFO(SPCOCN-1001): Component: I44 selected.
INFO(SPCOCN-1001): Component: I45 selected.
INFO(SPCOCN-1001): Component: I45 selected.
INFO(SPCOCN-1001): Component: I46 selected.
INFO(SPCOCN-1001): Component: I46 selected.
INFO(SPCOCN-1001): Component: I47 selected.
INFO(SPCOCN-1001): Component: I48 selected.
INFO(SPCOCN-1001): Component: I49 selected.
INFO(SPCOCN-1001): Component: I50 selected.
INFO(SPCOCN-1001): Component: I51 selected.
INFO(SPCOCN-1001): Component: I52 selected.
INFO(SPCOCN-1001): Component: I52 selected.
WARNING(SPCOCN-982): The operation could not be performed because no object on the drawing was selected.
INFO(SPCOCN-1001): Component: I68 selected.
INFO(SPCOCN-1001): Component: I67 selected.
INFO(SPCOCN-1001): Component: I67 selected.
INFO(SPCOCN-1001): Component: I67 selected.
INFO(SPCOCN-1001): Component: I66 selected.
INFO(SPCOCN-1001): Component: I65 selected.
INFO(SPCOCN-1001): Component: I64 selected.
INFO(SPCOCN-1001): Component: I64 selected.
INFO(SPCOCN-1001): Component: I64 selected.
INFO(SPCOCN-1001): Component: I64 selected.
INFO(SPCOCN-1001): Component: I63 selected.
INFO(SPCOCN-1001): Component: I63 selected.
INFO(SPCOCN-1001): Component: I62 selected.
INFO(SPCOCN-1001): Component: I61 selected.
INFO(SPCOCN-1001): Component: I61 selected.
INFO(SPCOCN-1001): Component: I61 selected.
INFO(SPCOCN-1001): Component: I61 selected.
INFO(SPCOCN-1001): Component: I60 selected.
INFO(SPCOCN-1001): Component: I59 selected.
INFO(SPCOCN-1001): Component: I60 selected.
INFO(SPCOCN-1001): Component: I59 selected.
INFO(SPCOCN-1001): Component: I58 selected.
INFO(SPCOCN-1854): The drawing CAEN_ANALOG_PORTS.SCH.1.1
INFO(SPCOCN-578): will be retained as drawing #1.
INFO(SPCOCN-1445): Reading TESTPOINT_L.SYM.1.1 into drawing #2.
INFO(SPCOCN-1443): CAEN_ANALOG_PORTS.SCH.1.1 has been previously edited as drawing #1.
INFO(SPCOCN-1001): Component: I57 selected.
INFO(SPCOCN-1001): Component: I57 selected.
INFO(SPCOCN-1001): Component: I56 selected.
INFO(SPCOCN-1001): Component: I55 selected.
INFO(SPCOCN-1001): Component: I55 selected.
INFO(SPCOCN-1001): Component: I54 selected.
INFO(SPCOCN-1001): Component: I53 selected.
INFO(SPCOCN-1001): Component: I53 selected.
INFO(SPCOCN-1001): Component: I53 selected.
INFO(SPCOCN-1001): Component: I24 selected.
INFO(SPCOCN-1001): Component: I23 selected.
INFO(SPCOCN-1001): Component: I23 selected.
INFO(SPCOCN-1001): Component: I22 selected.
INFO(SPCOCN-1001): Component: I22 selected.
INFO(SPCOCN-1001): Component: I22 selected.
INFO(SPCOCN-1001): Component: I21 selected.
INFO(SPCOCN-1001): Component: I21 selected.
INFO(SPCOCN-1001): Component: I21 selected.
INFO(SPCOCN-1001): Component: I20 selected.
INFO(SPCOCN-1001): Component: I19 selected.
INFO(SPCOCN-1001): Component: I19 selected.
INFO(SPCOCN-1001): Component: I18 selected.
INFO(SPCOCN-1001): Component: I17 selected.
INFO(SPCOCN-1001): Component: I16 selected.
INFO(SPCOCN-1001): Component: I15 selected.
INFO(SPCOCN-1001): Component: I15 selected.
INFO(SPCOCN-1001): Component: I14 selected.
INFO(SPCOCN-1001): Component: I14 selected.
INFO(SPCOCN-1001): Component: I14 selected.
INFO(SPCOCN-1001): Component: I12 selected.
INFO(SPCOCN-1001): Component: I13 selected.
INFO(SPCOCN-1001): Component: I13 selected.
INFO(SPCOCN-1001): Component: I14 selected.
INFO(SPCOCN-1001): Component: I13 selected.
INFO(SPCOCN-1001): Component: I12 selected.
INFO(SPCOCN-1001): Component: I11 selected.
INFO(SPCOCN-1001): Component: I11 selected.
INFO(SPCOCN-1001): Component: I10 selected.
INFO(SPCOCN-1001): Component: I9 selected.
INFO(SPCOCN-1001): Component: I8 selected.
INFO(SPCOCN-1001): Component: I7 selected.
INFO(SPCOCN-1001): Component: I7 selected.
INFO(SPCOCN-1001): Component: I6 selected.
INFO(SPCOCN-1001): Component: I6 selected.
INFO(SPCOCN-1001): Component: I5 selected.
INFO(SPCOCN-1001): Component: I6 selected.
INFO(SPCOCN-1001): Component: I6 selected.
INFO(SPCOCN-1001): Component: I6 selected.
INFO(SPCOCN-1001): Component: I6 selected.
INFO(SPCOCN-1001): Component: I4 selected.
INFO(SPCOCN-1001): Component: I3 selected.
INFO(SPCOCN-1001): Component: I2 selected.
INFO(SPCOCN-1001): Component: I2 selected.
INFO(SPCOCN-1001): Component: I1 selected.
INFO(SPCOCN-1001): Component: I1 selected.
INFO(SPCOCN-1001): Component: I1 selected.
INFO(SPCOCN-1001): Component: I1 selected.
INFO(SPCOCN-1001): Component: I24 selected.
INFO(SPCOCN-1001): Component: I24 selected.
INFO(SPCOCN-1001): Component: I23 selected.
INFO(SPCOCN-1001): Component: I22 selected.
INFO(SPCOCN-1001): Component: I21 selected.
INFO(SPCOCN-1001): Component: I20 selected.
INFO(SPCOCN-1001): Component: I19 selected.
INFO(SPCOCN-1001): Component: I18 selected.
INFO(SPCOCN-1001): Component: I18 selected.
INFO(SPCOCN-1070): Checking drawing...
INFO(SPCOCN-1028): writing <tubii_tk2_lib>CAEN_ANALOG_PORTS.SCH.1.1:
INFO(SPCOCN-1044): writing binary file...
INFO(SPCOCN-1049): writing ASCII file...
INFO(SPCOCN-1053): writing connectivity file...
INFO(SPCOCN-1054): ...written

CSDirect 16.6-p007 (v16-6-112F)

Netlisting block caen_analog_ports

Processing page 1

No netlisting errors found. 

INFO(SPCOCN-1640): writing occurrence data...
INFO(SPCOCN-1054): ...written
INFO(SPCOCN-1445): Reading CAEN_ANALOG_COMS.SCH.1.1 into drawing #1.
INFO(SPCOCN-1445): Reading CAEN_ANALOG_PORTS.SCH.1.1 into drawing #1.
WARNING(SPCOCN-503): The specified stroke shape '18725' is not recognized. Ensure that you specify a known shape.
INFO(SPCOCN-1001): Component: I37 selected.
