FILE_TYPE=LIBRARY_PARTS;
primitive '74F06';
  pin
    'D1':
      PIN_NUMBER='(1)';
      INPUT_LOAD='(-0.01,0.01)';
    'D2':
      PIN_NUMBER='(3)';
      INPUT_LOAD='(-0.01,0.01)';
    'D3':
      PIN_NUMBER='(5)';
      INPUT_LOAD='(-0.01,0.01)';
    'D4':
      PIN_NUMBER='(9)';
      INPUT_LOAD='(-0.01,0.01)';
    'D5':
      PIN_NUMBER='(11)';
      INPUT_LOAD='(-0.01,0.01)';
    'D6':
      PIN_NUMBER='(13)';
      INPUT_LOAD='(-0.01,0.01)';
    '-Q1':
      PIN_NUMBER='(2)';
      OUTPUT_LOAD='(1.0,-1.0)';
    '-Q2':
      PIN_NUMBER='(4)';
      OUTPUT_LOAD='(1.0,-1.0)';
    '-Q3':
      PIN_NUMBER='(6)';
      OUTPUT_LOAD='(1.0,-1.0)';
    '-Q4':
      PIN_NUMBER='(8)';
      OUTPUT_LOAD='(1.0,-1.0)';
    '-Q5':
      PIN_NUMBER='(10)';
      OUTPUT_LOAD='(1.0,-1.0)';
    '-Q6':
      PIN_NUMBER='(12)';
      OUTPUT_LOAD='(1.0,-1.0)';
    'GND':
      PIN_NUMBER='(7)';
      PINUSE='GROUND';
      NO_LOAD_CHECK='Both';
      NO_IO_CHECK='Both';
      NO_ASSERT_CHECK='TRUE';
      NO_DIR_CHECK='TRUE';
      ALLOW_CONNECT='TRUE';
    'VCC':
      PIN_NUMBER='(14)';
      PINUSE='POWER';
      NO_LOAD_CHECK='Both';
      NO_IO_CHECK='Both';
      NO_ASSERT_CHECK='TRUE';
      NO_DIR_CHECK='TRUE';
      ALLOW_CONNECT='TRUE';
  end_pin;
  body
    PART_NAME='74F06';
    BODY_NAME='74F06';
    JEDEC_TYPE='soic14';
    PHYS_DES_PREFIX='U';
    CLASS='IC';
  end_body;
end_primitive;

END.
