	(Comment
		(Time 07/11/11,17:35:47)
		(User GabrielOG)
		(MsgId ECO_021)
		(Text "Package AD96687 added to cell")
		(Param1 AD96687)
	)
	(Comment
		(Time 07/11/11,17:40:43)
		(User GabrielOG)
		(MsgId ECO_081)
		(Text "Symbol sym_1 added to cell")
		(Param1 sym_1)
	)
	(Comment
		(Time 02/28/15,21:38:44)
		(User Eric Marzec)
		(MsgId ECO_022)
		(Text "Package AD96687 deleted from cell")
		(Param1 "AD96687")
	)
	(Comment
		(Time 02/28/15,21:38:48)
		(User Eric Marzec)
		(MsgId ECO_082)
		(Text "Symbol sym_1 deleted from cell")
		(Param1 "sym_1")
	)
	(Comment
		(Time 02/28/15,21:38:50)
		(User Eric Marzec)
		(MsgId ECO_021)
		(Text "Package AD96687 added to cell")
		(Param1 "AD96687")
	)
	(Comment
		(Time 02/28/15,21:44:16)
		(User Eric Marzec)
		(MsgId ECO_081)
		(Text "Symbol sym_1 added to cell")
		(Param1 "sym_1")
	)
	(Comment
		(Time 02/28/15,21:45:16)
		(User Eric Marzec)
		(MsgId ECO_081)
		(Text "Symbol sym_2 added to cell")
		(Param1 "sym_2")
	)
	(Comment
		(Time 02/28/15,21:45:18)
		(User Eric Marzec)
		(MsgId ECO_081)
		(Text "Symbol sym_3 added to cell")
		(Param1 "sym_3")
	)
	(Comment
		(Time 02/28/15,21:45:27)
		(User Eric Marzec)
		(MsgId ECO_082)
		(Text "Symbol sym_1 deleted from cell")
		(Param1 "sym_1")
	)
	(Comment
		(Time 02/28/15,21:45:32)
		(User Eric Marzec)
		(MsgId ECO_082)
		(Text "Symbol sym_2 deleted from cell")
		(Param1 "sym_2")
	)
	(Comment
		(Time 02/28/15,21:45:36)
		(User Eric Marzec)
		(MsgId ECO_082)
		(Text "Symbol sym_3 deleted from cell")
		(Param1 "sym_3")
	)
	(Comment
		(Time 02/28/15,21:45:48)
		(User Eric Marzec)
		(MsgId ECO_081)
		(Text "Symbol sym_1 added to cell")
		(Param1 "sym_1")
	)
	(Comment
		(Time 02/28/15,21:47:46)
		(User Eric Marzec)
		(MsgId ECO_082)
		(Text "Symbol sym_1 deleted from cell")
		(Param1 "sym_1")
	)
	(Comment
		(Time 02/28/15,21:49:37)
		(User Eric Marzec)
		(MsgId ECO_081)
		(Text "Symbol sym_1 added to cell")
		(Param1 "sym_1")
	)
