FILE_TYPE=LIBRARY_PARTS;
primitive 'MAX9375';
  pin
    'IN':
      PIN_NUMBER='(2)';
      INPUT_LOAD='(-0.01,0.01)';
    '-IN':
      PIN_NUMBER='(3)';
      INPUT_LOAD='(-0.01,0.01)';
    'OUT':
      PIN_NUMBER='(7)';
      OUTPUT_LOAD='(1.0,-1.0)';
    '-OUT':
      PIN_NUMBER='(6)';
      OUTPUT_LOAD='(1.0,-1.0)';
  end_pin;
  body
    PART_NAME='MAX9375';
    BODY_NAME='MAX9375';
    JEDEC_TYPE='umax8';
    PHYS_DES_PREFIX='U';
    CLASS='IC';
    GROUND_NETS='GND';
    POWER_PINS='(VCC:1,8)';
    POWER_PINS='(GND:4,5)';
  end_body;
end_primitive;

END.
