temp/xxnedtmp29/event.log NEWFILE1
temp/xxnedtmp29/text.log NEWFILE2
temp/xxnedtmp29/environ.log NEWFILE3
C:\Cadence\SPB_16.6\share\cdssetup/concept/concepthdl.scr FILE4
C:\Users\QGPWindowsVB\Documents\ANUSTART\cds.lib FILE5
C:\Users\QGPWindowsVB\Documents\ANUSTART\worklib\tubii\sch_1\page1.csb FILE6
C:\Users\QGPWindowsVB\Documents\ANUSTART\worklib\tubii\sch_1\page1_csb.lck NEWFILE7
temp/xxnedtmp29/undo1.log NEWFILE8
C:\Users\QGPWindowsVB\Documents\ANUSTART\Parts\parts\misc\penn#20b#20size#20page\sym_1\symbol.css FILE9
C:\Users\QGPWindowsVB\Documents\ANUSTART\worklib\tubii\sch_1\page1_csa.lck NEWFILE10
C:/Users/QGPWindowsVB/Documents/ANUSTART/worklib/tubii/sch_1/tubii.xcon FILE11
C:/Users/QGPWindowsVB/Documents/ANUSTART/worklib/tubii/sch_1/tubii.dcf FILE12
C:\Users\QGPWindowsVB\Documents\ANUSTART\worklib\tubii_pcb\sch_1\page1.csb FILE13
C:\Users\QGPWindowsVB\Documents\ANUSTART\worklib\tubii_pcb\sch_1\page1_csb.lck NEWFILE14
C:\Users\QGPWindowsVB\Documents\ANUSTART\worklib\ellie_coms\sym_1\symbol.css FILE15
C:\Cadence\SPB_16.6\share\library\standard\outport\sym_1\symbol.css FILE16
C:\Users\QGPWindowsVB\Documents\ANUSTART\worklib\fan_connections\sym_1\symbol.css FILE17
C:\Cadence\SPB_16.6\share\library\standard\inport\sym_1\symbol.css FILE18
C:\Users\QGPWindowsVB\Documents\ANUSTART\worklib\caen_coms\sym_1\symbol.css FILE19
C:\Users\QGPWindowsVB\Documents\ANUSTART\worklib\ext_trigs\sym_1\symbol.css FILE20
C:\Users\QGPWindowsVB\Documents\ANUSTART\worklib\ecal_control\sym_1\symbol.css FILE21
C:\Users\QGPWindowsVB\Documents\ANUSTART\Parts\parts\ttl\hct238\sym_1\symbol.css FILE22
C:\Users\QGPWindowsVB\Documents\ANUSTART\worklib\power\sym_1\symbol.css FILE23
C:\Users\QGPWindowsVB\Documents\ANUSTART\worklib\general_utilities\sym_1\symbol.css FILE24
C:\Users\QGPWindowsVB\Documents\ANUSTART\worklib\mtca_mimic\sym_1\symbol.css FILE25
C:\Users\QGPWindowsVB\Documents\ANUSTART\worklib\clocks\sym_1\symbol.css FILE26
C:\Users\QGPWindowsVB\Documents\ANUSTART\worklib\lo_gen\sym_1\symbol.css FILE27
C:\Users\QGPWindowsVB\Documents\ANUSTART\worklib\baseline_buffer\sym_1\symbol.css FILE28
C:\Users\QGPWindowsVB\Documents\ANUSTART\worklib\tubii_spkr\sym_1\symbol.css FILE29
C:\Users\QGPWindowsVB\Documents\ANUSTART\worklib\cntrl_register\sym_1\symbol.css FILE30
C:\Users\QGPWindowsVB\Documents\ANUSTART\worklib\microzed_module\sym_1\symbol.css FILE31
C:\Users\QGPWindowsVB\Documents\ANUSTART\worklib\microzed_module\sch_1\page1.csb FILE32
C:\Users\QGPWindowsVB\Documents\ANUSTART\worklib\microzed_module\sch_1\page1_csb.lck NEWFILE33
C:\Users\QGPWindowsVB\Documents\ANUSTART\worklib\tubii_pcb\sch_1\page1_csa.lck NEWFILE34
C:\Users\QGPWindowsVB\Documents\ANUSTART\Parts\parts\misc\testpoint_l\sym_1\symbol.css FILE35
C:\Users\QGPWindowsVB\Documents\ANUSTART\Parts\parts\misc\led_1206\sym_1\symbol.css FILE36
C:\Users\QGPWindowsVB\Documents\ANUSTART\Parts\parts\resistors\rsmd0603\sym_1\symbol.css FILE37
C:\Users\QGPWindowsVB\Documents\ANUSTART\Parts\parts\capacitors\csmd0603\sym_1\symbol.css FILE38
C:\Users\QGPWindowsVB\Documents\ANUSTART\Parts\parts\ttl\74lv06a\sym_1\symbol.css FILE39
C:\Users\QGPWindowsVB\Documents\ANUSTART\Parts\parts\misc\fci_61083#2d101400lf\sym_1\symbol.css FILE40
C:\Users\QGPWindowsVB\Documents\ANUSTART\Parts\parts\ttl\74lvc07a\sym_1\symbol.css FILE41
C:\Users\QGPWindowsVB\Documents\ANUSTART\Parts\parts\ttl\74lv07a\sym_1\symbol.css FILE42
C:\Users\QGPWindowsVB\Documents\ANUSTART\Parts\parts\resistors\rsmd0805\sym_1\symbol.css FILE43
C:\Users\QGPWindowsVB\Documents\ANUSTART\Parts\parts\capacitors\csmd0805\sym_1\symbol.css FILE44
C:\Users\QGPWindowsVB\Documents\ANUSTART\Parts\parts\transistors\bss138\sym_1\symbol.css FILE45
C:\Users\QGPWindowsVB\Documents\ANUSTART\Parts\parts\misc\led_l\sym_1\symbol.css FILE46
C:/Users/QGPWIN~1/AppData/Local/Temp/con909F.tmp FILE47
temp/xxnedtmp29/concept.mkr NEWFILE48
C:/Cadence/SPB_16.6/tools/language/config.dat FILE49
C:/Cadence/SPB_16.6/tools/language/pack_type_rename.dat NEWFILE50
temp/xxnedtmp29/../testpoint_l.mkr NEWFILE51
temp/xxnedtmp29/../penn#20b#20size#20page.mkr NEWFILE52
temp/xxnedtmp29/../74lv06a.mkr NEWFILE53
temp/xxnedtmp29/../74lv07a.mkr NEWFILE54
temp/xxnedtmp29/../rsmd0603.mkr NEWFILE55
temp/xxnedtmp29/../inport.mkr NEWFILE56
temp/xxnedtmp29/../led_1206.mkr NEWFILE57
temp/xxnedtmp29/../outport.mkr NEWFILE58
temp/xxnedtmp29/../csmd0603.mkr NEWFILE59
temp/xxnedtmp29/../fci_61083#2d101400lf.mkr NEWFILE60
temp/xxnedtmp29/../74lvc07a.mkr NEWFILE61
temp/xxnedtmp29/../rsmd0805.mkr NEWFILE62
temp/xxnedtmp29/../csmd0805.mkr NEWFILE63
temp/xxnedtmp29/../bss138.mkr NEWFILE64
temp/xxnedtmp29/../led_l.mkr NEWFILE65
C:\Users\QGPWindowsVB\Documents\ANUSTART\worklib\microzed_module\sch_1\page1.csa FILE66
C:\Users\QGPWindowsVB\Documents\ANUSTART\worklib\microzed_module\sch_1\page1.csv FILE67
C:\Users\QGPWindowsVB\Documents\ANUSTART\worklib\microzed_module\sch_1\pc.db FILE68
C:/Users/QGPWindowsVB/Documents/ANUSTART/worklib/microzed_module/sch_1/microzed_module_xcon.lck NEWFILE69
C:/Users/QGPWindowsVB/Documents/ANUSTART/worklib/microzed_module/sch_1/microzed_module_dcf.lck NEWFILE70
temp/xxnedtmp29/csnetlister.mkr NEWFILE71
C:\Users\QGPWindowsVB\Documents\ANUSTART\worklib\tubii\sch_1\page2.csb FILE72
C:\Users\QGPWindowsVB\Documents\ANUSTART\worklib\tubii\sch_1\page2_csb.lck NEWFILE73
C:\Users\QGPWindowsVB\Documents\ANUSTART\worklib\microzed_module\sch_1\page1_csa.lck NEWFILE74
C:\Users\QGPWindowsVB\Documents\ANUSTART\worklib\back_ports\sym_1\symbol.css FILE75
C:\Users\QGPWindowsVB\Documents\ANUSTART\worklib\front_ports\sym_1\symbol.css FILE76
C:\Users\QGPWindowsVB\Documents\ANUSTART\worklib\tubii_pcb\sym_1\symbol.css FILE77
C:\Users\QGPWindowsVB\Documents\ANUSTART\worklib\tubii\sch_1\page2_csa.lck NEWFILE78
C:/Users/QGPWindowsVB/Downloads/PennShiel_bmp.bmp FILE79
temp/xxnedtmp29/undo1/#UNNAMED_PennShiel_bmp.bmp FILE80
temp/xxnedtmp29/undo2.log NEWFILE81
