	(Comment
		(Time 12/16/10,05:56:20 PM)
		(User mastbaum)
		(MsgId ECO_021)
		(Text "Package XC2C64A added to cell")
		(Param1 XC2C64A)
	)
	(Comment
		(Time 12/16/10,06:25:33 PM)
		(User mastbaum)
		(MsgId ECO_081)
		(Text "Symbol sym_1 added to cell")
		(Param1 sym_1)
	)
	(Comment
		(Time 12/16/10,06:26:16 PM)
		(User mastbaum)
		(MsgId ECO_021)
		(Text "Package XC2C64A_1 added to cell")
		(Param1 XC2C64A_1)
	)
	(Comment
		(Time 12/16/10,06:27:24 PM)
		(User mastbaum)
		(MsgId ECO_081)
		(Text "Symbol sym_2 added to cell")
		(Param1 sym_2)
	)
	(Comment
		(Time 12/16/10,06:27:29 PM)
		(User mastbaum)
		(MsgId ECO_022)
		(Text "Package XC2C64A_1 deleted from cell")
		(Param1 XC2C64A_1)
	)
	(Comment
		(Time 12/16/10,06:27:35 PM)
		(User mastbaum)
		(MsgId ECO_082)
		(Text "Symbol sym_1 deleted from cell")
		(Param1 sym_1)
	)
