Allegro Design Entry HDL 16.6-p007 (v16-6-112F) 10/10/2012
Copyright 2011 Cadence Design Systems, Inc

WARNING(SPCOCN-1474): You must specify a window that contains a drawing.
WARNING(SPCOCN-1474): You must specify a window that contains a drawing.
WARNING(SPCOCN-1474): You must specify a window that contains a drawing.
WARNING(SPCOCN-1474): You must specify a window that contains a drawing.
WARNING(SPCOCN-1474): You must specify a window that contains a drawing.
WARNING(SPCOCN-1474): You must specify a window that contains a drawing.
WARNING(SPCOCN-1474): You must specify a window that contains a drawing.
WARNING(SPCOCN-2040): Specify the command "page forcereset all" to reset logical page numbers of all pages of this block.
WARNING(SPCOCN-1523): Invalid set option: <search_history_count>
INFO(SPCOCN-1177): Unexpected text: <5>
WARNING(SPCOCN-1523): Invalid set option: <search_history>
INFO(SPCOCN-1177): Unexpected text: <DATA_RDY>
WARNING(SPCOCN-1523): Invalid set option: <search_toolbar_lookin>
INFO(SPCOCN-1177): Unexpected text: <PAGE>
WARNING(SPCOCN-1523): Invalid set option: <modify_quick_reset_filters>
INFO(SPCOCN-1177): Unexpected text: <OFF>
WARNING(SPCOCN-1523): Invalid set option: <hss_distribute_ports_count>
INFO(SPCOCN-1177): Unexpected text: <25>
WARNING(SPCOCN-1523): Invalid set option: <hss_distribute_port_pattern>
WARNING(SPCOCN-1523): Invalid set option: <hss_distribute_property_name>
WARNING(SPCOCN-1474): You must specify a window that contains a drawing.
WARNING(SPCOCN-1474): You must specify a window that contains a drawing.
WARNING(SPCOCN-1474): You must specify a window that contains a drawing.
WARNING(SPCOCN-1474): You must specify a window that contains a drawing.
WARNING(SPCOCN-1474): You must specify a window that contains a drawing.
WARNING(SPCOCN-1474): You must specify a window that contains a drawing.
INFO(SPCOCN-1737): Reading C:\Users\QGPWindowsVB\Documents\ANUSTART\cds.lib file.
WARNING(SPCOCN-1474): You must specify a window that contains a drawing.
INFO(SPCOCN-1445): Reading TUBII.SCH.1.1 into drawing #1.
INFO(SPCOCN-195): The following file will be used to identify the list of modules to be excluded: 'C:\Cadence\SPB_16.6\share\cdssetup\xmodules.dat'.
INFO(SPCOCN-1445): Reading TUBII.SCH.1.1 into drawing #1.
INFO(SPCOCN-1445): Reading TUBII_PCB.SCH.1.1 into drawing #1.
INFO(SPCOCN-999): Signal: UN$1$CAENCOMS$I8$GTTTL selected.
INFO(SPCOCN-999): Signal: UN$1$CAENCOMS$I8$GTTTL selected.
INFO(SPCOCN-999): Signal: UN$1$CNTRLREGISTER$I10$ECALENABLE selected.
INFO(SPCOCN-999): Signal: UN$1$CAENCOMS$I8$GTTTL selected.
INFO(SPCOCN-1001): Component: I8 selected.
INFO(SPCOCN-1445): Reading CAEN_COMS.SCH.1.1 into drawing #1.
INFO(SPCOCN-1001): Component: I2 selected.
INFO(SPCOCN-1001): Component: I2 selected.
INFO(SPCOCN-1445): Reading CAEN_DIG_COMS.SCH.1.1 into drawing #1.
INFO(SPCOCN-999): Signal: GT_TTL selected.
INFO(SPCOCN-1001): Component: I8 selected.
INFO(SPCOCN-999): Signal: GT_P selected.
INFO(SPCOCN-1001): Component: I28 selected.
INFO(SPCOCN-1854): The drawing CAEN_DIG_COMS.SCH.1.1
INFO(SPCOCN-578): will be retained as drawing #1.
INFO(SPCOCN-1445): Reading CAEN_COMS.SCH.1.1 into drawing #2.
INFO(SPCOCN-1001): Component: I21 selected.
INFO(SPCOCN-1854): The drawing CAEN_COMS.SCH.1.1
INFO(SPCOCN-578): will be retained as drawing #2.
INFO(SPCOCN-1445): Reading TUBII_PCB.SCH.1.1 into drawing #4.
ERROR(SPCOCN-961): The pin could not be added because a pin name was not specified. Specify a block pin name in the Block Pin Add dialog box before selecting the point on the block where you want to add the pin.
INFO(SPCOCN-1001): Component: I48 selected.
INFO(SPCOCN-1854): The drawing TUBII_PCB.SCH.1.1
INFO(SPCOCN-578): will be retained as drawing #4.
INFO(SPCOCN-1445): Reading TUBII.SCH.1.2 into drawing #6.
INFO(SPCOCN-999): Signal: UN$2$FRONTPORTS$I2$GTN selected.
INFO(SPCOCN-1001): Component: I1 selected.
INFO(SPCOCN-1001): Component: I2 selected.
INFO(SPCOCN-1854): The drawing TUBII.SCH.1.1
INFO(SPCOCN-578): will be retained as drawing #6.
INFO(SPCOCN-1445): Reading FRONT_PORTS.SCH.1.1 into drawing #9.
INFO(SPCOCN-1001): Component: I81 selected.
WARNING(SPCOCN-982): The operation could not be performed because no object on the drawing was selected.
;
INFO(SPCOCN-999): Signal: GT_TTL_OUT selected.
INFO(SPCOCN-1507): Adding version 1 of part TESTPOINT_L from library misc
INFO(SPCOCN-1507): Adding version 1 of part TESTPOINT_L from library misc
INFO(SPCOCN-1070): Checking drawing...
INFO(SPCOCN-1028): writing <tubii_tk2_lib>CAEN_DIG_COMS.SYM.1.1:
INFO(SPCOCN-1051): writing body file...
INFO(SPCOCN-1054): ...written
INFO(SPCOCN-1640): writing occurrence data...
INFO(SPCOCN-1028): writing <tubii_tk2_lib>CAEN_DIG_COMS.SCH.1.1:
INFO(SPCOCN-1044): writing binary file...
INFO(SPCOCN-1049): writing ASCII file...
INFO(SPCOCN-1053): writing connectivity file...
INFO(SPCOCN-1054): ...written

CSDirect 16.6-p007 (v16-6-112F)

Netlisting block caen_dig_coms

Processing page 1

No netlisting errors found. 

INFO(SPCOCN-1054): ...written
INFO(SPCOCN-1070): Checking drawing...
INFO(SPCOCN-1028): writing <tubii_tk2_lib>CAEN_COMS.SYM.1.1:
INFO(SPCOCN-1051): writing body file...
INFO(SPCOCN-1054): ...written
Following ports were added to the block 'caen_dig_coms' : 
		gt_ttl_out
The connectivity of parent blocks will be updated by saving the following pages:
		Block: caen_coms	Page: 1

INFO(SPCOCN-1640): writing occurrence data...
INFO(SPCOCN-1028): writing <tubii_tk2_lib>CAEN_COMS.SCH.1.1:
INFO(SPCOCN-1044): writing binary file...
INFO(SPCOCN-1049): writing ASCII file...
INFO(SPCOCN-1053): writing connectivity file...
INFO(SPCOCN-1054): ...written

CSDirect 16.6-p007 (v16-6-112F)

Netlisting block caen_coms

Processing page 1

No netlisting errors found. 

INFO(SPCOCN-1054): ...written
INFO(SPCOCN-1070): Checking drawing...
INFO(SPCOCN-1028): writing <tubii_tk2_lib>TUBII_PCB.SYM.1.1:
INFO(SPCOCN-1051): writing body file...
INFO(SPCOCN-1054): ...written
Following ports were added to the block 'caen_coms' : 
		gt_ttl_out
The connectivity of parent blocks will be updated by saving the following pages:
		Block: tubii_pcb	Page: 1

INFO(SPCOCN-1640): writing occurrence data...
INFO(SPCOCN-1028): writing <tubii_tk2_lib>TUBII_PCB.SCH.1.1:
INFO(SPCOCN-1044): writing binary file...
INFO(SPCOCN-1049): writing ASCII file...
INFO(SPCOCN-1053): writing connectivity file...
INFO(SPCOCN-1054): ...written

CSDirect 16.6-p007 (v16-6-112F)

Netlisting block tubii_pcb

Processing page 1

No netlisting errors found. 

INFO(SPCOCN-1054): ...written
INFO(SPCOCN-1070): Checking drawing...
INFO(SPCOCN-1028): writing <tubii_tk2_lib>FRONT_PORTS.SYM.1.1:
INFO(SPCOCN-1051): writing body file...
INFO(SPCOCN-1054): ...written
Following ports were added to the block 'tubii_pcb' : 
		gt_ttl_out
The connectivity of parent blocks will be updated by saving the following pages:
		Block: tubii	Page: 2

INFO(SPCOCN-542): The default property VHDL_MODE with value IN has been deleted from the component FRONT_PORTS.
INFO(SPCOCN-543): The pin property SIG_NAME with value UN$2$FRONTPORTS$I2$RIBBONPULSEOUTP has been deleted from the component FRONT_PORTS.
INFO(SPCOCN-545): To turn the deleted default properties into non-default properties, type SET STICKY_ON; GET; SET STICKY_OFF in the console window.
INFO(SPCOCN-1028): writing <tubii_tk2_lib>tubii.SCH.1.2:
INFO(SPCOCN-1044): writing binary file...
INFO(SPCOCN-1049): writing ASCII file...
INFO(SPCOCN-1053): writing connectivity file...
INFO(SPCOCN-1054): ...written

CSDirect 16.6-p007 (v16-6-112F)

Netlisting block tubii

Processing page 2

No netlisting errors found. 

INFO(SPCOCN-1640): writing occurrence data...
INFO(SPCOCN-1028): writing <tubii_tk2_lib>FRONT_PORTS.SCH.1.1:
INFO(SPCOCN-1044): writing binary file...
INFO(SPCOCN-1049): writing ASCII file...
INFO(SPCOCN-1053): writing connectivity file...
INFO(SPCOCN-1054): ...written

CSDirect 16.6-p007 (v16-6-112F)

Netlisting block front_ports

Processing page 1

No netlisting errors found. 

INFO(SPCOCN-1054): ...written
INFO(SPCOCN-1070): Checking drawing...
INFO(SPCOCN-1028): writing <tubii_tk2_lib>TUBII.SCH.1.2:
INFO(SPCOCN-1044): writing binary file...
INFO(SPCOCN-1049): writing ASCII file...
INFO(SPCOCN-1053): writing connectivity file...
INFO(SPCOCN-1054): ...written

CSDirect 16.6-p007 (v16-6-112F)

Netlisting block tubii

Processing page 2

No netlisting errors found. 

Following ports were added to the block 'front_ports' : 
		gt_ttl_out
The connectivity of parent blocks will be updated by saving the following pages:
		Block: tubii	Page: 2

INFO(SPCOCN-1028): writing <tubii_tk2_lib>tubii.SCH.1.2:
INFO(SPCOCN-1044): writing binary file...
INFO(SPCOCN-1049): writing ASCII file...
INFO(SPCOCN-1053): writing connectivity file...
INFO(SPCOCN-1054): ...written

CSDirect 16.6-p007 (v16-6-112F)

Netlisting block tubii

Processing page 2

No netlisting errors found. 

INFO(SPCOCN-1640): writing occurrence data...
INFO(SPCOCN-1054): ...written
INFO(SPCOCN-1019): Save All completed.
INFO(SPCOCN-1019): Save All completed.
INFO(SPCOCN-1070): Checking drawing...
INFO(SPCOCN-1028): writing <tubii_tk2_lib>FRONT_PORTS.SCH.1.1:
INFO(SPCOCN-1044): writing binary file...
INFO(SPCOCN-1049): writing ASCII file...
INFO(SPCOCN-1053): writing connectivity file...
INFO(SPCOCN-1054): ...written

CSDirect 16.6-p007 (v16-6-112F)

Netlisting block front_ports

Processing page 1

No netlisting errors found. 

INFO(SPCOCN-1640): writing occurrence data...
INFO(SPCOCN-1054): ...written
INFO(SPCOCN-1445): Reading TUBII.SCH.1.2 into drawing #9.
INFO(SPCOCN-1070): Checking drawing...
INFO(SPCOCN-1028): writing <tubii_tk2_lib>TUBII.SCH.1.2:
INFO(SPCOCN-1044): writing binary file...
INFO(SPCOCN-1049): writing ASCII file...
INFO(SPCOCN-1053): writing connectivity file...
INFO(SPCOCN-1054): ...written

CSDirect 16.6-p007 (v16-6-112F)

Netlisting block tubii

Processing page 2

No netlisting errors found. 

INFO(SPCOCN-1640): writing occurrence data...
INFO(SPCOCN-1054): ...written
INFO(SPCOCN-1001): Component: I1 selected.
INFO(SPCOCN-1445): Reading TUBII_PCB.SCH.1.1 into drawing #9.
INFO(SPCOCN-542): The default property VHDL_MODE with value OUT has been deleted from the component CAEN_COMS.
INFO(SPCOCN-542): The default property VHDL_MODE with value OUT has been deleted from the component CAEN_COMS.
INFO(SPCOCN-543): The pin property SIG_NAME with value UN$1$CAENCOMS$I8$GT2P has been deleted from the component CAEN_COMS.
INFO(SPCOCN-545): To turn the deleted default properties into non-default properties, type SET STICKY_ON; GET; SET STICKY_OFF in the console window.
INFO(SPCOCN-1001): Component: I6 selected.
INFO(SPCOCN-1854): The drawing TUBII_PCB.SCH.1.1
INFO(SPCOCN-578): will be retained as drawing #9.
INFO(SPCOCN-1445): Reading ECAL_CONTROL.SCH.1.1 into drawing #1.
INFO(SPCOCN-1445): Reading TUBII_PCB.SCH.1.1 into drawing #1.
INFO(SPCOCN-542): The default property VHDL_MODE with value OUT has been deleted from the component CAEN_COMS.
INFO(SPCOCN-542): The default property VHDL_MODE with value OUT has been deleted from the component CAEN_COMS.
INFO(SPCOCN-543): The pin property SIG_NAME with value UN$1$CAENCOMS$I8$GT2P has been deleted from the component CAEN_COMS.
INFO(SPCOCN-545): To turn the deleted default properties into non-default properties, type SET STICKY_ON; GET; SET STICKY_OFF in the console window.
INFO(SPCOCN-1070): Checking drawing...
INFO(SPCOCN-1028): writing <tubii_tk2_lib>TUBII_PCB.SCH.1.1:
INFO(SPCOCN-1044): writing binary file...
INFO(SPCOCN-1049): writing ASCII file...
INFO(SPCOCN-1053): writing connectivity file...
INFO(SPCOCN-1054): ...written

CSDirect 16.6-p007 (v16-6-112F)

Netlisting block tubii_pcb

Processing page 1

INFO(SPCOCN-1640): writing occurrence data...
INFO(SPCOCN-1054): ...written
INFO(SPCOCN-1001): Component: I48 selected.
INFO(SPCOCN-1070): Checking drawing...
INFO(SPCOCN-1028): writing <tubii_tk2_lib>TUBII_PCB.SCH.1.1:
INFO(SPCOCN-1044): writing binary file...
INFO(SPCOCN-1049): writing ASCII file...
INFO(SPCOCN-1053): writing connectivity file...
INFO(SPCOCN-1054): ...written

CSDirect 16.6-p007 (v16-6-112F)

Netlisting block tubii_pcb

Processing page 1

No netlisting errors found. 

Following ports were added to the block 'tubii_pcb' : 
		gt_ttl_out
The connectivity of parent blocks will be updated by saving the following pages:
		Block: tubii	Page: 2

INFO(SPCOCN-1028): writing <tubii_tk2_lib>tubii.SCH.1.2:
INFO(SPCOCN-1044): writing binary file...
INFO(SPCOCN-1049): writing ASCII file...
INFO(SPCOCN-1053): writing connectivity file...
INFO(SPCOCN-1054): ...written

CSDirect 16.6-p007 (v16-6-112F)

Netlisting block tubii

Processing page 2

No netlisting errors found. 

INFO(SPCOCN-1640): writing occurrence data...
INFO(SPCOCN-1054): ...written
INFO(SPCOCN-1001): Component: I8 selected.
INFO(SPCOCN-1445): Reading CAEN_COMS.SCH.1.1 into drawing #1.
INFO(SPCOCN-999): Signal: GT_TTL selected.
INFO(SPCOCN-1195): Group contains:   1 bodies   0 properties   0 notes   0 wires   0 dots   0 images
INFO(SPCOCN-999): Signal: GT_TTL selected.
INFO(SPCOCN-1070): Checking drawing...
INFO(SPCOCN-1028): writing <tubii_tk2_lib>CAEN_COMS.SCH.1.1:
INFO(SPCOCN-1044): writing binary file...
INFO(SPCOCN-1049): writing ASCII file...
INFO(SPCOCN-1053): writing connectivity file...
INFO(SPCOCN-1054): ...written

CSDirect 16.6-p007 (v16-6-112F)

Netlisting block caen_coms

Processing page 1

No netlisting errors found. 

INFO(SPCOCN-1640): writing occurrence data...
INFO(SPCOCN-1054): ...written
INFO(SPCOCN-1001): Component: I2 selected.
INFO(SPCOCN-1445): Reading CAEN_DIG_COMS.SCH.1.1 into drawing #1.
INFO(SPCOCN-1001): Component: I28 selected.
INFO(SPCOCN-1070): Checking drawing...
INFO(SPCOCN-1028): writing <tubii_tk2_lib>CAEN_DIG_COMS.SCH.1.1:
INFO(SPCOCN-1044): writing binary file...
INFO(SPCOCN-1049): writing ASCII file...
INFO(SPCOCN-1053): writing connectivity file...
INFO(SPCOCN-1054): ...written

CSDirect 16.6-p007 (v16-6-112F)

Netlisting block caen_dig_coms

Processing page 1

No netlisting errors found. 

INFO(SPCOCN-1640): writing occurrence data...
INFO(SPCOCN-1054): ...written
INFO(SPCOCN-1445): Reading CAEN_COMS.SCH.1.1 into drawing #1.
INFO(SPCOCN-1070): Checking drawing...
INFO(SPCOCN-1028): writing <tubii_tk2_lib>TUBII_PCB.SCH.1.1:
INFO(SPCOCN-1044): writing binary file...
INFO(SPCOCN-1049): writing ASCII file...
INFO(SPCOCN-1053): writing connectivity file...
INFO(SPCOCN-1054): ...written

CSDirect 16.6-p007 (v16-6-112F)

Netlisting block tubii_pcb

Processing page 1

INFO(SPCOCN-1640): writing occurrence data...
INFO(SPCOCN-1054): ...written
INFO(SPCOCN-1019): Save All completed.
INFO(SPCOCN-1445): Reading TUBII_PCB.SCH.1.1 into drawing #1.
INFO(SPCOCN-1001): Component: I48 selected.
INFO(SPCOCN-1070): Checking drawing...
INFO(SPCOCN-1028): writing <tubii_tk2_lib>TUBII_PCB.SCH.1.1:
INFO(SPCOCN-1044): writing binary file...
INFO(SPCOCN-1049): writing ASCII file...
INFO(SPCOCN-1053): writing connectivity file...
INFO(SPCOCN-1054): ...written

CSDirect 16.6-p007 (v16-6-112F)

Netlisting block tubii_pcb

Processing page 1

No netlisting errors found. 

Following ports were added to the block 'tubii_pcb' : 
		gt_ttl_out
The connectivity of parent blocks will be updated by saving the following pages:
		Block: tubii	Page: 2

INFO(SPCOCN-1028): writing <tubii_tk2_lib>tubii.SCH.1.2:
INFO(SPCOCN-1044): writing binary file...
INFO(SPCOCN-1049): writing ASCII file...
INFO(SPCOCN-1053): writing connectivity file...
INFO(SPCOCN-1054): ...written

CSDirect 16.6-p007 (v16-6-112F)

Netlisting block tubii

Processing page 2

No netlisting errors found. 

INFO(SPCOCN-1640): writing occurrence data...
INFO(SPCOCN-1054): ...written
INFO(SPCOCN-1019): Save All completed.
