FILE_TYPE=LIBRARY_PARTS;
primitive '74F164';
  pin
    'DSA':
      PIN_NUMBER='(1)';
      INPUT_LOAD='(-0.01,0.01)';
    'DSB':
      PIN_NUMBER='(2)';
      INPUT_LOAD='(-0.01,0.01)';
    'Q'<0>:
      PIN_NUMBER='(3)';
      OUTPUT_LOAD='(1.0,-1.0)';
    'Q'<1>:
      PIN_NUMBER='(4)';
      OUTPUT_LOAD='(1.0,-1.0)';
    'Q'<2>:
      PIN_NUMBER='(5)';
      OUTPUT_LOAD='(1.0,-1.0)';
    'Q'<3>:
      PIN_NUMBER='(6)';
      OUTPUT_LOAD='(1.0,-1.0)';
    'Q'<4>:
      PIN_NUMBER='(10)';
      OUTPUT_LOAD='(1.0,-1.0)';
    'Q'<5>:
      PIN_NUMBER='(11)';
      OUTPUT_LOAD='(1.0,-1.0)';
    'Q'<6>:
      PIN_NUMBER='(12)';
      OUTPUT_LOAD='(1.0,-1.0)';
    'Q'<7>:
      PIN_NUMBER='(13)';
      OUTPUT_LOAD='(1.0,-1.0)';
    '-MR':
      PIN_NUMBER='(9)';
      INPUT_LOAD='(-0.01,0.01)';
    'CP':
      PIN_NUMBER='(8)';
      INPUT_LOAD='(-0.01,0.01)';
  end_pin;
  body
    PART_NAME='74F164';
    BODY_NAME='74F164';
    JEDEC_TYPE='soic14';
    PHYS_DES_PREFIX='U';
    CLASS='IC';
    GROUND_NETS='GND';
    POWER_PINS='(GND:7)';
    POWER_PINS='(VCC:14)';
  end_body;
end_primitive;

primitive '74F164_2';
  pin
    'DSA':
      PIN_NUMBER='(1)';
      INPUT_LOAD='(-0.01,0.01)';
    '-MR':
      PIN_NUMBER='(9)';
      INPUT_LOAD='(-0.01,0.01)';
    'DSB':
      PIN_NUMBER='(2)';
      INPUT_LOAD='(-0.01,0.01)';
    'CP':
      PIN_NUMBER='(8)';
      INPUT_LOAD='(-0.01,0.01)';
    'Q0':
      PIN_NUMBER='(3)';
      OUTPUT_LOAD='(1.0,-1.0)';
    'Q1':
      PIN_NUMBER='(4)';
      OUTPUT_LOAD='(1.0,-1.0)';
    'Q2':
      PIN_NUMBER='(5)';
      OUTPUT_LOAD='(1.0,-1.0)';
    'Q3':
      PIN_NUMBER='(6)';
      OUTPUT_LOAD='(1.0,-1.0)';
    'Q4':
      PIN_NUMBER='(10)';
      OUTPUT_LOAD='(1.0,-1.0)';
    'Q5':
      PIN_NUMBER='(11)';
      OUTPUT_LOAD='(1.0,-1.0)';
    'Q6':
      PIN_NUMBER='(12)';
      OUTPUT_LOAD='(1.0,-1.0)';
    'Q7':
      PIN_NUMBER='(13)';
      OUTPUT_LOAD='(1.0,-1.0)';
  end_pin;
  body
    PART_NAME='74F164';
    BODY_NAME='74F164';
    JEDEC_TYPE='soic14';
    PHYS_DES_PREFIX='U';
    CLASS='IC';
    GROUND_NETS='GND';
    POWER_PINS='(GND:7)';
    POWER_PINS='(VCC:14)';
  end_body;
end_primitive;

END.
