FILE_TYPE=LIBRARY_PARTS;
primitive '10E016';
  pin
    'TCLD':
      PIN_NUMBER='(28)';
      INPUT_LOAD='(0.0005,0.15)';
    '-TC':
      PIN_NUMBER='(19)';
      OUTPUT_LOAD='(-7.6,-22.4)';
    'Q'<7>:
      PIN_NUMBER='(18)';
      OUTPUT_TYPE='(OE,OR)';
      OUTPUT_LOAD='(-7.6,-22.4)';
    'Q'<6>:
      PIN_NUMBER='(17)';
      OUTPUT_TYPE='(OE,OR)';
      OUTPUT_LOAD='(-7.6,-22.4)';
    'Q'<5>:
      PIN_NUMBER='(15)';
      OUTPUT_TYPE='(OE,OR)';
      OUTPUT_LOAD='(-7.6,-22.4)';
    'Q'<4>:
      PIN_NUMBER='(13)';
      OUTPUT_TYPE='(OE,OR)';
      OUTPUT_LOAD='(-7.6,-22.4)';
    'Q'<3>:
      PIN_NUMBER='(12)';
      OUTPUT_TYPE='(OE,OR)';
      OUTPUT_LOAD='(-7.6,-22.4)';
    'Q'<2>:
      PIN_NUMBER='(11)';
      OUTPUT_TYPE='(OE,OR)';
      OUTPUT_LOAD='(-7.6,-22.4)';
    'Q'<1>:
      PIN_NUMBER='(10)';
      OUTPUT_TYPE='(OE,OR)';
      OUTPUT_LOAD='(-7.6,-22.4)';
    'Q'<0>:
      PIN_NUMBER='(9)';
      OUTPUT_TYPE='(OE,OR)';
      OUTPUT_LOAD='(-7.6,-22.4)';
    '-PE':
      PIN_NUMBER='(25)';
      INPUT_LOAD='(0.0005,0.15)';
    'P'<7>:
      PIN_NUMBER='(23)';
      INPUT_LOAD='(0.0005,0.15)';
    'P'<6>:
      PIN_NUMBER='(22)';
      INPUT_LOAD='(0.0005,0.15)';
    'P'<5>:
      PIN_NUMBER='(21)';
      INPUT_LOAD='(0.0005,0.15)';
    'P'<4>:
      PIN_NUMBER='(7)';
      INPUT_LOAD='(0.0005,0.15)';
    'P'<3>:
      PIN_NUMBER='(6)';
      INPUT_LOAD='(0.0005,0.15)';
    'P'<2>:
      PIN_NUMBER='(5)';
      INPUT_LOAD='(0.0005,0.15)';
    'P'<1>:
      PIN_NUMBER='(4)';
      INPUT_LOAD='(0.0005,0.15)';
    'P'<0>:
      PIN_NUMBER='(3)';
      INPUT_LOAD='(0.0005,0.15)';
    'MR':
      PIN_NUMBER='(26)';
      INPUT_LOAD='(0.0005,0.15)';
    'CLK':
      PIN_NUMBER='(27)';
      INPUT_LOAD='(0.0005,0.15)';
    '-CE':
      PIN_NUMBER='(24)';
      INPUT_LOAD='(0.0005,0.15)';
  end_pin;
  body
    PART_NAME='10E016';
    FAMILY='ECL10E';
    TECH='10E';
    BODY_NAME='10E016';
    JEDEC_TYPE='plcc28';
    PHYS_DES_PREFIX='U';
    CLASS='IC';
    POWER_PINS='(GND:8,14,20,16)';
    POWER_PINS='(VEE:1)';
    NC_PINS='(2)';
  end_body;
end_primitive;

END.
