FILE_TYPE=LIBRARY_PARTS;
primitive 'HCT374_1';
  pin
    'VCC':
      PIN_NUMBER='(20)';
      PINUSE='POWER';
      NO_LOAD_CHECK='Both';
      NO_IO_CHECK='Both';
      NO_ASSERT_CHECK='TRUE';
      NO_DIR_CHECK='TRUE';
      ALLOW_CONNECT='TRUE';
    'GND':
      PIN_NUMBER='(10)';
      PINUSE='GROUND';
      NO_LOAD_CHECK='Both';
      NO_IO_CHECK='Both';
      NO_ASSERT_CHECK='TRUE';
      NO_DIR_CHECK='TRUE';
      ALLOW_CONNECT='TRUE';
    'D0':
      PIN_NUMBER='(2)';
      INPUT_LOAD='(-0.01,0.01)';
    'D1':
      PIN_NUMBER='(3)';
      INPUT_LOAD='(-0.01,0.01)';
    'D2':
      PIN_NUMBER='(4)';
      INPUT_LOAD='(-0.01,0.01)';
    'D3':
      PIN_NUMBER='(5)';
      INPUT_LOAD='(-0.01,0.01)';
    'D4':
      PIN_NUMBER='(6)';
      INPUT_LOAD='(-0.01,0.01)';
    'D5':
      PIN_NUMBER='(7)';
      INPUT_LOAD='(-0.01,0.01)';
    'D6':
      PIN_NUMBER='(8)';
      INPUT_LOAD='(-0.01,0.01)';
    'D7':
      PIN_NUMBER='(9)';
      INPUT_LOAD='(-0.01,0.01)';
    'Q0':
      PIN_NUMBER='(19)';
      OUTPUT_LOAD='(1.0,-1.0)';
    'Q1':
      PIN_NUMBER='(18)';
      OUTPUT_LOAD='(1.0,-1.0)';
    'Q2':
      PIN_NUMBER='(17)';
      OUTPUT_LOAD='(1.0,-1.0)';
    'Q3':
      PIN_NUMBER='(16)';
      OUTPUT_LOAD='(1.0,-1.0)';
    'Q4':
      PIN_NUMBER='(15)';
      OUTPUT_LOAD='(1.0,-1.0)';
    'Q5':
      PIN_NUMBER='(14)';
      OUTPUT_LOAD='(1.0,-1.0)';
    'Q6':
      PIN_NUMBER='(13)';
      OUTPUT_LOAD='(1.0,-1.0)';
    'Q7':
      PIN_NUMBER='(12)';
      OUTPUT_LOAD='(1.0,-1.0)';
    '-OE':
      PIN_NUMBER='(1)';
      OUTPUT_TYPE='(OE,OR)';
      OUTPUT_LOAD='(1.0,*)';
    'CLK':
      PIN_NUMBER='(11)';
      INPUT_LOAD='(-0.01,0.01)';
  end_pin;
  body
    PART_NAME='HCT374_1';
    BODY_NAME='HCT374';
    JEDEC_TYPE='soic20';
    PHYS_DES_PREFIX='U';
    CLASS='IC';
  end_body;
end_primitive;

END.
