FILE_TYPE=LIBRARY_PARTS;
primitive '74HCT04';
  pin
    'A0':
      PIN_NUMBER='(1)';
      INPUT_LOAD='(-0.01,0.01)';
    'A1':
      PIN_NUMBER='(3)';
      INPUT_LOAD='(-0.01,0.01)';
    'A2':
      PIN_NUMBER='(5)';
      INPUT_LOAD='(-0.01,0.01)';
    'A3':
      PIN_NUMBER='(9)';
      INPUT_LOAD='(-0.01,0.01)';
    'A4':
      PIN_NUMBER='(11)';
      INPUT_LOAD='(-0.01,0.01)';
    'A5':
      PIN_NUMBER='(13)';
      INPUT_LOAD='(-0.01,0.01)';
    '-Y0':
      PIN_NUMBER='(2)';
      OUTPUT_LOAD='(1.0,-1.0)';
    '-Y1':
      PIN_NUMBER='(4)';
      OUTPUT_LOAD='(1.0,-1.0)';
    '-Y2':
      PIN_NUMBER='(6)';
      OUTPUT_LOAD='(1.0,-1.0)';
    '-Y3':
      PIN_NUMBER='(8)';
      OUTPUT_LOAD='(1.0,-1.0)';
    '-Y4':
      PIN_NUMBER='(10)';
      OUTPUT_LOAD='(1.0,-1.0)';
    '-Y5':
      PIN_NUMBER='(12)';
      OUTPUT_LOAD='(1.0,-1.0)';
  end_pin;
  body
    PART_NAME='74F06';
    BODY_NAME='74HCT04';
    JEDEC_TYPE='soic14';
    PHYS_DES_PREFIX='U';
    CLASS='IC';
    GROUND_NETS='GND';
    POWER_PINS='(GND:7)';
    POWER_PINS='(VCC:14)';
  end_body;
end_primitive;

END.
