	(Comment
		(Time 04/05/11,17:43:46)
		(User GabrielOG)
		(MsgId ECO_021)
		(Text "Package MMBTH81 added to cell")
		(Param1 MMBTH81)
	)
	(Comment
		(Time 04/05/11,18:19:28)
		(User GabrielOG)
		(MsgId ECO_081)
		(Text "Symbol sym_1 added to cell")
		(Param1 sym_1)
	)
	(Comment
		(Time 04/05/11,19:54:48)
		(User gabriel)
		(MsgId ECO_081)
		(Text "Symbol sym_2 added to cell")
		(Param1 sym_2)
	)
	(Comment
		(Time 04/05/11,19:55:16)
		(User gabriel)
		(MsgId ECO_081)
		(Text "Symbol sym_3 added to cell")
		(Param1 sym_3)
	)
	(Comment
		(Time 04/05/11,19:55:36)
		(User gabriel)
		(MsgId ECO_082)
		(Text "Symbol sym_1 deleted from cell")
		(Param1 sym_1)
	)
	(Comment
		(Time 04/05/11,19:55:42)
		(User gabriel)
		(MsgId ECO_082)
		(Text "Symbol sym_3 deleted from cell")
		(Param1 sym_3)
	)
	(Comment
		(Time 04/05/11,19:55:48)
		(User gabriel)
		(MsgId ECO_083)
		(Text "Symbol sym_2 renamed to sym_1")
		(Param1 sym_2)
		(Param2 sym_1)
	)
