FILE_TYPE=LIBRARY_PARTS;
primitive '10E104','10E104_PLCC';
  pin
    'Y4'<0>:
      PIN_NUMBER='(17)';
      OUTPUT_TYPE='(OE,OR)';
      OUTPUT_LOAD='(-7.6,-22.4)';
    'Y3'<0>:
      PIN_NUMBER='(14)';
      OUTPUT_TYPE='(OE,OR)';
      OUTPUT_LOAD='(-7.6,-22.4)';
    'Y2'<0>:
      PIN_NUMBER='(12)';
      OUTPUT_TYPE='(OE,OR)';
      OUTPUT_LOAD='(-7.6,-22.4)';
    'Y1'<0>:
      PIN_NUMBER='(9)';
      OUTPUT_TYPE='(OE,OR)';
      OUTPUT_LOAD='(-7.6,-22.4)';
    'Y0'<0>:
      PIN_NUMBER='(7)';
      OUTPUT_TYPE='(OE,OR)';
      OUTPUT_LOAD='(-7.6,-22.4)';
    'F'<0>:
      PIN_NUMBER='(20)';
      OUTPUT_TYPE='(OE,OR)';
      OUTPUT_LOAD='(-7.6,-22.4)';
    '-F'<0>:
      PIN_NUMBER='(19)';
      OUTPUT_TYPE='(OE,OR)';
      OUTPUT_LOAD='(-7.6,-22.4)';
    'B4'<0>:
      PIN_NUMBER='(24)';
      INPUT_LOAD='(0.0005,0.20)';
      PIN_GROUP='5';
    'B3'<0>:
      PIN_NUMBER='(26)';
      INPUT_LOAD='(0.0005,0.20)';
      PIN_GROUP='4';
    'B2'<0>:
      PIN_NUMBER='(28)';
      INPUT_LOAD='(0.0005,0.20)';
      PIN_GROUP='3';
    'B1'<0>:
      PIN_NUMBER='(3)';
      INPUT_LOAD='(0.0005,0.20)';
      PIN_GROUP='2';
    'B0'<0>:
      PIN_NUMBER='(5)';
      INPUT_LOAD='(0.0005,0.20)';
      PIN_GROUP='1';
    'A4'<0>:
      PIN_NUMBER='(23)';
      INPUT_LOAD='(0.0005,0.20)';
      PIN_GROUP='5';
    'A3'<0>:
      PIN_NUMBER='(25)';
      INPUT_LOAD='(0.0005,0.20)';
      PIN_GROUP='4';
    'A2'<0>:
      PIN_NUMBER='(27)';
      INPUT_LOAD='(0.0005,0.20)';
      PIN_GROUP='3';
    'A1'<0>:
      PIN_NUMBER='(2)';
      INPUT_LOAD='(0.0005,0.20)';
      PIN_GROUP='2';
    'A0'<0>:
      PIN_NUMBER='(4)';
      INPUT_LOAD='(0.0005,0.20)';
      PIN_GROUP='1';
    '-Y4'<0>:
      PIN_NUMBER='(18)';
      OUTPUT_TYPE='(OE,OR)';
      OUTPUT_LOAD='(-7.6,-22.4)';
    '-Y3'<0>:
      PIN_NUMBER='(15)';
      OUTPUT_TYPE='(OE,OR)';
      OUTPUT_LOAD='(-7.6,-22.4)';
    '-Y2'<0>:
      PIN_NUMBER='(13)';
      OUTPUT_TYPE='(OE,OR)';
      OUTPUT_LOAD='(-7.6,-22.4)';
    '-Y1'<0>:
      PIN_NUMBER='(10)';
      OUTPUT_TYPE='(OE,OR)';
      OUTPUT_LOAD='(-7.6,-22.4)';
    '-Y0'<0>:
      PIN_NUMBER='(8)';
      OUTPUT_TYPE='(OE,OR)';
      OUTPUT_LOAD='(-7.6,-22.4)';
  end_pin;
  body
    FAMILY='ECL10E';
    PART_NAME='10E104';
    TECH='10E';
    BODY_NAME='10E104';
    JEDEC_TYPE='PLCC28';
    PHYS_DES_PREFIX='U';
    CLASS='IC';
    POWER_PINS='(GND:16,6,11,21)';
    POWER_PINS='(VEE:1)';
    NC_PINS='(22)';
  end_body;
end_primitive;

END.
