	(Comment
		(Time 09/08/14,11:52:36)
		(User QGPWindowsVB)
		(MsgId ECO_021)
		(Text "Package OPA4277 added to cell")
		(Param1 "OPA4277")
	)
	(Comment
		(Time 09/08/14,11:58:21)
		(User QGPWindowsVB)
		(MsgId ECO_081)
		(Text "Symbol sym_1 added to cell")
		(Param1 "sym_1")
	)
	(Comment
		(Time 09/08/14,12:02:12)
		(User QGPWindowsVB)
		(MsgId ECO_082)
		(Text "Symbol sym_1 deleted from cell")
		(Param1 "sym_1")
	)
	(Comment
		(Time 09/08/14,12:02:20)
		(User QGPWindowsVB)
		(MsgId ECO_022)
		(Text "Package OPA4277 deleted from cell")
		(Param1 "OPA4277")
	)
	(Comment
		(Time 09/08/14,12:02:23)
		(User QGPWindowsVB)
		(MsgId ECO_021)
		(Text "Package OPA4277 added to cell")
		(Param1 "OPA4277")
	)
	(Comment
		(Time 09/08/14,12:04:27)
		(User QGPWindowsVB)
		(MsgId ECO_081)
		(Text "Symbol sym_1 added to cell")
		(Param1 "sym_1")
	)
