Allegro Design Entry HDL 16.6-p007 (v16-6-112F) 10/10/2012
Copyright 2011 Cadence Design Systems, Inc

WARNING(SPCOCN-1474): You must specify a window that contains a drawing.
WARNING(SPCOCN-1474): You must specify a window that contains a drawing.
WARNING(SPCOCN-1474): You must specify a window that contains a drawing.
WARNING(SPCOCN-1474): You must specify a window that contains a drawing.
WARNING(SPCOCN-1474): You must specify a window that contains a drawing.
WARNING(SPCOCN-1474): You must specify a window that contains a drawing.
WARNING(SPCOCN-1474): You must specify a window that contains a drawing.
WARNING(SPCOCN-2040): Specify the command "page forcereset all" to reset logical page numbers of all pages of this block.
WARNING(SPCOCN-1523): Invalid set option: <search_history_count>
INFO(SPCOCN-1177): Unexpected text: <5>
WARNING(SPCOCN-1523): Invalid set option: <search_history>
INFO(SPCOCN-1177): Unexpected text: <DATA_RDY>
WARNING(SPCOCN-1523): Invalid set option: <search_toolbar_lookin>
INFO(SPCOCN-1177): Unexpected text: <PAGE>
WARNING(SPCOCN-1523): Invalid set option: <modify_quick_reset_filters>
INFO(SPCOCN-1177): Unexpected text: <OFF>
WARNING(SPCOCN-1523): Invalid set option: <hss_distribute_ports_count>
INFO(SPCOCN-1177): Unexpected text: <25>
WARNING(SPCOCN-1523): Invalid set option: <hss_distribute_port_pattern>
WARNING(SPCOCN-1523): Invalid set option: <hss_distribute_property_name>
WARNING(SPCOCN-1474): You must specify a window that contains a drawing.
WARNING(SPCOCN-1474): You must specify a window that contains a drawing.
WARNING(SPCOCN-1474): You must specify a window that contains a drawing.
WARNING(SPCOCN-1474): You must specify a window that contains a drawing.
WARNING(SPCOCN-1474): You must specify a window that contains a drawing.
WARNING(SPCOCN-1474): You must specify a window that contains a drawing.
INFO(SPCOCN-1737): Reading C:\Users\QGPWindowsVB\Documents\ANUSTART\cds.lib file.
WARNING(SPCOCN-1474): You must specify a window that contains a drawing.
INFO(SPCOCN-1445): Reading TUBII.SCH.1.1 into drawing #1.
INFO(SPCOCN-195): The following file will be used to identify the list of modules to be excluded: 'C:\Cadence\SPB_16.6\share\cdssetup\xmodules.dat'.
INFO(SPCOCN-1445): Reading TUBII.SCH.1.1 into drawing #1.
INFO(SPCOCN-1445): Reading TUBII.SCH.1.2 into drawing #1.
INFO(SPCOCN-1445): Reading TUBII_PCB.SCH.1.1 into drawing #1.
INFO(SPCOCN-1445): Reading MICROZED_MODULE.SCH.1.1 into drawing #1.
INFO(SPCOCN-1445): Reading CNTRL_REGISTER.SCH.1.1 into drawing #1.
INFO(SPCOCN-1445): Reading TUBII_SPKR.SCH.1.1 into drawing #1.
INFO(SPCOCN-1445): Reading BASELINE_BUFFER.SCH.1.1 into drawing #1.
INFO(SPCOCN-1445): Reading CLOCKS.SCH.1.1 into drawing #1.
INFO(SPCOCN-1445): Reading DEFAULT_CLK_SEL.SCH.1.1 into drawing #1.
INFO(SPCOCN-1445): Reading FAULT_DETECTION.SCH.1.1 into drawing #1.
INFO(SPCOCN-1445): Reading CHANGE_CLKS.SCH.1.1 into drawing #1.
INFO(SPCOCN-1445): Reading GENERAL_UTILITIES.SCH.1.1 into drawing #1.
INFO(SPCOCN-1445): Reading PULSE_INVERTER.SCH.1.1 into drawing #1.
INFO(SPCOCN-1445): Reading RIBBON_DELAY.SCH.1.1 into drawing #1.
INFO(SPCOCN-1445): Reading GENERIC_DELAYS.SCH.1.1 into drawing #1.
INFO(SPCOCN-1445): Reading ECL_TRANSLATION.SCH.1.1 into drawing #1.
INFO(SPCOCN-1445): Reading POWER.SCH.1.1 into drawing #1.
INFO(SPCOCN-1445): Reading ECAL_CONTROL.SCH.1.1 into drawing #1.
INFO(SPCOCN-1445): Reading CAEN_COMS.SCH.1.1 into drawing #1.
INFO(SPCOCN-1445): Reading CAEN_ANALOG_COMS.SCH.1.1 into drawing #1.
INFO(SPCOCN-1445): Reading CAEN_BUFFER.SCH.1.1 into drawing #1.
INFO(SPCOCN-1445): Reading VREF_GEN.SCH.1.1 into drawing #1.
INFO(SPCOCN-1445): Reading CAEN_DIG_COMS.SCH.1.1 into drawing #1.
INFO(SPCOCN-1445): Reading ELLIE_COMS.SCH.1.1 into drawing #1.
INFO(SPCOCN-1445): Reading LO_GEN.SCH.1.1 into drawing #1.
INFO(SPCOCN-1445): Reading GT_DELAYS.SCH.1.1 into drawing #1.
INFO(SPCOCN-1445): Reading SELECT_LO_SRC.SCH.1.1 into drawing #1.
INFO(SPCOCN-1445): Reading MTCA_MIMIC.SCH.1.1 into drawing #1.
INFO(SPCOCN-1445): Reading TRIGGER_LOGIC.SCH.1.1 into drawing #1.
INFO(SPCOCN-1445): Reading EXT_TRIGS.SCH.1.1 into drawing #1.
INFO(SPCOCN-1445): Reading FAN_CONNECTIONS.SCH.1.1 into drawing #1.
INFO(SPCOCN-1445): Reading FRONT_PORTS.SCH.1.1 into drawing #1.
INFO(SPCOCN-1445): Reading TRANSLATION_PORTS.SCH.1.1 into drawing #1.
INFO(SPCOCN-1445): Reading TIME_BUS_PORTS.SCH.1.1 into drawing #1.
INFO(SPCOCN-1445): Reading GENERAL_UTILITIES_PORTS.SCH.1.1 into drawing #1.
INFO(SPCOCN-1445): Reading CAEN_PORTS.SCH.1.1 into drawing #1.
INFO(SPCOCN-1445): Reading CAEN_DIGITAL_PORTS.SCH.1.1 into drawing #1.
INFO(SPCOCN-1445): Reading CAEN_ANALOG_PORTS.SCH.1.1 into drawing #1.
INFO(SPCOCN-1445): Reading SCALER_PORTS.SCH.1.1 into drawing #1.
INFO(SPCOCN-1445): Reading EXT_TRIG_PORTS.SCH.1.1 into drawing #1.
INFO(SPCOCN-1445): Reading GT_DELAYS_PORTS.SCH.1.1 into drawing #1.
INFO(SPCOCN-1445): Reading BACK_PORTS.SCH.1.1 into drawing #1.
INFO(SPCOCN-1445): Reading TUBII.SCH.1.1 into drawing #1.
