temp/xxnedtmp2/event.log NEWFILE1
temp/xxnedtmp2/text.log NEWFILE2
temp/xxnedtmp2/environ.log NEWFILE3
C:\Cadence\SPB_16.6\share\cdssetup/concept/concepthdl.scr FILE4
C:\Users\Eric Marzec\Documents\Tubii_Tk2\cds.lib FILE5
C:\Users\Eric Marzec\Documents\Tubii_Tk2\worklib\tubii\sch_1\page1.csb FILE6
C:\Users\Eric Marzec\Documents\Tubii_Tk2\worklib\tubii\sch_1\page1_csb.lck NEWFILE7
temp/xxnedtmp2/undo1.log NEWFILE8
C:\Users\Eric Marzec\Documents\Tubii_Tk2\Parts\parts\misc\penn#20b#20size#20page\sym_1\symbol.css FILE9
C:\Users\Eric Marzec\Documents\Tubii_Tk2\worklib\back_ports\sym_1\symbol.css FILE10
C:\Users\Eric Marzec\Documents\Tubii_Tk2\worklib\front_ports\sym_1\symbol.css FILE11
C:\Users\Eric Marzec\Documents\Tubii_Tk2\worklib\tubii_pcb\sym_1\symbol.css FILE12
C:\Users\Eric Marzec\Documents\Tubii_Tk2\worklib\tubii\sch_1\page1_csa.lck NEWFILE13
C:/Users/Eric Marzec/Documents/Tubii_Tk2/worklib/tubii/sch_1/tubii.xcon FILE14
C:/Users/Eric Marzec/Documents/Tubii_Tk2/worklib/tubii/sch_1/tubii.dcf FILE15
C:\Users\Eric Marzec\Documents\Tubii_Tk2\worklib\tubii_pcb\sch_1\page1.csb FILE16
C:\Users\Eric Marzec\Documents\Tubii_Tk2\worklib\tubii_pcb\sch_1\page1_csb.lck NEWFILE17
C:\Users\Eric Marzec\Documents\Tubii_Tk2\worklib\ellie_coms\sym_1\symbol.css FILE18
C:\Users\Eric Marzec\Documents\Tubii_Tk2\worklib\caen_coms\sym_1\symbol.css FILE19
C:\Users\Eric Marzec\Documents\Tubii_Tk2\worklib\ecal_control\sym_1\symbol.css FILE20
C:\Users\Eric Marzec\Documents\Tubii_Tk2\worklib\power\sym_1\symbol.css FILE21
C:\Users\Eric Marzec\Documents\Tubii_Tk2\worklib\general_utilities\sym_1\symbol.css FILE22
C:\Users\Eric Marzec\Documents\Tubii_Tk2\worklib\mtca_mimic\sym_1\symbol.css FILE23
C:\Users\Eric Marzec\Documents\Tubii_Tk2\worklib\clocks\sym_1\symbol.css FILE24
C:\Users\Eric Marzec\Documents\Tubii_Tk2\worklib\lo_gen\sym_1\symbol.css FILE25
C:\Users\Eric Marzec\Documents\Tubii_Tk2\worklib\baseline_buffer\sym_1\symbol.css FILE26
C:\Users\Eric Marzec\Documents\Tubii_Tk2\worklib\tubii_spkr\sym_1\symbol.css FILE27
C:\Users\Eric Marzec\Documents\Tubii_Tk2\worklib\cntrl_register\sym_1\symbol.css FILE28
C:\Users\Eric Marzec\Documents\Tubii_Tk2\worklib\microzed_module\sym_1\symbol.css FILE29
C:\Users\Eric Marzec\Documents\Tubii_Tk2\worklib\clocks\sch_1\page1.csb FILE30
C:\Users\Eric Marzec\Documents\Tubii_Tk2\worklib\clocks\sch_1\page1_csb.lck NEWFILE31
C:\Users\Eric Marzec\Documents\Tubii_Tk2\worklib\tubii_pcb\sch_1\page1_csa.lck NEWFILE32
C:\Users\Eric Marzec\Documents\Tubii_Tk2\worklib\fault_detection\sym_1\symbol.css FILE33
C:\Users\Eric Marzec\Documents\Tubii_Tk2\worklib\default_clk_sel\sym_1\symbol.css FILE34
C:\Users\Eric Marzec\Documents\Tubii_Tk2\worklib\fault_detection\sch_1\page1.csb FILE35
C:\Users\Eric Marzec\Documents\Tubii_Tk2\worklib\fault_detection\sch_1\page1_csb.lck FILE36
C:\Users\Eric Marzec\Documents\Tubii_Tk2\worklib\clocks\sch_1\page1_csa.lck NEWFILE37
C:\Users\Eric Marzec\Documents\Tubii_Tk2\Parts\parts\misc\sip_header_2pin\sym_1\symbol.css FILE38
C:\Users\Eric Marzec\Documents\Tubii_Tk2\Parts\parts\ecl\mc10h131\sym_1\symbol.css FILE39
C:\Users\Eric Marzec\Documents\Tubii_Tk2\Parts\parts\resistors\rsmd0805\sym_1\symbol.css FILE40
C:\Users\Eric Marzec\Documents\Tubii_Tk2\Parts\parts\capacitors\csmd0603\sym_1\symbol.css FILE41
C:\Users\Eric Marzec\Documents\Tubii_Tk2\Parts\parts\ttl\sy100el05\sym_1\symbol.css FILE42
C:\Users\Eric Marzec\Documents\Tubii_Tk2\Parts\parts\misc\sy100el34l\sym_1\symbol.css FILE43
C:\Users\Eric Marzec\Documents\Tubii_Tk2\Parts\parts\ecl\mc10h124\sym_1\symbol.css FILE44
C:\Users\Eric Marzec\Documents\Tubii_Tk2\Parts\parts\capacitors\csmd0805\sym_1\symbol.css FILE45
C:\Users\Eric Marzec\Documents\Tubii_Tk2\Parts\parts\misc\led_l\sym_1\symbol.css FILE46
C:\Users\Eric Marzec\Documents\Tubii_Tk2\Parts\parts\ttl\74hct273\sym_1\symbol.css FILE47
C:\Cadence\SPB_16.6\share\library\standard\inport\sym_1\symbol.css FILE48
C:\Users\Eric Marzec\Documents\Tubii_Tk2\Parts\parts\misc\hct123\sym_1\symbol.css FILE49
C:\Users\Eric Marzec\Documents\Tubii_Tk2\Parts\parts\ecl\mc10h125\sym_1\symbol.css FILE50
C:\Users\Eric Marzec\Documents\Tubii_Tk2\Parts\parts\ecl\mc10e116\sym_1\symbol.css FILE51
C:\Users\Eric Marzec\Documents\Tubii_Tk2\Parts\parts\ecl\mc10e016\sym_1\symbol.css FILE52
C:/Cadence/SPB_16.6/tools/language/config.dat FILE53
temp/xxnedtmp2/concept.mkr NEWFILE54
C:/Cadence/SPB_16.6/tools/language/pack_type_rename.dat NEWFILE55
temp/xxnedtmp2/../mc10e016.mkr NEWFILE56
temp/xxnedtmp2/../inport.mkr NEWFILE57
temp/xxnedtmp2/../penn#20b#20size#20page.mkr NEWFILE58
temp/xxnedtmp2/../sy100el05.mkr NEWFILE59
temp/xxnedtmp2/../csmd0603.mkr NEWFILE60
temp/xxnedtmp2/../rsmd0805.mkr NEWFILE61
temp/xxnedtmp2/../sip_header_2pin.mkr NEWFILE62
temp/xxnedtmp2/../sy100el34l.mkr NEWFILE63
temp/xxnedtmp2/../mc10h124.mkr NEWFILE64
temp/xxnedtmp2/../csmd0805.mkr NEWFILE65
temp/xxnedtmp2/../led_l.mkr NEWFILE66
temp/xxnedtmp2/../74hct273.mkr NEWFILE67
temp/xxnedtmp2/../hct123.mkr NEWFILE68
temp/xxnedtmp2/../mc10h125.mkr NEWFILE69
temp/xxnedtmp2/../mc10e116.mkr NEWFILE70
C:\Users\Eric Marzec\Documents\Tubii_Tk2\worklib\fault_detection\sch_1\page1.csa FILE71
C:\Users\Eric Marzec\Documents\Tubii_Tk2\worklib\fault_detection\sch_1\page1.csv FILE72
C:\Users\Eric Marzec\Documents\Tubii_Tk2\worklib\fault_detection\sch_1\pc.db FILE73
C:/Users/Eric Marzec/Documents/Tubii_Tk2/worklib/fault_detection/sch_1/fault_detection_xcon.lck NEWFILE74
C:/Users/Eric Marzec/Documents/Tubii_Tk2/worklib/fault_detection/sch_1/fault_detection_dcf.lck NEWFILE75
temp/xxnedtmp2/csnetlister.mkr NEWFILE76
temp/xxnedtmp2/undo2.log NEWFILE77
C:\Users\Eric Marzec\Documents\Tubii_Tk2\worklib\clocks\sch_1\page1.csa FILE78
C:\Users\Eric Marzec\Documents\Tubii_Tk2\worklib\clocks\sch_1\page1.csv FILE79
C:/Users/Eric Marzec/Documents/Tubii_Tk2/worklib/clocks/sch_1/clocks_xcon.lck NEWFILE80
C:/Users/Eric Marzec/Documents/Tubii_Tk2/worklib/clocks/sch_1/clocks_dcf.lck NEWFILE81
C:/Users/ERICMA~1/AppData/Local/Temp/conFE9F.tmp FILE82
C:/Users/ERICMA~1/AppData/Local/Temp/conD30E.tmp FILE83
C:/Users/ERICMA~1/AppData/Local/Temp/conF149.tmp FILE84
