Allegro Design Entry HDL 16.6-p007 (v16-6-112F) 10/10/2012
Copyright 2011 Cadence Design Systems, Inc

WARNING(SPCOCN-1474): You must specify a window that contains a drawing.
WARNING(SPCOCN-1474): You must specify a window that contains a drawing.
WARNING(SPCOCN-1474): You must specify a window that contains a drawing.
WARNING(SPCOCN-1474): You must specify a window that contains a drawing.
WARNING(SPCOCN-1474): You must specify a window that contains a drawing.
WARNING(SPCOCN-1474): You must specify a window that contains a drawing.
WARNING(SPCOCN-1474): You must specify a window that contains a drawing.
WARNING(SPCOCN-2040): Specify the command "page forcereset all" to reset logical page numbers of all pages of this block.
WARNING(SPCOCN-1523): Invalid set option: <search_history_count>
INFO(SPCOCN-1177): Unexpected text: <5>
WARNING(SPCOCN-1523): Invalid set option: <search_history>
WARNING(SPCOCN-1523): Invalid set option: <search_toolbar_lookin>
INFO(SPCOCN-1177): Unexpected text: <PAGE>
WARNING(SPCOCN-1523): Invalid set option: <modify_quick_reset_filters>
INFO(SPCOCN-1177): Unexpected text: <OFF>
WARNING(SPCOCN-1523): Invalid set option: <hss_distribute_ports_count>
INFO(SPCOCN-1177): Unexpected text: <25>
WARNING(SPCOCN-1523): Invalid set option: <hss_distribute_port_pattern>
WARNING(SPCOCN-1523): Invalid set option: <hss_distribute_property_name>
WARNING(SPCOCN-1474): You must specify a window that contains a drawing.
WARNING(SPCOCN-1474): You must specify a window that contains a drawing.
WARNING(SPCOCN-1474): You must specify a window that contains a drawing.
WARNING(SPCOCN-1474): You must specify a window that contains a drawing.
WARNING(SPCOCN-1474): You must specify a window that contains a drawing.
WARNING(SPCOCN-1474): You must specify a window that contains a drawing.
INFO(SPCOCN-1737): Reading C:\Users\Eric Marzec\Documents\Tubii_Tk2\cds.lib file.
WARNING(SPCOCN-1474): You must specify a window that contains a drawing.
INFO(SPCOCN-1445): Reading TUBII.SCH.1.1 into drawing #1.
INFO(SPCOCN-195): The following file will be used to identify the list of modules to be excluded: 'C:\Cadence\SPB_16.6\share\cdssetup\xmodules.dat'.
INFO(SPCOCN-1001): Component: I1 selected.
INFO(SPCOCN-1001): Component: I1 selected.
INFO(SPCOCN-1445): Reading TUBII.SCH.1.1 into drawing #1.
INFO(SPCOCN-1001): Component: I1 selected.
INFO(SPCOCN-1445): Reading TUBII_PCB.SCH.1.1 into drawing #1.
INFO(SPCOCN-1001): Component: I2 selected.
INFO(SPCOCN-1445): Reading CLOCKS.SCH.1.1 into drawing #1.
INFO(SPCOCN-1001): Component: I1 selected.
INFO(SPCOCN-1001): Component: I2 selected.
INFO(SPCOCN-1445): Reading FAULT_DETECTION.SCH.1.1 into drawing #1.
INFO(SPCOCN-1350): User 'Eric Marzec' has an existing lock on the file 'C:\Users\Eric Marzec\Documents\Tubii_Tk2\worklib\fault_detection\sch_1\page1.csb'. Removing it.
WARNING(SPCOCN-982): The operation could not be performed because no object on the drawing was selected.
WARNING(SPCOCN-982): The operation could not be performed because no object on the drawing was selected.
WARNING(SPCOCN-1200): Using group A
INFO(SPCOCN-1195): Group "A" contains:   2 bodies   25 properties   0 notes   13 wires   0 dots   0 images
WARNING(SPCOCN-1202): Including in group A
INFO(SPCOCN-1195): Group "A" contains:   2 bodies   25 properties   0 notes   13 wires   0 dots   0 images
INFO(SPCOCN-1195): Group "A" contains:   2 bodies   26 properties   0 notes   13 wires   0 dots   0 images
INFO(SPCOCN-1195): Group "A" contains:   2 bodies   26 properties   0 notes   14 wires   0 dots   0 images
INFO(SPCOCN-1507): Adding version 1 of part MC10E016 from library ecl
INFO(SPCOCN-1507): Adding version 1 of part INPORT from library standard
INFO(SPCOCN-1507): Adding version 1 of part INPORT from library standard
INFO(SPCOCN-1507): Adding version 1 of part INPORT from library standard
INFO(SPCOCN-1507): Adding version 1 of part INPORT from library standard
INFO(SPCOCN-1507): Adding version 1 of part INPORT from library standard
INFO(SPCOCN-1507): Adding version 1 of part INPORT from library standard
INFO(SPCOCN-1507): Adding version 1 of part INPORT from library standard
INFO(SPCOCN-1507): Adding version 1 of part INPORT from library standard
INFO(SPCOCN-1507): Adding version 1 of part INPORT from library standard
INFO(SPCOCN-1507): Adding version 1 of part INPORT from library standard
INFO(SPCOCN-1070): Checking drawing...
INFO(SPCOCN-1024): Drawing not written.
INFO(SPCOCN-1070): Checking drawing...
INFO(SPCOCN-1028): writing <tubii_tk2_lib>FAULT_DETECTION.SCH.1.1:
INFO(SPCOCN-1044): writing binary file...
INFO(SPCOCN-1049): writing ASCII file...
INFO(SPCOCN-1053): writing connectivity file...
INFO(SPCOCN-1054): ...written

CSDirect 16.6-p007 (v16-6-112F)

Netlisting block fault_detection

Processing page 1

Following ports were added to the block 'fault_detection' : 
		data_rdy
		max_count
The connectivity of parent blocks will be updated by saving the following pages:
		Block: clocks	Page: 1

INFO(SPCOCN-1028): writing <tubii_tk2_lib>clocks.SCH.1.1:
INFO(SPCOCN-1044): writing binary file...
INFO(SPCOCN-1049): writing ASCII file...
INFO(SPCOCN-1053): writing connectivity file...
INFO(SPCOCN-1054): ...written

CSDirect 16.6-p007 (v16-6-112F)

Netlisting block clocks

Processing page 1

No netlisting errors found. 

WARNING(SPCOCN-2106): Errors and warnings were found while updating connectivity of pages due to port addition. 
Check the following markers file for errors and warnings:
temp/fault_detection.sch_1.mkr


INFO(SPCOCN-1640): writing occurrence data...
INFO(SPCOCN-1054): ...written
INFO(SPCOCN-1001): Component: I12 selected.
WARNING(SPCOCN-1553): Wire split has multiple signal names, which might short the component.
WARNING(SPCOCN-1553): Wire split has multiple signal names, which might short the component.
WARNING(SPCOCN-1553): Wire split has multiple signal names, which might short the component.
WARNING(SPCOCN-1553): Wire split has multiple signal names, which might short the component.
WARNING(SPCOCN-1553): Wire split has multiple signal names, which might short the component.
WARNING(SPCOCN-1553): Wire split has multiple signal names, which might short the component.
WARNING(SPCOCN-1553): Wire split has multiple signal names, which might short the component.
WARNING(SPCOCN-1553): Wire split has multiple signal names, which might short the component.
INFO(SPCOCN-1000): Pin: I65.A<0> selected.
WARNING(SPCOCN-1553): Wire split has multiple signal names, which might short the component.
INFO(SPCOCN-1001): Component: I69 selected.
WARNING(SPCOCN-1553): Wire split has multiple signal names, which might short the component.
INFO(SPCOCN-1507): Adding version 1 of part MC10H131 from library ecl
