	(Comment
		(Time 10/29/14,11:46:45)
		(User QGPWindowsVB)
		(MsgId ECO_021)
		(Text "Package F06 added to cell")
		(Param1 "F06")
	)
	(Comment
		(Time 10/29/14,11:50:14)
		(User QGPWindowsVB)
		(MsgId ECO_081)
		(Text "Symbol sym_2 added to cell")
		(Param1 "sym_2")
	)
	(Comment
		(Time 10/29/14,14:26:24)
		(User QGPWindowsVB)
		(MsgId ECO_022)
		(Text "Package F06_SOIC deleted from cell")
		(Param1 "F06_SOIC")
	)
	(Comment
		(Time 10/29/14,14:26:28)
		(User QGPWindowsVB)
		(MsgId ECO_082)
		(Text "Symbol sym_2 deleted from cell")
		(Param1 "sym_2")
	)
