FILE_TYPE=LIBRARY_PARTS;
TIME=' COMPILATION ON THU JUL 18 18:35:37 1996  ';
primitive '1N4000_L';
  pin
    'CAT':
      PIN_NUMBER='(1)';
      PIN_TYPE='ANALOG';
      NO_LOAD_CHECK='BOTH';
      UNKNOWN_LOADING='TRUE';
    'AN':
      PIN_NUMBER='(2)';
      PIN_TYPE='ANALOG';
      NO_LOAD_CHECK='BOTH';
      UNKNOWN_LOADING='TRUE';
  end_pin;
  body
    JEDEC_TYPE='D041';
    CLASS='DISCRETE';
    LAST_MODIFIED='MON OCT 5 13:48:08 1987';
    ABBREV='1N4000';
    NEEDS_NO_SIZE='TRUE';
    PHYS_DES_PREFIX='D';
    LEADOUT_STYLE='DO4';
    PINCOUNT='2';
    PATH='10P';
    SIZE='1';
  end_body;
end_primitive;
END.
