Allegro Design Entry HDL 16.6-p007 (v16-6-112F) 10/10/2012
Copyright 2011 Cadence Design Systems, Inc

WARNING(SPCOCN-1474): You must specify a window that contains a drawing.
WARNING(SPCOCN-1474): You must specify a window that contains a drawing.
WARNING(SPCOCN-1474): You must specify a window that contains a drawing.
WARNING(SPCOCN-1474): You must specify a window that contains a drawing.
WARNING(SPCOCN-1474): You must specify a window that contains a drawing.
WARNING(SPCOCN-1474): You must specify a window that contains a drawing.
WARNING(SPCOCN-1474): You must specify a window that contains a drawing.
WARNING(SPCOCN-2040): Specify the command "page forcereset all" to reset logical page numbers of all pages of this block.
WARNING(SPCOCN-1523): Invalid set option: <search_history_count>
INFO(SPCOCN-1177): Unexpected text: <5>
WARNING(SPCOCN-1523): Invalid set option: <search_history>
WARNING(SPCOCN-1523): Invalid set option: <search_toolbar_lookin>
INFO(SPCOCN-1177): Unexpected text: <PAGE>
WARNING(SPCOCN-1523): Invalid set option: <modify_quick_reset_filters>
INFO(SPCOCN-1177): Unexpected text: <OFF>
WARNING(SPCOCN-1523): Invalid set option: <hss_distribute_ports_count>
INFO(SPCOCN-1177): Unexpected text: <25>
WARNING(SPCOCN-1523): Invalid set option: <hss_distribute_port_pattern>
WARNING(SPCOCN-1523): Invalid set option: <hss_distribute_property_name>
WARNING(SPCOCN-1474): You must specify a window that contains a drawing.
WARNING(SPCOCN-1474): You must specify a window that contains a drawing.
WARNING(SPCOCN-1474): You must specify a window that contains a drawing.
WARNING(SPCOCN-1474): You must specify a window that contains a drawing.
WARNING(SPCOCN-1474): You must specify a window that contains a drawing.
WARNING(SPCOCN-1474): You must specify a window that contains a drawing.
INFO(SPCOCN-1737): Reading C:\Users\QGPWindowsVB\Documents\ANUSTART\cds.lib file.
WARNING(SPCOCN-1474): You must specify a window that contains a drawing.
INFO(SPCOCN-1445): Reading TUBII.SCH.1.1 into drawing #1.
INFO(SPCOCN-195): The following file will be used to identify the list of modules to be excluded: 'C:\Cadence\SPB_16.6\share\cdssetup\xmodules.dat'.
INFO(SPCOCN-1445): Reading TUBII.SCH.1.1 into drawing #1.
INFO(SPCOCN-1001): Component: I1 selected.
INFO(SPCOCN-1445): Reading TUBII_PCB.SCH.1.1 into drawing #1.
INFO(SPCOCN-1001): Component: I2 selected.
INFO(SPCOCN-1445): Reading CLOCKS.SCH.1.1 into drawing #1.
INFO(SPCOCN-1001): Component: I3 selected.
INFO(SPCOCN-1445): Reading CHANGE_CLKS.SCH.1.1 into drawing #1.
INFO(SPCOCN-1445): Reading CLOCKS.SCH.1.1 into drawing #1.
INFO(SPCOCN-1001): Component: I1 selected.
INFO(SPCOCN-1445): Reading DEFAULT_CLK_SEL.SCH.1.1 into drawing #1.
INFO(SPCOCN-1445): Reading CLOCKS.SCH.1.1 into drawing #1.
INFO(SPCOCN-1001): Component: I2 selected.
INFO(SPCOCN-1445): Reading FAULT_DETECTION.SCH.1.1 into drawing #1.
INFO(SPCOCN-1507): Adding version 1 of part CSMD0805 from library capacitors
INFO(SPCOCN-1507): Adding version 1 of part OUTPORT from library standard
INFO(SPCOCN-1507): Adding version 1 of part OUTPORT from library standard
INFO(SPCOCN-1507): Adding version 1 of part OUTPORT from library standard
INFO(SPCOCN-1507): Adding version 1 of part OUTPORT from library standard
INFO(SPCOCN-1854): The drawing FAULT_DETECTION.SCH.1.1
INFO(SPCOCN-578): will be retained as drawing #1.
INFO(SPCOCN-1445): Reading CLOCKS.SCH.1.1 into drawing #2.
WARNING(SPCOCN-973): The pin could not be moved because a pin already exists at the selected location. You cannot have two pins at the same location. Ensure that each pin is located at a unique location on the block.
WARNING(SPCOCN-973): The pin could not be moved because a pin already exists at the selected location. You cannot have two pins at the same location. Ensure that each pin is located at a unique location on the block.
INFO(SPCOCN-1070): Checking drawing...
INFO(SPCOCN-1024): Drawing not written.
INFO(SPCOCN-1070): Checking drawing...
INFO(SPCOCN-1028): writing <tubii_tk2_lib>FAULT_DETECTION.SYM.1.1:
INFO(SPCOCN-1051): writing body file...
INFO(SPCOCN-1054): ...written
INFO(SPCOCN-1028): writing <tubii_tk2_lib>FAULT_DETECTION.SCH.1.1:
INFO(SPCOCN-1044): writing binary file...
INFO(SPCOCN-1049): writing ASCII file...
INFO(SPCOCN-1053): writing connectivity file...
INFO(SPCOCN-1054): ...written

CSDirect 16.6-p007 (v16-6-112F)

Netlisting block fault_detection

Processing page 1

WARNING(SPCOCN-1080): Block 'FAULT_DETECTION' Errors/Warnings found during save operation.  Load the following marker file:temp/fault_detection.mkr.
INFO(SPCOCN-1028): writing <tubii_tk2_lib>CLOCKS.SCH.1.1:
INFO(SPCOCN-1044): writing binary file...
INFO(SPCOCN-1049): writing ASCII file...
INFO(SPCOCN-1053): writing connectivity file...
INFO(SPCOCN-1054): ...written

CSDirect 16.6-p007 (v16-6-112F)

Netlisting block clocks

Processing page 1

Following ports were added to the block 'fault_detection' : 
		bckp_clk2_n
		bckp_clk2_p
		default_clk2_n
		default_clk2_p
The connectivity of parent blocks will be updated by saving the following pages:
		Block: clocks	Page: 1

INFO(SPCOCN-1028): writing <tubii_tk2_lib>clocks.SCH.1.1:
INFO(SPCOCN-1044): writing binary file...
INFO(SPCOCN-1049): writing ASCII file...
INFO(SPCOCN-1053): writing connectivity file...
INFO(SPCOCN-1054): ...written

CSDirect 16.6-p007 (v16-6-112F)

Netlisting block clocks

Processing page 1

WARNING(SPCOCN-2106): Errors and warnings were found while updating connectivity of pages due to port addition. 
Check the following markers file for errors and warnings:
temp/clocks.sch_1.mkr


INFO(SPCOCN-1640): writing occurrence data...
INFO(SPCOCN-1054): ...written
INFO(SPCOCN-1001): Component: I2 selected.
INFO(SPCOCN-1001): Component: I2 selected.
INFO(SPCOCN-1001): Component: I2 selected.
INFO(SPCOCN-1854): The drawing CLOCKS.SCH.1.1
INFO(SPCOCN-578): will be retained as drawing #2.
INFO(SPCOCN-1445): Reading FAULT_DETECTION.SCH.1.1 into drawing #1.
INFO(SPCOCN-1443): CLOCKS.SCH.1.1 has been previously edited as drawing #2.
INFO(SPCOCN-1001): Component: I3 selected.
INFO(SPCOCN-1854): The drawing CLOCKS.SCH.1.1
INFO(SPCOCN-578): will be retained as drawing #2.
INFO(SPCOCN-1445): Reading CHANGE_CLKS.SCH.1.1 into drawing #1.
INFO(SPCOCN-1507): Adding version 1 of part INPORT from library standard
INFO(SPCOCN-1507): Adding version 1 of part INPORT from library standard
INFO(SPCOCN-1507): Adding version 1 of part INPORT from library standard
INFO(SPCOCN-1507): Adding version 1 of part INPORT from library standard
INFO(SPCOCN-1070): Checking drawing...
INFO(SPCOCN-1024): Drawing not written.
INFO(SPCOCN-1070): Checking drawing...
INFO(SPCOCN-1028): writing <tubii_tk2_lib>CHANGE_CLKS.SCH.1.1:
INFO(SPCOCN-1044): writing binary file...
INFO(SPCOCN-1049): writing ASCII file...
INFO(SPCOCN-1053): writing connectivity file...
INFO(SPCOCN-1054): ...written

CSDirect 16.6-p007 (v16-6-112F)

Netlisting block change_clks

Processing page 1

Following ports were added to the block 'change_clks' : 
		bckp_clk2_n
		bckp_clk2_p
		default_clk2_n
		default_clk2_p
The connectivity of parent blocks will be updated by saving the following pages:
		Block: clocks	Page: 1

INFO(SPCOCN-1028): writing <tubii_tk2_lib>clocks.SCH.1.1:
INFO(SPCOCN-1044): writing binary file...
INFO(SPCOCN-1049): writing ASCII file...
INFO(SPCOCN-1053): writing connectivity file...
INFO(SPCOCN-1054): ...written

CSDirect 16.6-p007 (v16-6-112F)

Netlisting block clocks

Processing page 1

WARNING(SPCOCN-2106): Errors and warnings were found while updating connectivity of pages due to port addition. 
Check the following markers file for errors and warnings:
temp/change_clks.sch_1.mkr


INFO(SPCOCN-1640): writing occurrence data...
INFO(SPCOCN-1054): ...written
INFO(SPCOCN-1019): Save All completed.
INFO(SPCOCN-1445): Reading CLOCKS.SCH.1.1 into drawing #1.
INFO(SPCOCN-1001): Component: I1 selected.
INFO(SPCOCN-1001): Component: I2 selected.
INFO(SPCOCN-1445): Reading FAULT_DETECTION.SCH.1.1 into drawing #1.
INFO(SPCOCN-1001): Component: I47 selected.
INFO(SPCOCN-1507): Adding version 1 of part INPORT from library standard
INFO(SPCOCN-1507): Adding version 1 of part OUTPORT from library standard
INFO(SPCOCN-1070): Checking drawing...
INFO(SPCOCN-1024): Drawing not written.
INFO(SPCOCN-1070): Checking drawing...
INFO(SPCOCN-1028): writing <tubii_tk2_lib>FAULT_DETECTION.SCH.1.1:
INFO(SPCOCN-1044): writing binary file...
INFO(SPCOCN-1049): writing ASCII file...
INFO(SPCOCN-1053): writing connectivity file...
INFO(SPCOCN-1054): ...written

CSDirect 16.6-p007 (v16-6-112F)

Netlisting block fault_detection

Processing page 1

Following ports were added to the block 'fault_detection' : 
		bckp_clk3_n
		bckp_clk3_p
The connectivity of parent blocks will be updated by saving the following pages:
		Block: clocks	Page: 1

INFO(SPCOCN-1028): writing <tubii_tk2_lib>clocks.SCH.1.1:
INFO(SPCOCN-1044): writing binary file...
INFO(SPCOCN-1049): writing ASCII file...
INFO(SPCOCN-1053): writing connectivity file...
INFO(SPCOCN-1054): ...written

CSDirect 16.6-p007 (v16-6-112F)

Netlisting block clocks

Processing page 1

WARNING(SPCOCN-2106): Errors and warnings were found while updating connectivity of pages due to port addition. 
Check the following markers file for errors and warnings:
temp/fault_detection.sch_1.mkr


INFO(SPCOCN-1640): writing occurrence data...
INFO(SPCOCN-1054): ...written
INFO(SPCOCN-1854): The drawing FAULT_DETECTION.SCH.1.1
INFO(SPCOCN-578): will be retained as drawing #1.
INFO(SPCOCN-1445): Reading CLOCKS.SCH.1.1 into drawing #2.
INFO(SPCOCN-1070): Checking drawing...
INFO(SPCOCN-1024): Drawing not written.
INFO(SPCOCN-1070): Checking drawing...
INFO(SPCOCN-1028): writing <tubii_tk2_lib>FAULT_DETECTION.SYM.1.1:
INFO(SPCOCN-1051): writing body file...
INFO(SPCOCN-1054): ...written
INFO(SPCOCN-1028): writing <tubii_tk2_lib>FAULT_DETECTION.SCH.1.1:
INFO(SPCOCN-1044): writing binary file...
INFO(SPCOCN-1049): writing ASCII file...
INFO(SPCOCN-1053): writing connectivity file...
INFO(SPCOCN-1054): ...written

CSDirect 16.6-p007 (v16-6-112F)

Netlisting block fault_detection

Processing page 1

WARNING(SPCOCN-1080): Block 'FAULT_DETECTION' Errors/Warnings found during save operation.  Load the following marker file:temp/fault_detection.mkr.
INFO(SPCOCN-1028): writing <tubii_tk2_lib>CHANGE_CLKS.SYM.1.1:
INFO(SPCOCN-1051): writing body file...
INFO(SPCOCN-1054): ...written
WARNING(SPCOCN-1080): Block 'CHANGE_CLKS' Errors/Warnings found during save operation.  Load the following marker file:temp/change_clks.mkr.
INFO(SPCOCN-1028): writing <tubii_tk2_lib>CLOCKS.SCH.1.1:
INFO(SPCOCN-1044): writing binary file...
INFO(SPCOCN-1049): writing ASCII file...
INFO(SPCOCN-1053): writing connectivity file...
INFO(SPCOCN-1054): ...written

CSDirect 16.6-p007 (v16-6-112F)

Netlisting block clocks

Processing page 1

INFO(SPCOCN-1640): writing occurrence data...
INFO(SPCOCN-1054): ...written
INFO(SPCOCN-1001): Component: I3 selected.
INFO(SPCOCN-1445): Reading CHANGE_CLKS.SCH.1.1 into drawing #2.
INFO(SPCOCN-1507): Adding version 1 of part INPORT from library standard
INFO(SPCOCN-1507): Adding version 1 of part INPORT from library standard
INFO(SPCOCN-1507): Adding version 1 of part INPORT from library standard
INFO(SPCOCN-1507): Adding version 1 of part OUTPORT from library standard
INFO(SPCOCN-1507): Adding version 1 of part OUTPORT from library standard
INFO(SPCOCN-1001): Component: I20 selected.
INFO(SPCOCN-1507): Adding version 1 of part OUTPORT from library standard
INFO(SPCOCN-1507): Adding version 1 of part OUTPORT from library standard
INFO(SPCOCN-1507): Adding version 1 of part OUTPORT from library standard
INFO(SPCOCN-1070): Checking drawing...
INFO(SPCOCN-1028): writing <tubii_tk2_lib>CHANGE_CLKS.SCH.1.1:
INFO(SPCOCN-1044): writing binary file...
INFO(SPCOCN-1049): writing ASCII file...
INFO(SPCOCN-1053): writing connectivity file...
INFO(SPCOCN-1054): ...written

CSDirect 16.6-p007 (v16-6-112F)

Netlisting block change_clks

Processing page 1

Following ports were added to the block 'change_clks' : 
		bckp_clk3_n
		bckp_clk3_p
		clk100_n
		clk100_p
		clk100_ttl
		missed_clk
The connectivity of parent blocks will be updated by saving the following pages:
		Block: clocks	Page: 1

INFO(SPCOCN-1028): writing <tubii_tk2_lib>clocks.SCH.1.1:
INFO(SPCOCN-1044): writing binary file...
INFO(SPCOCN-1049): writing ASCII file...
INFO(SPCOCN-1053): writing connectivity file...
INFO(SPCOCN-1054): ...written

CSDirect 16.6-p007 (v16-6-112F)

Netlisting block clocks

Processing page 1

WARNING(SPCOCN-2106): Errors and warnings were found while updating connectivity of pages due to port addition. 
Check the following markers file for errors and warnings:
temp/change_clks.sch_1.mkr


INFO(SPCOCN-1640): writing occurrence data...
INFO(SPCOCN-1054): ...written
INFO(SPCOCN-1445): Reading CLOCKS.SCH.1.1 into drawing #2.
INFO(SPCOCN-1001): Component: I3 selected.
INFO(SPCOCN-1854): The drawing CLOCKS.SCH.1.1
INFO(SPCOCN-578): will be retained as drawing #2.
INFO(SPCOCN-1445): Reading CHANGE_CLKS.SCH.1.1 into drawing #1.
INFO(SPCOCN-1443): CLOCKS.SCH.1.1 has been previously edited as drawing #2.
INFO(SPCOCN-1001): Component: I3 selected.
INFO(SPCOCN-1854): The drawing CLOCKS.SCH.1.1
INFO(SPCOCN-578): will be retained as drawing #2.
INFO(SPCOCN-1445): Reading CHANGE_CLKS.SCH.1.1 into drawing #1.
INFO(SPCOCN-1443): CLOCKS.SCH.1.1 has been previously edited as drawing #2.
INFO(SPCOCN-1507): Adding version 1 of part OUTPORT from library standard
INFO(SPCOCN-1507): Adding version 1 of part OUTPORT from library standard
INFO(SPCOCN-1507): Adding version 1 of part OUTPORT from library standard
INFO(SPCOCN-1507): Adding version 1 of part OUTPORT from library standard
INFO(SPCOCN-1001): Component: I1 selected.
INFO(SPCOCN-1001): Component: I1 selected.
INFO(SPCOCN-1001): Component: I1 selected.
INFO(SPCOCN-1854): The drawing CLOCKS.SCH.1.1
INFO(SPCOCN-578): will be retained as drawing #2.
INFO(SPCOCN-1445): Reading DEFAULT_CLK_SEL.SCH.1.1 into drawing #3.
INFO(SPCOCN-1443): CLOCKS.SCH.1.1 has been previously edited as drawing #2.
INFO(SPCOCN-1507): Adding version 1 of part INPORT from library standard
INFO(SPCOCN-1507): Adding version 1 of part INPORT from library standard
INFO(SPCOCN-1507): Adding version 1 of part INPORT from library standard
INFO(SPCOCN-1001): Component: I2 selected.
INFO(SPCOCN-1854): The drawing CLOCKS.SCH.1.1
INFO(SPCOCN-578): will be retained as drawing #2.
INFO(SPCOCN-1445): Reading FAULT_DETECTION.SCH.1.1 into drawing #3.
INFO(SPCOCN-1507): Adding version 1 of part INPORT from library standard
INFO(SPCOCN-1443): CLOCKS.SCH.1.1 has been previously edited as drawing #2.
INFO(SPCOCN-1070): Checking drawing...
INFO(SPCOCN-1028): writing <tubii_tk2_lib>CHANGE_CLKS.SYM.1.1:
INFO(SPCOCN-1051): writing body file...
INFO(SPCOCN-1054): ...written
INFO(SPCOCN-1640): writing occurrence data...
INFO(SPCOCN-1028): writing <tubii_tk2_lib>CHANGE_CLKS.SCH.1.1:
INFO(SPCOCN-1044): writing binary file...
INFO(SPCOCN-1049): writing ASCII file...
INFO(SPCOCN-1053): writing connectivity file...
INFO(SPCOCN-1054): ...written

CSDirect 16.6-p007 (v16-6-112F)

Netlisting block change_clks

Processing page 1

No netlisting errors found. 

INFO(SPCOCN-1054): ...written
INFO(SPCOCN-1070): Checking drawing...
WARNING(SPCOCN-1080): Block 'FAULT_DETECTION' Errors/Warnings found during save operation.  Load the following marker file:temp/fault_detection.mkr.
INFO(SPCOCN-1028): writing <tubii_tk2_lib>CLOCKS.SCH.1.1:
INFO(SPCOCN-1044): writing binary file...
INFO(SPCOCN-1049): writing ASCII file...
INFO(SPCOCN-1053): writing connectivity file...
INFO(SPCOCN-1054): ...written

CSDirect 16.6-p007 (v16-6-112F)

Netlisting block clocks

Processing page 1

Following ports were added to the block 'clocks' : 
		bckp_used
		clk100_n
		clk100_p
		clk100_ttl
		clk_sel
		reset
		tub_clk_in
The connectivity of parent blocks will be updated by saving the following pages:
		Block: tubii_pcb	Page: 1

INFO(SPCOCN-1028): writing <tubii_tk2_lib>clocks.SCH.1.1:
INFO(SPCOCN-1044): writing binary file...
INFO(SPCOCN-1049): writing ASCII file...
INFO(SPCOCN-1053): writing connectivity file...
INFO(SPCOCN-1054): ...written

CSDirect 16.6-p007 (v16-6-112F)

Netlisting block clocks

Processing page 1

INFO(SPCOCN-1028): writing <tubii_tk2_lib>tubii_pcb.SCH.1.1:
INFO(SPCOCN-1044): writing binary file...
INFO(SPCOCN-1049): writing ASCII file...
INFO(SPCOCN-1053): writing connectivity file...
INFO(SPCOCN-1054): ...written

CSDirect 16.6-p007 (v16-6-112F)

Netlisting block tubii_pcb

Processing page 1

No netlisting errors found. 

INFO(SPCOCN-1640): writing occurrence data...
INFO(SPCOCN-1054): ...written
INFO(SPCOCN-1070): Checking drawing...
INFO(SPCOCN-1028): writing <tubii_tk2_lib>FAULT_DETECTION.SCH.1.1:
INFO(SPCOCN-1044): writing binary file...
INFO(SPCOCN-1049): writing ASCII file...
INFO(SPCOCN-1053): writing connectivity file...
INFO(SPCOCN-1054): ...written

CSDirect 16.6-p007 (v16-6-112F)

Netlisting block fault_detection

Processing page 1

No netlisting errors found. 

Following ports were added to the block 'fault_detection' : 
		data_rdy
The connectivity of parent blocks will be updated by saving the following pages:
		Block: clocks	Page: 1

INFO(SPCOCN-1028): writing <tubii_tk2_lib>clocks.SCH.1.1:
INFO(SPCOCN-1044): writing binary file...
INFO(SPCOCN-1049): writing ASCII file...
INFO(SPCOCN-1053): writing connectivity file...
INFO(SPCOCN-1054): ...written

CSDirect 16.6-p007 (v16-6-112F)

Netlisting block clocks

Processing page 1

INFO(SPCOCN-1640): writing occurrence data...
INFO(SPCOCN-1054): ...written
INFO(SPCOCN-1019): Save All completed.
INFO(SPCOCN-1019): Save All completed.
INFO(SPCOCN-1445): Reading TUBII_PCB.SCH.1.1 into drawing #2.
INFO(SPCOCN-1001): Component: I2 selected.
INFO(SPCOCN-1001): Component: I2 selected.
INFO(SPCOCN-1001): Component: I2 selected.
INFO(SPCOCN-1854): The drawing TUBII_PCB.SCH.1.1
INFO(SPCOCN-578): will be retained as drawing #2.
INFO(SPCOCN-1445): Reading CLOCKS.SCH.1.1 into drawing #3.
INFO(SPCOCN-1001): Component: I1 selected.
INFO(SPCOCN-1445): Reading DEFAULT_CLK_SEL.SCH.1.1 into drawing #3.
INFO(SPCOCN-1854): The drawing DEFAULT_CLK_SEL.SCH.1.1
INFO(SPCOCN-578): will be retained as drawing #3.
INFO(SPCOCN-1445): Reading CLOCKS.SCH.1.1 into drawing #4.
INFO(SPCOCN-1001): Component: I2 selected.
INFO(SPCOCN-1001): Component: I2 selected.
INFO(SPCOCN-1001): Component: I2 selected.
INFO(SPCOCN-1445): Reading FAULT_DETECTION.SCH.1.1 into drawing #4.
INFO(SPCOCN-1001): Component: I1 selected.
INFO(SPCOCN-1445): Reading CLOCKS.SCH.1.1 into drawing #4.
INFO(SPCOCN-1001): Component: I3 selected.
INFO(SPCOCN-1001): Component: I3 selected.
INFO(SPCOCN-1001): Component: I3 selected.
INFO(SPCOCN-1445): Reading CHANGE_CLKS.SCH.1.1 into drawing #4.
WARNING(SPCOCN-1200): Using group A
INFO(SPCOCN-1195): Group "A" contains:   22 bodies   245 properties   1 notes   123 wires   14 dots   0 images
INFO(SPCOCN-1070): Checking drawing...
INFO(SPCOCN-1028): writing <tubii_tk2_lib>CHANGE_CLKS.SCH.1.1:
INFO(SPCOCN-1044): writing binary file...
INFO(SPCOCN-1049): writing ASCII file...
INFO(SPCOCN-1053): writing connectivity file...
INFO(SPCOCN-1054): ...written

CSDirect 16.6-p007 (v16-6-112F)

Netlisting block change_clks

Processing page 1

Following ports were added to the block 'change_clks' : 
		missed_clk
The connectivity of parent blocks will be updated by saving the following pages:
		Block: clocks	Page: 1

INFO(SPCOCN-1028): writing <tubii_tk2_lib>clocks.SCH.1.1:
INFO(SPCOCN-1044): writing binary file...
INFO(SPCOCN-1049): writing ASCII file...
INFO(SPCOCN-1053): writing connectivity file...
INFO(SPCOCN-1054): ...written

CSDirect 16.6-p007 (v16-6-112F)

Netlisting block clocks

Processing page 1

WARNING(SPCOCN-2106): Errors and warnings were found while updating connectivity of pages due to port addition. 
Check the following markers file for errors and warnings:
temp/change_clks.sch_1.mkr


INFO(SPCOCN-1640): writing occurrence data...
INFO(SPCOCN-1054): ...written
INFO(SPCOCN-1445): Reading CLOCKS.SCH.1.1 into drawing #4.
INFO(SPCOCN-1443): TUBII_PCB.SCH.1.1 has been previously edited as drawing #2.
INFO(SPCOCN-1001): Component: I5 selected.
INFO(SPCOCN-1001): Component: I5 selected.
INFO(SPCOCN-1001): Component: I5 selected.
INFO(SPCOCN-1854): The drawing TUBII_PCB.SCH.1.1
INFO(SPCOCN-578): will be retained as drawing #2.
INFO(SPCOCN-1445): Reading POWER.SCH.1.1 into drawing #4.
INFO(SPCOCN-1507): Adding version 1 of part OSTOQ047150 from library misc
INFO(SPCOCN-1507): Adding version 1 of part OSTOQ047150 from library misc
INFO(SPCOCN-1001): Component: I1 selected.
INFO(SPCOCN-1001): Component: I1 selected.
INFO(SPCOCN-1854): The drawing POWER.SCH.1.1
INFO(SPCOCN-578): will be retained as drawing #4.
INFO(SPCOCN-1445): Reading OSTOQ047150.SYM.1.1 into drawing #5.
INFO(SPCOCN-1070): Checking drawing...
INFO(SPCOCN-1028): writing <misc>OSTOQ047150.SYM.1.1:
INFO(SPCOCN-1051): writing body file...
INFO(SPCOCN-1054): ...written
No netlisting errors found. 

INFO(SPCOCN-1640): writing occurrence data...
INFO(SPCOCN-1054): ...written
INFO(SPCOCN-1443): POWER.SCH.1.1 has been previously edited as drawing #4.
INFO(SPCOCN-1507): Adding version 1 of part INDUCTOR_L from library misc
INFO(SPCOCN-1507): Adding version 1 of part INDUCTOR_L from library misc
INFO(SPCOCN-1507): Adding version 1 of part INDUCTOR_L from library misc
INFO(SPCOCN-1507): Adding version 1 of part INDUCTOR_L from library misc
INFO(SPCOCN-1507): Adding version 1 of part TANT0805 from library capacitors
INFO(SPCOCN-1507): Adding version 1 of part TANT0805 from library capacitors
INFO(SPCOCN-1507): Adding version 1 of part TANT0805 from library capacitors
INFO(SPCOCN-1507): Adding version 1 of part TESTPOINT_L from library misc
INFO(SPCOCN-1507): Adding version 1 of part RSMD0805 from library resistors
INFO(SPCOCN-1507): Adding version 1 of part LED_L from library misc
INFO(SPCOCN-1507): Adding version 1 of part LM1117 from library regulators
INFO(SPCOCN-1507): Adding version 1 of part LM337T_L from library regulators
INFO(SPCOCN-1507): Adding version 1 of part 7815S_L from library regulators
INFO(SPCOCN-1507): Adding version 1 of part 7915_L from library regulators
INFO(SPCOCN-1507): Adding version 1 of part 7915_L from library regulators
INFO(SPCOCN-1070): Checking drawing...
INFO(SPCOCN-1024): Drawing not written.
INFO(SPCOCN-1070): Checking drawing...
INFO(SPCOCN-1028): writing <tubii_tk2_lib>POWER.SCH.1.1:
INFO(SPCOCN-1044): writing binary file...
INFO(SPCOCN-1049): writing ASCII file...
INFO(SPCOCN-1053): writing connectivity file...
INFO(SPCOCN-1054): ...written

CSDirect 16.6-p007 (v16-6-112F)

Netlisting block power

Processing page 1

No netlisting errors found. 

INFO(SPCOCN-1640): writing occurrence data...
INFO(SPCOCN-1054): ...written
WARNING(SPCOCN-982): The operation could not be performed because no object on the drawing was selected.
ERROR(SPCOCN-1521): Specify a signal name before selecting point.
INFO(SPCOCN-1001): Component: I10 selected.
INFO(SPCOCN-1001): Component: I11 selected.
INFO(SPCOCN-1001): Component: I12 selected.
WARNING(SPCOCN-1455): Cutting a component/block from one schematic page and pasting it to another schematic page 
affects the packaging information of the design. If you paste the component/block 
on a different schematic page, you would need to regenerate the packaging information.
INFO(SPCOCN-1001): Component: I12 selected.
INFO(SPCOCN-1001): Component: I19 selected.
INFO(SPCOCN-1001): Component: I12 selected.
No part or text selected.

INFO(SPCOCN-1001): Component: I9 selected.
INFO(SPCOCN-1001): Component: I7 selected.
INFO(SPCOCN-1001): Component: I8 selected.
INFO(SPCOCN-1001): Component: I9 selected.
WARNING(SPCOCN-982): The operation could not be performed because no object on the drawing was selected.
No part or text selected.

INFO(SPCOCN-1001): Component: I11 selected.
INFO(SPCOCN-1001): Component: I12 selected.
WARNING(SPCOCN-982): The operation could not be performed because no object on the drawing was selected.
INFO(SPCOCN-1001): Component: I7 selected.
INFO(SPCOCN-1001): Component: I8 selected.
INFO(SPCOCN-1001): Component: I9 selected.
INFO(SPCOCN-1001): Component: I17 selected.
INFO(SPCOCN-1507): Adding version 1 of part RSMD0805 from library resistors
INFO(SPCOCN-1507): Adding version 1 of part RSMD0805 from library resistors
INFO(SPCOCN-1507): Adding version 1 of part RSMD0805 from library resistors
INFO(SPCOCN-1001): Component: I15 selected.
INFO(SPCOCN-1001): Component: I15 selected.
zoom down; 
INFO(SPCOCN-1001): Component: I8 selected.
INFO(SPCOCN-1001): Component: I8 selected.
INFO(SPCOCN-1001): Component: I32 selected.
INFO(SPCOCN-1001): Component: I17 selected.
INFO(SPCOCN-1001): Component: I5 selected.
INFO(SPCOCN-1507): Adding version 1 of part CSMD0805 from library capacitors
INFO(SPCOCN-1507): Adding version 1 of part CSMD0805 from library capacitors
INFO(SPCOCN-1001): Component: I35 selected.
INFO(SPCOCN-1001): Component: I36 selected.
INFO(SPCOCN-1001): Component: I34 selected.
INFO(SPCOCN-1001): Component: I19 selected.
INFO(SPCOCN-1001): Component: I18 selected.
INFO(SPCOCN-1000): Pin: I40.A selected.
INFO(SPCOCN-1001): Component: I41 selected.
INFO(SPCOCN-1001): Component: I41 selected.
INFO(SPCOCN-1001): Component: I41 selected.
INFO(SPCOCN-1001): Component: I42 selected.
INFO(SPCOCN-1001): Component: I45 selected.
INFO(SPCOCN-1001): Component: I41 selected.
INFO(SPCOCN-1001): Component: I42 selected.
INFO(SPCOCN-1001): Component: I47 selected.
WARNING(SPCOCN-982): The operation could not be performed because no object on the drawing was selected.
WARNING(SPCOCN-1200): Using group A
INFO(SPCOCN-1195): Group "A" contains:   46 bodies   607 properties   0 notes   144 wires   40 dots   0 images
INFO(SPCOCN-1070): Checking drawing...
INFO(SPCOCN-1028): writing <tubii_tk2_lib>POWER.SCH.1.1:
INFO(SPCOCN-1044): writing binary file...
INFO(SPCOCN-1049): writing ASCII file...
INFO(SPCOCN-1053): writing connectivity file...
INFO(SPCOCN-1054): ...written

CSDirect 16.6-p007 (v16-6-112F)

Netlisting block power

Processing page 1

No netlisting errors found. 

INFO(SPCOCN-1640): writing occurrence data...
INFO(SPCOCN-1054): ...written
INFO(SPCOCN-1070): Checking drawing...
INFO(SPCOCN-1028): writing <tubii_tk2_lib>CLOCKS.SYM.1.1:
INFO(SPCOCN-1051): writing body file...
INFO(SPCOCN-1054): ...written
INFO(SPCOCN-1640): writing occurrence data...
INFO(SPCOCN-1054): ...written
INFO(SPCOCN-1070): Checking drawing...
INFO(SPCOCN-1028): writing <tubii_tk2_lib>TUBII_PCB.SCH.1.1:
INFO(SPCOCN-1044): writing binary file...
INFO(SPCOCN-1049): writing ASCII file...
INFO(SPCOCN-1053): writing connectivity file...
INFO(SPCOCN-1054): ...written

CSDirect 16.6-p007 (v16-6-112F)

Netlisting block tubii_pcb

Processing page 1

No netlisting errors found. 

INFO(SPCOCN-1640): writing occurrence data...
INFO(SPCOCN-1054): ...written
INFO(SPCOCN-1070): Checking drawing...
INFO(SPCOCN-1028): writing <tubii_tk2_lib>DEFAULT_CLK_SEL.SCH.1.1:
INFO(SPCOCN-1044): writing binary file...
INFO(SPCOCN-1049): writing ASCII file...
INFO(SPCOCN-1053): writing connectivity file...
INFO(SPCOCN-1054): ...written

CSDirect 16.6-p007 (v16-6-112F)

Netlisting block default_clk_sel

Processing page 1

No netlisting errors found. 

INFO(SPCOCN-1640): writing occurrence data...
INFO(SPCOCN-1054): ...written
INFO(SPCOCN-1019): Save All completed.
INFO(SPCOCN-1019): Save All completed.
