Allegro Design Entry HDL 16.6-p007 (v16-6-112F) 10/10/2012
Copyright 2011 Cadence Design Systems, Inc

WARNING(SPCOCN-1474): You must specify a window that contains a drawing.
WARNING(SPCOCN-1474): You must specify a window that contains a drawing.
WARNING(SPCOCN-1474): You must specify a window that contains a drawing.
WARNING(SPCOCN-1474): You must specify a window that contains a drawing.
WARNING(SPCOCN-1474): You must specify a window that contains a drawing.
WARNING(SPCOCN-1474): You must specify a window that contains a drawing.
WARNING(SPCOCN-1474): You must specify a window that contains a drawing.
WARNING(SPCOCN-2040): Specify the command "page forcereset all" to reset logical page numbers of all pages of this block.
WARNING(SPCOCN-1523): Invalid set option: <search_history_count>
INFO(SPCOCN-1177): Unexpected text: <5>
WARNING(SPCOCN-1523): Invalid set option: <search_history>
INFO(SPCOCN-1177): Unexpected text: <DATA_RDY>
WARNING(SPCOCN-1523): Invalid set option: <search_toolbar_lookin>
INFO(SPCOCN-1177): Unexpected text: <PAGE>
WARNING(SPCOCN-1523): Invalid set option: <modify_quick_reset_filters>
INFO(SPCOCN-1177): Unexpected text: <OFF>
WARNING(SPCOCN-1523): Invalid set option: <hss_distribute_ports_count>
INFO(SPCOCN-1177): Unexpected text: <25>
WARNING(SPCOCN-1523): Invalid set option: <hss_distribute_port_pattern>
WARNING(SPCOCN-1523): Invalid set option: <hss_distribute_property_name>
WARNING(SPCOCN-1474): You must specify a window that contains a drawing.
WARNING(SPCOCN-1474): You must specify a window that contains a drawing.
WARNING(SPCOCN-1474): You must specify a window that contains a drawing.
WARNING(SPCOCN-1474): You must specify a window that contains a drawing.
WARNING(SPCOCN-1474): You must specify a window that contains a drawing.
WARNING(SPCOCN-1474): You must specify a window that contains a drawing.
INFO(SPCOCN-1737): Reading C:\Users\QGPWindowsVB\Documents\ANUSTART\cds.lib file.
WARNING(SPCOCN-1474): You must specify a window that contains a drawing.
INFO(SPCOCN-1445): Reading TUBII.SCH.1.1 into drawing #1.
INFO(SPCOCN-195): The following file will be used to identify the list of modules to be excluded: 'C:\Cadence\SPB_16.6\share\cdssetup\xmodules.dat'.
INFO(SPCOCN-1445): Reading TUBII.SCH.1.1 into drawing #1.
INFO(SPCOCN-1001): Component: I3 selected.
INFO(SPCOCN-1001): Component: I1 selected.
INFO(SPCOCN-1445): Reading TUBII_PCB.SCH.1.1 into drawing #1.
INFO(SPCOCN-1001): Component: I8 selected.
INFO(SPCOCN-1445): Reading CAEN_COMS.SCH.1.1 into drawing #1.
INFO(SPCOCN-1001): Component: I1 selected.
INFO(SPCOCN-1001): Component: I1 selected.
INFO(SPCOCN-1445): Reading CAEN_ANALOG_COMS.SCH.1.1 into drawing #1.
INFO(SPCOCN-1001): Component: I20 selected.
INFO(SPCOCN-1001): Component: I20 selected.
INFO(SPCOCN-1445): Reading CAEN_COMS.SCH.1.1 into drawing #1.
INFO(SPCOCN-1445): Reading TUBII_PCB.SCH.1.1 into drawing #1.
INFO(SPCOCN-1001): Component: I5 selected.
INFO(SPCOCN-1445): Reading POWER.SCH.1.1 into drawing #1.
INFO(SPCOCN-1445): Reading TUBII_PCB.SCH.1.1 into drawing #1.
INFO(SPCOCN-1001): Component: I8 selected.
INFO(SPCOCN-1001): Component: I8 selected.
INFO(SPCOCN-1445): Reading CAEN_COMS.SCH.1.1 into drawing #1.
INFO(SPCOCN-1001): Component: I2 selected.
INFO(SPCOCN-1001): Component: I1 selected.
INFO(SPCOCN-1445): Reading CAEN_ANALOG_COMS.SCH.1.1 into drawing #1.
INFO(SPCOCN-1001): Component: I58 selected.
INFO(SPCOCN-1001): Component: I58 selected.
INFO(SPCOCN-1443): VREF_GEN.SYM.1.1 has been previously edited as drawing #2.
INFO(SPCOCN-1070): Checking drawing...
INFO(SPCOCN-1028): writing <tubii_tk2_lib>VREF_GEN.SYM.1.1:
INFO(SPCOCN-1051): writing body file...
INFO(SPCOCN-1054): ...written
No netlisting errors found. 

INFO(SPCOCN-1640): writing occurrence data...
INFO(SPCOCN-1028): writing <tubii_tk2_lib>VREF_GEN.SCH.1.1:
INFO(SPCOCN-1044): writing binary file...
INFO(SPCOCN-1049): writing ASCII file...
INFO(SPCOCN-1053): writing connectivity file...
INFO(SPCOCN-1054): ...written

CSDirect 16.6-p007 (v16-6-112F)

Netlisting block vref_gen

Processing page 1

INFO(SPCOCN-1054): ...written
INFO(SPCOCN-1443): CAEN_ANALOG_COMS.SCH.1.1 has been previously edited as drawing #1.
INFO(SPCOCN-1001): Component: I58 selected.
INFO(SPCOCN-1854): The drawing CAEN_ANALOG_COMS.SCH.1.1
INFO(SPCOCN-578): will be retained as drawing #1.
INFO(SPCOCN-1445): Reading VREF_GEN.SCH.1.1 into drawing #2.
INFO(SPCOCN-1507): Adding version 1 of part PENN B SIZE PAGE from library misc
INFO(SPCOCN-1507): Adding version 1 of part REF02 from library misc
INFO(SPCOCN-1507): Adding version 1 of part OPA277 from library misc
INFO(SPCOCN-1507): Adding version 1 of part CSMD0805 from library capacitors
INFO(SPCOCN-1507): Adding version 1 of part CSMD0805 from library capacitors
INFO(SPCOCN-1507): Adding version 1 of part CSMD0805 from library capacitors
INFO(SPCOCN-1507): Adding version 1 of part CSMD0805 from library capacitors
INFO(SPCOCN-1507): Adding version 1 of part RSMD0805 from library resistors
ERROR(SPCOCN-1521): Specify a signal name before selecting point.
INFO(SPCOCN-1001): Component: I7 selected.
INFO(SPCOCN-1001): Component: I5 selected.
INFO(SPCOCN-1001): Component: I5 selected.
INFO(SPCOCN-1001): Component: I3 selected.
INFO(SPCOCN-1001): Component: I4 selected.
INFO(SPCOCN-1507): Adding version 1 of part CSMD0805 from library capacitors
INFO(SPCOCN-1507): Adding version 1 of part OFFPAGE from library standard
INFO(SPCOCN-1507): Adding version 1 of part RSMD0805 from library resistors
INFO(SPCOCN-1507): Adding version 1 of part RSMD0805 from library resistors
INFO(SPCOCN-1443): CAEN_ANALOG_COMS.SCH.1.1 has been previously edited as drawing #1.
INFO(SPCOCN-1001): Component: I5 selected.
INFO(SPCOCN-1854): The drawing CAEN_ANALOG_COMS.SCH.1.1
INFO(SPCOCN-578): will be retained as drawing #1.
INFO(SPCOCN-1445): Reading CAEN_BUFFER.SCH.1.1 into drawing #3.
INFO(SPCOCN-1443): CAEN_ANALOG_COMS.SCH.1.1 has been previously edited as drawing #1.
INFO(SPCOCN-1001): Component: I58 selected.
INFO(SPCOCN-1443): VREF_GEN.SCH.1.1 has been previously edited as drawing #2.
INFO(SPCOCN-1443): CAEN_ANALOG_COMS.SCH.1.1 has been previously edited as drawing #1.
INFO(SPCOCN-1001): Component: I5 selected.
INFO(SPCOCN-1854): The drawing CAEN_ANALOG_COMS.SCH.1.1
INFO(SPCOCN-578): will be retained as drawing #1.
INFO(SPCOCN-1445): Reading CAEN_BUFFER.SCH.1.1 into drawing #3.
INFO(SPCOCN-1443): CAEN_ANALOG_COMS.SCH.1.1 has been previously edited as drawing #1.
INFO(SPCOCN-1001): Component: I58 selected.
INFO(SPCOCN-1443): VREF_GEN.SCH.1.1 has been previously edited as drawing #2.
INFO(SPCOCN-1070): Checking drawing...
INFO(SPCOCN-1028): writing <tubii_tk2_lib>CAEN_ANALOG_COMS.SCH.1.1:
INFO(SPCOCN-1044): writing binary file...
INFO(SPCOCN-1049): writing ASCII file...
INFO(SPCOCN-1053): writing connectivity file...
INFO(SPCOCN-1054): ...written

CSDirect 16.6-p007 (v16-6-112F)

Netlisting block caen_analog_coms

Processing page 1

No netlisting errors found. 

INFO(SPCOCN-1640): writing occurrence data...
INFO(SPCOCN-1054): ...written
INFO(SPCOCN-1070): Checking drawing...
INFO(SPCOCN-1028): writing <tubii_tk2_lib>VREF_GEN.SCH.1.1:
INFO(SPCOCN-1044): writing binary file...
INFO(SPCOCN-1049): writing ASCII file...
INFO(SPCOCN-1053): writing connectivity file...
INFO(SPCOCN-1054): ...written

CSDirect 16.6-p007 (v16-6-112F)

Netlisting block vref_gen

Processing page 1

No netlisting errors found. 

Following ports were added to the block 'vref_gen' : 
		vref5m
The connectivity of parent blocks will be updated by saving the following pages:
		Block: caen_analog_coms	Page: 1

INFO(SPCOCN-1028): writing <tubii_tk2_lib>caen_analog_coms.SCH.1.1:
INFO(SPCOCN-1044): writing binary file...
INFO(SPCOCN-1049): writing ASCII file...
INFO(SPCOCN-1053): writing connectivity file...
INFO(SPCOCN-1054): ...written

CSDirect 16.6-p007 (v16-6-112F)

Netlisting block caen_analog_coms

Processing page 1

No netlisting errors found. 

INFO(SPCOCN-1640): writing occurrence data...
INFO(SPCOCN-1054): ...written
INFO(SPCOCN-1019): Save All completed.
INFO(SPCOCN-1019): Save All completed.
