FILE_TYPE=LIBRARY_PARTS;
primitive 'CAP_L';
  pin
    'B'<0>:
      PIN_NUMBER='(1)';
      PINUSE='UNSPEC';
      PIN_GROUP='1';
      NO_LOAD_CHECK='Both';
      UNKNOWN_LOADING='TRUE';
    'A'<0>:
      PIN_NUMBER='(2)';
      PINUSE='UNSPEC';
      PIN_GROUP='1';
      NO_LOAD_CHECK='Both';
      UNKNOWN_LOADING='TRUE';
  end_pin;
  body
    PART_NAME='CAP_L';
    ALT_SYMBOLS='(CAP1206,TANTALUM_B,TANTALUM_D)';
    PATH='1P';
    DRAWING='ELEMENTCHIPS.LOGIC.1.1';
    PRIM_TYPE='CHIPS_PRT';
    PRIM_FILE='/modeler/build/awbged/element/capacitor/chips_prt';
    VER='1';
    XY='(1400,2400)';
    DIR='ELEMENT.LIB';
    ROT='0';
    PINCOUNT='2';
    SIZE='1';
    BODY_NAME='CAP_L';
    JEDEC_TYPE='CAP805';
    PHYS_DES_PREFIX='C';
    CLASS='DISCRETE';
  end_body;
end_primitive;

primitive 'CAP_L_TANT';
  pin
    'A'<0>:
      PIN_NUMBER='(2)';
      PINUSE='UNSPEC';
      PIN_GROUP='1';
      NO_LOAD_CHECK='BOTH';
      UNKNOWN_LOADING='TRUE';
    'B'<0>:
      PIN_NUMBER='(1)';
      PINUSE='UNSPEC';
      PIN_GROUP='1';
      NO_LOAD_CHECK='BOTH';
      UNKNOWN_LOADING='TRUE';
  end_pin;
  body
    PATH='1P';
    DRAWING='ELEMENTCHIPS.LOGIC.1.1';
    PRIM_TYPE='CHIPS_PRT';
    PRIM_FILE='/modeler/build/awbged/element/capacitor/chips_prt';
    VER='1';
    XY='(1400,2400)';
    DIR='ELEMENT.LIB';
    ROT='0';
    PINCOUNT='2';
    SIZE='1';
    ALT_SYMBOLS='(TANTALUM_D)';
    PART_NAME='CAP_L';
    BODY_NAME='CAP_L';
    JEDEC_TYPE='TANTALUM_B';
    PHYS_DES_PREFIX='C';
    CLASS='DISCRETE';
  end_body;
end_primitive;

primitive 'CAP_L_1206';
  pin
    'A'<0>:
      PIN_NUMBER='(2)';
      PINUSE='UNSPEC';
      PIN_GROUP='1';
      NO_LOAD_CHECK='BOTH';
      UNKNOWN_LOADING='TRUE';
    'B'<0>:
      PIN_NUMBER='(1)';
      PINUSE='UNSPEC';
      PIN_GROUP='1';
      NO_LOAD_CHECK='BOTH';
      UNKNOWN_LOADING='TRUE';
  end_pin;
  body
    PATH='1P';
    DRAWING='ELEMENTCHIPS.LOGIC.1.1';
    PRIM_TYPE='CHIPS_PRT';
    PRIM_FILE='/modeler/build/awbged/element/capacitor/chips_prt';
    VER='1';
    XY='(1400,2400)';
    DIR='ELEMENT.LIB';
    ROT='0';
    PINCOUNT='2';
    SIZE='1';
    PART_NAME='CAP_L';
    BODY_NAME='CAP_L';
    JEDEC_TYPE='CAP1206';
    PHYS_DES_PREFIX='C';
    CLASS='DISCRETE';
  end_body;
end_primitive;

primitive 'CAP_L_BYPASS';
  pin
    'A'<0>:
      PIN_NUMBER='(2)';
      PINUSE='UNSPEC';
      PIN_GROUP='1';
      NO_LOAD_CHECK='BOTH';
      UNKNOWN_LOADING='TRUE';
    'B'<0>:
      PIN_NUMBER='(1)';
      PINUSE='UNSPEC';
      PIN_GROUP='1';
      NO_LOAD_CHECK='BOTH';
      UNKNOWN_LOADING='TRUE';
  end_pin;
  body
    PATH='1P';
    DRAWING='ELEMENTCHIPS.LOGIC.1.1';
    PRIM_TYPE='CHIPS_PRT';
    PRIM_FILE='/modeler/build/awbged/element/capacitor/chips_prt';
    VER='1';
    XY='(1400,2400)';
    DIR='ELEMENT.LIB';
    ROT='0';
    PINCOUNT='2';
    SIZE='1';
    ALT_SYMBOLS='(CAP1206BP,TANTALUM_B,TANTALUM_D)';
    PART_NAME='CAP_L';
    BODY_NAME='CAP_L';
    JEDEC_TYPE='CAP805BP';
    PHYS_DES_PREFIX='CB';
    CLASS='DISCRETE';
  end_body;
end_primitive;

primitive 'CAP_L_BP5M';
  pin
    'A'<0>:
      PIN_NUMBER='(2)';
      PINUSE='UNSPEC';
      PIN_GROUP='1';
      NO_LOAD_CHECK='BOTH';
      UNKNOWN_LOADING='TRUE';
    'B'<0>:
      PIN_NUMBER='(1)';
      PINUSE='UNSPEC';
      PIN_GROUP='1';
      NO_LOAD_CHECK='BOTH';
      UNKNOWN_LOADING='TRUE';
  end_pin;
  body
    PATH='1P';
    DRAWING='ELEMENTCHIPS.LOGIC.1.1';
    PRIM_TYPE='CHIPS_PRT';
    PRIM_FILE='/modeler/build/awbged/element/capacitor/chips_prt';
    VER='1';
    XY='(1400,2400)';
    DIR='ELEMENT.LIB';
    ROT='0';
    PINCOUNT='2';
    SIZE='1';
    ALT_SYMBOLS='(CAP1206BP,TANTALUM_B,TANTALUM_D)';
    PART_NAME='CAP_L';
    BODY_NAME='CAP_L';
    JEDEC_TYPE='CAP805BP';
    PHYS_DES_PREFIX='CB5M';
    CLASS='DISCRETE';
  end_body;
end_primitive;

primitive 'CAP_L_BP24P';
  pin
    'A'<0>:
      PIN_NUMBER='(2)';
      PINUSE='UNSPEC';
      PIN_GROUP='1';
      NO_LOAD_CHECK='BOTH';
      UNKNOWN_LOADING='TRUE';
    'B'<0>:
      PIN_NUMBER='(1)';
      PINUSE='UNSPEC';
      PIN_GROUP='1';
      NO_LOAD_CHECK='BOTH';
      UNKNOWN_LOADING='TRUE';
  end_pin;
  body
    PATH='1P';
    DRAWING='ELEMENTCHIPS.LOGIC.1.1';
    PRIM_TYPE='CHIPS_PRT';
    PRIM_FILE='/modeler/build/awbged/element/capacitor/chips_prt';
    VER='1';
    XY='(1400,2400)';
    DIR='ELEMENT.LIB';
    ROT='0';
    PINCOUNT='2';
    SIZE='1';
    ALT_SYMBOLS='(CAP1206BP,TANTALUM_B,TANTALUM_D)';
    PART_NAME='CAP_L';
    BODY_NAME='CAP_L';
    JEDEC_TYPE='CAP805BP';
    PHYS_DES_PREFIX='CB24P';
    CLASS='DISCRETE';
  end_body;
end_primitive;

primitive 'CAP_L_BP24M';
  pin
    'A'<0>:
      PIN_NUMBER='(2)';
      PINUSE='UNSPEC';
      PIN_GROUP='1';
      NO_LOAD_CHECK='BOTH';
      UNKNOWN_LOADING='TRUE';
    'B'<0>:
      PIN_NUMBER='(1)';
      PINUSE='UNSPEC';
      PIN_GROUP='1';
      NO_LOAD_CHECK='BOTH';
      UNKNOWN_LOADING='TRUE';
  end_pin;
  body
    PATH='1P';
    DRAWING='ELEMENTCHIPS.LOGIC.1.1';
    PRIM_TYPE='CHIPS_PRT';
    PRIM_FILE='/modeler/build/awbged/element/capacitor/chips_prt';
    VER='1';
    XY='(1400,2400)';
    DIR='ELEMENT.LIB';
    ROT='0';
    PINCOUNT='2';
    SIZE='1';
    ALT_SYMBOLS='(CAP1206BP,TANTALUM_B,TANTALUM_D)';
    PART_NAME='CAP_L';
    BODY_NAME='CAP_L';
    JEDEC_TYPE='CAP805BP';
    PHYS_DES_PREFIX='CB24M';
    CLASS='DISCRETE';
  end_body;
end_primitive;

primitive 'CAP_L_BP15P';
  pin
    'A'<0>:
      PIN_NUMBER='(2)';
      PINUSE='UNSPEC';
      PIN_GROUP='1';
      NO_LOAD_CHECK='BOTH';
      UNKNOWN_LOADING='TRUE';
    'B'<0>:
      PIN_NUMBER='(1)';
      PINUSE='UNSPEC';
      PIN_GROUP='1';
      NO_LOAD_CHECK='BOTH';
      UNKNOWN_LOADING='TRUE';
  end_pin;
  body
    PATH='1P';
    DRAWING='ELEMENTCHIPS.LOGIC.1.1';
    PRIM_TYPE='CHIPS_PRT';
    PRIM_FILE='/modeler/build/awbged/element/capacitor/chips_prt';
    VER='1';
    XY='(1400,2400)';
    DIR='ELEMENT.LIB';
    ROT='0';
    PINCOUNT='2';
    SIZE='1';
    ALT_SYMBOLS='(CAP1206BP,TANTALUM_B,TANTALUM_D)';
    PART_NAME='CAP_L';
    BODY_NAME='CAP_L';
    JEDEC_TYPE='CAP805BP';
    PHYS_DES_PREFIX='CB15P';
    CLASS='DISCRETE';
  end_body;
end_primitive;

primitive 'CAP_L_BP15M';
  pin
    'A'<0>:
      PIN_NUMBER='(2)';
      PINUSE='UNSPEC';
      PIN_GROUP='1';
      NO_LOAD_CHECK='BOTH';
      UNKNOWN_LOADING='TRUE';
    'B'<0>:
      PIN_NUMBER='(1)';
      PINUSE='UNSPEC';
      PIN_GROUP='1';
      NO_LOAD_CHECK='BOTH';
      UNKNOWN_LOADING='TRUE';
  end_pin;
  body
    PATH='1P';
    DRAWING='ELEMENTCHIPS.LOGIC.1.1';
    PRIM_TYPE='CHIPS_PRT';
    PRIM_FILE='/modeler/build/awbged/element/capacitor/chips_prt';
    VER='1';
    XY='(1400,2400)';
    DIR='ELEMENT.LIB';
    ROT='0';
    PINCOUNT='2';
    SIZE='1';
    ALT_SYMBOLS='(CAP1206BP,TANTALUM_B,TANTALUM_D)';
    PART_NAME='CAP_L';
    BODY_NAME='CAP_L';
    JEDEC_TYPE='CAP805BP';
    PHYS_DES_PREFIX='CB15M';
    CLASS='DISCRETE';
  end_body;
end_primitive;

primitive 'CAP_L_BP8P';
  pin
    'A'<0>:
      PIN_NUMBER='(2)';
      PINUSE='UNSPEC';
      PIN_GROUP='1';
      NO_LOAD_CHECK='BOTH';
      UNKNOWN_LOADING='TRUE';
    'B'<0>:
      PIN_NUMBER='(1)';
      PINUSE='UNSPEC';
      PIN_GROUP='1';
      NO_LOAD_CHECK='BOTH';
      UNKNOWN_LOADING='TRUE';
  end_pin;
  body
    PATH='1P';
    DRAWING='ELEMENTCHIPS.LOGIC.1.1';
    PRIM_TYPE='CHIPS_PRT';
    PRIM_FILE='/modeler/build/awbged/element/capacitor/chips_prt';
    VER='1';
    XY='(1400,2400)';
    DIR='ELEMENT.LIB';
    ROT='0';
    PINCOUNT='2';
    SIZE='1';
    ALT_SYMBOLS='(CAP1206BP,TANTALUM_B,TANTALUM_D)';
    PART_NAME='CAP_L';
    BODY_NAME='CAP_L';
    JEDEC_TYPE='CAP805BP';
    PHYS_DES_PREFIX='CB8P';
    CLASS='DISCRETE';
  end_body;
end_primitive;

primitive 'CAP_L_BP8M';
  pin
    'A'<0>:
      PIN_NUMBER='(2)';
      PINUSE='UNSPEC';
      PIN_GROUP='1';
      NO_LOAD_CHECK='BOTH';
      UNKNOWN_LOADING='TRUE';
    'B'<0>:
      PIN_NUMBER='(1)';
      PINUSE='UNSPEC';
      PIN_GROUP='1';
      NO_LOAD_CHECK='BOTH';
      UNKNOWN_LOADING='TRUE';
  end_pin;
  body
    PATH='1P';
    DRAWING='ELEMENTCHIPS.LOGIC.1.1';
    PRIM_TYPE='CHIPS_PRT';
    PRIM_FILE='/modeler/build/awbged/element/capacitor/chips_prt';
    VER='1';
    XY='(1400,2400)';
    DIR='ELEMENT.LIB';
    ROT='0';
    PINCOUNT='2';
    SIZE='1';
    ALT_SYMBOLS='(CAP1206BP,TANTALUM_B,TANTALUM_D)';
    PART_NAME='CAP_L';
    BODY_NAME='CAP_L';
    JEDEC_TYPE='CAP805BP';
    PHYS_DES_PREFIX='CB8M';
    CLASS='DISCRETE';
  end_body;
end_primitive;

primitive 'CAP_L_BP4P';
  pin
    'A'<0>:
      PIN_NUMBER='(2)';
      PINUSE='UNSPEC';
      PIN_GROUP='1';
      NO_LOAD_CHECK='BOTH';
      UNKNOWN_LOADING='TRUE';
    'B'<0>:
      PIN_NUMBER='(1)';
      PINUSE='UNSPEC';
      PIN_GROUP='1';
      NO_LOAD_CHECK='BOTH';
      UNKNOWN_LOADING='TRUE';
  end_pin;
  body
    PATH='1P';
    DRAWING='ELEMENTCHIPS.LOGIC.1.1';
    PRIM_TYPE='CHIPS_PRT';
    PRIM_FILE='/modeler/build/awbged/element/capacitor/chips_prt';
    VER='1';
    XY='(1400,2400)';
    DIR='ELEMENT.LIB';
    ROT='0';
    PINCOUNT='2';
    SIZE='1';
    ALT_SYMBOLS='(CAP1206BP,TANTALUM_B,TANTALUM_D)';
    PART_NAME='CAP_L';
    BODY_NAME='CAP_L';
    JEDEC_TYPE='CAP805BP';
    PHYS_DES_PREFIX='CB4P';
    CLASS='DISCRETE';
  end_body;
end_primitive;

primitive 'CAP_L_BP3P';
  pin
    'A'<0>:
      PIN_NUMBER='(2)';
      PINUSE='UNSPEC';
      PIN_GROUP='1';
      NO_LOAD_CHECK='BOTH';
      UNKNOWN_LOADING='TRUE';
    'B'<0>:
      PIN_NUMBER='(1)';
      PINUSE='UNSPEC';
      PIN_GROUP='1';
      NO_LOAD_CHECK='BOTH';
      UNKNOWN_LOADING='TRUE';
  end_pin;
  body
    PATH='1P';
    DRAWING='ELEMENTCHIPS.LOGIC.1.1';
    PRIM_TYPE='CHIPS_PRT';
    PRIM_FILE='/modeler/build/awbged/element/capacitor/chips_prt';
    VER='1';
    XY='(1400,2400)';
    DIR='ELEMENT.LIB';
    ROT='0';
    PINCOUNT='2';
    SIZE='1';
    ALT_SYMBOLS='(CAP1206BP,TANTALUM_B,TANTALUM_D)';
    PART_NAME='CAP_L';
    BODY_NAME='CAP_L';
    JEDEC_TYPE='CAP805BP';
    PHYS_DES_PREFIX='CB3P';
    CLASS='DISCRETE';
  end_body;
end_primitive;

primitive 'CAP_L_BP3M';
  pin
    'A'<0>:
      PIN_NUMBER='(2)';
      PINUSE='UNSPEC';
      PIN_GROUP='1';
      NO_LOAD_CHECK='BOTH';
      UNKNOWN_LOADING='TRUE';
    'B'<0>:
      PIN_NUMBER='(1)';
      PINUSE='UNSPEC';
      PIN_GROUP='1';
      NO_LOAD_CHECK='BOTH';
      UNKNOWN_LOADING='TRUE';
  end_pin;
  body
    PATH='1P';
    DRAWING='ELEMENTCHIPS.LOGIC.1.1';
    PRIM_TYPE='CHIPS_PRT';
    PRIM_FILE='/modeler/build/awbged/element/capacitor/chips_prt';
    VER='1';
    XY='(1400,2400)';
    DIR='ELEMENT.LIB';
    ROT='0';
    PINCOUNT='2';
    SIZE='1';
    ALT_SYMBOLS='(CAP1206BP,TANTALUM_B,TANTALUM_D)';
    PART_NAME='CAP_L';
    BODY_NAME='CAP_L';
    JEDEC_TYPE='CAP805BP';
    PHYS_DES_PREFIX='CB3M';
    CLASS='DISCRETE';
  end_body;
end_primitive;

primitive 'CAP_L_BP2M';
  pin
    'A'<0>:
      PIN_NUMBER='(2)';
      PINUSE='UNSPEC';
      PIN_GROUP='1';
      NO_LOAD_CHECK='BOTH';
      UNKNOWN_LOADING='TRUE';
    'B'<0>:
      PIN_NUMBER='(1)';
      PINUSE='UNSPEC';
      PIN_GROUP='1';
      NO_LOAD_CHECK='BOTH';
      UNKNOWN_LOADING='TRUE';
  end_pin;
  body
    PATH='1P';
    DRAWING='ELEMENTCHIPS.LOGIC.1.1';
    PRIM_TYPE='CHIPS_PRT';
    PRIM_FILE='/modeler/build/awbged/element/capacitor/chips_prt';
    VER='1';
    XY='(1400,2400)';
    DIR='ELEMENT.LIB';
    ROT='0';
    PINCOUNT='2';
    SIZE='1';
    ALT_SYMBOLS='(CAP1206BP,TANTALUM_B,TANTALUM_D)';
    PART_NAME='CAP_L';
    BODY_NAME='CAP_L';
    JEDEC_TYPE='CAP805BP';
    PHYS_DES_PREFIX='CB2M';
    CLASS='DISCRETE';
  end_body;
end_primitive;

primitive 'CAP_L_BPR2M';
  pin
    'A'<0>:
      PIN_NUMBER='(2)';
      PINUSE='UNSPEC';
      PIN_GROUP='1';
      NO_LOAD_CHECK='BOTH';
      UNKNOWN_LOADING='TRUE';
    'B'<0>:
      PIN_NUMBER='(1)';
      PINUSE='UNSPEC';
      PIN_GROUP='1';
      NO_LOAD_CHECK='BOTH';
      UNKNOWN_LOADING='TRUE';
  end_pin;
  body
    PATH='1P';
    DRAWING='ELEMENTCHIPS.LOGIC.1.1';
    PRIM_TYPE='CHIPS_PRT';
    PRIM_FILE='/modeler/build/awbged/element/capacitor/chips_prt';
    VER='1';
    XY='(1400,2400)';
    DIR='ELEMENT.LIB';
    ROT='0';
    PINCOUNT='2';
    SIZE='1';
    ALT_SYMBOLS='(CAP1206BP,TANTALUM_B,TANTALUM_D)';
    PART_NAME='CAP_L';
    BODY_NAME='CAP_L';
    JEDEC_TYPE='CAP805BP';
    PHYS_DES_PREFIX='CBR2M';
    CLASS='DISCRETE';
  end_body;
end_primitive;

primitive 'CAP_L_BPR08P';
  pin
    'A'<0>:
      PIN_NUMBER='(2)';
      PINUSE='UNSPEC';
      PIN_GROUP='1';
      NO_LOAD_CHECK='BOTH';
      UNKNOWN_LOADING='TRUE';
    'B'<0>:
      PIN_NUMBER='(1)';
      PINUSE='UNSPEC';
      PIN_GROUP='1';
      NO_LOAD_CHECK='BOTH';
      UNKNOWN_LOADING='TRUE';
  end_pin;
  body
    PATH='1P';
    DRAWING='ELEMENTCHIPS.LOGIC.1.1';
    PRIM_TYPE='CHIPS_PRT';
    PRIM_FILE='/modeler/build/awbged/element/capacitor/chips_prt';
    VER='1';
    XY='(1400,2400)';
    DIR='ELEMENT.LIB';
    ROT='0';
    PINCOUNT='2';
    SIZE='1';
    ALT_SYMBOLS='(CAP1206BP,TANTALUM_B,TANTALUM_D)';
    PART_NAME='CAP_L';
    BODY_NAME='CAP_L';
    JEDEC_TYPE='CAP805BP';
    PHYS_DES_PREFIX='CBR08P';
    CLASS='DISCRETE';
  end_body;
end_primitive;

primitive 'CAP_L_BPR1P';
  pin
    'A'<0>:
      PIN_NUMBER='(2)';
      PINUSE='UNSPEC';
      PIN_GROUP='1';
      NO_LOAD_CHECK='BOTH';
      UNKNOWN_LOADING='TRUE';
    'B'<0>:
      PIN_NUMBER='(1)';
      PINUSE='UNSPEC';
      PIN_GROUP='1';
      NO_LOAD_CHECK='BOTH';
      UNKNOWN_LOADING='TRUE';
  end_pin;
  body
    PATH='1P';
    DRAWING='ELEMENTCHIPS.LOGIC.1.1';
    PRIM_TYPE='CHIPS_PRT';
    PRIM_FILE='/modeler/build/awbged/element/capacitor/chips_prt';
    VER='1';
    XY='(1400,2400)';
    DIR='ELEMENT.LIB';
    ROT='0';
    PINCOUNT='2';
    SIZE='1';
    ALT_SYMBOLS='(CAP1206BP,TANTALUM_B,TANTALUM_D)';
    PART_NAME='CAP_L';
    BODY_NAME='CAP_L';
    JEDEC_TYPE='CAP805BP';
    PHYS_DES_PREFIX='CBR1P';
    CLASS='DISCRETE';
  end_body;
end_primitive;

primitive 'CAP_L_BPR1M';
  pin
    'A'<0>:
      PIN_NUMBER='(2)';
      PINUSE='UNSPEC';
      PIN_GROUP='1';
      NO_LOAD_CHECK='BOTH';
      UNKNOWN_LOADING='TRUE';
    'B'<0>:
      PIN_NUMBER='(1)';
      PINUSE='UNSPEC';
      PIN_GROUP='1';
      NO_LOAD_CHECK='BOTH';
      UNKNOWN_LOADING='TRUE';
  end_pin;
  body
    PATH='1P';
    DRAWING='ELEMENTCHIPS.LOGIC.1.1';
    PRIM_TYPE='CHIPS_PRT';
    PRIM_FILE='/modeler/build/awbged/element/capacitor/chips_prt';
    VER='1';
    XY='(1400,2400)';
    DIR='ELEMENT.LIB';
    ROT='0';
    PINCOUNT='2';
    SIZE='1';
    ALT_SYMBOLS='(CAP1206BP,TANTALUM_B,TANTALUM_D)';
    PART_NAME='CAP_L';
    BODY_NAME='CAP_L';
    JEDEC_TYPE='CAP805BP';
    PHYS_DES_PREFIX='CBR1M';
    CLASS='DISCRETE';
  end_body;
end_primitive;

primitive 'CAP_L_BPR5P';
  pin
    'A'<0>:
      PIN_NUMBER='(2)';
      PINUSE='UNSPEC';
      PIN_GROUP='1';
      NO_LOAD_CHECK='BOTH';
      UNKNOWN_LOADING='TRUE';
    'B'<0>:
      PIN_NUMBER='(1)';
      PINUSE='UNSPEC';
      PIN_GROUP='1';
      NO_LOAD_CHECK='BOTH';
      UNKNOWN_LOADING='TRUE';
  end_pin;
  body
    PATH='1P';
    DRAWING='ELEMENTCHIPS.LOGIC.1.1';
    PRIM_TYPE='CHIPS_PRT';
    PRIM_FILE='/modeler/build/awbged/element/capacitor/chips_prt';
    VER='1';
    XY='(1400,2400)';
    DIR='ELEMENT.LIB';
    ROT='0';
    PINCOUNT='2';
    SIZE='1';
    ALT_SYMBOLS='(CAP1206BP,TANTALUM_B,TANTALUM_D)';
    PART_NAME='CAP_L';
    BODY_NAME='CAP_L';
    JEDEC_TYPE='CAP805BP';
    PHYS_DES_PREFIX='CBR5P';
    CLASS='DISCRETE';
  end_body;
end_primitive;

primitive 'CAP_L_BPR4P';
  pin
    'A'<0>:
      PIN_NUMBER='(2)';
      PINUSE='UNSPEC';
      PIN_GROUP='1';
      NO_LOAD_CHECK='BOTH';
      UNKNOWN_LOADING='TRUE';
    'B'<0>:
      PIN_NUMBER='(1)';
      PINUSE='UNSPEC';
      PIN_GROUP='1';
      NO_LOAD_CHECK='BOTH';
      UNKNOWN_LOADING='TRUE';
  end_pin;
  body
    PATH='1P';
    DRAWING='ELEMENTCHIPS.LOGIC.1.1';
    PRIM_TYPE='CHIPS_PRT';
    PRIM_FILE='/modeler/build/awbged/element/capacitor/chips_prt';
    VER='1';
    XY='(1400,2400)';
    DIR='ELEMENT.LIB';
    ROT='0';
    PINCOUNT='2';
    SIZE='1';
    ALT_SYMBOLS='(CAP1206BP,TANTALUM_B,TANTALUM_D)';
    PART_NAME='CAP_L';
    BODY_NAME='CAP_L';
    JEDEC_TYPE='CAP805BP';
    PHYS_DES_PREFIX='CBR4P';
    CLASS='DISCRETE';
  end_body;
end_primitive;

primitive 'CAP_L_BP6P';
  pin
    'A'<0>:
      PIN_NUMBER='(2)';
      PINUSE='UNSPEC';
      PIN_GROUP='1';
      NO_LOAD_CHECK='BOTH';
      UNKNOWN_LOADING='TRUE';
    'B'<0>:
      PIN_NUMBER='(1)';
      PINUSE='UNSPEC';
      PIN_GROUP='1';
      NO_LOAD_CHECK='BOTH';
      UNKNOWN_LOADING='TRUE';
  end_pin;
  body
    PATH='1P';
    DRAWING='ELEMENTCHIPS.LOGIC.1.1';
    PRIM_TYPE='CHIPS_PRT';
    PRIM_FILE='/modeler/build/awbged/element/capacitor/chips_prt';
    VER='1';
    XY='(1400,2400)';
    DIR='ELEMENT.LIB';
    ROT='0';
    PINCOUNT='2';
    SIZE='1';
    ALT_SYMBOLS='(CAP1206BP,TANTALUM_B,TANTALUM_D)';
    PART_NAME='CAP_L';
    BODY_NAME='CAP_L';
    JEDEC_TYPE='CAP805BP';
    PHYS_DES_PREFIX='CB6P';
    CLASS='DISCRETE';
  end_body;
end_primitive;

END.
