FILE_TYPE=LIBRARY_PARTS;
primitive '10104';
  pin
    'D0':
      PIN_NUMBER='(4)';
      INPUT_LOAD='(-0.010000,0.010000)';
    'D1':
      PIN_NUMBER='(5)';
      INPUT_LOAD='(-0.010000,0.010000)';
    'D2':
      PIN_NUMBER='(6)';
      INPUT_LOAD='(-0.010000,0.010000)';
    'D3':
      PIN_NUMBER='(7)';
      INPUT_LOAD='(-0.010000,0.010000)';
    'D4':
      PIN_NUMBER='(10)';
      INPUT_LOAD='(-0.010000,0.010000)';
    'D5':
      PIN_NUMBER='(11)';
      INPUT_LOAD='(-0.010000,0.010000)';
    'D6':
      PIN_NUMBER='(12)';
      INPUT_LOAD='(-0.010000,0.010000)';
    'D7':
      PIN_NUMBER='(13)';
      INPUT_LOAD='(-0.010000,0.010000)';
    'Q0':
      PIN_NUMBER='(2)';
      OUTPUT_LOAD='(-1.000000,1.000000)';
    'Q1':
      PIN_NUMBER='(3)';
      OUTPUT_LOAD='(-1.000000,1.000000)';
    'Q2':
      PIN_NUMBER='(14)';
      OUTPUT_LOAD='(-1.000000,1.000000)';
    'Q3':
      PIN_NUMBER='(15)';
      OUTPUT_LOAD='(-1.000000,1.000000)';
    '-|Q|3':
      PIN_NUMBER='(9)';
      OUTPUT_LOAD='(-1.000000,1.000000)';
  end_pin;
  body
    PART_NAME='10104';
    BODY_NAME='10104';
    JEDEC_TYPE='DIP.100/16/W.300/L.900';
    PHYS_DES_PREFIX='U';
    CLASS='IC';
    POWER_PINS='(VCC:1,16)';
    POWER_PINS='(VEE:8)';
  end_body;
end_primitive;

END.
