FILE_TYPE=LIBRARY_PARTS;
primitive 'MC10H116';
  pin
    'D1':
      PIN_NUMBER='(7)';
      INPUT_LOAD='(-0.01,0.01)';
    'D2':
      PIN_NUMBER='(13)';
      INPUT_LOAD='(-0.01,0.01)';
    'D3':
      PIN_NUMBER='(17)';
      INPUT_LOAD='(-0.01,0.01)';
    '-D1':
      PIN_NUMBER='(5)';
      INPUT_LOAD='(-0.01,0.01)';
      DIFF_PAIR_PINS_NEG='dp_d1';
    '-D2':
      PIN_NUMBER='(12)';
      INPUT_LOAD='(-0.01,0.01)';
      DIFF_PAIR_PINS_NEG='dp_d2';
    '-D3':
      PIN_NUMBER='(15)';
      INPUT_LOAD='(-0.01,0.01)';
      DIFF_PAIR_PINS_NEG='dp_d3';
    'Q1':
      PIN_NUMBER='(4)';
      OUTPUT_LOAD='(1.0,-1.0)';
    'Q2':
      PIN_NUMBER='(9)';
      OUTPUT_LOAD='(1.0,-1.0)';
    'Q3':
      PIN_NUMBER='(19)';
      OUTPUT_LOAD='(1.0,-1.0)';
    '-Q1':
      PIN_NUMBER='(3)';
      OUTPUT_LOAD='(1.0,-1.0)';
      DIFF_PAIR_PINS_NEG='dp_q1';
    '-Q2':
      PIN_NUMBER='(8)';
      OUTPUT_LOAD='(1.0,-1.0)';
      DIFF_PAIR_PINS_NEG='dp_q2';
    '-Q3':
      PIN_NUMBER='(18)';
      OUTPUT_LOAD='(1.0,-1.0)';
      DIFF_PAIR_PINS_NEG='dp_q3';
    'VBB':
      PIN_NUMBER='(14)';
      OUTPUT_LOAD='(1.0,-1.0)';
    'VEE':
      PIN_NUMBER='(10)';
      PINUSE='POWER';
      NO_LOAD_CHECK='Both';
      NO_IO_CHECK='Both';
      NO_ASSERT_CHECK='TRUE';
      NO_DIR_CHECK='TRUE';
      ALLOW_CONNECT='TRUE';
    'GND1':
      PIN_NUMBER='(2)';
      PINUSE='GROUND';
      NO_LOAD_CHECK='Both';
      NO_IO_CHECK='Both';
      NO_ASSERT_CHECK='TRUE';
      NO_DIR_CHECK='TRUE';
      ALLOW_CONNECT='TRUE';
    'GND2':
      PIN_NUMBER='(20)';
      PINUSE='GROUND';
      NO_LOAD_CHECK='Both';
      NO_IO_CHECK='Both';
      NO_ASSERT_CHECK='TRUE';
      NO_DIR_CHECK='TRUE';
      ALLOW_CONNECT='TRUE';
  end_pin;
  body
    PART_NAME='MC10H116';
    BODY_NAME='MC10H116';
    JEDEC_TYPE='plcc20';
    PHYS_DES_PREFIX='U';
    CLASS='IC';
    NC_PINS='(1,6,11,16)';
  end_body;
end_primitive;

END.
