
Processing drawing @tubii_tk2_lib.tubii(sch_1):page1_i1@tubii_tk2_lib.tubii_pcb(sch_1):page1


Processing drawing @tubii_tk2_lib.tubii(sch_1):page1_i1@tubii_tk2_lib.tubii_pcb(sch_1):page1_i1@tubii_tk2_lib.microzed_module(sch_1):page1


Processing drawing @tubii_tk2_lib.tubii(sch_1):page1_i1@tubii_tk2_lib.tubii_pcb(sch_1):page1_i2@tubii_tk2_lib.clocks(sch_1):page1


Processing drawing @tubii_tk2_lib.tubii(sch_1):page1_i1@tubii_tk2_lib.tubii_pcb(sch_1):page1_i2@tubii_tk2_lib.clocks(sch_1):page1_i1@tubii_tk2_lib.default_clk_sel(sch_1):page1


Processing drawing @tubii_tk2_lib.tubii(sch_1):page1_i1@tubii_tk2_lib.tubii_pcb(sch_1):page1_i2@tubii_tk2_lib.clocks(sch_1):page1_i2@tubii_tk2_lib.fault_detection(sch_1):page1


Processing drawing @tubii_tk2_lib.tubii(sch_1):page1_i1@tubii_tk2_lib.tubii_pcb(sch_1):page1_i2@tubii_tk2_lib.clocks(sch_1):page1_i3@tubii_tk2_lib.change_clks(sch_1):page1


Processing drawing @tubii_tk2_lib.tubii(sch_1):page1_i1@tubii_tk2_lib.tubii_pcb(sch_1):page1_i4@tubii_tk2_lib.general_utilities(sch_1):page1_i1@tubii_tk2_lib.pulse_inverter(sch_1):page1


Processing drawing @tubii_tk2_lib.tubii(sch_1):page1_i1@tubii_tk2_lib.tubii_pcb(sch_1):page1_i4@tubii_tk2_lib.general_utilities(sch_1):page1_i2@tubii_tk2_lib.ribbon_delay(sch_1):page1


Processing drawing @tubii_tk2_lib.tubii(sch_1):page1_i1@tubii_tk2_lib.tubii_pcb(sch_1):page1_i4@tubii_tk2_lib.general_utilities(sch_1):page1_i5@tubii_tk2_lib.generic_delays(sch_1):page1


Processing drawing @tubii_tk2_lib.tubii(sch_1):page1_i1@tubii_tk2_lib.tubii_pcb(sch_1):page1_i4@tubii_tk2_lib.general_utilities(sch_1):page1_i20@tubii_tk2_lib.ecl_translation(sch_1):page1


Processing drawing @tubii_tk2_lib.tubii(sch_1):page1_i1@tubii_tk2_lib.tubii_pcb(sch_1):page1_i5@tubii_tk2_lib.power(sch_1):page1


Processing drawing @tubii_tk2_lib.tubii(sch_1):page1_i1@tubii_tk2_lib.tubii_pcb(sch_1):page1_i6@tubii_tk2_lib.ecal_control(sch_1):page1


Processing drawing @tubii_tk2_lib.tubii(sch_1):page1_i1@tubii_tk2_lib.tubii_pcb(sch_1):page1_i8@tubii_tk2_lib.caen_coms(sch_1):page1_i1@tubii_tk2_lib.caen_analog_coms(sch_1):page1


Processing drawing @tubii_tk2_lib.tubii(sch_1):page1_i1@tubii_tk2_lib.tubii_pcb(sch_1):page1_i8@tubii_tk2_lib.caen_coms(sch_1):page1_i2@tubii_tk2_lib.caen_dig_coms(sch_1):page1


Processing drawing @tubii_tk2_lib.tubii(sch_1):page1_i1@tubii_tk2_lib.tubii_pcb(sch_1):page1_i9@tubii_tk2_lib.ellie_coms(sch_1):page1


Processing drawing @tubii_tk2_lib.tubii(sch_1):page1_i1@tubii_tk2_lib.tubii_pcb(sch_1):page1_i10@tubii_tk2_lib.cntrl_register(sch_1):page1


Processing drawing @tubii_tk2_lib.tubii(sch_1):page1_i1@tubii_tk2_lib.tubii_pcb(sch_1):page1_i11@tubii_tk2_lib.tubii_spkr(sch_1):page1


Processing drawing @tubii_tk2_lib.tubii(sch_1):page1_i1@tubii_tk2_lib.tubii_pcb(sch_1):page1_i12@tubii_tk2_lib.baseline_buffer(sch_1):page1


Processing drawing @tubii_tk2_lib.tubii(sch_1):page1_i1@tubii_tk2_lib.tubii_pcb(sch_1):page1_i13@tubii_tk2_lib.lo_gen(sch_1):page1


Processing drawing @tubii_tk2_lib.tubii(sch_1):page1_i1@tubii_tk2_lib.tubii_pcb(sch_1):page1_i13@tubii_tk2_lib.lo_gen(sch_1):page1_i1@tubii_tk2_lib.gt_delays(sch_1):page1


Processing drawing @tubii_tk2_lib.tubii(sch_1):page1_i1@tubii_tk2_lib.tubii_pcb(sch_1):page1_i13@tubii_tk2_lib.lo_gen(sch_1):page1_i2@tubii_tk2_lib.select_lo_src(sch_1):page1


Processing drawing @tubii_tk2_lib.tubii(sch_1):page1_i1@tubii_tk2_lib.tubii_pcb(sch_1):page1_i3@tubii_tk2_lib.mtca_mimic(sch_1):page1


Processing drawing @tubii_tk2_lib.tubii(sch_1):page1_i1@tubii_tk2_lib.tubii_pcb(sch_1):page1_i3@tubii_tk2_lib.mtca_mimic(sch_1):page1_i16@tubii_tk2_lib.trigger_logic(sch_1):page1


Processing drawing @tubii_tk2_lib.tubii(sch_1):page1_i1@tubii_tk2_lib.tubii_pcb(sch_1):page1_i70@tubii_tk2_lib.ext_trigs(sch_1):page1


Processing drawing @tubii_tk2_lib.tubii(sch_1):page1_i2@tubii_tk2_lib.front_ports(sch_1):page1_i21@tubii_tk2_lib.translation_ports(sch_1):page1


Processing drawing @tubii_tk2_lib.tubii(sch_1):page1_i2@tubii_tk2_lib.front_ports(sch_1):page1_i36@tubii_tk2_lib.mtca_mimic_ports(sch_1):page1


Processing drawing @tubii_tk2_lib.tubii(sch_1):page1_i2@tubii_tk2_lib.front_ports(sch_1):page1_i43@tubii_tk2_lib.ellie_ports(sch_1):page1


Processing drawing @tubii_tk2_lib.tubii(sch_1):page1_i2@tubii_tk2_lib.front_ports(sch_1):page1_i50@tubii_tk2_lib.clock_ports(sch_1):page1


Processing drawing @tubii_tk2_lib.tubii(sch_1):page1_i2@tubii_tk2_lib.front_ports(sch_1):page1_i54@tubii_tk2_lib.time_bus_ports(sch_1):page1


Processing drawing @tubii_tk2_lib.tubii(sch_1):page1_i2@tubii_tk2_lib.front_ports(sch_1):page1_i61@tubii_tk2_lib.general_utilities_ports(sch_1):page1


Processing drawing @tubii_tk2_lib.tubii(sch_1):page1_i2@tubii_tk2_lib.front_ports(sch_1):page1_i71@tubii_tk2_lib.caen_ports(sch_1):page1_i1@tubii_tk2_lib.caen_digital_ports(sch_1):page1


Processing drawing @tubii_tk2_lib.tubii(sch_1):page1_i2@tubii_tk2_lib.front_ports(sch_1):page1_i71@tubii_tk2_lib.caen_ports(sch_1):page1_i2@tubii_tk2_lib.caen_analog_ports(sch_1):page1


Processing drawing @tubii_tk2_lib.tubii(sch_1):page1_i2@tubii_tk2_lib.front_ports(sch_1):page1_i80@tubii_tk2_lib.scaler_ports(sch_1):page1


Processing drawing @tubii_tk2_lib.tubii(sch_1):page1_i2@tubii_tk2_lib.front_ports(sch_1):page1_i82@tubii_tk2_lib.ext_trig_ports(sch_1):page1


Processing drawing @tubii_tk2_lib.tubii(sch_1):page1_i2@tubii_tk2_lib.front_ports(sch_1):page1_i87@tubii_tk2_lib.gt_delays_ports(sch_1):page1

