---------------------------------------------------------
Design: pstcmdb
	Changing: DESIGN_UNITS to "2,1" from "2,2"
---------------------------------------------------------
Create Layer: SURFACE_INDEX_0
	Adding: CDS_LAYER_TYPE value "SURFACE"
	Adding: CDS_LAYER_MATERIAL value "AIR"
	Adding: CDS_LAYER_THICKNESS value "0.0"
	Adding: CDS_LAYER_ELECTRICAL_CONDUCTIVITY value "0.0000"
	Adding: CDS_LAYER_THERMAL_CONDUCTIVITY value "0.0000"
	Adding: CDS_LAYER_DIELECTRIC_CONSTANT value "1.000"
	Adding: CDS_LAYER_LOSS_TANGENT value "0.0000"
	Adding: CDS_LAYER_NEGATIVE_ARTWORK value "FALSE"
	Adding: CDS_LAYER_IS_SHIELD value "FALSE"
---------------------------------------------------------
Create Layer: TOP
	Adding: CDS_LAYER_TYPE value "CONDUCTOR"
	Adding: CDS_LAYER_MATERIAL value "COPPER"
	Adding: CDS_LAYER_THICKNESS value "1.2"
	Adding: CDS_LAYER_ELECTRICAL_CONDUCTIVITY value "595900"
	Adding: CDS_LAYER_THERMAL_CONDUCTIVITY value "0.0000"
	Adding: CDS_LAYER_DIELECTRIC_CONSTANT value "4.500"
	Adding: CDS_LAYER_LOSS_TANGENT value "0.0000"
	Adding: CDS_LAYER_NEGATIVE_ARTWORK value "FALSE"
	Adding: CDS_LAYER_IS_SHIELD value "FALSE"
	Adding: CDS_LAYER_IS_NAMED value "1"
	Adding: CDS_LAYER_IS_TOP_SUBSTRATE value "1"
	Adding: CDS_LAYER_ETCH_FACTOR value "90.00"
	Adding: CDS_LAYER_EMBEDDED_STATUS value "NOT_EMBEDDED"
---------------------------------------------------------
Create Layer: DIELECTRIC_BELOW_TOP
	Adding: CDS_LAYER_TYPE value "DIELECTRIC"
	Adding: CDS_LAYER_MATERIAL value "FR-4"
	Adding: CDS_LAYER_THICKNESS value "8.0"
	Adding: CDS_LAYER_ELECTRICAL_CONDUCTIVITY value "0.0000"
	Adding: CDS_LAYER_THERMAL_CONDUCTIVITY value "0.0000"
	Adding: CDS_LAYER_DIELECTRIC_CONSTANT value "4.500"
	Adding: CDS_LAYER_LOSS_TANGENT value "0.03500"
	Adding: CDS_LAYER_NEGATIVE_ARTWORK value "FALSE"
	Adding: CDS_LAYER_IS_SHIELD value "FALSE"
---------------------------------------------------------
Create Layer: GND_TOP
	Adding: CDS_LAYER_TYPE value "PLANE"
	Adding: CDS_LAYER_MATERIAL value "COPPER"
	Adding: CDS_LAYER_THICKNESS value "1.2"
	Adding: CDS_LAYER_ELECTRICAL_CONDUCTIVITY value "595900"
	Adding: CDS_LAYER_THERMAL_CONDUCTIVITY value "0.0000"
	Adding: CDS_LAYER_DIELECTRIC_CONSTANT value "4.500"
	Adding: CDS_LAYER_LOSS_TANGENT value "0.03500"
	Adding: CDS_LAYER_NEGATIVE_ARTWORK value "FALSE"
	Adding: CDS_LAYER_IS_SHIELD value "TRUE"
	Adding: CDS_LAYER_IS_NAMED value "1"
	Adding: CDS_LAYER_ETCH_FACTOR value "90.00"
	Adding: CDS_LAYER_EMBEDDED_STATUS value "NOT_EMBEDDED"
---------------------------------------------------------
Create Layer: DIELECTRIC_BELOW_GND_TOP
	Adding: CDS_LAYER_TYPE value "DIELECTRIC"
	Adding: CDS_LAYER_MATERIAL value "FR-4"
	Adding: CDS_LAYER_THICKNESS value "8.0"
	Adding: CDS_LAYER_ELECTRICAL_CONDUCTIVITY value "0.0000"
	Adding: CDS_LAYER_THERMAL_CONDUCTIVITY value "0.0000"
	Adding: CDS_LAYER_DIELECTRIC_CONSTANT value "4.500"
	Adding: CDS_LAYER_LOSS_TANGENT value "0.03500"
	Adding: CDS_LAYER_NEGATIVE_ARTWORK value "FALSE"
	Adding: CDS_LAYER_IS_SHIELD value "FALSE"
---------------------------------------------------------
Create Layer: VTT
	Adding: CDS_LAYER_TYPE value "PLANE"
	Adding: CDS_LAYER_MATERIAL value "COPPER"
	Adding: CDS_LAYER_THICKNESS value "1.2"
	Adding: CDS_LAYER_ELECTRICAL_CONDUCTIVITY value "595900"
	Adding: CDS_LAYER_THERMAL_CONDUCTIVITY value "0.0000"
	Adding: CDS_LAYER_DIELECTRIC_CONSTANT value "4.500"
	Adding: CDS_LAYER_LOSS_TANGENT value "0.03500"
	Adding: CDS_LAYER_NEGATIVE_ARTWORK value "FALSE"
	Adding: CDS_LAYER_IS_SHIELD value "TRUE"
	Adding: CDS_LAYER_IS_NAMED value "1"
	Adding: CDS_LAYER_ETCH_FACTOR value "90.00"
	Adding: CDS_LAYER_EMBEDDED_STATUS value "NOT_EMBEDDED"
---------------------------------------------------------
Create Layer: DIELECTRIC_BELOW_VTT
	Adding: CDS_LAYER_TYPE value "DIELECTRIC"
	Adding: CDS_LAYER_MATERIAL value "FR-4"
	Adding: CDS_LAYER_THICKNESS value "8.0"
	Adding: CDS_LAYER_ELECTRICAL_CONDUCTIVITY value "0.0000"
	Adding: CDS_LAYER_THERMAL_CONDUCTIVITY value "0.0000"
	Adding: CDS_LAYER_DIELECTRIC_CONSTANT value "4.500"
	Adding: CDS_LAYER_LOSS_TANGENT value "0.03500"
	Adding: CDS_LAYER_NEGATIVE_ARTWORK value "FALSE"
	Adding: CDS_LAYER_IS_SHIELD value "FALSE"
---------------------------------------------------------
Create Layer: VEE
	Adding: CDS_LAYER_TYPE value "PLANE"
	Adding: CDS_LAYER_MATERIAL value "COPPER"
	Adding: CDS_LAYER_THICKNESS value "1.2"
	Adding: CDS_LAYER_ELECTRICAL_CONDUCTIVITY value "595900"
	Adding: CDS_LAYER_THERMAL_CONDUCTIVITY value "0.0000"
	Adding: CDS_LAYER_DIELECTRIC_CONSTANT value "4.500"
	Adding: CDS_LAYER_LOSS_TANGENT value "0.03500"
	Adding: CDS_LAYER_NEGATIVE_ARTWORK value "FALSE"
	Adding: CDS_LAYER_IS_SHIELD value "TRUE"
	Adding: CDS_LAYER_IS_NAMED value "1"
	Adding: CDS_LAYER_ETCH_FACTOR value "90.00"
	Adding: CDS_LAYER_EMBEDDED_STATUS value "NOT_EMBEDDED"
---------------------------------------------------------
Create Layer: DIELECTRIC_BELOW_VEE
	Adding: CDS_LAYER_TYPE value "DIELECTRIC"
	Adding: CDS_LAYER_MATERIAL value "FR-4"
	Adding: CDS_LAYER_THICKNESS value "8.0"
	Adding: CDS_LAYER_ELECTRICAL_CONDUCTIVITY value "0.0000"
	Adding: CDS_LAYER_THERMAL_CONDUCTIVITY value "0.0000"
	Adding: CDS_LAYER_DIELECTRIC_CONSTANT value "4.500"
	Adding: CDS_LAYER_LOSS_TANGENT value "0.03500"
	Adding: CDS_LAYER_NEGATIVE_ARTWORK value "FALSE"
	Adding: CDS_LAYER_IS_SHIELD value "FALSE"
---------------------------------------------------------
Create Layer: VCC
	Adding: CDS_LAYER_TYPE value "PLANE"
	Adding: CDS_LAYER_MATERIAL value "COPPER"
	Adding: CDS_LAYER_THICKNESS value "1.2"
	Adding: CDS_LAYER_ELECTRICAL_CONDUCTIVITY value "595900"
	Adding: CDS_LAYER_THERMAL_CONDUCTIVITY value "0.0000"
	Adding: CDS_LAYER_DIELECTRIC_CONSTANT value "4.500"
	Adding: CDS_LAYER_LOSS_TANGENT value "0.03500"
	Adding: CDS_LAYER_NEGATIVE_ARTWORK value "FALSE"
	Adding: CDS_LAYER_IS_SHIELD value "TRUE"
	Adding: CDS_LAYER_IS_NAMED value "1"
	Adding: CDS_LAYER_ETCH_FACTOR value "90.00"
	Adding: CDS_LAYER_EMBEDDED_STATUS value "NOT_EMBEDDED"
---------------------------------------------------------
Create Layer: DIELECTRIC_BELOW_VCC
	Adding: CDS_LAYER_TYPE value "DIELECTRIC"
	Adding: CDS_LAYER_MATERIAL value "FR-4"
	Adding: CDS_LAYER_THICKNESS value "8.0"
	Adding: CDS_LAYER_ELECTRICAL_CONDUCTIVITY value "0.0000"
	Adding: CDS_LAYER_THERMAL_CONDUCTIVITY value "0.0000"
	Adding: CDS_LAYER_DIELECTRIC_CONSTANT value "4.500"
	Adding: CDS_LAYER_LOSS_TANGENT value "0.03500"
	Adding: CDS_LAYER_NEGATIVE_ARTWORK value "FALSE"
	Adding: CDS_LAYER_IS_SHIELD value "FALSE"
---------------------------------------------------------
Create Layer: GND_BOT
	Adding: CDS_LAYER_TYPE value "PLANE"
	Adding: CDS_LAYER_MATERIAL value "COPPER"
	Adding: CDS_LAYER_THICKNESS value "1.2"
	Adding: CDS_LAYER_ELECTRICAL_CONDUCTIVITY value "595900"
	Adding: CDS_LAYER_THERMAL_CONDUCTIVITY value "0.0000"
	Adding: CDS_LAYER_DIELECTRIC_CONSTANT value "4.500"
	Adding: CDS_LAYER_LOSS_TANGENT value "0.03500"
	Adding: CDS_LAYER_NEGATIVE_ARTWORK value "FALSE"
	Adding: CDS_LAYER_IS_SHIELD value "TRUE"
	Adding: CDS_LAYER_IS_NAMED value "1"
	Adding: CDS_LAYER_ETCH_FACTOR value "90.00"
	Adding: CDS_LAYER_EMBEDDED_STATUS value "NOT_EMBEDDED"
---------------------------------------------------------
Create Layer: DIELECTRIC_BELOW_GND_BOT
	Adding: CDS_LAYER_TYPE value "DIELECTRIC"
	Adding: CDS_LAYER_MATERIAL value "FR-4"
	Adding: CDS_LAYER_THICKNESS value "8.0"
	Adding: CDS_LAYER_ELECTRICAL_CONDUCTIVITY value "0.0000"
	Adding: CDS_LAYER_THERMAL_CONDUCTIVITY value "0.0000"
	Adding: CDS_LAYER_DIELECTRIC_CONSTANT value "4.500"
	Adding: CDS_LAYER_LOSS_TANGENT value "0.03500"
	Adding: CDS_LAYER_NEGATIVE_ARTWORK value "FALSE"
	Adding: CDS_LAYER_IS_SHIELD value "FALSE"
---------------------------------------------------------
Create Layer: BOTTOM
	Adding: CDS_LAYER_TYPE value "CONDUCTOR"
	Adding: CDS_LAYER_MATERIAL value "COPPER"
	Adding: CDS_LAYER_THICKNESS value "1.2"
	Adding: CDS_LAYER_ELECTRICAL_CONDUCTIVITY value "595900"
	Adding: CDS_LAYER_THERMAL_CONDUCTIVITY value "0.0000"
	Adding: CDS_LAYER_DIELECTRIC_CONSTANT value "4.500"
	Adding: CDS_LAYER_LOSS_TANGENT value "0.0000"
	Adding: CDS_LAYER_NEGATIVE_ARTWORK value "FALSE"
	Adding: CDS_LAYER_IS_SHIELD value "FALSE"
	Adding: CDS_LAYER_IS_NAMED value "1"
	Adding: CDS_LAYER_IS_BOTTOM_SUBSTRATE value "1"
	Adding: CDS_LAYER_ETCH_FACTOR value "90.00"
	Adding: CDS_LAYER_EMBEDDED_STATUS value "NOT_EMBEDDED"
---------------------------------------------------------
Create Layer: SURFACE_BELOW_BOTTOM
	Adding: CDS_LAYER_TYPE value "SURFACE"
	Adding: CDS_LAYER_MATERIAL value "AIR"
	Adding: CDS_LAYER_THICKNESS value "0.0"
	Adding: CDS_LAYER_ELECTRICAL_CONDUCTIVITY value "0.0000"
	Adding: CDS_LAYER_THERMAL_CONDUCTIVITY value "0.0000"
	Adding: CDS_LAYER_DIELECTRIC_CONSTANT value "1.000"
	Adding: CDS_LAYER_LOSS_TANGENT value "0.0000"
	Adding: CDS_LAYER_NEGATIVE_ARTWORK value "FALSE"
	Adding: CDS_LAYER_IS_SHIELD value "FALSE"
---------------------------------------------------------
Design: pstcmdb
	Adding: DRAWING_EXTENTS value "21000.0,17000.0"
	Adding: DRAWING_LOWER_LEFT value "0.0,0.0"
	Adding: PhysicalCSet association value "DEFAULT"
	Adding: SpacingCSet association value "DEFAULT"
	Adding: SameNetSpacingCSet association value "DEFAULT"
---------------------------------------------------------
Create DiffPair: DP_LVDSTOECL
	Adding: Net association value "UNNAMED_1_FRONTPORTS_I2_LVDSTOE"
	Adding: Net association value "UNNAMED_1_FRONTPORTS_I2_LVDST_1"
---------------------------------------------------------
Create DiffPair: DP_ECLTOLVDS
	Adding: Net association value "UNNAMED_1_FRONTPORTS_I2_ECLTO_1"
	Adding: Net association value "UNNAMED_1_FRONTPORTS_I2_ECLTO_2"
---------------------------------------------------------
Create DiffPair: UNNAMED_1_FRONTPORTS_I2_DGT
	Adding: SpacingCSet association value "SCSDIFFPAIR"
	Adding: Net association value "UNNAMED_1_FRONTPORTS_I2_DGTN"
	Adding: Net association value "UNNAMED_1_FRONTPORTS_I2_DGTP"
---------------------------------------------------------
Create DiffPair: DP_FUZZD_CLK
	Adding: Net association value "FUZZD_CLK_N"
	Adding: Net association value "FUZZD_CLK_P"
---------------------------------------------------------
Create DiffPair: DP_CLK_SEL_ECL
	Adding: Net association value "CLK_SEL_ECL_N"
	Adding: Net association value "CLK_SEL_ECL_P"
---------------------------------------------------------
Create DiffPair: DP_FOX_CLK_LVPECL
	Adding: Net association value "FOX_CLK_LVPECL_N"
	Adding: Net association value "FOX_CLK_LVPECL_P"
---------------------------------------------------------
Create DiffPair: ECAL_ACTIVE_ECL
	Adding: Net association value "ECAL_ACTIVE_ECL_N"
	Adding: Net association value "ECAL_ACTIVE_ECL_P"
---------------------------------------------------------
Create DiffPair: LO_SEL_ECL
	Adding: Net association value "LO_SEL_ECL_N"
	Adding: Net association value "LO_SEL_ECL_P"
---------------------------------------------------------
DiffPair: DP_UNNAMED_1_CSMD0603_I10_B
	Adding: Net association value "UNNAMED_1_FRONTPORTS_I2_SMELLIE"
	Not deleting: Net association value "UNNAMED_1_FRONTPORTS_I2_TELLIED"
	Not deleting: Net association value "UNNAMED_1_FRONTPORTS_I2_TELLIED"
---------------------------------------------------------
Create DiffPair: DP_UNNAMED_1_CSMD0805_I64_B
	Adding: Net association value "UNNAMED_1_CSMD0805_I64_B"
	Adding: Net association value "UNNAMED_1_CSMD0805_I70_B"
---------------------------------------------------------
DiffPair: DP_UNNAMED_1_DEFAULTCLKSEL_I1_DEFAULTCLK
	Adding: Net association value "UNNAMED_1_DEFAULTCLKSEL_I1_BCKP"
	Not deleting: Net association value "UNNAMED_1_DEFAULTCLKSEL_I1_DEFA"
	Not deleting: Net association value "UNNAMED_1_DEFAULTCLKSEL_I1_DEFA"
---------------------------------------------------------
DiffPair: DP_UNNAMED_1_FRONTPORTS_I2_MTCDLO
	Adding: Net association value "UNNAMED_1_FRONTPORTS_I2_MTCDLO"
	Not deleting: Net association value "LO_STAR_RAW"
	Not deleting: Net association value "LO_STAR_RAW"
---------------------------------------------------------
DiffPair: DP_UNNAMED_1_CSMD0603_I55_A
	Adding: Net association value "UNNAMED_1_FRONTPORTS_I2_EXTT<4>"
	Not deleting: Net association value "UNNAMED_1_FRONTPORTS_I2_EXTT<7>"
	Not deleting: Net association value "UNNAMED_1_FRONTPORTS_I2_EXTT<7>"
---------------------------------------------------------
DiffPair: DP_UNNAMED_1_CSMD0603_I54_B
	Adding: Net association value "UNNAMED_1_FRONTPORTS_I2_EXTT<0>"
	Not deleting: Net association value "UNNAMED_1_FRONTPORTS_I2_EXTT<3>"
	Not deleting: Net association value "UNNAMED_1_FRONTPORTS_I2_EXTT<3>"
---------------------------------------------------------
Create DiffPair: DP_UNNAMED_1_FRONTPORTS_I2_ECLTOLVDSIN
	Adding: Net association value "VBB_TRANS"
	Adding: Net association value "UNNAMED_1_FRONTPORTS_I2_ECLTOLV"
---------------------------------------------------------
Bus: COUNT_DATA_ECL
	Not deleting: Net association value "COUNT_DATA_ECL"
---------------------------------------------------------
Bus: UNNAMED_1_FRONTPORTS_I2_EXTTRIG
	Not deleting: Net association value "ext_trig_in<0>"
	Not deleting: Net association value "ext_trig_in<1>"
	Not deleting: Net association value "ext_trig_in<2>"
	Not deleting: Net association value "ext_trig_in<3>"
---------------------------------------------------------
Net: UNNAMED_1_FRONTPORTS_I2_ECLTO_1
	Adding: SpacingCSet association value "SCSDIFFPAIR"
---------------------------------------------------------
Net: UNNAMED_1_FRONTPORTS_I2_ECLTO_2
	Adding: SpacingCSet association value "SCSDIFFPAIR"
---------------------------------------------------------
Net: UNNAMED_1_FRONTPORTS_I2_DGTN
	Adding: SpacingCSet association value "SCSDIFFPAIR"
---------------------------------------------------------
Net: UNNAMED_1_FRONTPORTS_I2_DGTP
	Adding: SpacingCSet association value "SCSDIFFPAIR"
---------------------------------------------------------
Net: VTT
	Adding: VOLTAGE value "-2 V"
---------------------------------------------------------
Net: VEE
	Adding: VOLTAGE value "-5.2 V"
---------------------------------------------------------
Net: VCC
	Adding: VOLTAGE value "5 V"
	Adding: WEIGHT value "0"
---------------------------------------------------------
Net: GND
	Adding: VOLTAGE value "0 V"
	Adding: WEIGHT value "0"
---------------------------------------------------------
Create PhysicalCSet: DEFAULT
	Adding: DIFFP_PRIMARY_GAP value "3.0"
	Adding: DIFFP_COUPLED_PLUS value "0.0"
	Adding: DIFFP_COUPLED_MINUS value "0.0"
	Adding: DIFFP_MIN_SPACE value "3.0"
	Adding: MIN_LINE_WIDTH value "7.0"
	Adding: MAX_LINE_WIDTH value "0.0"
	Adding: DIFFP_NECK_GAP value "0.0"
	Adding: MIN_NECK_WIDTH value "5.0"
	Adding: MAXIMUM_NECK_LENGTH value "0.0"
	Adding: VIA_LIST value "VIA"
	Adding: ALLOW_ON_ETCH_SUBCLASS value "TRUE"
	Adding: TS_ALLOWED value "ANYWHERE"
	Adding: MIN_BVIA_STAGGER value "5.0"
	Adding: MAX_BVIA_STAGGER value "0.0"
	Adding: PAD_PAD_DIRECT_CONNECT value "ALL_ALLOWED"
---------------------------------------------------------
Create SpacingCSet: DEFAULT
	Adding: THRUPIN_TO_THRUPIN_SPACING value "5.0"
	Adding: THRUPIN_TO_SMDPIN_SPACING value "5.0"
	Adding: TESTPIN_TO_THRUPIN_SPACING value "5.0"
	Adding: THRUPIN_TO_THRUVIA_SPACING value "5.0"
	Adding: TESTVIA_TO_THRUPIN_SPACING value "5.0"
	Adding: BBV_TO_THRUPIN_SPACING value "5.0"
	Adding: THRUPIN_TO_BONDPAD_SPACING value "5.0"
	Adding: LINE_TO_THRUPIN_SPACING value "5.0"
	Adding: THRUPIN_TO_SHAPE_SPACING value "5.0"
	Adding: SMDPIN_TO_SMDPIN_SPACING value "5.0"
	Adding: SMDPIN_TO_TESTPIN_SPACING value "5.0"
	Adding: SMDPIN_TO_THRUVIA_SPACING value "5.0"
	Adding: SMDPIN_TO_TESTVIA_SPACING value "5.0"
	Adding: BBV_TO_SMDPIN_SPACING value "5.0"
	Adding: SMDPIN_TO_BONDPAD_SPACING value "5.0"
	Adding: LINE_TO_SMDPIN_SPACING value "5.0"
	Adding: SHAPE_TO_SMDPIN_SPACING value "5.0"
	Adding: TESTPIN_TO_TESTPIN_SPACING value "5.0"
	Adding: TESTPIN_TO_THRUVIA_SPACING value "5.0"
	Adding: TESTPIN_TO_TESTVIA_SPACING value "5.0"
	Adding: BBV_TO_TESTPIN_SPACING value "5.0"
	Adding: BONDPAD_TO_TESTPIN_SPACING value "5.0"
	Adding: LINE_TO_TESTPIN_SPACING value "5.0"
	Adding: SHAPE_TO_TESTPIN_SPACING value "5.0"
	Adding: THRUVIA_TO_THRUVIA_SPACING value "5.0"
	Adding: TESTVIA_TO_THRUVIA_SPACING value "5.0"
	Adding: BBV_TO_THRUVIA_SPACING value "5.0"
	Adding: BONDPAD_TO_THRUVIA_SPACING value "5.0"
	Adding: LINE_TO_THRUVIA_SPACING value "5.0"
	Adding: SHAPE_TO_THRUVIA_SPACING value "5.0"
	Adding: TESTVIA_TO_TESTVIA_SPACING value "5.0"
	Adding: BBV_TO_TESTVIA_SPACING value "5.0"
	Adding: BONDPAD_TO_TESTVIA_SPACING value "5.0"
	Adding: LINE_TO_TESTVIA_SPACING value "5.0"
	Adding: SHAPE_TO_TESTVIA_SPACING value "5.0"
	Adding: BBV_TO_BBV_SPACING value "5.0"
	Adding: BONDPAD_TO_BBV_SPACING value "5.0"
	Adding: BBV_TO_LINE_SPACING value "5.0"
	Adding: BBV_TO_SHAPE_SPACING value "5.0"
	Adding: BONDPAD_TO_BONDPAD_SPACING value "5.0"
	Adding: BONDPAD_TO_LINE_SPACING value "5.0"
	Adding: BONDPAD_TO_SHAPE_SPACING value "5.0"
	Adding: LINE_TO_LINE_SPACING value "7.0"
	Adding: LINE_TO_SHAPE_SPACING value "5.0"
	Adding: SHAPE_TO_SHAPE_SPACING value "25.0"
	Adding: HOLE_TO_PIN_SPACING value "8.0"
	Adding: HOLE_TO_VIA_SPACING value "8.0"
	Adding: HOLE_TO_LINE_SPACING value "8.0"
	Adding: HOLE_TO_SHAPE_SPACING value "8.0"
	Adding: HOLE_TO_HOLE_SPACING value "8.0"
	Adding: MVIA_TO_MVIA_SPACING value "5.0"
	Adding: MVIA_TO_THRUPIN_SPACING value "5.0"
	Adding: MVIA_TO_SMDPIN_SPACING value "5.0"
	Adding: MVIA_TO_THRUVIA_SPACING value "5.0"
	Adding: MVIA_TO_BBV_SPACING value "5.0"
	Adding: MVIA_TO_LINE_SPACING value "5.0"
	Adding: MVIA_TO_SHAPE_SPACING value "5.0"
	Adding: MVIA_TO_TESTPIN_SPACING value "5.0"
	Adding: MVIA_TO_TESTVIA_SPACING value "5.0"
	Adding: BONDPAD_TO_MVIA_SPACING value "5.0"
	Adding: MIN_BVIA_GAP value "5.0"
	Adding: BONDPAD_TO_BONDPAD_DIFFP_SPC value "5.0"
---------------------------------------------------------
Create SpacingCSet: SCSDIFFPAIR
	Adding: THRUPIN_TO_THRUPIN_SPACING value "5.0"
	Adding: THRUPIN_TO_SMDPIN_SPACING value "5.0"
	Adding: TESTPIN_TO_THRUPIN_SPACING value "5.0"
	Adding: THRUPIN_TO_THRUVIA_SPACING value "5.0"
	Adding: TESTVIA_TO_THRUPIN_SPACING value "5.0"
	Adding: BBV_TO_THRUPIN_SPACING value "5.0"
	Adding: THRUPIN_TO_BONDPAD_SPACING value "5.0"
	Adding: LINE_TO_THRUPIN_SPACING value "5.0"
	Adding: THRUPIN_TO_SHAPE_SPACING value "5.0"
	Adding: SMDPIN_TO_SMDPIN_SPACING value "5.0"
	Adding: SMDPIN_TO_TESTPIN_SPACING value "5.0"
	Adding: SMDPIN_TO_THRUVIA_SPACING value "5.0"
	Adding: SMDPIN_TO_TESTVIA_SPACING value "5.0"
	Adding: BBV_TO_SMDPIN_SPACING value "5.0"
	Adding: SMDPIN_TO_BONDPAD_SPACING value "5.0"
	Adding: LINE_TO_SMDPIN_SPACING value "5.0"
	Adding: SHAPE_TO_SMDPIN_SPACING value "5.0"
	Adding: TESTPIN_TO_TESTPIN_SPACING value "5.0"
	Adding: TESTPIN_TO_THRUVIA_SPACING value "5.0"
	Adding: TESTPIN_TO_TESTVIA_SPACING value "5.0"
	Adding: BBV_TO_TESTPIN_SPACING value "5.0"
	Adding: BONDPAD_TO_TESTPIN_SPACING value "5.0"
	Adding: LINE_TO_TESTPIN_SPACING value "5.0"
	Adding: SHAPE_TO_TESTPIN_SPACING value "5.0"
	Adding: THRUVIA_TO_THRUVIA_SPACING value "5.0"
	Adding: TESTVIA_TO_THRUVIA_SPACING value "5.0"
	Adding: BBV_TO_THRUVIA_SPACING value "5.0"
	Adding: BONDPAD_TO_THRUVIA_SPACING value "5.0"
	Adding: LINE_TO_THRUVIA_SPACING value "5.0"
	Adding: SHAPE_TO_THRUVIA_SPACING value "5.0"
	Adding: TESTVIA_TO_TESTVIA_SPACING value "5.0"
	Adding: BBV_TO_TESTVIA_SPACING value "5.0"
	Adding: BONDPAD_TO_TESTVIA_SPACING value "5.0"
	Adding: LINE_TO_TESTVIA_SPACING value "5.0"
	Adding: SHAPE_TO_TESTVIA_SPACING value "5.0"
	Adding: BBV_TO_BBV_SPACING value "5.0"
	Adding: BONDPAD_TO_BBV_SPACING value "5.0"
	Adding: BBV_TO_LINE_SPACING value "5.0"
	Adding: BBV_TO_SHAPE_SPACING value "5.0"
	Adding: BONDPAD_TO_BONDPAD_SPACING value "5.0"
	Adding: BONDPAD_TO_LINE_SPACING value "5.0"
	Adding: BONDPAD_TO_SHAPE_SPACING value "5.0"
	Adding: LINE_TO_LINE_SPACING value "7.0"
	Adding: LINE_TO_SHAPE_SPACING value "5.0"
	Adding: SHAPE_TO_SHAPE_SPACING value "5.0"
	Adding: HOLE_TO_PIN_SPACING value "8.0"
	Adding: HOLE_TO_VIA_SPACING value "8.0"
	Adding: HOLE_TO_LINE_SPACING value "8.0"
	Adding: HOLE_TO_SHAPE_SPACING value "8.0"
	Adding: HOLE_TO_HOLE_SPACING value "8.0"
	Adding: MVIA_TO_MVIA_SPACING value "5.0"
	Adding: MVIA_TO_THRUPIN_SPACING value "5.0"
	Adding: MVIA_TO_SMDPIN_SPACING value "5.0"
	Adding: MVIA_TO_THRUVIA_SPACING value "5.0"
	Adding: MVIA_TO_BBV_SPACING value "5.0"
	Adding: MVIA_TO_LINE_SPACING value "5.0"
	Adding: MVIA_TO_SHAPE_SPACING value "5.0"
	Adding: MVIA_TO_TESTPIN_SPACING value "5.0"
	Adding: MVIA_TO_TESTVIA_SPACING value "5.0"
	Adding: BONDPAD_TO_MVIA_SPACING value "5.0"
	Adding: MIN_BVIA_GAP value "5.0"
	Adding: BONDPAD_TO_BONDPAD_DIFFP_SPC value "5.0"
---------------------------------------------------------
Create SameNetSpacingCSet: DEFAULT
	Adding: SAME_NET value "TRUE"
	Adding: SN_THRUPIN_TO_THRUPIN_SPACING value "5.0"
	Adding: SN_THRUPIN_TO_SMDPIN_SPACING value "5.0"
	Adding: SN_TESTPIN_TO_THRUPIN_SPACING value "5.0"
	Adding: SN_THRUPIN_TO_THRUVIA_SPACING value "5.0"
	Adding: SN_TESTVIA_TO_THRUPIN_SPACING value "5.0"
	Adding: SN_BBV_TO_THRUPIN_SPACING value "5.0"
	Adding: SN_THRUPIN_TO_BONDPAD_SPACING value "5.0"
	Adding: SN_LINE_TO_THRUPIN_SPACING value "5.0"
	Adding: SN_THRUPIN_TO_SHAPE_SPACING value "5.0"
	Adding: SN_SMDPIN_TO_SMDPIN_SPACING value "5.0"
	Adding: SN_SMDPIN_TO_TESTPIN_SPACING value "5.0"
	Adding: SN_SMDPIN_TO_THRUVIA_SPACING value "5.0"
	Adding: SN_SMDPIN_TO_TESTVIA_SPACING value "5.0"
	Adding: SN_BBV_TO_SMDPIN_SPACING value "5.0"
	Adding: SN_SMDPIN_TO_BONDPAD_SPACING value "5.0"
	Adding: SN_LINE_TO_SMDPIN_SPACING value "5.0"
	Adding: SN_SHAPE_TO_SMDPIN_SPACING value "5.0"
	Adding: SN_TESTPIN_TO_TESTPIN_SPACING value "5.0"
	Adding: SN_TESTPIN_TO_THRUVIA_SPACING value "5.0"
	Adding: SN_TESTPIN_TO_TESTVIA_SPACING value "5.0"
	Adding: SN_BBV_TO_TESTPIN_SPACING value "5.0"
	Adding: SN_BONDPAD_TO_TESTPIN_SPACING value "5.0"
	Adding: SN_LINE_TO_TESTPIN_SPACING value "5.0"
	Adding: SN_SHAPE_TO_TESTPIN_SPACING value "5.0"
	Adding: SN_THRUVIA_TO_THRUVIA_SPACING value "5.0"
	Adding: SN_TESTVIA_TO_THRUVIA_SPACING value "5.0"
	Adding: SN_BBV_TO_THRUVIA_SPACING value "5.0"
	Adding: SN_BONDPAD_TO_THRUVIA_SPACING value "5.0"
	Adding: SN_LINE_TO_THRUVIA_SPACING value "5.0"
	Adding: SN_SHAPE_TO_THRUVIA_SPACING value "5.0"
	Adding: SN_TESTVIA_TO_TESTVIA_SPACING value "5.0"
	Adding: SN_BBV_TO_TESTVIA_SPACING value "5.0"
	Adding: SN_BONDPAD_TO_TESTVIA_SPACING value "5.0"
	Adding: SN_LINE_TO_TESTVIA_SPACING value "5.0"
	Adding: SN_SHAPE_TO_TESTVIA_SPACING value "5.0"
	Adding: SN_BBV_TO_BBV_SPACING value "5.0"
	Adding: SN_BONDPAD_TO_BBV_SPACING value "5.0"
	Adding: SN_BBV_TO_LINE_SPACING value "5.0"
	Adding: SN_BBV_TO_SHAPE_SPACING value "5.0"
	Adding: SN_BONDPAD_TO_BONDPAD_SPACING value "5.0"
	Adding: SN_BONDPAD_TO_LINE_SPACING value "5.0"
	Adding: SN_BONDPAD_TO_SHAPE_SPACING value "5.0"
	Adding: SN_LINE_TO_LINE_SPACING value "5.0"
	Adding: SN_LINE_TO_SHAPE_SPACING value "5.0"
	Adding: SN_SHAPE_TO_SHAPE_SPACING value "5.0"
	Adding: SN_HOLE_TO_PIN_SPACING value "8.0"
	Adding: SN_HOLE_TO_VIA_SPACING value "8.0"
	Adding: SN_HOLE_TO_LINE_SPACING value "8.0"
	Adding: SN_HOLE_TO_SHAPE_SPACING value "8.0"
	Adding: SN_HOLE_TO_HOLE_SPACING value "8.0"
	Adding: SN_MVIA_TO_MVIA_SPACING value "5.0"
	Adding: SN_MVIA_TO_THRUPIN_SPACING value "5.0"
	Adding: SN_MVIA_TO_SMDPIN_SPACING value "5.0"
	Adding: SN_MVIA_TO_THRUVIA_SPACING value "5.0"
	Adding: SN_MVIA_TO_BBV_SPACING value "5.0"
	Adding: SN_MVIA_TO_LINE_SPACING value "5.0"
	Adding: SN_MVIA_TO_SHAPE_SPACING value "5.0"
	Adding: SN_MVIA_TO_TESTPIN_SPACING value "5.0"
	Adding: SN_MVIA_TO_TESTVIA_SPACING value "5.0"
	Adding: SN_BONDPAD_TO_MVIA_SPACING value "5.0"
---------------------------------------------------------
Clear DiffPair: DP_VBB_TRANS
	Deleting: Net association value "UNNAMED_1_MC10E116_I22_D3"
---------------------------------------------------------
Clear DiffPair: DP_BCKP_CLK*
	Deleting: Net association value "BCKP_CLK*"
---------------------------------------------------------

Summary:

Constraint changes found: 366 additions, 0 deletions, 1 changes.

Association changes found: 33 additions, 17 deletions.

2 objects cleared.


