---------------------------------------------------------
Create DiffPair: DP_BCKP_CLK*
	Adding: Net association value "BCKP_CLK*"
	Adding: Net association value "UNNAMED_1_DEFAULTCLKSEL_I1_BCKP"
---------------------------------------------------------
Create DiffPair: DP_VBB_TRANS
	Adding: Net association value "UNNAMED_1_MC10E116_I22_D3"
	Adding: Net association value "VBB_TRANS"
---------------------------------------------------------
Bus: UNNAMED_1_FRONTPORTS_I2_EXTTRIG
	Adding: Net association value "ext_trig_in<0>"
	Adding: Net association value "ext_trig_in<1>"
	Adding: Net association value "ext_trig_in<2>"
	Adding: Net association value "ext_trig_in<3>"
---------------------------------------------------------
Bus: COUNT_DATA_ECL
	Adding: Net association value "COUNT_DATA_ECL"
---------------------------------------------------------
Net: VTT
	Deleting: VOLTAGE value "-2 V"
---------------------------------------------------------
Net: GND
	Deleting: WEIGHT value "0"
	Deleting: VOLTAGE value "0 V"
---------------------------------------------------------
Net: VCC
	Deleting: WEIGHT value "0"
	Deleting: VOLTAGE value "5 V"
---------------------------------------------------------
Net: VEE
	Deleting: VOLTAGE value "-5.2 V"
---------------------------------------------------------
Clear DiffPair: DP_UNNAMED_1_FRONTPORTS_I2_ECLTOLVDSIN
---------------------------------------------------------
Clear DiffPair: DP_UNNAMED_1_CSMD0805_I64_B
---------------------------------------------------------
Clear DiffPair: LO_SEL_ECL
	Deleting: Net association value "LO_SEL_ECL_P"
	Deleting: Net association value "LO_SEL_ECL_N"
---------------------------------------------------------
Clear DiffPair: ECAL_ACTIVE_ECL
	Deleting: Net association value "ECAL_ACTIVE_ECL_P"
	Deleting: Net association value "ECAL_ACTIVE_ECL_N"
---------------------------------------------------------
Clear DiffPair: DP_FOX_CLK_LVPECL
	Deleting: Net association value "FOX_CLK_LVPECL_P"
	Deleting: Net association value "FOX_CLK_LVPECL_N"
---------------------------------------------------------
Clear DiffPair: DP_CLK_SEL_ECL
	Deleting: Net association value "CLK_SEL_ECL_P"
	Deleting: Net association value "CLK_SEL_ECL_N"
---------------------------------------------------------
Clear DiffPair: DP_FUZZD_CLK
	Deleting: Net association value "FUZZD_CLK_P"
	Deleting: Net association value "FUZZD_CLK_N"
---------------------------------------------------------
Clear DiffPair: UNNAMED_1_FRONTPORTS_I2_DGT
---------------------------------------------------------
Clear DiffPair: DP_ECLTOLVDS
	Deleting: Net association value "UNNAMED_1_FRONTPORTS_I2_ECLTO_2"
	Deleting: Net association value "UNNAMED_1_FRONTPORTS_I2_ECLTO_1"
---------------------------------------------------------
Clear DiffPair: DP_LVDSTOECL
	Deleting: Net association value "UNNAMED_1_FRONTPORTS_I2_LVDST_1"
	Deleting: Net association value "UNNAMED_1_FRONTPORTS_I2_LVDSTOE"
---------------------------------------------------------

Summary:

Constraint changes found: 0 additions, 6 deletions, 0 changes.

Association changes found: 9 additions, 14 deletions.

7 objects cleared.


