Allegro Design Entry HDL 16.6-p007 (v16-6-112F) 10/10/2012


mpsdeclare
mpsdeclare
mpsdeclare
mpsdeclare
mpsdeclare
mpsdeclare
mpsdeclare
set ORTHOG_wire
set
set move_ORTHOG
set
set autoroute ON
set
set autoheavy ON
set
set attributes_dir "C:\Cadence\SPB_16.6/tools/fet/concept/attributes"
set
set dots_FILLED
set
set autodot ON
set
set logic_dot_radius 13
set
set body_dot_radius 13
set
set tap_body CTAP
set
set size 1.000
set
set LEFT
set
set capslock_ON
set
set inline_textedit ON
set
set user_editor "notepad"
set
set prop_display VALUE
set
set pinprop_vis OFF
set
set pin_size 0.805
set
set rotate ON
set
set autopath ON
set
set sticky_OFF
set
set rmb OFF
set
set autopan OFF
set
set image_color_wire default
set
set image_color_dot default
set
set image_color_body default
set
set image_color_arc default
set
set image_color_prop default
set
set image_color_occprop default
set
set image_color_note default
set
set image_background_color black
set
set color_wire yellow
set
set color_dot white
set
set color_body green
set
set color_arc yellow
set
set color_prop default
set
set occ_color red
set
set color_note default
set
set background_color black
set
set highlight_color "default"
set
set DECIMAL
set
set default_grid OFF
set
set default_grid DOTS
set
set default_body_grid OFF
set
set default_body_grid DOTS
set
set default_doc_grid OFF
set
set default_doc_grid DOTS
set
set check_on_write ON
set
set check_missing_pins ON
set
set check_shorted_pin ON
set
set check_unconn_wires ON
set
set check_voltage_on_hdl ON
set
set check_parts_at_same_loc ON
set
set check_arcs_at_same_loc ON
set
set check_hidden_wires ON
set
set check_pins_at_origin ON
set
set check_pin_near_wire_endpt ON
set
set check_pin_wire_dist_thresh "DEFAULT"
set
set check_two_wires_at_pins ON
set
set check_signames ON
set
set check_signame_in_body ON
set
set check_body_place_holders ON
set
set check_prop_place_holders ON
set
set check_pack_sec_type_props ON
set
set check_nonsyncprops ON
set
set confirm_write OFF
set
set ascii
set
set delete_ascii OFF
set
set binary
set
set delete_binary OFF
set
set nodependency
set
set hdl_direct on
set
set click_to_type ON
set
set save_workspace ON
set
set addform ON
set
set editform ON
set
set libform ON
set
set catpath 
set
Unknown project directive : FATAL_MESSAGES
Unknown project directive : ERROR_MESSAGES
Unknown project directive : INFORMATIONAL_MESSAGES
Unknown project directive : WARNING_MESSAGES
set wplot_thin_width 1
set
set wplot_thick_width 10
set
set wplot_scale 100
set
set wplot_fit_to_page
set
set wplot_sheet
set
set wplot_dpi -1
set
WARNING(SPCOCN-2040): Specify the command "page forcereset all" to reset logical page numbers of all pages of this block.
set multiformat_vectors ON
set
set ppt_optionset_path ""
set
set ppt_browser OFF
set
set lmb ON
set
set path_prefix "I"
set
set check_global_local_short ON
set
set max_drawings "50"
set
set modify_multiprop OFF
set
set check_power_props ON
set
set allow_power_pins ON
set
set powerprop_vis VALUE
set
set pathprop_invisible OFF
set
set allow_property_locking ON
set
set retver_replace OFF
set
set allow_comp_overlap OFF
set
set retain_location_on_copyall ON
set
set expand_before_global_navigate PROMPT
set
set check_page_synch ON
set
set dont_annotate_opt_value OFF
set
set retain_prev_hilite OFF
set
set lock_for_same_user OFF
set
set sync_on_page_edit OFF
set
set generate_sch_metadata OFF
set
set hardloc_copy ON
set
set allow_page_locking ON
set
set thick_block_border OFF
set
set thick_vector_pin_width OFF
set
set show_pnn_signame OFF
set
set hide_hierarchy_pages OFF
set
WARNING(SPCOCN-1523): Invalid set option: <OFF>
set page_name_prop ""
set
set page_name_case PRESERVE
set
set preserve_zoom_info ON
set
set lock_file_perm 444
set
set custom_cdslib_search ON
set
set replace_ptf_props OFF
set
set ign_quotes_mps_msg OFF
set
Unknown project directive : SHOW_UNCONNECTED_PINS
set honor_sch_custom_texts off
set
set hyperlinks on
set
WARNING(SPCOCN-1523): Invalid set option: <on>
set use_mono_as_symbol_color off
set
set preselect_flag off
set
set windowsmode_flag off
set
WARNING(SPCOCN-1523): Invalid set option: <off>
set delete_unattached_invisible_props ON
set
set honor_pptoptions_on_modify OFF
set
set check_grid_on_tap ON
set
set retain_font_settings_on_symbol_add ON
set
set retain_font_settings_on_symbol_ba ON
set
set search_history_count 5
set
WARNING(SPCOCN-1523): Invalid set option: <search_history_count>
INFO(SPCOCN-1177): Unexpected text: <5>
set search_history DATA_RDY
set
WARNING(SPCOCN-1523): Invalid set option: <search_history>
INFO(SPCOCN-1177): Unexpected text: <DATA_RDY>
set search_toolbar_lookin PAGE
set
WARNING(SPCOCN-1523): Invalid set option: <search_toolbar_lookin>
INFO(SPCOCN-1177): Unexpected text: <PAGE>
set update_lower_level_cm OFF
set
set disallow_design_load_thread OFF
set
set cm_always_active OFF
set
set donot_reuse_path OFF
set
set allow_prop_on_prop OFF
set
set invisible_pn_overlay OFF
set
set modify_quick_reset_filters OFF
set
WARNING(SPCOCN-1523): Invalid set option: <modify_quick_reset_filters>
INFO(SPCOCN-1177): Unexpected text: <OFF>
set multisig_error OFF
set
set wait_seconds_for_conn_lock 0
set
set autoupdate_on_port_mismatch ON
set
set write_find_mkr_file OFF
set
set honor_source_modorder_on_reimport OFF
set
set hss_partial_instantiation OFF
set
set hss_vector_ports_same_symb ON
set
set hss_distribute_ports_method PORTCOUNT
set
set hss_distribute_ports_count 25
set
WARNING(SPCOCN-1523): Invalid set option: <hss_distribute_ports_count>
INFO(SPCOCN-1177): Unexpected text: <25>
set hss_distribute_port_pattern 
set
WARNING(SPCOCN-1523): Invalid set option: <hss_distribute_port_pattern>
set check_ibd_invalid_itaps OFF
set
set ibd_attach_mode OFF
set
set hss_sym_1_full ON
set
set hss_distribute_property_name 
set
WARNING(SPCOCN-1523): Invalid set option: <hss_distribute_property_name>
Unknown project directive : PLOTTER_FACILITY
set default_grid 0.05 5
set
set default_body_grid 0.050 2
set
set default_doc_grid 0.100 5
set
INFO(SPCOCN-1737): Reading C:\Users\QGPWindowsVB\Documents\ANUSTART\cds.lib file.
nmapedit tubii
nmapedit
_!editincontext
INFO(SPCOCN-1446): New schematic TUBII.SCH.1.1 started as drawing #1.
library
library
library
library
library
library
library
library
library
library
library
library
library
library
library
library
library
get
INFO(SPCOCN-1445): Reading TUBII.SCH.1.1 into drawing #1.
backannotate
INFO(SPCOCN-1445): Reading TUBII_PCB.SCH.1.1 into drawing #1.
INFO(SPCOCN-1028): writing <tubii_tk2_lib>TUBII_PCB.SCH.1.1:
INFO(SPCOCN-1044): writing binary file...
INFO(SPCOCN-1049): writing ASCII file...
INFO(SPCOCN-1053): writing connectivity file...
INFO(SPCOCN-1054): ...written

CSDirect Allegro Design Entry HDL 16.6-p007 (v16-6-112F) 10/10/2012

Netlisting block tubii_pcb

Processing page 1

No netlisting errors found. 

INFO(SPCOCN-1054): ...written
INFO(SPCOCN-1445): Reading MICROZED_MODULE.SCH.1.1 into drawing #1.
INFO(SPCOCN-1028): writing <tubii_tk2_lib>MICROZED_MODULE.SCH.1.1:
INFO(SPCOCN-1044): writing binary file...
INFO(SPCOCN-1049): writing ASCII file...
INFO(SPCOCN-1053): writing connectivity file...
INFO(SPCOCN-1054): ...written

CSDirect Allegro Design Entry HDL 16.6-p007 (v16-6-112F) 10/10/2012

Netlisting block microzed_module

Processing page 1

INFO(SPCOCN-1054): ...written
INFO(SPCOCN-1445): Reading CLOCKS.SCH.1.1 into drawing #1.
INFO(SPCOCN-1028): writing <tubii_tk2_lib>CLOCKS.SCH.1.1:
INFO(SPCOCN-1044): writing binary file...
INFO(SPCOCN-1049): writing ASCII file...
INFO(SPCOCN-1053): writing connectivity file...
INFO(SPCOCN-1054): ...written

CSDirect Allegro Design Entry HDL 16.6-p007 (v16-6-112F) 10/10/2012

Netlisting block clocks

Processing page 1

No netlisting errors found. 

INFO(SPCOCN-1054): ...written
INFO(SPCOCN-1445): Reading DEFAULT_CLK_SEL.SCH.1.1 into drawing #1.
INFO(SPCOCN-1028): writing <tubii_tk2_lib>DEFAULT_CLK_SEL.SCH.1.1:
INFO(SPCOCN-1044): writing binary file...
INFO(SPCOCN-1049): writing ASCII file...
INFO(SPCOCN-1053): writing connectivity file...
INFO(SPCOCN-1054): ...written

CSDirect Allegro Design Entry HDL 16.6-p007 (v16-6-112F) 10/10/2012

Netlisting block default_clk_sel

Processing page 1

No netlisting errors found. 

INFO(SPCOCN-1054): ...written
INFO(SPCOCN-1445): Reading FAULT_DETECTION.SCH.1.1 into drawing #1.
INFO(SPCOCN-1028): writing <tubii_tk2_lib>FAULT_DETECTION.SCH.1.1:
INFO(SPCOCN-1044): writing binary file...
INFO(SPCOCN-1049): writing ASCII file...
INFO(SPCOCN-1053): writing connectivity file...
INFO(SPCOCN-1054): ...written

CSDirect Allegro Design Entry HDL 16.6-p007 (v16-6-112F) 10/10/2012

Netlisting block fault_detection

Processing page 1

No netlisting errors found. 

INFO(SPCOCN-1054): ...written
INFO(SPCOCN-1445): Reading CHANGE_CLKS.SCH.1.1 into drawing #1.
INFO(SPCOCN-1028): writing <tubii_tk2_lib>CHANGE_CLKS.SCH.1.1:
INFO(SPCOCN-1044): writing binary file...
INFO(SPCOCN-1049): writing ASCII file...
INFO(SPCOCN-1053): writing connectivity file...
INFO(SPCOCN-1054): ...written

CSDirect Allegro Design Entry HDL 16.6-p007 (v16-6-112F) 10/10/2012

Netlisting block change_clks

Processing page 1

No netlisting errors found. 

INFO(SPCOCN-1054): ...written
INFO(SPCOCN-1445): Reading PULSE_INVERTER.SCH.1.1 into drawing #1.
INFO(SPCOCN-1028): writing <tubii_tk2_lib>PULSE_INVERTER.SCH.1.1:
INFO(SPCOCN-1044): writing binary file...
INFO(SPCOCN-1049): writing ASCII file...
INFO(SPCOCN-1053): writing connectivity file...
INFO(SPCOCN-1054): ...written

CSDirect Allegro Design Entry HDL 16.6-p007 (v16-6-112F) 10/10/2012

Netlisting block pulse_inverter

Processing page 1

No netlisting errors found. 

INFO(SPCOCN-1054): ...written
INFO(SPCOCN-1445): Reading RIBBON_DELAY.SCH.1.1 into drawing #1.
INFO(SPCOCN-1028): writing <tubii_tk2_lib>RIBBON_DELAY.SCH.1.1:
INFO(SPCOCN-1044): writing binary file...
INFO(SPCOCN-1049): writing ASCII file...
INFO(SPCOCN-1053): writing connectivity file...
INFO(SPCOCN-1054): ...written

CSDirect Allegro Design Entry HDL 16.6-p007 (v16-6-112F) 10/10/2012

Netlisting block ribbon_delay

Processing page 1

No netlisting errors found. 

INFO(SPCOCN-1054): ...written
INFO(SPCOCN-1445): Reading GENERIC_DELAYS.SCH.1.1 into drawing #1.
INFO(SPCOCN-1028): writing <tubii_tk2_lib>GENERIC_DELAYS.SCH.1.1:
INFO(SPCOCN-1044): writing binary file...
INFO(SPCOCN-1049): writing ASCII file...
INFO(SPCOCN-1053): writing connectivity file...
INFO(SPCOCN-1054): ...written

CSDirect Allegro Design Entry HDL 16.6-p007 (v16-6-112F) 10/10/2012

Netlisting block generic_delays

Processing page 1

No netlisting errors found. 

INFO(SPCOCN-1054): ...written
INFO(SPCOCN-1445): Reading ECL_TRANSLATION.SCH.1.1 into drawing #1.
INFO(SPCOCN-1028): writing <tubii_tk2_lib>ECL_TRANSLATION.SCH.1.1:
INFO(SPCOCN-1044): writing binary file...
INFO(SPCOCN-1049): writing ASCII file...
INFO(SPCOCN-1053): writing connectivity file...
INFO(SPCOCN-1054): ...written

CSDirect Allegro Design Entry HDL 16.6-p007 (v16-6-112F) 10/10/2012

Netlisting block ecl_translation

Processing page 1

No netlisting errors found. 

INFO(SPCOCN-1054): ...written
INFO(SPCOCN-1445): Reading POWER.SCH.1.1 into drawing #1.
INFO(SPCOCN-1028): writing <tubii_tk2_lib>POWER.SCH.1.1:
INFO(SPCOCN-1044): writing binary file...
INFO(SPCOCN-1049): writing ASCII file...
INFO(SPCOCN-1053): writing connectivity file...
INFO(SPCOCN-1054): ...written

CSDirect Allegro Design Entry HDL 16.6-p007 (v16-6-112F) 10/10/2012

Netlisting block power

Processing page 1

No netlisting errors found. 

INFO(SPCOCN-1054): ...written
INFO(SPCOCN-1445): Reading ECAL_CONTROL.SCH.1.1 into drawing #1.
INFO(SPCOCN-1028): writing <tubii_tk2_lib>ECAL_CONTROL.SCH.1.1:
INFO(SPCOCN-1044): writing binary file...
INFO(SPCOCN-1049): writing ASCII file...
INFO(SPCOCN-1053): writing connectivity file...
INFO(SPCOCN-1054): ...written

CSDirect Allegro Design Entry HDL 16.6-p007 (v16-6-112F) 10/10/2012

Netlisting block ecal_control

Processing page 1

No netlisting errors found. 

INFO(SPCOCN-1054): ...written
INFO(SPCOCN-1445): Reading CAEN_ANALOG_COMS.SCH.1.1 into drawing #1.
INFO(SPCOCN-1028): writing <tubii_tk2_lib>CAEN_ANALOG_COMS.SCH.1.1:
INFO(SPCOCN-1044): writing binary file...
INFO(SPCOCN-1049): writing ASCII file...
INFO(SPCOCN-1053): writing connectivity file...
INFO(SPCOCN-1054): ...written

CSDirect Allegro Design Entry HDL 16.6-p007 (v16-6-112F) 10/10/2012

Netlisting block caen_analog_coms

Processing page 1

No netlisting errors found. 

INFO(SPCOCN-1054): ...written
INFO(SPCOCN-1445): Reading VREF_GEN.SCH.1.1 into drawing #1.
INFO(SPCOCN-1028): writing <tubii_tk2_lib>VREF_GEN.SCH.1.1:
INFO(SPCOCN-1044): writing binary file...
INFO(SPCOCN-1049): writing ASCII file...
INFO(SPCOCN-1053): writing connectivity file...
INFO(SPCOCN-1054): ...written

CSDirect Allegro Design Entry HDL 16.6-p007 (v16-6-112F) 10/10/2012

Netlisting block vref_gen

Processing page 1

No netlisting errors found. 

INFO(SPCOCN-1054): ...written
INFO(SPCOCN-1445): Reading CAEN_DIG_COMS.SCH.1.1 into drawing #1.
INFO(SPCOCN-1028): writing <tubii_tk2_lib>CAEN_DIG_COMS.SCH.1.1:
INFO(SPCOCN-1044): writing binary file...
INFO(SPCOCN-1049): writing ASCII file...
INFO(SPCOCN-1053): writing connectivity file...
INFO(SPCOCN-1054): ...written

CSDirect Allegro Design Entry HDL 16.6-p007 (v16-6-112F) 10/10/2012

Netlisting block caen_dig_coms

Processing page 1

No netlisting errors found. 

INFO(SPCOCN-1054): ...written
INFO(SPCOCN-1445): Reading ELLIE_COMS.SCH.1.1 into drawing #1.
INFO(SPCOCN-1028): writing <tubii_tk2_lib>ELLIE_COMS.SCH.1.1:
INFO(SPCOCN-1044): writing binary file...
INFO(SPCOCN-1049): writing ASCII file...
INFO(SPCOCN-1053): writing connectivity file...
INFO(SPCOCN-1054): ...written

CSDirect Allegro Design Entry HDL 16.6-p007 (v16-6-112F) 10/10/2012

Netlisting block ellie_coms

Processing page 1

No netlisting errors found. 

INFO(SPCOCN-1054): ...written
INFO(SPCOCN-1445): Reading CNTRL_REGISTER.SCH.1.1 into drawing #1.
INFO(SPCOCN-1028): writing <tubii_tk2_lib>CNTRL_REGISTER.SCH.1.1:
INFO(SPCOCN-1044): writing binary file...
INFO(SPCOCN-1049): writing ASCII file...
INFO(SPCOCN-1053): writing connectivity file...
INFO(SPCOCN-1054): ...written

CSDirect Allegro Design Entry HDL 16.6-p007 (v16-6-112F) 10/10/2012

Netlisting block cntrl_register

Processing page 1

No netlisting errors found. 

INFO(SPCOCN-1054): ...written
INFO(SPCOCN-1445): Reading TUBII_SPKR.SCH.1.1 into drawing #1.
INFO(SPCOCN-1028): writing <tubii_tk2_lib>TUBII_SPKR.SCH.1.1:
INFO(SPCOCN-1044): writing binary file...
INFO(SPCOCN-1049): writing ASCII file...
INFO(SPCOCN-1053): writing connectivity file...
INFO(SPCOCN-1054): ...written

CSDirect Allegro Design Entry HDL 16.6-p007 (v16-6-112F) 10/10/2012

Netlisting block tubii_spkr

Processing page 1

No netlisting errors found. 

INFO(SPCOCN-1054): ...written
INFO(SPCOCN-1445): Reading BASELINE_BUFFER.SCH.1.1 into drawing #1.
INFO(SPCOCN-1028): writing <tubii_tk2_lib>BASELINE_BUFFER.SCH.1.1:
INFO(SPCOCN-1044): writing binary file...
INFO(SPCOCN-1049): writing ASCII file...
INFO(SPCOCN-1053): writing connectivity file...
INFO(SPCOCN-1054): ...written

CSDirect Allegro Design Entry HDL 16.6-p007 (v16-6-112F) 10/10/2012

Netlisting block baseline_buffer

Processing page 1

No netlisting errors found. 

INFO(SPCOCN-1054): ...written
INFO(SPCOCN-1445): Reading LO_GEN.SCH.1.1 into drawing #1.
INFO(SPCOCN-1028): writing <tubii_tk2_lib>LO_GEN.SCH.1.1:
INFO(SPCOCN-1044): writing binary file...
INFO(SPCOCN-1049): writing ASCII file...
INFO(SPCOCN-1053): writing connectivity file...
INFO(SPCOCN-1054): ...written

CSDirect Allegro Design Entry HDL 16.6-p007 (v16-6-112F) 10/10/2012

Netlisting block lo_gen

Processing page 1

No netlisting errors found. 

INFO(SPCOCN-1054): ...written
INFO(SPCOCN-1445): Reading GT_DELAYS.SCH.1.1 into drawing #1.
INFO(SPCOCN-1028): writing <tubii_tk2_lib>GT_DELAYS.SCH.1.1:
INFO(SPCOCN-1044): writing binary file...
INFO(SPCOCN-1049): writing ASCII file...
INFO(SPCOCN-1053): writing connectivity file...
INFO(SPCOCN-1054): ...written

CSDirect Allegro Design Entry HDL 16.6-p007 (v16-6-112F) 10/10/2012

Netlisting block gt_delays

Processing page 1

No netlisting errors found. 

INFO(SPCOCN-1054): ...written
INFO(SPCOCN-1445): Reading SELECT_LO_SRC.SCH.1.1 into drawing #1.
INFO(SPCOCN-1028): writing <tubii_tk2_lib>SELECT_LO_SRC.SCH.1.1:
INFO(SPCOCN-1044): writing binary file...
INFO(SPCOCN-1049): writing ASCII file...
INFO(SPCOCN-1053): writing connectivity file...
INFO(SPCOCN-1054): ...written

CSDirect Allegro Design Entry HDL 16.6-p007 (v16-6-112F) 10/10/2012

Netlisting block select_lo_src

Processing page 1

No netlisting errors found. 

INFO(SPCOCN-1054): ...written
INFO(SPCOCN-1445): Reading MTCA_MIMIC.SCH.1.1 into drawing #1.
INFO(SPCOCN-1028): writing <tubii_tk2_lib>MTCA_MIMIC.SCH.1.1:
INFO(SPCOCN-1044): writing binary file...
INFO(SPCOCN-1049): writing ASCII file...
INFO(SPCOCN-1053): writing connectivity file...
INFO(SPCOCN-1054): ...written

CSDirect Allegro Design Entry HDL 16.6-p007 (v16-6-112F) 10/10/2012

Netlisting block mtca_mimic

Processing page 1

No netlisting errors found. 

INFO(SPCOCN-1054): ...written
INFO(SPCOCN-1445): Reading TRIGGER_LOGIC.SCH.1.1 into drawing #1.
INFO(SPCOCN-1028): writing <tubii_tk2_lib>TRIGGER_LOGIC.SCH.1.1:
INFO(SPCOCN-1044): writing binary file...
INFO(SPCOCN-1049): writing ASCII file...
INFO(SPCOCN-1053): writing connectivity file...
INFO(SPCOCN-1054): ...written

CSDirect Allegro Design Entry HDL 16.6-p007 (v16-6-112F) 10/10/2012

Netlisting block trigger_logic

Processing page 1

No netlisting errors found. 

INFO(SPCOCN-1054): ...written
INFO(SPCOCN-1445): Reading EXT_TRIGS.SCH.1.1 into drawing #1.
INFO(SPCOCN-1028): writing <tubii_tk2_lib>EXT_TRIGS.SCH.1.1:
INFO(SPCOCN-1044): writing binary file...
INFO(SPCOCN-1049): writing ASCII file...
INFO(SPCOCN-1053): writing connectivity file...
INFO(SPCOCN-1054): ...written

CSDirect Allegro Design Entry HDL 16.6-p007 (v16-6-112F) 10/10/2012

Netlisting block ext_trigs

Processing page 1

No netlisting errors found. 

INFO(SPCOCN-1054): ...written
INFO(SPCOCN-1445): Reading FAN_CONNECTIONS.SCH.1.1 into drawing #1.
INFO(SPCOCN-1028): writing <tubii_tk2_lib>FAN_CONNECTIONS.SCH.1.1:
INFO(SPCOCN-1044): writing binary file...
INFO(SPCOCN-1049): writing ASCII file...
INFO(SPCOCN-1053): writing connectivity file...
INFO(SPCOCN-1054): ...written

CSDirect Allegro Design Entry HDL 16.6-p007 (v16-6-112F) 10/10/2012

Netlisting block fan_connections

Processing page 1

No netlisting errors found. 

INFO(SPCOCN-1054): ...written
INFO(SPCOCN-1445): Reading FRONT_PORTS.SCH.1.1 into drawing #1.
INFO(SPCOCN-1028): writing <tubii_tk2_lib>FRONT_PORTS.SCH.1.1:
INFO(SPCOCN-1044): writing binary file...
INFO(SPCOCN-1049): writing ASCII file...
INFO(SPCOCN-1053): writing connectivity file...
INFO(SPCOCN-1054): ...written

CSDirect Allegro Design Entry HDL 16.6-p007 (v16-6-112F) 10/10/2012

Netlisting block front_ports

Processing page 1

No netlisting errors found. 

INFO(SPCOCN-1054): ...written
INFO(SPCOCN-1445): Reading TRANSLATION_PORTS.SCH.1.1 into drawing #1.
INFO(SPCOCN-1028): writing <tubii_tk2_lib>TRANSLATION_PORTS.SCH.1.1:
INFO(SPCOCN-1044): writing binary file...
INFO(SPCOCN-1049): writing ASCII file...
INFO(SPCOCN-1053): writing connectivity file...
INFO(SPCOCN-1054): ...written

CSDirect Allegro Design Entry HDL 16.6-p007 (v16-6-112F) 10/10/2012

Netlisting block translation_ports

Processing page 1

No netlisting errors found. 

INFO(SPCOCN-1054): ...written
INFO(SPCOCN-1445): Reading TIME_BUS_PORTS.SCH.1.1 into drawing #1.
INFO(SPCOCN-1028): writing <tubii_tk2_lib>TIME_BUS_PORTS.SCH.1.1:
INFO(SPCOCN-1044): writing binary file...
INFO(SPCOCN-1049): writing ASCII file...
INFO(SPCOCN-1053): writing connectivity file...
INFO(SPCOCN-1054): ...written

CSDirect Allegro Design Entry HDL 16.6-p007 (v16-6-112F) 10/10/2012

Netlisting block time_bus_ports

Processing page 1

No netlisting errors found. 

INFO(SPCOCN-1054): ...written
INFO(SPCOCN-1445): Reading GENERAL_UTILITIES_PORTS.SCH.1.1 into drawing #1.
INFO(SPCOCN-1028): writing <tubii_tk2_lib>GENERAL_UTILITIES_PORTS.SCH.1.1:
INFO(SPCOCN-1044): writing binary file...
INFO(SPCOCN-1049): writing ASCII file...
INFO(SPCOCN-1053): writing connectivity file...
INFO(SPCOCN-1054): ...written

CSDirect Allegro Design Entry HDL 16.6-p007 (v16-6-112F) 10/10/2012

Netlisting block general_utilities_ports

Processing page 1

No netlisting errors found. 

INFO(SPCOCN-1054): ...written
INFO(SPCOCN-1445): Reading CAEN_DIGITAL_PORTS.SCH.1.1 into drawing #1.
INFO(SPCOCN-1028): writing <tubii_tk2_lib>CAEN_DIGITAL_PORTS.SCH.1.1:
INFO(SPCOCN-1044): writing binary file...
INFO(SPCOCN-1049): writing ASCII file...
INFO(SPCOCN-1053): writing connectivity file...
INFO(SPCOCN-1054): ...written

CSDirect Allegro Design Entry HDL 16.6-p007 (v16-6-112F) 10/10/2012

Netlisting block caen_digital_ports

Processing page 1

No netlisting errors found. 

INFO(SPCOCN-1054): ...written
INFO(SPCOCN-1445): Reading CAEN_ANALOG_PORTS.SCH.1.1 into drawing #1.
INFO(SPCOCN-1028): writing <tubii_tk2_lib>CAEN_ANALOG_PORTS.SCH.1.1:
INFO(SPCOCN-1044): writing binary file...
INFO(SPCOCN-1049): writing ASCII file...
INFO(SPCOCN-1053): writing connectivity file...
INFO(SPCOCN-1054): ...written

CSDirect Allegro Design Entry HDL 16.6-p007 (v16-6-112F) 10/10/2012

Netlisting block caen_analog_ports

Processing page 1

No netlisting errors found. 

INFO(SPCOCN-1054): ...written
INFO(SPCOCN-1445): Reading SCALER_PORTS.SCH.1.1 into drawing #1.
INFO(SPCOCN-1028): writing <tubii_tk2_lib>SCALER_PORTS.SCH.1.1:
INFO(SPCOCN-1044): writing binary file...
INFO(SPCOCN-1049): writing ASCII file...
INFO(SPCOCN-1053): writing connectivity file...
INFO(SPCOCN-1054): ...written

CSDirect Allegro Design Entry HDL 16.6-p007 (v16-6-112F) 10/10/2012

Netlisting block scaler_ports

Processing page 1

No netlisting errors found. 

INFO(SPCOCN-1054): ...written
INFO(SPCOCN-1445): Reading EXT_TRIG_PORTS.SCH.1.1 into drawing #1.
INFO(SPCOCN-1028): writing <tubii_tk2_lib>EXT_TRIG_PORTS.SCH.1.1:
INFO(SPCOCN-1044): writing binary file...
INFO(SPCOCN-1049): writing ASCII file...
INFO(SPCOCN-1053): writing connectivity file...
INFO(SPCOCN-1054): ...written

CSDirect Allegro Design Entry HDL 16.6-p007 (v16-6-112F) 10/10/2012

Netlisting block ext_trig_ports

Processing page 1

No netlisting errors found. 

INFO(SPCOCN-1054): ...written
INFO(SPCOCN-1445): Reading GT_DELAYS_PORTS.SCH.1.1 into drawing #1.
INFO(SPCOCN-1028): writing <tubii_tk2_lib>GT_DELAYS_PORTS.SCH.1.1:
INFO(SPCOCN-1044): writing binary file...
INFO(SPCOCN-1049): writing ASCII file...
INFO(SPCOCN-1053): writing connectivity file...
INFO(SPCOCN-1054): ...written

CSDirect Allegro Design Entry HDL 16.6-p007 (v16-6-112F) 10/10/2012

Netlisting block gt_delays_ports

Processing page 1

No netlisting errors found. 

INFO(SPCOCN-1054): ...written
INFO(SPCOCN-1445): Reading BACK_PORTS.SCH.1.1 into drawing #1.
INFO(SPCOCN-1028): writing <tubii_tk2_lib>BACK_PORTS.SCH.1.1:
INFO(SPCOCN-1044): writing binary file...
INFO(SPCOCN-1049): writing ASCII file...
INFO(SPCOCN-1053): writing connectivity file...
INFO(SPCOCN-1054): ...written

CSDirect Allegro Design Entry HDL 16.6-p007 (v16-6-112F) 10/10/2012

Netlisting block back_ports

Processing page 1

No netlisting errors found. 

INFO(SPCOCN-1054): ...written
nmapedit
_!editincontext
INFO(SPCOCN-1445): Reading TUBII.SCH.1.1 into drawing #1.
exit
