
Log File Report from Page Management Commands
~~~~~~~~~~~~~~~~~~~~~~~~~~~~~~~~~~~~~~~~~~~~~

Current Design             :   @tubii_tk2_lib.tubii(sch_1)
Current Page List          :   1-2
Current Total Pages        :   2
Current Active Page        :   1



May 03 15:33:29 2015

---------------------------------------------
Command:   Page Move

   Pages to Move           :   2
   Move Location           :   1


Details:   Page Move

    1. Page Move       2     3  
    2. Page Edit       4  
    3. Page Move       1     2  
    4. Page Edit       2  
    5. Page Move       3     1  


Results:   Page Move

   Ending Page List        :   1-2
   Ending Total Pages      :   2
   Active Page             :   2


---------------------------------------------
Summary:

    Status                 :  Successful Completion!
    Initial Page Count     :  2
    Final Page Count       :  2

    Start Time             :  May 03 15:33:29 2015
    End Time               :  May 03 15:33:34 2015
    Elapsed Time           :  00:00:05  (hrs:min:sec)

