FILE_TYPE=LIBRARY_PARTS;
primitive 'MC10H104';
  pin
    'A1':
      PIN_NUMBER='(5)';
      INPUT_LOAD='(-0.01,0.01)';
    'A2':
      PIN_NUMBER='(8)';
      INPUT_LOAD='(-0.01,0.01)';
    'A3':
      PIN_NUMBER='(13)';
      INPUT_LOAD='(-0.01,0.01)';
    'A4':
      PIN_NUMBER='(15)';
      INPUT_LOAD='(-0.01,0.01)';
    'B1':
      PIN_NUMBER='(7)';
      INPUT_LOAD='(-0.01,0.01)';
    'B2':
      PIN_NUMBER='(9)';
      INPUT_LOAD='(-0.01,0.01)';
    'B3':
      PIN_NUMBER='(14)';
      INPUT_LOAD='(-0.01,0.01)';
    'B4':
      PIN_NUMBER='(17)';
      INPUT_LOAD='(-0.01,0.01)';
    'Q1':
      PIN_NUMBER='(3)';
      OUTPUT_LOAD='(1.0,-1.0)';
    'Q2':
      PIN_NUMBER='(4)';
      OUTPUT_LOAD='(1.0,-1.0)';
    'Q3':
      PIN_NUMBER='(18)';
      OUTPUT_LOAD='(1.0,-1.0)';
    'Q4':
      PIN_NUMBER='(19)';
      OUTPUT_LOAD='(1.0,-1.0)';
      DIFF_PAIR_PINS_POS='dp_q4';
    '-Q4':
      PIN_NUMBER='(12)';
      OUTPUT_LOAD='(1.0,-1.0)';
      DIFF_PAIR_PINS_NEG='dp_q4';
    'GND1':
      PIN_NUMBER='(2)';
      PINUSE='GROUND';
      NO_LOAD_CHECK='Both';
      NO_IO_CHECK='Both';
      NO_ASSERT_CHECK='TRUE';
      NO_DIR_CHECK='TRUE';
      ALLOW_CONNECT='TRUE';
    'GND2':
      PIN_NUMBER='(20)';
      PINUSE='GROUND';
      NO_LOAD_CHECK='Both';
      NO_IO_CHECK='Both';
      NO_ASSERT_CHECK='TRUE';
      NO_DIR_CHECK='TRUE';
      ALLOW_CONNECT='TRUE';
    'VEE':
      PIN_NUMBER='(10)';
      PINUSE='POWER';
      NO_LOAD_CHECK='Both';
      NO_IO_CHECK='Both';
      NO_ASSERT_CHECK='TRUE';
      NO_DIR_CHECK='TRUE';
      ALLOW_CONNECT='TRUE';
  end_pin;
  body
    PART_NAME='MC10H104';
    BODY_NAME='MC10H104';
    JEDEC_TYPE='plcc20';
    PHYS_DES_PREFIX='U';
    CLASS='IC';
    NC_PINS='(1,6,11,16)';
  end_body;
end_primitive;

END.
