FILE_TYPE=LIBRARY_PARTS;
primitive 'FOXCLOCK';
  pin
    'OUT':
      PIN_NUMBER='(4)';
      OUTPUT_LOAD='(1.0,-1.0)';
    '-OUT':
      PIN_NUMBER='(5)';
      OUTPUT_LOAD='(1.0,-1.0)';
    'ED':
      PIN_NUMBER='(1)';
      INPUT_LOAD='(-0.01,0.01)';
    'VDD':
      PIN_NUMBER='(6)';
      PINUSE='POWER';
      NO_LOAD_CHECK='Both';
      NO_IO_CHECK='Both';
      NO_ASSERT_CHECK='TRUE';
      NO_DIR_CHECK='TRUE';
      ALLOW_CONNECT='TRUE';
    'GND':
      PIN_NUMBER='(3)';
      PINUSE='GROUND';
      NO_LOAD_CHECK='Both';
      NO_IO_CHECK='Both';
      NO_ASSERT_CHECK='TRUE';
      NO_DIR_CHECK='TRUE';
      ALLOW_CONNECT='TRUE';
  end_pin;
  body
    PART_NAME='FOXCLOCK';
    BODY_NAME='FOXCLOCK';
    JEDEC_TYPE='smd_fox';
    PHYS_DES_PREFIX='U';
    CLASS='IC';
    NC_PINS='(2)';
  end_body;
end_primitive;

END.
