	(Comment
		(Time 01/27/15,16:21:36)
		(User QGPWindowsVB)
		(MsgId ECO_021)
		(Text "Package DS90LV027 added to cell")
		(Param1 "DS90LV027")
	)
	(Comment
		(Time 01/27/15,16:27:22)
		(User QGPWindowsVB)
		(MsgId ECO_081)
		(Text "Symbol sym_1 added to cell")
		(Param1 "sym_1")
	)
	(Comment
		(Time 03/02/15,15:43:31)
		(User QGPWindowsVB)
		(MsgId ECO_022)
		(Text "Package DS90LV027 deleted from cell")
		(Param1 "DS90LV027")
	)
	(Comment
		(Time 03/02/15,15:43:36)
		(User QGPWindowsVB)
		(MsgId ECO_082)
		(Text "Symbol sym_1 deleted from cell")
		(Param1 "sym_1")
	)
	(Comment
		(Time 03/02/15,15:43:38)
		(User QGPWindowsVB)
		(MsgId ECO_021)
		(Text "Package DS90LV027 added to cell")
		(Param1 "DS90LV027")
	)
	(Comment
		(Time 03/02/15,15:47:43)
		(User QGPWindowsVB)
		(MsgId ECO_081)
		(Text "Symbol sym_1 added to cell")
		(Param1 "sym_1")
	)
