	(Comment
		(Time 04/07/11,15:31:51)
		(User GabrielOG)
		(MsgId ECO_021)
		(Text "Package 100EL05 added to cell")
		(Param1 100EL05)
	)
	(Comment
		(Time 04/07/11,15:37:44)
		(User GabrielOG)
		(MsgId ECO_081)
		(Text "Symbol sym_1 added to cell")
		(Param1 sym_1)
	)
	(Comment
		(Time 04/07/11,15:39:31)
		(User GabrielOG)
		(MsgId ECO_081)
		(Text "Symbol sym_2 added to cell")
		(Param1 sym_2)
	)
	(Comment
		(Time 04/07/11,16:32:09)
		(User GabrielOG)
		(MsgId ECO_082)
		(Text "Symbol sym_2 deleted from cell")
		(Param1 sym_2)
	)
	(Comment
		(Time 04/07/11,16:32:15)
		(User GabrielOG)
		(MsgId ECO_082)
		(Text "Symbol sym_1 deleted from cell")
		(Param1 sym_1)
	)
	(Comment
		(Time 04/07/11,16:38:05)
		(User GabrielOG)
		(MsgId ECO_081)
		(Text "Symbol sym_1 added to cell")
		(Param1 sym_1)
	)
	(Comment
		(Time 04/07/11,16:50:12)
		(User GabrielOG)
		(MsgId ECO_082)
		(Text "Symbol sym_1 deleted from cell")
		(Param1 sym_1)
	)
	(Comment
		(Time 04/07/11,16:50:24)
		(User GabrielOG)
		(MsgId ECO_081)
		(Text "Symbol sym_1 added to cell")
		(Param1 sym_1)
	)
