FILE_TYPE=LIBRARY_PARTS;
primitive 'HCT238','HCT238_TSSOP','HCT238_DIP';
  pin
    'A0':
      PIN_NUMBER='(1)';
      INPUT_LOAD='(-0.01,0.01)';
    'A1':
      PIN_NUMBER='(2)';
      INPUT_LOAD='(-0.01,0.01)';
    'A2':
      PIN_NUMBER='(3)';
      INPUT_LOAD='(-0.01,0.01)';
    'Y0':
      PIN_NUMBER='(15)';
      OUTPUT_LOAD='(1.0,-1.0)';
    'Y1':
      PIN_NUMBER='(14)';
      OUTPUT_LOAD='(1.0,-1.0)';
    'Y2':
      PIN_NUMBER='(13)';
      OUTPUT_LOAD='(1.0,-1.0)';
    'Y3':
      PIN_NUMBER='(12)';
      OUTPUT_LOAD='(1.0,-1.0)';
    'Y4':
      PIN_NUMBER='(11)';
      OUTPUT_LOAD='(1.0,-1.0)';
    'Y5':
      PIN_NUMBER='(10)';
      OUTPUT_LOAD='(1.0,-1.0)';
    'Y6':
      PIN_NUMBER='(9)';
      OUTPUT_LOAD='(1.0,-1.0)';
    'Y7':
      PIN_NUMBER='(7)';
      OUTPUT_LOAD='(1.0,-1.0)';
    'E1':
      PIN_NUMBER='(4)';
      OUTPUT_TYPE='(OE,OR)';
      OUTPUT_LOAD='(1.0,*)';
    'E2':
      PIN_NUMBER='(5)';
      OUTPUT_TYPE='(OE,OR)';
      OUTPUT_LOAD='(1.0,*)';
    'E3':
      PIN_NUMBER='(6)';
      OUTPUT_TYPE='(OE,OR)';
      OUTPUT_LOAD='(1.0,*)';
  end_pin;
  body
    PART_NAME='HCT238';
    ALT_SYMBOLS='(dip16_3)';
    BODY_NAME='HCT238';
    JEDEC_TYPE='tssop16';
    PHYS_DES_PREFIX='U';
    CLASS='IC';
    GROUND_NETS='GND';
    POWER_PINS='(GND:8)';
    POWER_PINS='(VCC:16)';
  end_body;
end_primitive;

END.
