	(Comment
		(Time 08/02/10,01:52:51 PM)
		(User mastbaum)
		(MsgId ECO_021)
		(Text "Package G3VM-352J added to cell")
		(Param1 G3VM-352J)
	)
	(Comment
		(Time 08/02/10,02:00:14 PM)
		(User mastbaum)
		(MsgId ECO_081)
		(Text "Symbol sym_1 added to cell")
		(Param1 sym_1)
	)
	(Comment
		(Time 08/02/10,03:30:08 PM)
		(User mastbaum)
		(MsgId ECO_081)
		(Text "Symbol sym_2 added to cell")
		(Param1 sym_2)
	)
	(Comment
		(Time 08/02/10,03:35:00 PM)
		(User mastbaum)
		(MsgId ECO_082)
		(Text "Symbol sym_1 deleted from cell")
		(Param1 sym_1)
	)
	(Comment
		(Time 08/02/10,03:37:31 PM)
		(User mastbaum)
		(MsgId ECO_081)
		(Text "Symbol sym_1 added to cell")
		(Param1 sym_1)
	)
	(Comment
		(Time 08/02/10,03:37:39 PM)
		(User mastbaum)
		(MsgId ECO_082)
		(Text "Symbol sym_2 deleted from cell")
		(Param1 sym_2)
	)
