FILE_TYPE=LIBRARY_PARTS;
primitive 'MC10H125';
  pin
    'VBB':
      PIN_NUMBER='(2)';
      OUTPUT_LOAD='(1.0,-1.0)';
    'D1':
      PIN_NUMBER='(4)';
      INPUT_LOAD='(-0.01,0.01)';
      DIFF_PAIR_PINS_POS='dp_d1';
    'D2':
      PIN_NUMBER='(9)';
      INPUT_LOAD='(-0.01,0.01)';
      DIFF_PAIR_PINS_POS='dp_d2';
    'D3':
      PIN_NUMBER='(14)';
      INPUT_LOAD='(-0.01,0.01)';
      DIFF_PAIR_PINS_POS='dp_d3';
    'D4':
      PIN_NUMBER='(19)';
      INPUT_LOAD='(-0.01,0.01)';
      DIFF_PAIR_PINS_POS='dp_d4';
    '-D1':
      PIN_NUMBER='(3)';
      INPUT_LOAD='(-0.01,0.01)';
      DIFF_PAIR_PINS_NEG='dp_d1';
    '-D2':
      PIN_NUMBER='(8)';
      INPUT_LOAD='(-0.01,0.01)';
      DIFF_PAIR_PINS_NEG='dp_d2';
    '-D3':
      PIN_NUMBER='(13)';
      INPUT_LOAD='(-0.01,0.01)';
      DIFF_PAIR_PINS_NEG='dp_d3';
    '-D4':
      PIN_NUMBER='(18)';
      INPUT_LOAD='(-0.01,0.01)';
      DIFF_PAIR_PINS_NEG='dp_d4';
    'Q1':
      PIN_NUMBER='(5)';
      OUTPUT_LOAD='(1.0,-1.0)';
    'Q2':
      PIN_NUMBER='(7)';
      OUTPUT_LOAD='(1.0,-1.0)';
    'Q3':
      PIN_NUMBER='(15)';
      OUTPUT_LOAD='(1.0,-1.0)';
    'Q4':
      PIN_NUMBER='(17)';
      OUTPUT_LOAD='(1.0,-1.0)';
    'VEE':
      PIN_NUMBER='(10)';
      PINUSE='POWER';
      NO_LOAD_CHECK='Both';
      NO_IO_CHECK='Both';
      NO_ASSERT_CHECK='TRUE';
      NO_DIR_CHECK='TRUE';
      ALLOW_CONNECT='TRUE';
    'GND':
      PIN_NUMBER='(20)';
      PINUSE='GROUND';
      NO_LOAD_CHECK='Both';
      NO_IO_CHECK='Both';
      NO_ASSERT_CHECK='TRUE';
      NO_DIR_CHECK='TRUE';
      ALLOW_CONNECT='TRUE';
    'VCC':
      PIN_NUMBER='(12)';
      PINUSE='POWER';
      NO_LOAD_CHECK='Both';
      NO_IO_CHECK='Both';
      NO_ASSERT_CHECK='TRUE';
      NO_DIR_CHECK='TRUE';
      ALLOW_CONNECT='TRUE';
  end_pin;
  body
    PART_NAME='MC10H125';
    BODY_NAME='MC10H125';
    JEDEC_TYPE='plcc20';
    PHYS_DES_PREFIX='U';
    CLASS='IC';
    NC_PINS='(1,6,11,16)';
  end_body;
end_primitive;

END.
