	(Comment
		(Time 07/30/10,01:00:07 PM)
		(User mastbaum)
		(MsgId ECO_021)
		(Text "Package 74F245 added to cell")
		(Param1 74F245)
	)
	(Comment
		(Time 07/30/10,01:03:47 PM)
		(User mastbaum)
		(MsgId ECO_021)
		(Text "Package 74F245_1 added to cell")
		(Param1 74F245_1)
	)
	(Comment
		(Time 07/30/10,01:10:16 PM)
		(User mastbaum)
		(MsgId ECO_081)
		(Text "Symbol sym_1 added to cell")
		(Param1 sym_1)
	)
	(Comment
		(Time 07/30/10,01:10:42 PM)
		(User mastbaum)
		(MsgId ECO_022)
		(Text "Package 74F245_1 deleted from cell")
		(Param1 74F245_1)
	)
	(Comment
		(Time 07/30/10,01:10:47 PM)
		(User mastbaum)
		(MsgId ECO_082)
		(Text "Symbol sym_1 deleted from cell")
		(Param1 sym_1)
	)
	(Comment
		(Time 07/30/10,01:12:57 PM)
		(User mastbaum)
		(MsgId ECO_081)
		(Text "Symbol sym_1 added to cell")
		(Param1 sym_1)
	)
