	(Comment
		(Time 10/29/14,16:24:49)
		(User QGPWindowsVB)
		(MsgId ECO_021)
		(Text "Package MC10H104 added to cell")
		(Param1 "MC10H104")
	)
	(Comment
		(Time 10/29/14,16:43:11)
		(User QGPWindowsVB)
		(MsgId ECO_081)
		(Text "Symbol sym_1 added to cell")
		(Param1 "sym_1")
	)
	(Comment
		(Time 02/28/15,17:19:01)
		(User Eric Marzec)
		(MsgId ECO_082)
		(Text "Symbol sym_1 deleted from cell")
		(Param1 "sym_1")
	)
	(Comment
		(Time 02/28/15,17:19:09)
		(User Eric Marzec)
		(MsgId ECO_022)
		(Text "Package MC10H104 deleted from cell")
		(Param1 "MC10H104")
	)
	(Comment
		(Time 02/28/15,17:19:11)
		(User Eric Marzec)
		(MsgId ECO_021)
		(Text "Package MC10H104 added to cell")
		(Param1 "MC10H104")
	)
	(Comment
		(Time 02/28/15,17:30:44)
		(User Eric Marzec)
		(MsgId ECO_081)
		(Text "Symbol sym_1 added to cell")
		(Param1 "sym_1")
	)
