FILE_TYPE=LIBRARY_PARTS;
primitive 'HCT123';
  pin
    '-RD1':
      PIN_NUMBER='(3)';
      INPUT_LOAD='(-0.01,0.01)';
    '-RD2':
      PIN_NUMBER='(11)';
      INPUT_LOAD='(-0.01,0.01)';
    'Q1':
      PIN_NUMBER='(13)';
      OUTPUT_LOAD='(1.0,-1.0)';
      DIFF_PAIR_PINS_POS='dp_q1';
    'Q2':
      PIN_NUMBER='(5)';
      OUTPUT_LOAD='(1.0,-1.0)';
      DIFF_PAIR_PINS_POS='dp_q2';
    '-Q1':
      PIN_NUMBER='(4)';
      OUTPUT_LOAD='(1.0,-1.0)';
      DIFF_PAIR_PINS_NEG='dp_q1';
    '-Q2':
      PIN_NUMBER='(12)';
      OUTPUT_LOAD='(1.0,-1.0)';
      DIFF_PAIR_PINS_NEG='dp_q2';
    'CEXT1':
      PIN_NUMBER='(14)';
      PINUSE='UNSPEC';
      NO_LOAD_CHECK='Both';
      ALLOW_CONNECT='TRUE';
      UNKNOWN_LOADING='TRUE';
    'CEXT2':
      PIN_NUMBER='(6)';
      PINUSE='UNSPEC';
      NO_LOAD_CHECK='Both';
      ALLOW_CONNECT='TRUE';
      UNKNOWN_LOADING='TRUE';
    'REXT/CEXT1':
      PIN_NUMBER='(15)';
      PINUSE='UNSPEC';
      NO_LOAD_CHECK='Both';
      ALLOW_CONNECT='TRUE';
      UNKNOWN_LOADING='TRUE';
    'REXT/CEXT2':
      PIN_NUMBER='(7)';
      PINUSE='UNSPEC';
      NO_LOAD_CHECK='Both';
      ALLOW_CONNECT='TRUE';
      UNKNOWN_LOADING='TRUE';
    'IN_B1':
      PIN_NUMBER='(2)';
      INPUT_LOAD='(-0.01,0.01)';
    'IN_B2':
      PIN_NUMBER='(10)';
      INPUT_LOAD='(-0.01,0.01)';
    '-IN_A1':
      PIN_NUMBER='(1)';
      INPUT_LOAD='(-0.01,0.01)';
    '-IN_A2':
      PIN_NUMBER='(9)';
      INPUT_LOAD='(-0.01,0.01)';
    'VCC':
      PIN_NUMBER='(16)';
      PINUSE='POWER';
      NO_LOAD_CHECK='Both';
      NO_IO_CHECK='Both';
      NO_ASSERT_CHECK='TRUE';
      NO_DIR_CHECK='TRUE';
      ALLOW_CONNECT='TRUE';
    'GND':
      PIN_NUMBER='(8)';
      PINUSE='POWER';
      NO_LOAD_CHECK='Both';
      NO_IO_CHECK='Both';
      NO_ASSERT_CHECK='TRUE';
      NO_DIR_CHECK='TRUE';
      ALLOW_CONNECT='TRUE';
  end_pin;
  body
    PART_NAME='HCT123';
    BODY_NAME='HCT123';
    PHYS_DES_PREFIX='U';
    CLASS='IC';
  end_body;
end_primitive;

END.
