FILE_TYPE=LIBRARY_PARTS;
primitive '74F245';
  pin
    'DIR':
      PIN_NUMBER='(1)';
      INPUT_LOAD='(-0.01,0.01)';
    '-OE':
      PIN_NUMBER='(19)';
      INPUT_LOAD='(-0.01,0.01)';
    'A1':
      PIN_NUMBER='(2)';
      INPUT_LOAD='(-0.01,0.01)';
    'A2':
      PIN_NUMBER='(3)';
      INPUT_LOAD='(-0.01,0.01)';
    'A3':
      PIN_NUMBER='(4)';
      INPUT_LOAD='(-0.01,0.01)';
    'A4':
      PIN_NUMBER='(5)';
      INPUT_LOAD='(-0.01,0.01)';
    'A5':
      PIN_NUMBER='(6)';
      INPUT_LOAD='(-0.01,0.01)';
    'A6':
      PIN_NUMBER='(7)';
      INPUT_LOAD='(-0.01,0.01)';
    'A7':
      PIN_NUMBER='(8)';
      INPUT_LOAD='(-0.01,0.01)';
    'A8':
      PIN_NUMBER='(9)';
      INPUT_LOAD='(-0.01,0.01)';
    'B1':
      PIN_NUMBER='(18)';
      OUTPUT_LOAD='(1.0,-1.0)';
    'B2':
      PIN_NUMBER='(17)';
      OUTPUT_LOAD='(1.0,-1.0)';
    'B3':
      PIN_NUMBER='(16)';
      OUTPUT_LOAD='(1.0,-1.0)';
    'B4':
      PIN_NUMBER='(15)';
      OUTPUT_LOAD='(1.0,-1.0)';
    'B5':
      PIN_NUMBER='(14)';
      OUTPUT_LOAD='(1.0,-1.0)';
    'B6':
      PIN_NUMBER='(13)';
      OUTPUT_LOAD='(1.0,-1.0)';
    'B7':
      PIN_NUMBER='(12)';
      OUTPUT_LOAD='(1.0,-1.0)';
    'B8':
      PIN_NUMBER='(11)';
      OUTPUT_LOAD='(1.0,-1.0)';
  end_pin;
  body
    PART_NAME='74F245';
    BODY_NAME='74F245';
    JEDEC_TYPE='soic20w';
    PHYS_DES_PREFIX='U';
    CLASS='IC';
    GROUND_NETS='GND';
    POWER_PINS='(GND:10)';
    POWER_PINS='(VCC:20)';
  end_body;
end_primitive;

END.
