temp/xxnedtmp30/event.log NEWFILE1
temp/xxnedtmp30/text.log NEWFILE2
temp/xxnedtmp30/environ.log NEWFILE3
C:\Cadence\SPB_16.6\share\cdssetup/concept/concepthdl.scr FILE4
C:\Users\QGPWindowsVB\Documents\ANUSTART\cds.lib FILE5
C:\Users\QGPWindowsVB\Documents\ANUSTART\worklib\tubii\sch_1\page1.csb FILE6
C:\Users\QGPWindowsVB\Documents\ANUSTART\worklib\tubii\sch_1\page1_csb.lck NEWFILE7
temp/xxnedtmp30/undo1.log NEWFILE8
C:\Users\QGPWindowsVB\Documents\ANUSTART\Parts\parts\misc\penn#20b#20size#20page\sym_1\symbol.css FILE9
C:\Users\QGPWindowsVB\Documents\ANUSTART\worklib\tubii_pcb\sch_1\page1.csb FILE10
C:\Users\QGPWindowsVB\Documents\ANUSTART\worklib\tubii_pcb\sch_1\page1_csb.lck NEWFILE11
C:\Users\QGPWindowsVB\Documents\ANUSTART\worklib\tubii\sch_1\page1_csa.lck NEWFILE12
C:\Users\QGPWindowsVB\Documents\ANUSTART\worklib\ellie_coms\sym_1\symbol.css FILE13
C:\Cadence\SPB_16.6\share\library\standard\outport\sym_1\symbol.css FILE14
C:\Users\QGPWindowsVB\Documents\ANUSTART\worklib\fan_connections\sym_1\symbol.css FILE15
C:\Cadence\SPB_16.6\share\library\standard\inport\sym_1\symbol.css FILE16
C:\Users\QGPWindowsVB\Documents\ANUSTART\worklib\caen_coms\sym_1\symbol.css FILE17
C:\Users\QGPWindowsVB\Documents\ANUSTART\worklib\ext_trigs\sym_1\symbol.css FILE18
C:\Users\QGPWindowsVB\Documents\ANUSTART\worklib\ecal_control\sym_1\symbol.css FILE19
C:\Users\QGPWindowsVB\Documents\ANUSTART\Parts\parts\ttl\hct238\sym_1\symbol.css FILE20
C:\Users\QGPWindowsVB\Documents\ANUSTART\worklib\power\sym_1\symbol.css FILE21
C:\Users\QGPWindowsVB\Documents\ANUSTART\worklib\general_utilities\sym_1\symbol.css FILE22
C:\Users\QGPWindowsVB\Documents\ANUSTART\worklib\mtca_mimic\sym_1\symbol.css FILE23
C:\Users\QGPWindowsVB\Documents\ANUSTART\worklib\clocks\sym_1\symbol.css FILE24
C:\Users\QGPWindowsVB\Documents\ANUSTART\worklib\lo_gen\sym_1\symbol.css FILE25
C:\Users\QGPWindowsVB\Documents\ANUSTART\worklib\baseline_buffer\sym_1\symbol.css FILE26
C:\Users\QGPWindowsVB\Documents\ANUSTART\worklib\tubii_spkr\sym_1\symbol.css FILE27
C:\Users\QGPWindowsVB\Documents\ANUSTART\worklib\cntrl_register\sym_1\symbol.css FILE28
C:\Users\QGPWindowsVB\Documents\ANUSTART\worklib\microzed_module\sym_1\symbol.css FILE29
C:\Users\QGPWindowsVB\Documents\ANUSTART\worklib\tubii_pcb\sch_1\page1_csa.lck NEWFILE30
C:/Users/QGPWindowsVB/Documents/ANUSTART/worklib/tubii/sch_1/tubii.xcon FILE31
C:/Users/QGPWindowsVB/Documents/ANUSTART/worklib/tubii/sch_1/tubii.dcf FILE32
C:\Users\QGPWindowsVB\Documents\ANUSTART\worklib\caen_buffer\sch_1\page1.csb FILE33
C:\Users\QGPWindowsVB\Documents\ANUSTART\worklib\caen_buffer\sch_1\page1_csb.lck NEWFILE34
C:\Users\QGPWindowsVB\Documents\ANUSTART\Parts\parts\resistors\res_l\sym_1\symbol.css FILE35
C:\Users\QGPWindowsVB\Documents\ANUSTART\Parts\parts\misc\led_1206\sym_1\symbol.css FILE36
C:\Users\QGPWindowsVB\Documents\ANUSTART\Parts\parts\capacitors\csmd0805\sym_1\symbol.css FILE37
C:\Users\QGPWindowsVB\Documents\ANUSTART\Parts\parts\misc\ths3061\sym_1\symbol.css FILE38
C:\Users\QGPWindowsVB\Documents\ANUSTART\Parts\parts\resistors\rsmd0805\sym_1\symbol.css FILE39
C:\Users\QGPWindowsVB\Documents\ANUSTART\Parts\parts\diodes\1n4448\sym_1\symbol.css FILE40
C:\Users\QGPWindowsVB\Documents\ANUSTART\Parts\parts\misc\coto2342\sym_1\symbol.css FILE41
C:\Users\QGPWindowsVB\Documents\ANUSTART\worklib\caen_buffer\sch_1\page1_csa.lck NEWFILE42
C:\Users\QGPWindowsVB\Documents\ANUSTART\worklib\power\sch_1\page1.csb FILE43
C:\Users\QGPWindowsVB\Documents\ANUSTART\worklib\power\sch_1\page1_csb.lck NEWFILE44
C:\Users\QGPWindowsVB\Documents\ANUSTART\Parts\parts\capacitors\tant0805\sym_1\symbol.css FILE45
C:\Users\QGPWindowsVB\Documents\ANUSTART\Parts\parts\misc\testpoint_l\sym_1\symbol.css FILE46
C:\Users\QGPWindowsVB\Documents\ANUSTART\Parts\parts\regulators\lm2595\sym_1\symbol.css FILE47
C:\Users\QGPWindowsVB\Documents\ANUSTART\Parts\parts\capacitors\cap_1210\sym_1\symbol.css FILE48
C:\Users\QGPWindowsVB\Documents\ANUSTART\Parts\parts\misc\inductor_l\sym_1\symbol.css FILE49
C:\Users\QGPWindowsVB\Documents\ANUSTART\Parts\parts\diodes\1n5822\sym_1\symbol.css FILE50
C:\Users\QGPWindowsVB\Documents\ANUSTART\Parts\parts\regulators\lt1085ct\sym_1\symbol.css FILE51
C:\Users\QGPWindowsVB\Documents\ANUSTART\Parts\parts\misc\ostoq027150\sym_1\symbol.css FILE52
C:\Users\QGPWindowsVB\Documents\ANUSTART\Parts\parts\capacitors\csmd0603\sym_1\symbol.css FILE53
C:\Users\QGPWindowsVB\Documents\ANUSTART\Parts\parts\misc\led_l\sym_1\symbol.css FILE54
C:\Users\QGPWindowsVB\Documents\ANUSTART\Parts\parts\misc\ostoq047150\sym_1\symbol.css FILE55
C:\Users\QGPWindowsVB\Documents\ANUSTART\Parts\parts\regulators\7915_l\sym_1\symbol.css FILE56
C:\Users\QGPWindowsVB\Documents\ANUSTART\Parts\parts\regulators\7815s_l\sym_1\symbol.css FILE57
C:\Users\QGPWindowsVB\Documents\ANUSTART\worklib\power\sch_1\page1_csa.lck NEWFILE58
C:\Users\QGPWindowsVB\Documents\ANUSTART\worklib\tubii\packaged/pstback.dat FILE59
C:/Cadence/SPB_16.6/tools/language/config.dat FILE60
temp/xxnedtmp30/../penn#20b#20size#20page.mkr NEWFILE61
temp/xxnedtmp30/../ellie_coms.mkr NEWFILE62
temp/xxnedtmp30/../outport.mkr NEWFILE63
temp/xxnedtmp30/../fan_connections.mkr NEWFILE64
temp/xxnedtmp30/../inport.mkr NEWFILE65
temp/xxnedtmp30/../caen_coms.mkr NEWFILE66
temp/xxnedtmp30/../ext_trigs.mkr NEWFILE67
temp/xxnedtmp30/../ecal_control.mkr NEWFILE68
temp/xxnedtmp30/../hct238.mkr NEWFILE69
temp/xxnedtmp30/../power.mkr NEWFILE70
temp/xxnedtmp30/../general_utilities.mkr NEWFILE71
temp/xxnedtmp30/../mtca_mimic.mkr NEWFILE72
temp/xxnedtmp30/../clocks.mkr NEWFILE73
temp/xxnedtmp30/../lo_gen.mkr NEWFILE74
temp/xxnedtmp30/../baseline_buffer.mkr NEWFILE75
temp/xxnedtmp30/../tubii_spkr.mkr NEWFILE76
temp/xxnedtmp30/../cntrl_register.mkr NEWFILE77
temp/xxnedtmp30/../microzed_module.mkr NEWFILE78
C:\Users\QGPWindowsVB\Documents\ANUSTART\worklib\tubii_pcb\sch_1\page1.csa FILE79
C:\Users\QGPWindowsVB\Documents\ANUSTART\worklib\tubii_pcb\sch_1\page1.csv FILE80
C:/Users/QGPWindowsVB/Documents/ANUSTART/worklib/tubii_pcb/sch_1/tubii_pcb_xcon.lck NEWFILE81
C:/Users/QGPWindowsVB/Documents/ANUSTART/worklib/tubii_pcb/sch_1/tubii_pcb_dcf.lck NEWFILE82
temp/xxnedtmp30/csnetlister.mkr NEWFILE83
C:\Users\QGPWindowsVB\Documents\ANUSTART\worklib\microzed_module\sch_1\page1.csb FILE84
C:\Users\QGPWindowsVB\Documents\ANUSTART\worklib\microzed_module\sch_1\page1_csb.lck NEWFILE85
C:\Users\QGPWindowsVB\Documents\ANUSTART\Parts\parts\resistors\rsmd0603\sym_1\symbol.css FILE86
C:\Users\QGPWindowsVB\Documents\ANUSTART\Parts\parts\ttl\74lv06a\sym_1\symbol.css FILE87
C:\Users\QGPWindowsVB\Documents\ANUSTART\Parts\parts\misc\fci_61083#2d101400lf\sym_1\symbol.css FILE88
C:\Users\QGPWindowsVB\Documents\ANUSTART\Parts\parts\ttl\74lvc07a\sym_1\symbol.css FILE89
C:\Users\QGPWindowsVB\Documents\ANUSTART\Parts\parts\ttl\74lv07a\sym_1\symbol.css FILE90
C:\Users\QGPWindowsVB\Documents\ANUSTART\Parts\parts\transistors\bss138\sym_1\symbol.css FILE91
temp/xxnedtmp30/../testpoint_l.mkr NEWFILE92
temp/xxnedtmp30/../led_1206.mkr NEWFILE93
temp/xxnedtmp30/../rsmd0603.mkr NEWFILE94
temp/xxnedtmp30/../csmd0603.mkr NEWFILE95
temp/xxnedtmp30/../74lv06a.mkr NEWFILE96
temp/xxnedtmp30/../fci_61083#2d101400lf.mkr NEWFILE97
temp/xxnedtmp30/../74lvc07a.mkr NEWFILE98
temp/xxnedtmp30/../74lv07a.mkr NEWFILE99
temp/xxnedtmp30/../rsmd0805.mkr NEWFILE100
temp/xxnedtmp30/../csmd0805.mkr NEWFILE101
temp/xxnedtmp30/../bss138.mkr NEWFILE102
temp/xxnedtmp30/../led_l.mkr NEWFILE103
C:\Users\QGPWindowsVB\Documents\ANUSTART\worklib\microzed_module\sch_1\page1.csa FILE104
C:\Users\QGPWindowsVB\Documents\ANUSTART\worklib\microzed_module\sch_1\page1.csv FILE105
C:\Users\QGPWindowsVB\Documents\ANUSTART\worklib\microzed_module\sch_1\pc.db FILE106
C:/Users/QGPWindowsVB/Documents/ANUSTART/worklib/microzed_module/sch_1/microzed_module_xcon.lck NEWFILE107
C:/Users/QGPWindowsVB/Documents/ANUSTART/worklib/microzed_module/sch_1/microzed_module_dcf.lck NEWFILE108
C:\Users\QGPWindowsVB\Documents\ANUSTART\worklib\clocks\sch_1\page1.csb FILE109
C:\Users\QGPWindowsVB\Documents\ANUSTART\worklib\clocks\sch_1\page1_csb.lck NEWFILE110
C:\Users\QGPWindowsVB\Documents\ANUSTART\worklib\microzed_module\sch_1\page1_csa.lck NEWFILE111
C:\Users\QGPWindowsVB\Documents\ANUSTART\Parts\parts\ecl\mc10h124\sym_1\symbol.css FILE112
C:\Users\QGPWindowsVB\Documents\ANUSTART\worklib\change_clks\sym_1\symbol.css FILE113
C:\Users\QGPWindowsVB\Documents\ANUSTART\Parts\parts\ttl\74hct164\sym_1\symbol.css FILE114
C:\Users\QGPWindowsVB\Documents\ANUSTART\Parts\parts\ttl\sn74s32\sym_1\symbol.css FILE115
C:\Users\QGPWindowsVB\Documents\ANUSTART\Parts\parts\misc\dr610f1_button\sym_1\symbol.css FILE116
C:\Users\QGPWindowsVB\Documents\ANUSTART\worklib\fault_detection\sym_1\symbol.css FILE117
C:\Cadence\SPB_16.6\share\library\standard\8#20merge\sym_1\symbol.css FILE118
C:\Users\QGPWindowsVB\Documents\ANUSTART\worklib\default_clk_sel\sym_1\symbol.css FILE119
temp/xxnedtmp30/../mc10h124.mkr NEWFILE120
temp/xxnedtmp30/../change_clks.mkr NEWFILE121
temp/xxnedtmp30/../74hct164.mkr NEWFILE122
temp/xxnedtmp30/../sn74s32.mkr NEWFILE123
temp/xxnedtmp30/../dr610f1_button.mkr NEWFILE124
temp/xxnedtmp30/../fault_detection.mkr NEWFILE125
temp/xxnedtmp30/../8#20merge.mkr NEWFILE126
temp/xxnedtmp30/../default_clk_sel.mkr NEWFILE127
C:\Users\QGPWindowsVB\Documents\ANUSTART\worklib\clocks\sch_1\page1.csa FILE128
C:\Users\QGPWindowsVB\Documents\ANUSTART\worklib\clocks\sch_1\page1.csv FILE129
C:/Users/QGPWindowsVB/Documents/ANUSTART/worklib/clocks/sch_1/clocks_xcon.lck NEWFILE130
C:/Users/QGPWindowsVB/Documents/ANUSTART/worklib/clocks/sch_1/clocks_dcf.lck NEWFILE131
C:\Users\QGPWindowsVB\Documents\ANUSTART\worklib\default_clk_sel\sch_1\page1.csb FILE132
C:\Users\QGPWindowsVB\Documents\ANUSTART\worklib\default_clk_sel\sch_1\page1_csb.lck NEWFILE133
C:\Users\QGPWindowsVB\Documents\ANUSTART\worklib\clocks\sch_1\page1_csa.lck NEWFILE134
C:\Users\QGPWindowsVB\Documents\ANUSTART\Parts\parts\diodes\z4ke\sym_1\symbol.css FILE135
C:\Users\QGPWindowsVB\Documents\ANUSTART\Parts\parts\ecl\mc10h104\sym_1\symbol.css FILE136
C:\Users\QGPWindowsVB\Documents\ANUSTART\Parts\parts\ecl\mc10h116\sym_1\symbol.css FILE137
C:\Users\QGPWindowsVB\Documents\ANUSTART\Parts\parts\misc\sy100el34l\sym_1\symbol.css FILE138
C:\Users\QGPWindowsVB\Documents\ANUSTART\Parts\parts\ecl\sy100el91l\sym_1\symbol.css FILE139
C:\Users\QGPWindowsVB\Documents\ANUSTART\Parts\parts\misc\foxclock\sym_1\symbol.css FILE140
temp/xxnedtmp30/../z4ke.mkr NEWFILE141
temp/xxnedtmp30/../mc10h104.mkr NEWFILE142
temp/xxnedtmp30/../mc10h116.mkr NEWFILE143
temp/xxnedtmp30/../sy100el34l.mkr NEWFILE144
temp/xxnedtmp30/../sy100el91l.mkr NEWFILE145
temp/xxnedtmp30/../foxclock.mkr NEWFILE146
C:\Users\QGPWindowsVB\Documents\ANUSTART\worklib\default_clk_sel\sch_1\page1.csa FILE147
C:\Users\QGPWindowsVB\Documents\ANUSTART\worklib\default_clk_sel\sch_1\page1.csv FILE148
C:/Users/QGPWindowsVB/Documents/ANUSTART/worklib/default_clk_sel/sch_1/default_clk_sel_xcon.lck NEWFILE149
C:/Users/QGPWindowsVB/Documents/ANUSTART/worklib/default_clk_sel/sch_1/default_clk_sel_dcf.lck NEWFILE150
C:\Users\QGPWindowsVB\Documents\ANUSTART\worklib\fault_detection\sch_1\page1.csb FILE151
C:\Users\QGPWindowsVB\Documents\ANUSTART\worklib\fault_detection\sch_1\page1_csb.lck NEWFILE152
C:\Users\QGPWindowsVB\Documents\ANUSTART\worklib\default_clk_sel\sch_1\page1_csa.lck NEWFILE153
C:\Users\QGPWindowsVB\Documents\ANUSTART\Parts\parts\misc\sip_header_2pin\sym_1\symbol.css FILE154
C:\Users\QGPWindowsVB\Documents\ANUSTART\Parts\parts\ecl\mc10h131\sym_1\symbol.css FILE155
C:\Users\QGPWindowsVB\Documents\ANUSTART\Parts\parts\ecl\mc10e016\sym_1\symbol.css FILE156
C:\Users\QGPWindowsVB\Documents\ANUSTART\Parts\parts\ttl\sy100el05\sym_1\symbol.css FILE157
C:\Users\QGPWindowsVB\Documents\ANUSTART\Parts\parts\ttl\74hct273\sym_1\symbol.css FILE158
C:\Users\QGPWindowsVB\Documents\ANUSTART\Parts\parts\misc\hct123\sym_1\symbol.css FILE159
C:\Users\QGPWindowsVB\Documents\ANUSTART\Parts\parts\ecl\mc10h125\sym_1\symbol.css FILE160
C:\Users\QGPWindowsVB\Documents\ANUSTART\Parts\parts\ecl\mc10e116\sym_1\symbol.css FILE161
temp/xxnedtmp30/../sip_header_2pin.mkr NEWFILE162
temp/xxnedtmp30/../mc10h131.mkr NEWFILE163
temp/xxnedtmp30/../mc10e016.mkr NEWFILE164
temp/xxnedtmp30/../sy100el05.mkr NEWFILE165
temp/xxnedtmp30/../74hct273.mkr NEWFILE166
temp/xxnedtmp30/../hct123.mkr NEWFILE167
temp/xxnedtmp30/../mc10h125.mkr NEWFILE168
temp/xxnedtmp30/../mc10e116.mkr NEWFILE169
C:\Users\QGPWindowsVB\Documents\ANUSTART\worklib\fault_detection\sch_1\page1.csa FILE170
C:\Users\QGPWindowsVB\Documents\ANUSTART\worklib\fault_detection\sch_1\page1.csv FILE171
C:/Users/QGPWindowsVB/Documents/ANUSTART/worklib/fault_detection/sch_1/fault_detection_xcon.lck NEWFILE172
C:/Users/QGPWindowsVB/Documents/ANUSTART/worklib/fault_detection/sch_1/fault_detection_dcf.lck NEWFILE173
C:\Users\QGPWindowsVB\Documents\ANUSTART\worklib\change_clks\sch_1\page1.csb FILE174
C:\Users\QGPWindowsVB\Documents\ANUSTART\worklib\change_clks\sch_1\page1_csb.lck NEWFILE175
C:\Users\QGPWindowsVB\Documents\ANUSTART\worklib\fault_detection\sch_1\page1_csa.lck NEWFILE176
C:\Users\QGPWindowsVB\Documents\ANUSTART\Parts\parts\misc\ss22sdp2\sym_1\symbol.css FILE177
temp/xxnedtmp30/../ss22sdp2.mkr NEWFILE178
C:\Users\QGPWindowsVB\Documents\ANUSTART\worklib\change_clks\sch_1\page1.csa FILE179
C:\Users\QGPWindowsVB\Documents\ANUSTART\worklib\change_clks\sch_1\page1.csv FILE180
C:/Users/QGPWindowsVB/Documents/ANUSTART/worklib/change_clks/sch_1/change_clks_xcon.lck NEWFILE181
C:/Users/QGPWindowsVB/Documents/ANUSTART/worklib/change_clks/sch_1/change_clks_dcf.lck NEWFILE182
C:\Users\QGPWindowsVB\Documents\ANUSTART\worklib\pulse_inverter\sch_1\page1.csb FILE183
C:\Users\QGPWindowsVB\Documents\ANUSTART\worklib\pulse_inverter\sch_1\page1_csb.lck NEWFILE184
C:\Users\QGPWindowsVB\Documents\ANUSTART\worklib\change_clks\sch_1\page1_csa.lck NEWFILE185
C:\Users\QGPWindowsVB\Documents\ANUSTART\Parts\parts\misc\ad8009\sym_1\symbol.css FILE186
temp/xxnedtmp30/../ad8009.mkr NEWFILE187
C:\Users\QGPWindowsVB\Documents\ANUSTART\worklib\pulse_inverter\sch_1\page1.csa FILE188
C:\Users\QGPWindowsVB\Documents\ANUSTART\worklib\pulse_inverter\sch_1\page1.csv FILE189
C:/Users/QGPWindowsVB/Documents/ANUSTART/worklib/pulse_inverter/sch_1/pulse_inverter_xcon.lck NEWFILE190
C:/Users/QGPWindowsVB/Documents/ANUSTART/worklib/pulse_inverter/sch_1/pulse_inverter_dcf.lck NEWFILE191
C:\Users\QGPWindowsVB\Documents\ANUSTART\worklib\ribbon_delay\sch_1\page1.csb FILE192
C:\Users\QGPWindowsVB\Documents\ANUSTART\worklib\ribbon_delay\sch_1\page1_csb.lck NEWFILE193
C:\Users\QGPWindowsVB\Documents\ANUSTART\worklib\pulse_inverter\sch_1\page1_csa.lck NEWFILE194
C:\Users\QGPWindowsVB\Documents\ANUSTART\Parts\parts\misc\ids_c10\sym_1\symbol.css FILE195
temp/xxnedtmp30/../ids_c10.mkr NEWFILE196
C:\Users\QGPWindowsVB\Documents\ANUSTART\worklib\ribbon_delay\sch_1\page1.csa FILE197
C:\Users\QGPWindowsVB\Documents\ANUSTART\worklib\ribbon_delay\sch_1\page1.csv FILE198
C:/Users/QGPWindowsVB/Documents/ANUSTART/worklib/ribbon_delay/sch_1/ribbon_delay_xcon.lck NEWFILE199
C:/Users/QGPWindowsVB/Documents/ANUSTART/worklib/ribbon_delay/sch_1/ribbon_delay_dcf.lck NEWFILE200
C:\Users\QGPWindowsVB\Documents\ANUSTART\worklib\generic_delays\sch_1\page1.csb FILE201
C:\Users\QGPWindowsVB\Documents\ANUSTART\worklib\generic_delays\sch_1\page1_csb.lck NEWFILE202
C:\Users\QGPWindowsVB\Documents\ANUSTART\worklib\ribbon_delay\sch_1\page1_csa.lck NEWFILE203
C:\Users\QGPWindowsVB\Documents\ANUSTART\Parts\parts\ttl\ds102350\sym_1\symbol.css FILE204
temp/xxnedtmp30/../ds102350.mkr NEWFILE205
C:\Users\QGPWindowsVB\Documents\ANUSTART\worklib\generic_delays\sch_1\page1.csa FILE206
C:\Users\QGPWindowsVB\Documents\ANUSTART\worklib\generic_delays\sch_1\page1.csv FILE207
C:/Users/QGPWindowsVB/Documents/ANUSTART/worklib/generic_delays/sch_1/generic_delays_xcon.lck NEWFILE208
C:/Users/QGPWindowsVB/Documents/ANUSTART/worklib/generic_delays/sch_1/generic_delays_dcf.lck NEWFILE209
C:\Users\QGPWindowsVB\Documents\ANUSTART\worklib\ecl_translation\sch_1\page1.csb FILE210
C:\Users\QGPWindowsVB\Documents\ANUSTART\worklib\ecl_translation\sch_1\page1_csb.lck NEWFILE211
C:\Users\QGPWindowsVB\Documents\ANUSTART\worklib\generic_delays\sch_1\page1_csa.lck NEWFILE212
C:\Users\QGPWindowsVB\Documents\ANUSTART\Parts\parts\transistors\mmbth10\sym_1\symbol.css FILE213
C:\Users\QGPWindowsVB\Documents\ANUSTART\Parts\parts\transistors\mpsh81\sym_1\symbol.css FILE214
C:\Users\QGPWindowsVB\Documents\ANUSTART\Parts\parts\misc\ds90lv019\sym_1\symbol.css FILE215
temp/xxnedtmp30/../mmbth10.mkr NEWFILE216
temp/xxnedtmp30/../mpsh81.mkr NEWFILE217
temp/xxnedtmp30/../ds90lv019.mkr NEWFILE218
C:\Users\QGPWindowsVB\Documents\ANUSTART\worklib\ecl_translation\sch_1\page1.csa FILE219
C:\Users\QGPWindowsVB\Documents\ANUSTART\worklib\ecl_translation\sch_1\page1.csv FILE220
C:/Users/QGPWindowsVB/Documents/ANUSTART/worklib/ecl_translation/sch_1/ecl_translation_xcon.lck NEWFILE221
C:/Users/QGPWindowsVB/Documents/ANUSTART/worklib/ecl_translation/sch_1/ecl_translation_dcf.lck NEWFILE222
C:\Users\QGPWindowsVB\Documents\ANUSTART\worklib\ecl_translation\sch_1\page1_csa.lck NEWFILE223
temp/xxnedtmp30/../tant0805.mkr NEWFILE224
temp/xxnedtmp30/../lm2595.mkr NEWFILE225
temp/xxnedtmp30/../cap_1210.mkr NEWFILE226
temp/xxnedtmp30/../inductor_l.mkr NEWFILE227
temp/xxnedtmp30/../1n5822.mkr NEWFILE228
temp/xxnedtmp30/../lt1085ct.mkr NEWFILE229
temp/xxnedtmp30/../ostoq027150.mkr NEWFILE230
temp/xxnedtmp30/../ostoq047150.mkr NEWFILE231
temp/xxnedtmp30/../7915_l.mkr NEWFILE232
temp/xxnedtmp30/../7815s_l.mkr NEWFILE233
C:\Users\QGPWindowsVB\Documents\ANUSTART\worklib\power\sch_1\page1.csa FILE234
C:\Users\QGPWindowsVB\Documents\ANUSTART\worklib\power\sch_1\page1.csv FILE235
C:\Users\QGPWindowsVB\Documents\ANUSTART\worklib\power\sch_1\pc.db FILE236
C:/Users/QGPWindowsVB/Documents/ANUSTART/worklib/power/sch_1/power_xcon.lck NEWFILE237
C:/Users/QGPWindowsVB/Documents/ANUSTART/worklib/power/sch_1/power_dcf.lck NEWFILE238
C:\Users\QGPWindowsVB\Documents\ANUSTART\worklib\ecal_control\sch_1\page1.csb FILE239
C:\Users\QGPWindowsVB\Documents\ANUSTART\worklib\ecal_control\sch_1\page1_csb.lck NEWFILE240
C:\Users\QGPWindowsVB\Documents\ANUSTART\worklib\ecal_control\sch_1\page1.csa FILE241
C:\Users\QGPWindowsVB\Documents\ANUSTART\worklib\ecal_control\sch_1\page1.csv FILE242
C:/Users/QGPWindowsVB/Documents/ANUSTART/worklib/ecal_control/sch_1/ecal_control_xcon.lck NEWFILE243
C:/Users/QGPWindowsVB/Documents/ANUSTART/worklib/ecal_control/sch_1/ecal_control_dcf.lck NEWFILE244
C:\Users\QGPWindowsVB\Documents\ANUSTART\worklib\caen_analog_coms\sch_1\page1.csb FILE245
C:\Users\QGPWindowsVB\Documents\ANUSTART\worklib\caen_analog_coms\sch_1\page1_csb.lck NEWFILE246
C:\Users\QGPWindowsVB\Documents\ANUSTART\worklib\ecal_control\sch_1\page1_csa.lck NEWFILE247
C:\Users\QGPWindowsVB\Documents\ANUSTART\Parts\parts\ttl\74f07\sym_1\symbol.css FILE248
C:\Users\QGPWindowsVB\Documents\ANUSTART\Parts\parts\misc\pickering113fc\sym_1\symbol.css FILE249
C:\Users\QGPWindowsVB\Documents\ANUSTART\worklib\vref_gen\sym_1\symbol.css FILE250
C:\Users\QGPWindowsVB\Documents\ANUSTART\worklib\caen_buffer\sym_1\symbol.css FILE251
C:\Users\QGPWindowsVB\Documents\ANUSTART\Parts\parts\ttl\hct374\sym_1\symbol.css FILE252
temp/xxnedtmp30/../74f07.mkr NEWFILE253
temp/xxnedtmp30/../pickering113fc.mkr NEWFILE254
temp/xxnedtmp30/../vref_gen.mkr NEWFILE255
temp/xxnedtmp30/../caen_buffer.mkr NEWFILE256
temp/xxnedtmp30/../hct374.mkr NEWFILE257
C:\Users\QGPWindowsVB\Documents\ANUSTART\worklib\caen_analog_coms\sch_1\page1.csa FILE258
C:\Users\QGPWindowsVB\Documents\ANUSTART\worklib\caen_analog_coms\sch_1\page1.csv FILE259
C:/Users/QGPWindowsVB/Documents/ANUSTART/worklib/caen_analog_coms/sch_1/caen_analog_coms_xcon.lck NEWFILE260
C:/Users/QGPWindowsVB/Documents/ANUSTART/worklib/caen_analog_coms/sch_1/caen_analog_coms_dcf.lck NEWFILE261
C:\Users\QGPWindowsVB\Documents\ANUSTART\worklib\vref_gen\sch_1\page1.csb FILE262
C:\Users\QGPWindowsVB\Documents\ANUSTART\worklib\vref_gen\sch_1\page1_csb.lck NEWFILE263
C:\Users\QGPWindowsVB\Documents\ANUSTART\worklib\caen_analog_coms\sch_1\page1_csa.lck NEWFILE264
C:\Users\QGPWindowsVB\Documents\ANUSTART\Parts\parts\misc\opa277\sym_1\symbol.css FILE265
C:\Users\QGPWindowsVB\Documents\ANUSTART\Parts\parts\misc\ref02\sym_1\symbol.css FILE266
temp/xxnedtmp30/../opa277.mkr NEWFILE267
temp/xxnedtmp30/../ref02.mkr NEWFILE268
C:\Users\QGPWindowsVB\Documents\ANUSTART\worklib\vref_gen\sch_1\page1.csa FILE269
C:\Users\QGPWindowsVB\Documents\ANUSTART\worklib\vref_gen\sch_1\page1.csv FILE270
C:/Users/QGPWindowsVB/Documents/ANUSTART/worklib/vref_gen/sch_1/vref_gen_xcon.lck NEWFILE271
C:/Users/QGPWindowsVB/Documents/ANUSTART/worklib/vref_gen/sch_1/vref_gen_dcf.lck NEWFILE272
C:\Users\QGPWindowsVB\Documents\ANUSTART\worklib\caen_dig_coms\sch_1\page1.csb FILE273
C:\Users\QGPWindowsVB\Documents\ANUSTART\worklib\caen_dig_coms\sch_1\page1_csb.lck NEWFILE274
C:\Users\QGPWindowsVB\Documents\ANUSTART\worklib\vref_gen\sch_1\page1_csa.lck NEWFILE275
C:\Users\QGPWindowsVB\Documents\ANUSTART\Parts\parts\transistors\mmbth81\sym_1\symbol.css FILE276
C:\Users\QGPWindowsVB\Documents\ANUSTART\Parts\parts\misc\ds90lv027\sym_1\symbol.css FILE277
temp/xxnedtmp30/../mmbth81.mkr NEWFILE278
temp/xxnedtmp30/../ds90lv027.mkr NEWFILE279
C:\Users\QGPWindowsVB\Documents\ANUSTART\worklib\caen_dig_coms\sch_1\page1.csa FILE280
C:\Users\QGPWindowsVB\Documents\ANUSTART\worklib\caen_dig_coms\sch_1\page1.csv FILE281
C:/Users/QGPWindowsVB/Documents/ANUSTART/worklib/caen_dig_coms/sch_1/caen_dig_coms_xcon.lck NEWFILE282
C:/Users/QGPWindowsVB/Documents/ANUSTART/worklib/caen_dig_coms/sch_1/caen_dig_coms_dcf.lck NEWFILE283
C:\Users\QGPWindowsVB\Documents\ANUSTART\worklib\ellie_coms\sch_1\page1.csb FILE284
C:\Users\QGPWindowsVB\Documents\ANUSTART\worklib\ellie_coms\sch_1\page1_csb.lck NEWFILE285
C:\Users\QGPWindowsVB\Documents\ANUSTART\worklib\caen_dig_coms\sch_1\page1_csa.lck NEWFILE286
C:\Users\QGPWindowsVB\Documents\ANUSTART\worklib\ellie_coms\sch_1\page1.csa FILE287
C:\Users\QGPWindowsVB\Documents\ANUSTART\worklib\ellie_coms\sch_1\page1.csv FILE288
C:/Users/QGPWindowsVB/Documents/ANUSTART/worklib/ellie_coms/sch_1/ellie_coms_xcon.lck NEWFILE289
C:/Users/QGPWindowsVB/Documents/ANUSTART/worklib/ellie_coms/sch_1/ellie_coms_dcf.lck NEWFILE290
C:\Users\QGPWindowsVB\Documents\ANUSTART\worklib\cntrl_register\sch_1\page1.csb FILE291
C:\Users\QGPWindowsVB\Documents\ANUSTART\worklib\cntrl_register\sch_1\page1_csb.lck NEWFILE292
C:\Users\QGPWindowsVB\Documents\ANUSTART\worklib\ellie_coms\sch_1\page1_csa.lck NEWFILE293
C:\Users\QGPWindowsVB\Documents\ANUSTART\Parts\parts\ttl\74hct165\sym_1\symbol.css FILE294
temp/xxnedtmp30/../74hct165.mkr NEWFILE295
C:\Users\QGPWindowsVB\Documents\ANUSTART\worklib\cntrl_register\sch_1\page1.csa FILE296
C:\Users\QGPWindowsVB\Documents\ANUSTART\worklib\cntrl_register\sch_1\page1.csv FILE297
C:/Users/QGPWindowsVB/Documents/ANUSTART/worklib/cntrl_register/sch_1/cntrl_register_xcon.lck NEWFILE298
C:/Users/QGPWindowsVB/Documents/ANUSTART/worklib/cntrl_register/sch_1/cntrl_register_dcf.lck NEWFILE299
C:\Users\QGPWindowsVB\Documents\ANUSTART\worklib\tubii_spkr\sch_1\page1.csb FILE300
C:\Users\QGPWindowsVB\Documents\ANUSTART\worklib\tubii_spkr\sch_1\page1_csb.lck NEWFILE301
C:\Users\QGPWindowsVB\Documents\ANUSTART\worklib\cntrl_register\sch_1\page1_csa.lck NEWFILE302
C:\Users\QGPWindowsVB\Documents\ANUSTART\Parts\parts\resistors\3006p_trimpot\sym_1\symbol.css FILE303
C:\Users\QGPWindowsVB\Documents\ANUSTART\Parts\parts\ttl\74f06\sym_1\symbol.css FILE304
temp/xxnedtmp30/../3006p_trimpot.mkr NEWFILE305
temp/xxnedtmp30/../74f06.mkr NEWFILE306
C:\Users\QGPWindowsVB\Documents\ANUSTART\worklib\tubii_spkr\sch_1\page1.csa FILE307
C:\Users\QGPWindowsVB\Documents\ANUSTART\worklib\tubii_spkr\sch_1\page1.csv FILE308
C:/Users/QGPWindowsVB/Documents/ANUSTART/worklib/tubii_spkr/sch_1/tubii_spkr_xcon.lck NEWFILE309
C:/Users/QGPWindowsVB/Documents/ANUSTART/worklib/tubii_spkr/sch_1/tubii_spkr_dcf.lck NEWFILE310
C:\Users\QGPWindowsVB\Documents\ANUSTART\worklib\baseline_buffer\sch_1\page1.csb FILE311
C:\Users\QGPWindowsVB\Documents\ANUSTART\worklib\baseline_buffer\sch_1\page1_csb.lck NEWFILE312
C:\Users\QGPWindowsVB\Documents\ANUSTART\worklib\tubii_spkr\sch_1\page1_csa.lck NEWFILE313
C:\Users\QGPWindowsVB\Documents\ANUSTART\Parts\parts\misc\opa2277\sym_1\symbol.css FILE314
C:\Users\QGPWindowsVB\Documents\ANUSTART\Parts\parts\misc\opa4277\sym_1\symbol.css FILE315
C:\Users\QGPWindowsVB\Documents\ANUSTART\Parts\parts\misc\conn14\sym_1\symbol.css FILE316
temp/xxnedtmp30/../opa2277.mkr NEWFILE317
temp/xxnedtmp30/../opa4277.mkr NEWFILE318
temp/xxnedtmp30/../conn14.mkr NEWFILE319
C:\Users\QGPWindowsVB\Documents\ANUSTART\worklib\baseline_buffer\sch_1\page1.csa FILE320
C:\Users\QGPWindowsVB\Documents\ANUSTART\worklib\baseline_buffer\sch_1\page1.csv FILE321
C:/Users/QGPWindowsVB/Documents/ANUSTART/worklib/baseline_buffer/sch_1/baseline_buffer_xcon.lck NEWFILE322
C:/Users/QGPWindowsVB/Documents/ANUSTART/worklib/baseline_buffer/sch_1/baseline_buffer_dcf.lck NEWFILE323
C:\Users\QGPWindowsVB\Documents\ANUSTART\worklib\lo_gen\sch_1\page1.csb FILE324
C:\Users\QGPWindowsVB\Documents\ANUSTART\worklib\lo_gen\sch_1\page1_csb.lck NEWFILE325
C:\Users\QGPWindowsVB\Documents\ANUSTART\worklib\baseline_buffer\sch_1\page1_csa.lck NEWFILE326
C:\Users\QGPWindowsVB\Documents\ANUSTART\worklib\select_lo_src\sym_1\symbol.css FILE327
C:\Users\QGPWindowsVB\Documents\ANUSTART\worklib\gt_delays\sym_1\symbol.css FILE328
temp/xxnedtmp30/../select_lo_src.mkr NEWFILE329
temp/xxnedtmp30/../gt_delays.mkr NEWFILE330
C:\Users\QGPWindowsVB\Documents\ANUSTART\worklib\lo_gen\sch_1\page1.csa FILE331
C:\Users\QGPWindowsVB\Documents\ANUSTART\worklib\lo_gen\sch_1\page1.csv FILE332
C:/Users/QGPWindowsVB/Documents/ANUSTART/worklib/lo_gen/sch_1/lo_gen_xcon.lck NEWFILE333
C:/Users/QGPWindowsVB/Documents/ANUSTART/worklib/lo_gen/sch_1/lo_gen_dcf.lck NEWFILE334
C:\Users\QGPWindowsVB\Documents\ANUSTART\worklib\gt_delays\sch_1\page1.csb FILE335
C:\Users\QGPWindowsVB\Documents\ANUSTART\worklib\gt_delays\sch_1\page1_csb.lck NEWFILE336
C:\Users\QGPWindowsVB\Documents\ANUSTART\worklib\lo_gen\sch_1\page1_csa.lck NEWFILE337
C:\Users\QGPWindowsVB\Documents\ANUSTART\Parts\parts\ttl\ds1023500\sym_1\symbol.css FILE338
C:\Users\QGPWindowsVB\Documents\ANUSTART\Parts\parts\ttl\ds1023200\sym_1\symbol.css FILE339
temp/xxnedtmp30/../ds1023500.mkr NEWFILE340
temp/xxnedtmp30/../ds1023200.mkr NEWFILE341
C:\Users\QGPWindowsVB\Documents\ANUSTART\worklib\gt_delays\sch_1\page1.csa FILE342
C:\Users\QGPWindowsVB\Documents\ANUSTART\worklib\gt_delays\sch_1\page1.csv FILE343
C:/Users/QGPWindowsVB/Documents/ANUSTART/worklib/gt_delays/sch_1/gt_delays_xcon.lck NEWFILE344
C:/Users/QGPWindowsVB/Documents/ANUSTART/worklib/gt_delays/sch_1/gt_delays_dcf.lck NEWFILE345
C:\Users\QGPWindowsVB\Documents\ANUSTART\worklib\select_lo_src\sch_1\page1.csb FILE346
C:\Users\QGPWindowsVB\Documents\ANUSTART\worklib\select_lo_src\sch_1\page1_csb.lck NEWFILE347
C:\Users\QGPWindowsVB\Documents\ANUSTART\worklib\gt_delays\sch_1\page1_csa.lck NEWFILE348
C:\Users\QGPWindowsVB\Documents\ANUSTART\worklib\select_lo_src\sch_1\page1.csa FILE349
C:\Users\QGPWindowsVB\Documents\ANUSTART\worklib\select_lo_src\sch_1\page1.csv FILE350
C:/Users/QGPWindowsVB/Documents/ANUSTART/worklib/select_lo_src/sch_1/select_lo_src_xcon.lck NEWFILE351
C:/Users/QGPWindowsVB/Documents/ANUSTART/worklib/select_lo_src/sch_1/select_lo_src_dcf.lck NEWFILE352
C:\Users\QGPWindowsVB\Documents\ANUSTART\worklib\mtca_mimic\sch_1\page1.csb FILE353
C:\Users\QGPWindowsVB\Documents\ANUSTART\worklib\mtca_mimic\sch_1\page1_csb.lck NEWFILE354
C:\Users\QGPWindowsVB\Documents\ANUSTART\worklib\select_lo_src\sch_1\page1_csa.lck NEWFILE355
C:\Users\QGPWindowsVB\Documents\ANUSTART\Parts\parts\diodes\bas16lt1\sym_1\symbol.css FILE356
C:\Users\QGPWindowsVB\Documents\ANUSTART\Parts\parts\misc\ad7243\sym_1\symbol.css FILE357
C:\Users\QGPWindowsVB\Documents\ANUSTART\worklib\trigger_logic\sym_1\symbol.css FILE358
C:\Users\QGPWindowsVB\Documents\ANUSTART\Parts\parts\misc\ad96687\sym_1\symbol.css FILE359
temp/xxnedtmp30/../bas16lt1.mkr NEWFILE360
temp/xxnedtmp30/../ad7243.mkr NEWFILE361
temp/xxnedtmp30/../trigger_logic.mkr NEWFILE362
temp/xxnedtmp30/../ad96687.mkr NEWFILE363
C:\Users\QGPWindowsVB\Documents\ANUSTART\worklib\mtca_mimic\sch_1\page1.csa FILE364
C:\Users\QGPWindowsVB\Documents\ANUSTART\worklib\mtca_mimic\sch_1\page1.csv FILE365
C:/Users/QGPWindowsVB/Documents/ANUSTART/worklib/mtca_mimic/sch_1/mtca_mimic_xcon.lck NEWFILE366
C:/Users/QGPWindowsVB/Documents/ANUSTART/worklib/mtca_mimic/sch_1/mtca_mimic_dcf.lck NEWFILE367
C:\Users\QGPWindowsVB\Documents\ANUSTART\worklib\trigger_logic\sch_1\page1.csb FILE368
C:\Users\QGPWindowsVB\Documents\ANUSTART\worklib\trigger_logic\sch_1\page1_csb.lck NEWFILE369
C:\Users\QGPWindowsVB\Documents\ANUSTART\worklib\mtca_mimic\sch_1\page1_csa.lck NEWFILE370
C:\Users\QGPWindowsVB\Documents\ANUSTART\Parts\parts\ecl\mc10e101\sym_1\symbol.css FILE371
temp/xxnedtmp30/../mc10e101.mkr NEWFILE372
C:\Users\QGPWindowsVB\Documents\ANUSTART\worklib\trigger_logic\sch_1\page1.csa FILE373
C:\Users\QGPWindowsVB\Documents\ANUSTART\worklib\trigger_logic\sch_1\page1.csv FILE374
C:/Users/QGPWindowsVB/Documents/ANUSTART/worklib/trigger_logic/sch_1/trigger_logic_xcon.lck NEWFILE375
C:/Users/QGPWindowsVB/Documents/ANUSTART/worklib/trigger_logic/sch_1/trigger_logic_dcf.lck NEWFILE376
C:\Users\QGPWindowsVB\Documents\ANUSTART\worklib\ext_trigs\sch_1\page1.csb FILE377
C:\Users\QGPWindowsVB\Documents\ANUSTART\worklib\ext_trigs\sch_1\page1_csb.lck NEWFILE378
C:\Users\QGPWindowsVB\Documents\ANUSTART\worklib\trigger_logic\sch_1\page1_csa.lck NEWFILE379
C:\Users\QGPWindowsVB\Documents\ANUSTART\worklib\ext_trigs\sch_1\page1.csa FILE380
C:\Users\QGPWindowsVB\Documents\ANUSTART\worklib\ext_trigs\sch_1\page1.csv FILE381
C:/Users/QGPWindowsVB/Documents/ANUSTART/worklib/ext_trigs/sch_1/ext_trigs_xcon.lck NEWFILE382
C:/Users/QGPWindowsVB/Documents/ANUSTART/worklib/ext_trigs/sch_1/ext_trigs_dcf.lck NEWFILE383
C:\Users\QGPWindowsVB\Documents\ANUSTART\worklib\fan_connections\sch_1\page1.csb FILE384
C:\Users\QGPWindowsVB\Documents\ANUSTART\worklib\fan_connections\sch_1\page1_csb.lck NEWFILE385
C:\Users\QGPWindowsVB\Documents\ANUSTART\worklib\ext_trigs\sch_1\page1_csa.lck NEWFILE386
C:\Users\QGPWindowsVB\Documents\ANUSTART\Parts\parts\misc\sip_header_2pin\sym_2\symbol.css FILE387
C:\Users\QGPWindowsVB\Documents\ANUSTART\worklib\fan_connections\sch_1\page1.csa FILE388
C:\Users\QGPWindowsVB\Documents\ANUSTART\worklib\fan_connections\sch_1\page1.csv FILE389
C:\Users\QGPWindowsVB\Documents\ANUSTART\worklib\fan_connections\sch_1\pc.db FILE390
C:/Users/QGPWindowsVB/Documents/ANUSTART/worklib/fan_connections/sch_1/fan_connections_xcon.lck NEWFILE391
C:/Users/QGPWindowsVB/Documents/ANUSTART/worklib/fan_connections/sch_1/fan_connections_dcf.lck NEWFILE392
C:\Users\QGPWindowsVB\Documents\ANUSTART\worklib\front_ports\sch_1\page1.csb FILE393
C:\Users\QGPWindowsVB\Documents\ANUSTART\worklib\front_ports\sch_1\page1_csb.lck NEWFILE394
C:\Users\QGPWindowsVB\Documents\ANUSTART\worklib\fan_connections\sch_1\page1_csa.lck NEWFILE395
C:\Users\QGPWindowsVB\Documents\ANUSTART\Parts\parts\misc\conn12\sym_1\symbol.css FILE396
C:\Users\QGPWindowsVB\Documents\ANUSTART\worklib\gt_delays_ports\sym_1\symbol.css FILE397
C:\Users\QGPWindowsVB\Documents\ANUSTART\worklib\ext_trig_ports\sym_1\symbol.css FILE398
C:\Users\QGPWindowsVB\Documents\ANUSTART\worklib\scaler_ports\sym_1\symbol.css FILE399
C:\Users\QGPWindowsVB\Documents\ANUSTART\worklib\caen_ports\sym_1\symbol.css FILE400
C:\Users\QGPWindowsVB\Documents\ANUSTART\worklib\general_utilities_ports\sym_1\symbol.css FILE401
C:\Users\QGPWindowsVB\Documents\ANUSTART\worklib\time_bus_ports\sym_1\symbol.css FILE402
C:\Users\QGPWindowsVB\Documents\ANUSTART\worklib\translation_ports\sym_1\symbol.css FILE403
C:\Users\QGPWindowsVB\Documents\ANUSTART\Parts\parts\misc\conn20\sym_1\symbol.css FILE404
temp/xxnedtmp30/../conn12.mkr NEWFILE405
temp/xxnedtmp30/../gt_delays_ports.mkr NEWFILE406
temp/xxnedtmp30/../ext_trig_ports.mkr NEWFILE407
temp/xxnedtmp30/../scaler_ports.mkr NEWFILE408
temp/xxnedtmp30/../caen_ports.mkr NEWFILE409
temp/xxnedtmp30/../general_utilities_ports.mkr NEWFILE410
temp/xxnedtmp30/../time_bus_ports.mkr NEWFILE411
temp/xxnedtmp30/../translation_ports.mkr NEWFILE412
temp/xxnedtmp30/../conn20.mkr NEWFILE413
C:\Users\QGPWindowsVB\Documents\ANUSTART\worklib\front_ports\sch_1\page1.csa FILE414
C:\Users\QGPWindowsVB\Documents\ANUSTART\worklib\front_ports\sch_1\page1.csv FILE415
C:/Users/QGPWindowsVB/Documents/ANUSTART/worklib/front_ports/sch_1/front_ports_xcon.lck NEWFILE416
C:/Users/QGPWindowsVB/Documents/ANUSTART/worklib/front_ports/sch_1/front_ports_dcf.lck NEWFILE417
C:\Users\QGPWindowsVB\Documents\ANUSTART\worklib\translation_ports\sch_1\page1.csb FILE418
C:\Users\QGPWindowsVB\Documents\ANUSTART\worklib\translation_ports\sch_1\page1_csb.lck NEWFILE419
C:\Users\QGPWindowsVB\Documents\ANUSTART\worklib\front_ports\sch_1\page1_csa.lck NEWFILE420
C:\Users\QGPWindowsVB\Documents\ANUSTART\worklib\translation_ports\sch_1\page1.csa FILE421
C:\Users\QGPWindowsVB\Documents\ANUSTART\worklib\translation_ports\sch_1\page1.csv FILE422
C:/Users/QGPWindowsVB/Documents/ANUSTART/worklib/translation_ports/sch_1/translation_ports_xcon.lck NEWFILE423
C:/Users/QGPWindowsVB/Documents/ANUSTART/worklib/translation_ports/sch_1/translation_ports_dcf.lck NEWFILE424
C:\Users\QGPWindowsVB\Documents\ANUSTART\worklib\time_bus_ports\sch_1\page1.csb FILE425
C:\Users\QGPWindowsVB\Documents\ANUSTART\worklib\time_bus_ports\sch_1\page1_csb.lck NEWFILE426
C:\Users\QGPWindowsVB\Documents\ANUSTART\worklib\translation_ports\sch_1\page1_csa.lck NEWFILE427
C:\Users\QGPWindowsVB\Documents\ANUSTART\worklib\time_bus_ports\sch_1\page1.csa FILE428
C:\Users\QGPWindowsVB\Documents\ANUSTART\worklib\time_bus_ports\sch_1\page1.csv FILE429
C:/Users/QGPWindowsVB/Documents/ANUSTART/worklib/time_bus_ports/sch_1/time_bus_ports_xcon.lck NEWFILE430
C:/Users/QGPWindowsVB/Documents/ANUSTART/worklib/time_bus_ports/sch_1/time_bus_ports_dcf.lck NEWFILE431
C:\Users\QGPWindowsVB\Documents\ANUSTART\worklib\general_utilities_ports\sch_1\page1.csb FILE432
C:\Users\QGPWindowsVB\Documents\ANUSTART\worklib\general_utilities_ports\sch_1\page1_csb.lck NEWFILE433
C:\Users\QGPWindowsVB\Documents\ANUSTART\worklib\time_bus_ports\sch_1\page1_csa.lck NEWFILE434
C:\Users\QGPWindowsVB\Documents\ANUSTART\worklib\general_utilities_ports\sch_1\page1.csa FILE435
C:\Users\QGPWindowsVB\Documents\ANUSTART\worklib\general_utilities_ports\sch_1\page1.csv FILE436
C:/Users/QGPWindowsVB/Documents/ANUSTART/worklib/general_utilities_ports/sch_1/general_utilities_ports_xcon.lck NEWFILE437
C:/Users/QGPWindowsVB/Documents/ANUSTART/worklib/general_utilities_ports/sch_1/general_utilities_ports_dcf.lck NEWFILE438
C:\Users\QGPWindowsVB\Documents\ANUSTART\worklib\caen_digital_ports\sch_1\page1.csb FILE439
C:\Users\QGPWindowsVB\Documents\ANUSTART\worklib\caen_digital_ports\sch_1\page1_csb.lck NEWFILE440
C:\Users\QGPWindowsVB\Documents\ANUSTART\worklib\general_utilities_ports\sch_1\page1_csa.lck NEWFILE441
C:\Users\QGPWindowsVB\Documents\ANUSTART\worklib\caen_digital_ports\sch_1\page1.csa FILE442
C:\Users\QGPWindowsVB\Documents\ANUSTART\worklib\caen_digital_ports\sch_1\page1.csv FILE443
C:/Users/QGPWindowsVB/Documents/ANUSTART/worklib/caen_digital_ports/sch_1/caen_digital_ports_xcon.lck NEWFILE444
C:/Users/QGPWindowsVB/Documents/ANUSTART/worklib/caen_digital_ports/sch_1/caen_digital_ports_dcf.lck NEWFILE445
C:\Users\QGPWindowsVB\Documents\ANUSTART\worklib\caen_analog_ports\sch_1\page1.csb FILE446
C:\Users\QGPWindowsVB\Documents\ANUSTART\worklib\caen_analog_ports\sch_1\page1_csb.lck NEWFILE447
C:\Users\QGPWindowsVB\Documents\ANUSTART\worklib\caen_digital_ports\sch_1\page1_csa.lck NEWFILE448
C:\Users\QGPWindowsVB\Documents\ANUSTART\worklib\caen_analog_ports\sch_1\page1.csa FILE449
C:\Users\QGPWindowsVB\Documents\ANUSTART\worklib\caen_analog_ports\sch_1\page1.csv FILE450
C:/Users/QGPWindowsVB/Documents/ANUSTART/worklib/caen_analog_ports/sch_1/caen_analog_ports_xcon.lck NEWFILE451
C:/Users/QGPWindowsVB/Documents/ANUSTART/worklib/caen_analog_ports/sch_1/caen_analog_ports_dcf.lck NEWFILE452
C:\Users\QGPWindowsVB\Documents\ANUSTART\worklib\scaler_ports\sch_1\page1.csb FILE453
C:\Users\QGPWindowsVB\Documents\ANUSTART\worklib\scaler_ports\sch_1\page1_csb.lck NEWFILE454
C:\Users\QGPWindowsVB\Documents\ANUSTART\worklib\caen_analog_ports\sch_1\page1_csa.lck NEWFILE455
C:\Users\QGPWindowsVB\Documents\ANUSTART\Parts\parts\misc\sip_header_16pin\sym_1\symbol.css FILE456
temp/xxnedtmp30/../sip_header_16pin.mkr NEWFILE457
C:\Users\QGPWindowsVB\Documents\ANUSTART\worklib\scaler_ports\sch_1\page1.csa FILE458
C:\Users\QGPWindowsVB\Documents\ANUSTART\worklib\scaler_ports\sch_1\page1.csv FILE459
C:/Users/QGPWindowsVB/Documents/ANUSTART/worklib/scaler_ports/sch_1/scaler_ports_xcon.lck NEWFILE460
C:/Users/QGPWindowsVB/Documents/ANUSTART/worklib/scaler_ports/sch_1/scaler_ports_dcf.lck NEWFILE461
C:\Users\QGPWindowsVB\Documents\ANUSTART\worklib\ext_trig_ports\sch_1\page1.csb FILE462
C:\Users\QGPWindowsVB\Documents\ANUSTART\worklib\ext_trig_ports\sch_1\page1_csb.lck NEWFILE463
C:\Users\QGPWindowsVB\Documents\ANUSTART\worklib\scaler_ports\sch_1\page1_csa.lck NEWFILE464
C:\Users\QGPWindowsVB\Documents\ANUSTART\Parts\parts\misc\conn32\sym_1\symbol.css FILE465
temp/xxnedtmp30/../conn32.mkr NEWFILE466
C:\Users\QGPWindowsVB\Documents\ANUSTART\worklib\ext_trig_ports\sch_1\page1.csa FILE467
C:\Users\QGPWindowsVB\Documents\ANUSTART\worklib\ext_trig_ports\sch_1\page1.csv FILE468
C:/Users/QGPWindowsVB/Documents/ANUSTART/worklib/ext_trig_ports/sch_1/ext_trig_ports_xcon.lck NEWFILE469
C:/Users/QGPWindowsVB/Documents/ANUSTART/worklib/ext_trig_ports/sch_1/ext_trig_ports_dcf.lck NEWFILE470
C:\Users\QGPWindowsVB\Documents\ANUSTART\worklib\gt_delays_ports\sch_1\page1.csb FILE471
C:\Users\QGPWindowsVB\Documents\ANUSTART\worklib\gt_delays_ports\sch_1\page1_csb.lck NEWFILE472
C:\Users\QGPWindowsVB\Documents\ANUSTART\worklib\ext_trig_ports\sch_1\page1_csa.lck NEWFILE473
C:\Users\QGPWindowsVB\Documents\ANUSTART\worklib\gt_delays_ports\sch_1\page1.csa FILE474
C:\Users\QGPWindowsVB\Documents\ANUSTART\worklib\gt_delays_ports\sch_1\page1.csv FILE475
C:/Users/QGPWindowsVB/Documents/ANUSTART/worklib/gt_delays_ports/sch_1/gt_delays_ports_xcon.lck NEWFILE476
C:/Users/QGPWindowsVB/Documents/ANUSTART/worklib/gt_delays_ports/sch_1/gt_delays_ports_dcf.lck NEWFILE477
C:\Users\QGPWindowsVB\Documents\ANUSTART\worklib\back_ports\sch_1\page1.csb FILE478
C:\Users\QGPWindowsVB\Documents\ANUSTART\worklib\back_ports\sch_1\page1_csb.lck NEWFILE479
C:\Users\QGPWindowsVB\Documents\ANUSTART\worklib\gt_delays_ports\sch_1\page1_csa.lck NEWFILE480
C:\Users\QGPWindowsVB\Documents\ANUSTART\Parts\parts\misc\conn16\sym_1\symbol.css FILE481
temp/xxnedtmp30/../conn16.mkr NEWFILE482
C:\Users\QGPWindowsVB\Documents\ANUSTART\worklib\back_ports\sch_1\page1.csa FILE483
C:\Users\QGPWindowsVB\Documents\ANUSTART\worklib\back_ports\sch_1\page1.csv FILE484
C:/Users/QGPWindowsVB/Documents/ANUSTART/worklib/back_ports/sch_1/back_ports_xcon.lck NEWFILE485
C:/Users/QGPWindowsVB/Documents/ANUSTART/worklib/back_ports/sch_1/back_ports_dcf.lck NEWFILE486
C:\Users\QGPWindowsVB\Documents\ANUSTART\worklib\back_ports\sch_1\page1_csa.lck NEWFILE487
