FILE_TYPE=LIBRARY_PARTS;
primitive 'F269','F269_SSOP';
  pin
    'P'<0>:
      PIN_NUMBER='(23)';
      INPUT_LOAD='(-0.01,0.01)';
    'P'<1>:
      PIN_NUMBER='(22)';
      INPUT_LOAD='(-0.01,0.01)';
    'P'<2>:
      PIN_NUMBER='(21)';
      INPUT_LOAD='(-0.01,0.01)';
    'P'<3>:
      PIN_NUMBER='(20)';
      INPUT_LOAD='(-0.01,0.01)';
    'P'<4>:
      PIN_NUMBER='(18)';
      INPUT_LOAD='(-0.01,0.01)';
    'P'<5>:
      PIN_NUMBER='(17)';
      INPUT_LOAD='(-0.01,0.01)';
    'P'<6>:
      PIN_NUMBER='(16)';
      INPUT_LOAD='(-0.01,0.01)';
    'P'<7>:
      PIN_NUMBER='(15)';
      INPUT_LOAD='(-0.01,0.01)';
    'Q'<0>:
      PIN_NUMBER='(2)';
      OUTPUT_LOAD='(1.0,-1.0)';
    'Q'<1>:
      PIN_NUMBER='(3)';
      OUTPUT_LOAD='(1.0,-1.0)';
    'Q'<2>:
      PIN_NUMBER='(4)';
      OUTPUT_LOAD='(1.0,-1.0)';
    'Q'<3>:
      PIN_NUMBER='(5)';
      OUTPUT_LOAD='(1.0,-1.0)';
    'Q'<4>:
      PIN_NUMBER='(6)';
      OUTPUT_LOAD='(1.0,-1.0)';
    'Q'<5>:
      PIN_NUMBER='(8)';
      OUTPUT_LOAD='(1.0,-1.0)';
    'Q'<6>:
      PIN_NUMBER='(9)';
      OUTPUT_LOAD='(1.0,-1.0)';
    'Q'<7>:
      PIN_NUMBER='(10)';
      OUTPUT_LOAD='(1.0,-1.0)';
    'PE':
      PIN_NUMBER='(24)';
      INPUT_LOAD='(-0.01,0.01)';
    'CEP':
      PIN_NUMBER='(12)';
      INPUT_LOAD='(-0.01,0.01)';
    'CET':
      PIN_NUMBER='(13)';
      INPUT_LOAD='(-0.01,0.01)';
    'TC':
      PIN_NUMBER='(14)';
      OUTPUT_LOAD='(1.0,-1.0)';
    'U/D':
      PIN_NUMBER='(1)';
      INPUT_LOAD='(-0.01,0.01)';
    'CP':
      PIN_NUMBER='(11)';
      INPUT_LOAD='(-0.01,0.01)';
  end_pin;
  body
    PART_NAME='F269';
    BODY_NAME='F269';
    JEDEC_TYPE='ssop24';
    PHYS_DES_PREFIX='U';
    CLASS='IC';
    GROUND_NETS='GND';
    POWER_PINS='(GND:7)';
    POWER_PINS='(VCC:19)';
  end_body;
end_primitive;

END.
