	(Comment
		(Time 04/30/14,14:53:53)
		(User Godwin)
		(MsgId ECO_021)
		(Text "Package BSS138 added to cell")
		(Param1 "BSS138")
	)
	(Comment
		(Time 04/30/14,14:55:19)
		(User Godwin)
		(MsgId ECO_081)
		(Text "Symbol sym_1 added to cell")
		(Param1 "sym_1")
	)
	(Comment
		(Time 04/30/14,14:58:38)
		(User Godwin)
		(MsgId ECO_081)
		(Text "Symbol sym_2 added to cell")
		(Param1 "sym_2")
	)
	(Comment
		(Time 04/30/14,14:59:45)
		(User Godwin)
		(MsgId ECO_082)
		(Text "Symbol sym_1 deleted from cell")
		(Param1 "sym_1")
	)
	(Comment
		(Time 04/30/14,15:00:08)
		(User Godwin)
		(MsgId ECO_083)
		(Text "Symbol sym_2 renamed to sym_1")
		(Param1 "sym_2")
		(Param2 "sym_1")
	)
