temp/xxnedtmp4/event.log NEWFILE1
temp/xxnedtmp4/text.log NEWFILE2
temp/xxnedtmp4/environ.log NEWFILE3
C:\Cadence\SPB_16.6\share\cdssetup/concept/concepthdl.scr FILE4
C:\Users\QGPWindowsVB\Documents\ANUSTART\cds.lib FILE5
C:\Users\QGPWindowsVB\Documents\ANUSTART\worklib\tubii\sch_1\page1.csb FILE6
C:\Users\QGPWindowsVB\Documents\ANUSTART\worklib\tubii\sch_1\page1_csb.lck NEWFILE7
temp/xxnedtmp4/undo1.log NEWFILE8
C:\Users\QGPWindowsVB\Documents\ANUSTART\Parts\parts\misc\penn#20b#20size#20page\sym_1\symbol.css FILE9
C:\Users\QGPWindowsVB\Documents\ANUSTART\worklib\back_ports\sym_1\symbol.css FILE10
C:\Users\QGPWindowsVB\Documents\ANUSTART\worklib\front_ports\sym_1\symbol.css FILE11
C:\Users\QGPWindowsVB\Documents\ANUSTART\worklib\tubii_pcb\sym_1\symbol.css FILE12
C:\Users\QGPWindowsVB\Documents\ANUSTART\worklib\tubii_pcb\sch_1\page1.csb FILE13
C:\Users\QGPWindowsVB\Documents\ANUSTART\worklib\tubii_pcb\sch_1\page1_csb.lck NEWFILE14
C:\Users\QGPWindowsVB\Documents\ANUSTART\worklib\tubii\sch_1\page1_csa.lck NEWFILE15
C:\Users\QGPWindowsVB\Documents\ANUSTART\worklib\ellie_coms\sym_1\symbol.css FILE16
C:\Users\QGPWindowsVB\Documents\ANUSTART\worklib\caen_coms\sym_1\symbol.css FILE17
C:\Users\QGPWindowsVB\Documents\ANUSTART\worklib\ecal_control\sym_1\symbol.css FILE18
C:\Users\QGPWindowsVB\Documents\ANUSTART\worklib\power\sym_1\symbol.css FILE19
C:\Users\QGPWindowsVB\Documents\ANUSTART\worklib\general_utilities\sym_1\symbol.css FILE20
C:\Users\QGPWindowsVB\Documents\ANUSTART\worklib\mtca_mimic\sym_1\symbol.css FILE21
C:\Users\QGPWindowsVB\Documents\ANUSTART\worklib\clocks\sym_1\symbol.css FILE22
C:\Users\QGPWindowsVB\Documents\ANUSTART\worklib\lo_gen\sym_1\symbol.css FILE23
C:\Users\QGPWindowsVB\Documents\ANUSTART\worklib\baseline_buffer\sym_1\symbol.css FILE24
C:\Users\QGPWindowsVB\Documents\ANUSTART\worklib\tubii_spkr\sym_1\symbol.css FILE25
C:\Users\QGPWindowsVB\Documents\ANUSTART\worklib\cntrl_register\sym_1\symbol.css FILE26
C:\Users\QGPWindowsVB\Documents\ANUSTART\worklib\microzed_module\sym_1\symbol.css FILE27
C:\Users\QGPWindowsVB\Documents\ANUSTART\worklib\tubii_pcb\sch_1\page1_csa.lck NEWFILE28
C:/Users/QGPWindowsVB/Documents/ANUSTART/worklib/tubii/sch_1/tubii.xcon FILE29
C:/Users/QGPWindowsVB/Documents/ANUSTART/worklib/tubii/sch_1/tubii.dcf FILE30
C:\Users\QGPWindowsVB\Documents\ANUSTART\worklib\ellie_coms\sch_1\page1.csb FILE31
C:\Users\QGPWindowsVB\Documents\ANUSTART\worklib\ellie_coms\sch_1\page1_csb.lck NEWFILE32
C:\Users\QGPWindowsVB\Documents\ANUSTART\Parts\parts\ecl\mc10e116\sym_1\symbol.css FILE33
C:\Users\QGPWindowsVB\Documents\ANUSTART\Parts\parts\ecl\mc10h125\sym_1\symbol.css FILE34
temp/xxnedtmp4/undo2.log NEWFILE35
C:\Users\QGPWindowsVB\Documents\ANUSTART\worklib\general_utilities\sch_1\page1.csb FILE36
C:\Users\QGPWindowsVB\Documents\ANUSTART\worklib\general_utilities\sch_1\page1_csb.lck NEWFILE37
C:\Cadence\SPB_16.6\share\library\standard\inport\sym_1\symbol.css FILE38
C:\Users\QGPWindowsVB\Documents\ANUSTART\worklib\generic_delays\sym_1\symbol.css FILE39
C:\Users\QGPWindowsVB\Documents\ANUSTART\worklib\ribbon_delay\sym_1\symbol.css FILE40
C:\Cadence\SPB_16.6\share\library\standard\outport\sym_1\symbol.css FILE41
C:\Users\QGPWindowsVB\Documents\ANUSTART\worklib\pulse_inverter\sym_1\symbol.css FILE42
temp/xxnedtmp4/undo3.log NEWFILE43
C:\Users\QGPWindowsVB\Documents\ANUSTART\worklib\origin\sym_1\symbol.css FILE44
temp/xxnedtmp4/undo4.log NEWFILE45
temp/xxnedtmp4/undo5.log NEWFILE46
C:\Users\QGPWindowsVB\Documents\ANUSTART\worklib\clocks\sch_1\page1.csb FILE47
C:\Users\QGPWindowsVB\Documents\ANUSTART\worklib\clocks\sch_1\page1_csb.lck NEWFILE48
C:\Users\QGPWindowsVB\Documents\ANUSTART\Parts\parts\ecl\mc10h124\sym_1\symbol.css FILE49
C:\Users\QGPWindowsVB\Documents\ANUSTART\Parts\parts\misc\74f164\sym_2\symbol.css FILE50
C:\Users\QGPWindowsVB\Documents\ANUSTART\worklib\change_clks\sym_1\symbol.css FILE51
C:\Users\QGPWindowsVB\Documents\ANUSTART\worklib\fault_detection\sym_1\symbol.css FILE52
C:\Users\QGPWindowsVB\Documents\ANUSTART\Parts\parts\capacitors\csmd0603\sym_1\symbol.css FILE53
C:\Cadence\SPB_16.6\share\library\standard\8#20merge\sym_1\symbol.css FILE54
C:\Users\QGPWindowsVB\Documents\ANUSTART\worklib\default_clk_sel\sym_1\symbol.css FILE55
C:\Users\QGPWindowsVB\Documents\ANUSTART\worklib\default_clk_sel\sch_1\page1.csb FILE56
C:\Users\QGPWindowsVB\Documents\ANUSTART\worklib\default_clk_sel\sch_1\page1_csb.lck NEWFILE57
C:\Users\QGPWindowsVB\Documents\ANUSTART\worklib\clocks\sch_1\page1_csa.lck NEWFILE58
C:\Users\QGPWindowsVB\Documents\ANUSTART\Parts\parts\resistors\rsmd0805\sym_1\symbol.css FILE59
C:\Users\QGPWindowsVB\Documents\ANUSTART\Parts\parts\misc\testpoint_l\sym_1\symbol.css FILE60
C:\Users\QGPWindowsVB\Documents\ANUSTART\Parts\parts\ecl\mc10h104\sym_1\symbol.css FILE61
C:\Users\QGPWindowsVB\Documents\ANUSTART\Parts\parts\misc\sy100el34l\sym_1\symbol.css FILE62
C:\Users\QGPWindowsVB\Documents\ANUSTART\Parts\parts\ecl\sy100el91l\sym_1\symbol.css FILE63
C:\Users\QGPWindowsVB\Documents\ANUSTART\Parts\parts\misc\foxclock\sym_1\symbol.css FILE64
temp/xxnedtmp4/undo6.log NEWFILE65
C:\Users\QGPWindowsVB\Documents\ANUSTART\worklib\microzed_module\sch_1\page1.csb FILE66
C:\Users\QGPWindowsVB\Documents\ANUSTART\worklib\microzed_module\sch_1\page1_csb.lck NEWFILE67
C:\Users\QGPWindowsVB\Documents\ANUSTART\Parts\parts\misc\fci_61083#2d101400lf\sym_1\symbol.css FILE68
C:\Users\QGPWindowsVB\Documents\ANUSTART\worklib\microzed_module\sch_1\page1_csa.lck NEWFILE69
C:\Users\QGPWindowsVB\Documents\ANUSTART\worklib\power\sch_1\page1.csb FILE70
C:\Users\QGPWindowsVB\Documents\ANUSTART\worklib\power\sch_1\page1_csb.lck NEWFILE71
C:\Users\QGPWindowsVB\Documents\ANUSTART\Parts\parts\capacitors\tant0805\sym_1\symbol.css FILE72
C:\Users\QGPWindowsVB\Documents\ANUSTART\Parts\parts\misc\inductor_l\sym_1\symbol.css FILE73
C:\Users\QGPWindowsVB\Documents\ANUSTART\Parts\parts\misc\led_l\sym_1\symbol.css FILE74
C:\Users\QGPWindowsVB\Documents\ANUSTART\Parts\parts\capacitors\csmd0805\sym_1\symbol.css FILE75
C:\Users\QGPWindowsVB\Documents\ANUSTART\Parts\parts\misc\ostoq047150\sym_1\symbol.css FILE76
C:\Users\QGPWindowsVB\Documents\ANUSTART\Parts\parts\regulators\7915_l\sym_1\symbol.css FILE77
C:\Users\QGPWindowsVB\Documents\ANUSTART\Parts\parts\regulators\7815s_l\sym_1\symbol.css FILE78
C:\Users\QGPWindowsVB\Documents\ANUSTART\Parts\parts\regulators\lm337t_l\sym_1\symbol.css FILE79
C:\Users\QGPWindowsVB\Documents\ANUSTART\Parts\parts\regulators\lm1117\sym_1\symbol.css FILE80
C:\Users\QGPWindowsVB\Documents\ANUSTART\worklib\power\sch_1\page1_csa.lck NEWFILE81
temp/xxnedtmp4/concept.mkr NEWFILE82
C:\Users\QGPWindowsVB\Documents\ANUSTART\worklib\translation\sym_1\symbol.css NEWFILE83
C:\Users\QGPWindowsVB\Documents\ANUSTART\worklib\translation\sym_1\symbol_css.lck NEWFILE84
temp/xxnedtmp4/csnetlister.mkr NEWFILE85
C:\Users\QGPWindowsVB\Documents\ANUSTART\worklib\translation\sch_1\page1.csa NEWFILE86
C:\Users\QGPWindowsVB\Documents\ANUSTART\worklib\translation\sch_1\page1.csv NEWFILE87
C:\Users\QGPWindowsVB\Documents\ANUSTART\worklib\translation\sch_1\pc.db NEWFILE88
C:\Users\QGPWindowsVB\Documents\ANUSTART\worklib\translation\sch_1\page1_csa.lck NEWFILE89
C:/Users/QGPWindowsVB/Documents/ANUSTART/worklib/translation/sch_1/translation_xcon.lck NEWFILE90
C:/Users/QGPWindowsVB/Documents/ANUSTART/worklib/translation/sch_1/translation_dcf.lck NEWFILE91
temp/xxnedtmp4/undo7.log NEWFILE92
temp/xxnedtmp4/undo8.log NEWFILE93
temp/xxnedtmp4/undo9.log NEWFILE94
temp/xxnedtmp4/undo10.log NEWFILE95
C:\Users\QGPWindowsVB\Documents\ANUSTART\worklib\ttl_ecl\sym_1\symbol.css NEWFILE96
C:\Users\QGPWindowsVB\Documents\ANUSTART\worklib\ttl_ecl\sym_1\symbol_css.lck NEWFILE97
C:\Users\QGPWindowsVB\Documents\ANUSTART\worklib\ttl_ecl\sch_1\page1.csa NEWFILE98
C:\Users\QGPWindowsVB\Documents\ANUSTART\worklib\ttl_ecl\sch_1\page1.csv NEWFILE99
C:\Users\QGPWindowsVB\Documents\ANUSTART\worklib\ttl_ecl\sch_1\pc.db NEWFILE100
C:\Users\QGPWindowsVB\Documents\ANUSTART\worklib\ttl_ecl\sch_1\page1_csa.lck NEWFILE101
C:/Users/QGPWindowsVB/Documents/ANUSTART/worklib/ttl_ecl/sch_1/ttl_ecl_xcon.lck NEWFILE102
C:/Users/QGPWindowsVB/Documents/ANUSTART/worklib/ttl_ecl/sch_1/ttl_ecl_dcf.lck NEWFILE103
C:\Users\QGPWindowsVB\Documents\ANUSTART\worklib\lvds_ecl\sym_1\symbol.css NEWFILE104
C:\Users\QGPWindowsVB\Documents\ANUSTART\worklib\lvds_ecl\sym_1\symbol_css.lck NEWFILE105
C:\Users\QGPWindowsVB\Documents\ANUSTART\worklib\lvds_ecl\sch_1\page1.csa NEWFILE106
C:\Users\QGPWindowsVB\Documents\ANUSTART\worklib\lvds_ecl\sch_1\page1.csv NEWFILE107
C:\Users\QGPWindowsVB\Documents\ANUSTART\worklib\lvds_ecl\sch_1\pc.db NEWFILE108
C:\Users\QGPWindowsVB\Documents\ANUSTART\worklib\lvds_ecl\sch_1\page1_csa.lck NEWFILE109
C:/Users/QGPWindowsVB/Documents/ANUSTART/worklib/lvds_ecl/sch_1/lvds_ecl_xcon.lck NEWFILE110
C:/Users/QGPWindowsVB/Documents/ANUSTART/worklib/lvds_ecl/sch_1/lvds_ecl_dcf.lck NEWFILE111
C:\Users\QGPWindowsVB\Documents\ANUSTART\worklib\nim_ecl\sym_1\symbol.css NEWFILE112
C:\Users\QGPWindowsVB\Documents\ANUSTART\worklib\nim_ecl\sym_1\symbol_css.lck NEWFILE113
C:\Users\QGPWindowsVB\Documents\ANUSTART\worklib\nim_ecl\sch_1\page1.csa NEWFILE114
C:\Users\QGPWindowsVB\Documents\ANUSTART\worklib\nim_ecl\sch_1\page1.csv NEWFILE115
C:\Users\QGPWindowsVB\Documents\ANUSTART\worklib\nim_ecl\sch_1\pc.db NEWFILE116
C:\Users\QGPWindowsVB\Documents\ANUSTART\worklib\nim_ecl\sch_1\page1_csa.lck NEWFILE117
C:/Users/QGPWindowsVB/Documents/ANUSTART/worklib/nim_ecl/sch_1/nim_ecl_xcon.lck NEWFILE118
C:/Users/QGPWindowsVB/Documents/ANUSTART/worklib/nim_ecl/sch_1/nim_ecl_dcf.lck NEWFILE119
C:/Cadence/SPB_16.6/tools/language/config.dat FILE120
C:/Cadence/SPB_16.6/tools/language/pack_type_rename.dat NEWFILE121
temp/xxnedtmp4/../penn#20b#20size#20page.mkr NEWFILE122
temp/xxnedtmp4/../mc10e116.mkr NEWFILE123
temp/xxnedtmp4/../mc10h125.mkr NEWFILE124
C:\Users\QGPWindowsVB\Documents\ANUSTART\worklib\ellie_coms\sch_1\page1.csa FILE125
C:\Users\QGPWindowsVB\Documents\ANUSTART\worklib\ellie_coms\sch_1\page1.csv FILE126
C:\Users\QGPWindowsVB\Documents\ANUSTART\worklib\ellie_coms\sch_1\pc.db FILE127
C:/Users/QGPWindowsVB/Documents/ANUSTART/worklib/ellie_coms/sch_1/ellie_coms_xcon.lck NEWFILE128
C:/Users/QGPWindowsVB/Documents/ANUSTART/worklib/ellie_coms/sch_1/ellie_coms_dcf.lck NEWFILE129
C:\Users\QGPWindowsVB\Documents\ANUSTART\worklib\ellie_coms\sch_1\page1_csa.lck NEWFILE130
temp/xxnedtmp4/../translation.mkr NEWFILE131
temp/xxnedtmp4/../ribbon_delay.mkr NEWFILE132
temp/xxnedtmp4/../generic_delays.mkr NEWFILE133
temp/xxnedtmp4/../inport.mkr NEWFILE134
temp/xxnedtmp4/../outport.mkr NEWFILE135
temp/xxnedtmp4/../pulse_inverter.mkr NEWFILE136
C:\Users\QGPWindowsVB\Documents\ANUSTART\worklib\general_utilities\sch_1\page1.csa FILE137
C:\Users\QGPWindowsVB\Documents\ANUSTART\worklib\general_utilities\sch_1\page1.csv FILE138
C:\Users\QGPWindowsVB\Documents\ANUSTART\worklib\general_utilities\sch_1\pc.db FILE139
C:/Users/QGPWindowsVB/Documents/ANUSTART/worklib/general_utilities/sch_1/general_utilities_xcon.lck NEWFILE140
C:/Users/QGPWindowsVB/Documents/ANUSTART/worklib/general_utilities/sch_1/general_utilities_dcf.lck NEWFILE141
C:\Users\QGPWindowsVB\Documents\ANUSTART\worklib\general_utilities\sch_1\page1_csa.lck NEWFILE142
temp/xxnedtmp4/../nim_ecl.mkr NEWFILE143
temp/xxnedtmp4/../lvds_ecl.mkr NEWFILE144
temp/xxnedtmp4/../ttl_ecl.mkr NEWFILE145
C:\Users\QGPWindowsVB\Documents\ANUSTART\worklib\translation\sch_1\page1.csb NEWFILE146
C:\Users\QGPWindowsVB\Documents\ANUSTART\worklib\translation\sch_1\page1_csb.lck NEWFILE147
C:\Users\QGPWindowsVB\Documents\ANUSTART\worklib\ttl_ecl\sch_1\page1.csb NEWFILE148
C:\Users\QGPWindowsVB\Documents\ANUSTART\worklib\ttl_ecl\sch_1\page1_csb.lck NEWFILE149
temp/xxnedtmp4/../sy100el91l.mkr NEWFILE150
temp/xxnedtmp4/../rsmd0805.mkr NEWFILE151
temp/xxnedtmp4/../mc10h124.mkr NEWFILE152
temp/xxnedtmp4/../csmd0603.mkr NEWFILE153
temp/xxnedtmp4/../testpoint_l.mkr NEWFILE154
temp/xxnedtmp4/../mc10h104.mkr NEWFILE155
temp/xxnedtmp4/../sy100el34l.mkr NEWFILE156
temp/xxnedtmp4/../foxclock.mkr NEWFILE157
C:\Users\QGPWindowsVB\Documents\ANUSTART\worklib\default_clk_sel\sch_1\page1.csa FILE158
C:\Users\QGPWindowsVB\Documents\ANUSTART\worklib\default_clk_sel\sch_1\page1.csv FILE159
C:/Users/QGPWindowsVB/Documents/ANUSTART/worklib/default_clk_sel/sch_1/default_clk_sel_xcon.lck NEWFILE160
C:/Users/QGPWindowsVB/Documents/ANUSTART/worklib/default_clk_sel/sch_1/default_clk_sel_dcf.lck NEWFILE161
C:\Users\QGPWindowsVB\Documents\ANUSTART\worklib\default_clk_sel\sch_1\page1_csa.lck NEWFILE162
C:\Users\QGPWindowsVB\Documents\ANUSTART\worklib\lvds_ecl\sch_1\page1.csb NEWFILE163
C:\Users\QGPWindowsVB\Documents\ANUSTART\worklib\lvds_ecl\sch_1\page1_csb.lck NEWFILE164
C:\Users\QGPWindowsVB\Documents\ANUSTART\worklib\nim_ecl\sch_1\page1.csb NEWFILE165
C:\Users\QGPWindowsVB\Documents\ANUSTART\worklib\nim_ecl\sch_1\page1_csb.lck NEWFILE166
C:\Users\QGPWindowsVB\Documents\ANUSTART\Parts\parts\ecl\mc10h116\sym_1\symbol.css FILE167
temp/xxnedtmp4/../csmd0805.mkr NEWFILE168
temp/xxnedtmp4/../mc10h116.mkr NEWFILE169
