FILE_TYPE=LIBRARY_PARTS;
primitive 'MC10E016';
  pin
    'VEE':
      PIN_NUMBER='(1)';
      PINUSE='POWER';
      NO_LOAD_CHECK='Both';
      NO_IO_CHECK='Both';
      NO_ASSERT_CHECK='TRUE';
      NO_DIR_CHECK='TRUE';
      ALLOW_CONNECT='TRUE';
    'P0':
      PIN_NUMBER='(3)';
      INPUT_LOAD='(-0.01,0.01)';
    'P1':
      PIN_NUMBER='(4)';
      INPUT_LOAD='(-0.01,0.01)';
    'P2':
      PIN_NUMBER='(5)';
      INPUT_LOAD='(-0.01,0.01)';
    'P3':
      PIN_NUMBER='(6)';
      INPUT_LOAD='(-0.01,0.01)';
    'P4':
      PIN_NUMBER='(7)';
      INPUT_LOAD='(-0.01,0.01)';
    'P5':
      PIN_NUMBER='(21)';
      INPUT_LOAD='(-0.01,0.01)';
    'P6':
      PIN_NUMBER='(22)';
      INPUT_LOAD='(-0.01,0.01)';
    'P7':
      PIN_NUMBER='(23)';
      INPUT_LOAD='(-0.01,0.01)';
    'Q0':
      PIN_NUMBER='(9)';
      OUTPUT_LOAD='(1.0,-1.0)';
    'Q1':
      PIN_NUMBER='(10)';
      OUTPUT_LOAD='(1.0,-1.0)';
    'Q2':
      PIN_NUMBER='(11)';
      OUTPUT_LOAD='(1.0,-1.0)';
    'Q3':
      PIN_NUMBER='(12)';
      OUTPUT_LOAD='(1.0,-1.0)';
    'Q4':
      PIN_NUMBER='(13)';
      OUTPUT_LOAD='(1.0,-1.0)';
    'Q5':
      PIN_NUMBER='(15)';
      OUTPUT_LOAD='(1.0,-1.0)';
    'Q6':
      PIN_NUMBER='(17)';
      OUTPUT_LOAD='(1.0,-1.0)';
    'Q7':
      PIN_NUMBER='(18)';
      OUTPUT_LOAD='(1.0,-1.0)';
    'MR':
      PIN_NUMBER='(26)';
      INPUT_LOAD='(-0.01,0.01)';
    'CLK':
      PIN_NUMBER='(27)';
      INPUT_LOAD='(-0.01,0.01)';
    'TCLD':
      PIN_NUMBER='(28)';
      INPUT_LOAD='(-0.01,0.01)';
    'GND0':
      PIN_NUMBER='(8)';
      PINUSE='GROUND';
      NO_LOAD_CHECK='Both';
      NO_IO_CHECK='Both';
      NO_ASSERT_CHECK='TRUE';
      NO_DIR_CHECK='TRUE';
      ALLOW_CONNECT='TRUE';
    'GND1':
      PIN_NUMBER='(14)';
      PINUSE='GROUND';
      NO_LOAD_CHECK='Both';
      NO_IO_CHECK='Both';
      NO_ASSERT_CHECK='TRUE';
      NO_DIR_CHECK='TRUE';
      ALLOW_CONNECT='TRUE';
    'GND2':
      PIN_NUMBER='(16)';
      PINUSE='GROUND';
      NO_LOAD_CHECK='Both';
      NO_IO_CHECK='Both';
      NO_ASSERT_CHECK='TRUE';
      NO_DIR_CHECK='TRUE';
      ALLOW_CONNECT='TRUE';
    'GND3':
      PIN_NUMBER='(20)';
      PINUSE='GROUND';
      NO_LOAD_CHECK='Both';
      NO_IO_CHECK='Both';
      NO_ASSERT_CHECK='TRUE';
      NO_DIR_CHECK='TRUE';
      ALLOW_CONNECT='TRUE';
    '-CE':
      PIN_NUMBER='(24)';
      INPUT_LOAD='(-0.01,0.01)';
    '-PE':
      PIN_NUMBER='(25)';
      INPUT_LOAD='(-0.01,0.01)';
    '-TC':
      PIN_NUMBER='(19)';
      OUTPUT_LOAD='(1.0,-1.0)';
  end_pin;
  body
    PART_NAME='MC10E016';
    BODY_NAME='MC10E016';
    JEDEC_TYPE='plcc28';
    PHYS_DES_PREFIX='U';
    CLASS='IC';
    NC_PINS='(2)';
  end_body;
end_primitive;

END.
