	(Comment
		(Time 08/22/14,18:35:39)
		(User QGPWindowsVB)
		(MsgId ECO_021)
		(Text "Package HCT374 added to cell")
		(Param1 "HCT374")
	)
	(Comment
		(Time 08/22/14,18:42:54)
		(User QGPWindowsVB)
		(MsgId ECO_081)
		(Text "Symbol sym_1 added to cell")
		(Param1 "sym_1")
	)
	(Comment
		(Time 08/22/14,18:42:54)
		(User QGPWindowsVB)
		(MsgId ECO_081)
		(Text "Symbol sym_2 added to cell")
		(Param1 "sym_2")
	)
	(Comment
		(Time 11/04/14,17:44:41)
		(User QGPWindowsVB)
		(MsgId ECO_082)
		(Text "Symbol sym_2 deleted from cell")
		(Param1 "sym_2")
	)
	(Comment
		(Time 02/28/15,13:16:35)
		(User Eric Marzec)
		(MsgId ECO_021)
		(Text "Package HCT374_1 added to cell")
		(Param1 "HCT374_1")
	)
	(Comment
		(Time 02/28/15,13:17:15)
		(User Eric Marzec)
		(MsgId ECO_022)
		(Text "Package HCT374 deleted from cell")
		(Param1 "HCT374")
	)
	(Comment
		(Time 02/28/15,13:17:19)
		(User Eric Marzec)
		(MsgId ECO_082)
		(Text "Symbol sym_1 deleted from cell")
		(Param1 "sym_1")
	)
	(Comment
		(Time 02/28/15,13:20:32)
		(User Eric Marzec)
		(MsgId ECO_081)
		(Text "Symbol sym_1 added to cell")
		(Param1 "sym_1")
	)
