Allegro Design Entry HDL 16.6-p007 (v16-6-112F) 10/10/2012
Copyright 2011 Cadence Design Systems, Inc

WARNING(SPCOCN-1474): You must specify a window that contains a drawing.
WARNING(SPCOCN-1474): You must specify a window that contains a drawing.
WARNING(SPCOCN-1474): You must specify a window that contains a drawing.
WARNING(SPCOCN-1474): You must specify a window that contains a drawing.
WARNING(SPCOCN-1474): You must specify a window that contains a drawing.
WARNING(SPCOCN-1474): You must specify a window that contains a drawing.
WARNING(SPCOCN-1474): You must specify a window that contains a drawing.
WARNING(SPCOCN-2040): Specify the command "page forcereset all" to reset logical page numbers of all pages of this block.
WARNING(SPCOCN-1523): Invalid set option: <search_history_count>
INFO(SPCOCN-1177): Unexpected text: <5>
WARNING(SPCOCN-1523): Invalid set option: <search_history>
INFO(SPCOCN-1177): Unexpected text: <DATA_RDY>
WARNING(SPCOCN-1523): Invalid set option: <search_toolbar_lookin>
INFO(SPCOCN-1177): Unexpected text: <PAGE>
WARNING(SPCOCN-1523): Invalid set option: <modify_quick_reset_filters>
INFO(SPCOCN-1177): Unexpected text: <OFF>
WARNING(SPCOCN-1523): Invalid set option: <hss_distribute_ports_count>
INFO(SPCOCN-1177): Unexpected text: <25>
WARNING(SPCOCN-1523): Invalid set option: <hss_distribute_port_pattern>
WARNING(SPCOCN-1523): Invalid set option: <hss_distribute_property_name>
WARNING(SPCOCN-1474): You must specify a window that contains a drawing.
WARNING(SPCOCN-1474): You must specify a window that contains a drawing.
WARNING(SPCOCN-1474): You must specify a window that contains a drawing.
WARNING(SPCOCN-1474): You must specify a window that contains a drawing.
WARNING(SPCOCN-1474): You must specify a window that contains a drawing.
WARNING(SPCOCN-1474): You must specify a window that contains a drawing.
INFO(SPCOCN-1737): Reading C:\Users\QGPWindowsVB\Documents\ANUSTART\cds.lib file.
WARNING(SPCOCN-1474): You must specify a window that contains a drawing.
INFO(SPCOCN-1445): Reading TUBII.SCH.1.1 into drawing #1.
INFO(SPCOCN-195): The following file will be used to identify the list of modules to be excluded: 'C:\Cadence\SPB_16.6\share\cdssetup\xmodules.dat'.
INFO(SPCOCN-1001): Component: I1 selected.
INFO(SPCOCN-1445): Reading TUBII.SCH.1.1 into drawing #1.
INFO(SPCOCN-1001): Component: I1 selected.
INFO(SPCOCN-1001): Component: I1 selected.
INFO(SPCOCN-1445): Reading TUBII_PCB.SCH.1.1 into drawing #1.
INFO(SPCOCN-1001): Component: I5 selected.
INFO(SPCOCN-1001): Component: I5 selected.
INFO(SPCOCN-1445): Reading POWER.SCH.1.1 into drawing #1.
INFO(SPCOCN-1001): Component: I1 selected.
INFO(SPCOCN-999): Signal: GND selected.
INFO(SPCOCN-1001): Component: I3 selected.
INFO(SPCOCN-1001): Component: I3 selected.
INFO(SPCOCN-1001): Component: I3 selected.
INFO(SPCOCN-1001): Component: I5 selected.
INFO(SPCOCN-1001): Component: I6 selected.
INFO(SPCOCN-1001): Component: I13 selected.
INFO(SPCOCN-1001): Component: I13 selected.
INFO(SPCOCN-1445): Reading LM1117.SYM.1.1 into drawing #1.
INFO(SPCOCN-1445): Reading POWER.SCH.1.1 into drawing #1.
INFO(SPCOCN-1001): Component: I3 selected.
INFO(SPCOCN-1001): Component: I3 selected.
INFO(SPCOCN-1001): Component: I9 selected.
INFO(SPCOCN-1001): Component: I8 selected.
INFO(SPCOCN-1001): Component: I13 selected.
INFO(SPCOCN-1001): Component: I13 selected.
INFO(SPCOCN-1001): Component: I4 selected.
INFO(SPCOCN-1000): Pin: I4.A <SIZE-1..0> selected.
INFO(SPCOCN-1001): Component: I9 selected.
INFO(SPCOCN-1001): Component: I8 selected.
INFO(SPCOCN-1001): Component: I7 selected.
INFO(SPCOCN-1001): Component: I7 selected.
INFO(SPCOCN-1001): Component: I10 selected.
INFO(SPCOCN-1001): Component: I10 selected.
INFO(SPCOCN-1001): Component: I10 selected.
INFO(SPCOCN-1001): Component: I10 selected.
INFO(SPCOCN-1001): Component: I4 selected.
INFO(SPCOCN-1001): Component: I4 selected.
INFO(SPCOCN-1001): Component: I4 selected.
INFO(SPCOCN-1001): Component: I4 selected.
INFO(SPCOCN-1001): Component: I27 selected.
INFO(SPCOCN-1001): Component: I27 selected.
INFO(SPCOCN-1001): Component: I27 selected.
INFO(SPCOCN-1001): Component: I27 selected.
INFO(SPCOCN-1001): Component: I27 selected.
INFO(SPCOCN-1001): Component: I4 selected.
INFO(SPCOCN-1001): Component: I28 selected.
INFO(SPCOCN-1001): Component: I29 selected.
INFO(SPCOCN-1001): Component: I29 selected.
INFO(SPCOCN-1001): Component: I17 selected.
INFO(SPCOCN-1001): Component: I17 selected.
INFO(SPCOCN-1001): Component: I17 selected.
INFO(SPCOCN-1001): Component: I17 selected.
INFO(SPCOCN-1001): Component: I14 selected.
INFO(SPCOCN-1001): Component: I14 selected.
INFO(SPCOCN-1001): Component: I31 selected.
INFO(SPCOCN-1001): Component: I32 selected.
INFO(SPCOCN-1001): Component: I32 selected.
INFO(SPCOCN-1854): The drawing POWER.SCH.1.1
INFO(SPCOCN-578): will be retained as drawing #1.
INFO(SPCOCN-1445): Reading TANT0805.SYM.1.1 into drawing #2.
INFO(SPCOCN-1443): POWER.SCH.1.1 has been previously edited as drawing #1.
INFO(SPCOCN-1001): Component: I32 selected.
INFO(SPCOCN-1001): Component: I33 selected.
INFO(SPCOCN-1001): Component: I33 selected.
INFO(SPCOCN-1001): Component: I33 selected.
INFO(SPCOCN-1001): Component: I34 selected.
INFO(SPCOCN-1001): Component: I34 selected.
INFO(SPCOCN-1001): Component: I47 selected.
INFO(SPCOCN-1001): Component: I13 selected.
INFO(SPCOCN-1001): Component: I13 selected.
INFO(SPCOCN-1001): Component: I20 selected.
INFO(SPCOCN-1001): Component: I21 selected.
INFO(SPCOCN-1001): Component: I24 selected.
INFO(SPCOCN-1001): Component: I24 selected.
INFO(SPCOCN-1001): Component: I26 selected.
INFO(SPCOCN-1001): Component: I15 selected.
INFO(SPCOCN-1001): Component: I36 selected.
INFO(SPCOCN-1001): Component: I15 selected.
INFO(SPCOCN-1001): Component: I15 selected.
INFO(SPCOCN-1001): Component: I15 selected.
INFO(SPCOCN-1001): Component: I38 selected.
INFO(SPCOCN-1001): Component: I38 selected.
INFO(SPCOCN-1001): Component: I39 selected.
INFO(SPCOCN-999): Signal: GND selected.
INFO(SPCOCN-1001): Component: I37 selected.
INFO(SPCOCN-1001): Component: I37 selected.
INFO(SPCOCN-1001): Component: I36 selected.
INFO(SPCOCN-1001): Component: I36 selected.
INFO(SPCOCN-1001): Component: I43 selected.
INFO(SPCOCN-1001): Component: I40 selected.
INFO(SPCOCN-1854): The drawing POWER.SCH.1.1
INFO(SPCOCN-578): will be retained as drawing #1.
INFO(SPCOCN-1445): Reading TUBII_PCB.SCH.1.1 into drawing #2.
INFO(SPCOCN-1001): Component: I6 selected.
INFO(SPCOCN-1445): Reading ECAL_CONTROL.SCH.1.1 into drawing #2.
INFO(SPCOCN-1445): Reading TUBII_PCB.SCH.1.1 into drawing #2.
INFO(SPCOCN-1001): Component: I9 selected.
INFO(SPCOCN-1445): Reading ELLIE_COMS.SCH.1.1 into drawing #2.
INFO(SPCOCN-1001): Component: I15 selected.
INFO(SPCOCN-1001): Component: I15 selected.
INFO(SPCOCN-1001): Component: I10 selected.
INFO(SPCOCN-1001): Component: I10 selected.
INFO(SPCOCN-1001): Component: I15 selected.
INFO(SPCOCN-1001): Component: I21 selected.
INFO(SPCOCN-1001): Component: I22 selected.
INFO(SPCOCN-1001): Component: I17 selected.
INFO(SPCOCN-1001): Component: I18 selected.
INFO(SPCOCN-1001): Component: I13 selected.
INFO(SPCOCN-1001): Component: I13 selected.
INFO(SPCOCN-1001): Component: I13 selected.
INFO(SPCOCN-1001): Component: I14 selected.
INFO(SPCOCN-1001): Component: I14 selected.
INFO(SPCOCN-1070): Checking drawing...
INFO(SPCOCN-1028): writing <tubii_tk2_lib>POWER.SCH.1.1:
INFO(SPCOCN-1044): writing binary file...
INFO(SPCOCN-1049): writing ASCII file...
INFO(SPCOCN-1053): writing connectivity file...
INFO(SPCOCN-1054): ...written

CSDirect 16.6-p007 (v16-6-112F)

Netlisting block power

Processing page 1

No netlisting errors found. 

INFO(SPCOCN-1640): writing occurrence data...
INFO(SPCOCN-1054): ...written
INFO(SPCOCN-1019): Save All completed.
