FILE_TYPE=LIBRARY_PARTS;
primitive '74F06','74F06_DIP';
  pin
    'A'<0>:
      PIN_NUMBER='(13,11,9,5,3,1)';
      INPUT_LOAD='(-0.6,0.02)';
    '-Y'<0>:
      PIN_NUMBER='(12,10,8,6,4,2)';
      OUTPUT_TYPE='(OC,AND)';
      OUTPUT_LOAD='(64.0,*)';
  end_pin;
  body
    FAMILY='FAST';
    PART_NAME='74F06';
    BODY_NAME='F06';
    MAX_DELAY='10000';
    TECH='74F';
    JEDEC_TYPE='DIP14_3';
    PHYS_DES_PREFIX='U';
    CLASS='IC';
    POWER_PINS='(VCC:14)';
    POWER_PINS='(GND:7)';
  end_body;
end_primitive;

primitive '74F06_SOIC';
  pin
    'A'<0>:
      PIN_NUMBER='(13,11,9,5,3,1)';
      INPUT_LOAD='(-0.6,0.02)';
    '-Y'<0>:
      PIN_NUMBER='(12,10,8,6,4,2)';
      OUTPUT_TYPE='(OC,AND)';
      OUTPUT_LOAD='(64.0,*)';
  end_pin;
  body
    FAMILY='FAST';
    PART_NAME='74F06';
    BODY_NAME='F06';
    MAX_DELAY='10000';
    TECH='74F';
    JEDEC_TYPE='SOIC14';
    PHYS_DES_PREFIX='U';
    CLASS='IC';
    POWER_PINS='(VCC:14)';
    POWER_PINS='(GND:7)';
  end_body;
end_primitive;

END.
