FILE_TYPE=LIBRARY_PARTS;
primitive '100EL34','100EL34_SOIC';
  pin
    'CLK':
      PIN_NUMBER='(13)';
      INPUT_LOAD='(-0.01,0.01)';
    '-CLK':
      PIN_NUMBER='(12)';
      INPUT_LOAD='(-0.01,0.01)';
    '-EN':
      PIN_NUMBER='(15)';
      INPUT_LOAD='(-0.01,0.01)';
    'MR':
      PIN_NUMBER='(10)';
      INPUT_LOAD='(-0.01,0.01)';
    'NC':
      PIN_NUMBER='(14)';
      PINUSE='NC';
      NO_LOAD_CHECK='Both';
      NO_IO_CHECK='Both';
      NO_ASSERT_CHECK='TRUE';
      NO_DIR_CHECK='TRUE';
      ALLOW_CONNECT='TRUE';
    'VBB':
      PIN_NUMBER='(11)';
      PINUSE='POWER';
      NO_LOAD_CHECK='Both';
      NO_IO_CHECK='Both';
      NO_ASSERT_CHECK='TRUE';
      NO_DIR_CHECK='TRUE';
      ALLOW_CONNECT='TRUE';
    'OUT2':
      PIN_NUMBER='(1)';
      OUTPUT_LOAD='(1.0,-1.0)';
    'OUT4':
      PIN_NUMBER='(4)';
      OUTPUT_LOAD='(1.0,-1.0)';
    'OUT8':
      PIN_NUMBER='(7)';
      OUTPUT_LOAD='(1.0,-1.0)';
    '-OUT2':
      PIN_NUMBER='(2)';
      OUTPUT_LOAD='(1.0,-1.0)';
    '-OUT4':
      PIN_NUMBER='(5)';
      OUTPUT_LOAD='(1.0,-1.0)';
    '-OUT8':
      PIN_NUMBER='(8)';
      OUTPUT_LOAD='(1.0,-1.0)';
  end_pin;
  body
    PART_NAME='100EL34';
    BODY_NAME='100EL34';
    JEDEC_TYPE='soic16';
    PHYS_DES_PREFIX='D';
    CLASS='IC';
    POWER_PINS='(VCC:16,3,6)';
    POWER_PINS='(VEE:9)';
  end_body;
end_primitive;

END.
