temp/xxnedtmp15/event.log NEWFILE1
temp/xxnedtmp15/text.log NEWFILE2
temp/xxnedtmp15/environ.log NEWFILE3
C:\Cadence\SPB_16.6\share\cdssetup/concept/concepthdl.scr FILE4
C:\Users\QGPWindowsVB\Documents\ANUSTART\cds.lib FILE5
C:\Users\QGPWindowsVB\Documents\ANUSTART\worklib\tubii\sch_1\page1.csb FILE6
C:\Users\QGPWindowsVB\Documents\ANUSTART\worklib\tubii\sch_1\page1_csb.lck NEWFILE7
temp/xxnedtmp15/undo1.log NEWFILE8
C:\Users\QGPWindowsVB\Documents\ANUSTART\Parts\parts\misc\penn#20b#20size#20page\sym_1\symbol.css FILE9
C:\Users\QGPWindowsVB\Documents\ANUSTART\worklib\back_ports\sym_1\symbol.css FILE10
C:\Users\QGPWindowsVB\Documents\ANUSTART\worklib\front_ports\sym_1\symbol.css FILE11
C:\Users\QGPWindowsVB\Documents\ANUSTART\worklib\tubii_pcb\sym_1\symbol.css FILE12
C:\Users\QGPWindowsVB\Documents\ANUSTART\worklib\tubii\sch_1\page1_csa.lck NEWFILE13
C:/Users/QGPWindowsVB/Documents/ANUSTART/worklib/tubii/sch_1/tubii.xcon FILE14
C:/Users/QGPWindowsVB/Documents/ANUSTART/worklib/tubii/sch_1/tubii.dcf FILE15
C:\Users\QGPWindowsVB\Documents\ANUSTART\worklib\tubii_pcb\sch_1\page1.csb FILE16
C:\Users\QGPWindowsVB\Documents\ANUSTART\worklib\tubii_pcb\sch_1\page1_csb.lck NEWFILE17
C:\Users\QGPWindowsVB\Documents\ANUSTART\worklib\ellie_coms\sym_1\symbol.css FILE18
C:\Cadence\SPB_16.6\share\library\standard\outport\sym_1\symbol.css FILE19
C:\Users\QGPWindowsVB\Documents\ANUSTART\worklib\caen_coms\sym_1\symbol.css FILE20
C:\Cadence\SPB_16.6\share\library\standard\inport\sym_1\symbol.css FILE21
C:\Users\QGPWindowsVB\Documents\ANUSTART\worklib\ext_trigs\sym_1\symbol.css FILE22
C:\Users\QGPWindowsVB\Documents\ANUSTART\worklib\ecal_control\sym_1\symbol.css FILE23
C:\Users\QGPWindowsVB\Documents\ANUSTART\Parts\parts\ttl\hct238\sym_1\symbol.css FILE24
C:\Users\QGPWindowsVB\Documents\ANUSTART\worklib\power\sym_1\symbol.css FILE25
C:\Users\QGPWindowsVB\Documents\ANUSTART\worklib\general_utilities\sym_1\symbol.css FILE26
C:\Users\QGPWindowsVB\Documents\ANUSTART\worklib\mtca_mimic\sym_1\symbol.css FILE27
C:\Users\QGPWindowsVB\Documents\ANUSTART\worklib\clocks\sym_1\symbol.css FILE28
C:\Users\QGPWindowsVB\Documents\ANUSTART\worklib\lo_gen\sym_1\symbol.css FILE29
C:\Users\QGPWindowsVB\Documents\ANUSTART\worklib\baseline_buffer\sym_1\symbol.css FILE30
C:\Users\QGPWindowsVB\Documents\ANUSTART\worklib\tubii_spkr\sym_1\symbol.css FILE31
C:\Users\QGPWindowsVB\Documents\ANUSTART\worklib\cntrl_register\sym_1\symbol.css FILE32
C:\Users\QGPWindowsVB\Documents\ANUSTART\worklib\microzed_module\sym_1\symbol.css FILE33
C:\Users\QGPWindowsVB\Documents\ANUSTART\worklib\ext_trigs\sch_1\page1.csb FILE34
C:\Users\QGPWindowsVB\Documents\ANUSTART\worklib\ext_trigs\sch_1\page1_csb.lck NEWFILE35
C:\Users\QGPWindowsVB\Documents\ANUSTART\worklib\tubii_pcb\sch_1\page1_csa.lck NEWFILE36
C:\Users\QGPWindowsVB\Documents\ANUSTART\Parts\parts\resistors\rsmd0805\sym_1\symbol.css FILE37
C:\Users\QGPWindowsVB\Documents\ANUSTART\Parts\parts\ecl\mc10h125\sym_1\symbol.css FILE38
C:\Users\QGPWindowsVB\Documents\ANUSTART\Parts\parts\ttl\74f07\sym_1\symbol.css FILE39
C:\Users\QGPWindowsVB\Documents\ANUSTART\Parts\parts\capacitors\csmd0603\sym_1\symbol.css FILE40
C:\Users\QGPWindowsVB\Documents\ANUSTART\Parts\parts\ecl\mc10e116\sym_1\symbol.css FILE41
C:\Cadence\SPB_16.6\share\library\standard\8#20merge\sym_1\symbol.css FILE42
temp/xxnedtmp15/concept.mkr NEWFILE43
C:/Cadence/SPB_16.6/tools/language/config.dat FILE44
C:/Cadence/SPB_16.6/tools/language/pack_type_rename.dat NEWFILE45
temp/xxnedtmp15/../mc10e116.mkr NEWFILE46
temp/xxnedtmp15/../csmd0603.mkr NEWFILE47
temp/xxnedtmp15/../mc10h125.mkr NEWFILE48
temp/xxnedtmp15/../rsmd0805.mkr NEWFILE49
temp/xxnedtmp15/../74f07.mkr NEWFILE50
temp/xxnedtmp15/../penn#20b#20size#20page.mkr NEWFILE51
temp/xxnedtmp15/../8#20merge.mkr NEWFILE52
temp/xxnedtmp15/../outport.mkr NEWFILE53
temp/xxnedtmp15/../inport.mkr NEWFILE54
C:\Users\QGPWindowsVB\Documents\ANUSTART\worklib\ext_trigs\sch_1\page1.csa FILE55
C:\Users\QGPWindowsVB\Documents\ANUSTART\worklib\ext_trigs\sch_1\page1.csv FILE56
C:/Users/QGPWindowsVB/Documents/ANUSTART/worklib/ext_trigs/sch_1/ext_trigs_xcon.lck NEWFILE57
C:/Users/QGPWindowsVB/Documents/ANUSTART/worklib/ext_trigs/sch_1/ext_trigs_dcf.lck NEWFILE58
temp/xxnedtmp15/csnetlister.mkr NEWFILE59
C:\Users\QGPWindowsVB\Documents\ANUSTART\worklib\ext_trigs\sch_1\page1_csa.lck NEWFILE60
C:\Users\QGPWindowsVB\Documents\ANUSTART\worklib\tubii\packaged/pstback.dat FILE61
temp/xxnedtmp15/../ellie_coms.mkr NEWFILE62
temp/xxnedtmp15/../caen_coms.mkr NEWFILE63
temp/xxnedtmp15/../ext_trigs.mkr NEWFILE64
temp/xxnedtmp15/../ecal_control.mkr NEWFILE65
temp/xxnedtmp15/../hct238.mkr NEWFILE66
temp/xxnedtmp15/../power.mkr NEWFILE67
temp/xxnedtmp15/../general_utilities.mkr NEWFILE68
temp/xxnedtmp15/../mtca_mimic.mkr NEWFILE69
temp/xxnedtmp15/../clocks.mkr NEWFILE70
temp/xxnedtmp15/../lo_gen.mkr NEWFILE71
temp/xxnedtmp15/../baseline_buffer.mkr NEWFILE72
temp/xxnedtmp15/../tubii_spkr.mkr NEWFILE73
temp/xxnedtmp15/../cntrl_register.mkr NEWFILE74
temp/xxnedtmp15/../microzed_module.mkr NEWFILE75
C:\Users\QGPWindowsVB\Documents\ANUSTART\worklib\tubii_pcb\sch_1\page1.csa FILE76
C:\Users\QGPWindowsVB\Documents\ANUSTART\worklib\tubii_pcb\sch_1\page1.csv FILE77
C:/Users/QGPWindowsVB/Documents/ANUSTART/worklib/tubii_pcb/sch_1/tubii_pcb_xcon.lck NEWFILE78
C:/Users/QGPWindowsVB/Documents/ANUSTART/worklib/tubii_pcb/sch_1/tubii_pcb_dcf.lck NEWFILE79
C:\Users\QGPWindowsVB\Documents\ANUSTART\worklib\microzed_module\sch_1\page1.csb FILE80
C:\Users\QGPWindowsVB\Documents\ANUSTART\worklib\microzed_module\sch_1\page1_csb.lck NEWFILE81
C:\Users\QGPWindowsVB\Documents\ANUSTART\Parts\parts\misc\fci_61083#2d101400lf\sym_1\symbol.css FILE82
temp/xxnedtmp15/../fci_61083#2d101400lf.mkr NEWFILE83
C:\Users\QGPWindowsVB\Documents\ANUSTART\worklib\microzed_module\sch_1\page1.csa FILE84
C:\Users\QGPWindowsVB\Documents\ANUSTART\worklib\microzed_module\sch_1\page1.csv FILE85
C:/Users/QGPWindowsVB/Documents/ANUSTART/worklib/microzed_module/sch_1/microzed_module_xcon.lck NEWFILE86
C:/Users/QGPWindowsVB/Documents/ANUSTART/worklib/microzed_module/sch_1/microzed_module_dcf.lck NEWFILE87
C:\Users\QGPWindowsVB\Documents\ANUSTART\worklib\clocks\sch_1\page1.csb FILE88
C:\Users\QGPWindowsVB\Documents\ANUSTART\worklib\clocks\sch_1\page1_csb.lck NEWFILE89
C:\Users\QGPWindowsVB\Documents\ANUSTART\worklib\microzed_module\sch_1\page1_csa.lck NEWFILE90
C:\Users\QGPWindowsVB\Documents\ANUSTART\Parts\parts\ecl\mc10h124\sym_1\symbol.css FILE91
C:\Users\QGPWindowsVB\Documents\ANUSTART\Parts\parts\misc\74f164\sym_2\symbol.css FILE92
C:\Users\QGPWindowsVB\Documents\ANUSTART\worklib\change_clks\sym_1\symbol.css FILE93
C:\Users\QGPWindowsVB\Documents\ANUSTART\worklib\fault_detection\sym_1\symbol.css FILE94
C:\Users\QGPWindowsVB\Documents\ANUSTART\worklib\default_clk_sel\sym_1\symbol.css FILE95
temp/xxnedtmp15/../mc10h124.mkr NEWFILE96
temp/xxnedtmp15/../74f164.mkr NEWFILE97
temp/xxnedtmp15/../change_clks.mkr NEWFILE98
temp/xxnedtmp15/../fault_detection.mkr NEWFILE99
temp/xxnedtmp15/../default_clk_sel.mkr NEWFILE100
C:\Users\QGPWindowsVB\Documents\ANUSTART\worklib\clocks\sch_1\page1.csa FILE101
C:\Users\QGPWindowsVB\Documents\ANUSTART\worklib\clocks\sch_1\page1.csv FILE102
C:/Users/QGPWindowsVB/Documents/ANUSTART/worklib/clocks/sch_1/clocks_xcon.lck NEWFILE103
C:/Users/QGPWindowsVB/Documents/ANUSTART/worklib/clocks/sch_1/clocks_dcf.lck NEWFILE104
C:\Users\QGPWindowsVB\Documents\ANUSTART\worklib\default_clk_sel\sch_1\page1.csb FILE105
C:\Users\QGPWindowsVB\Documents\ANUSTART\worklib\default_clk_sel\sch_1\page1_csb.lck NEWFILE106
C:\Users\QGPWindowsVB\Documents\ANUSTART\worklib\clocks\sch_1\page1_csa.lck NEWFILE107
C:\Users\QGPWindowsVB\Documents\ANUSTART\Parts\parts\misc\testpoint_l\sym_1\symbol.css FILE108
C:\Users\QGPWindowsVB\Documents\ANUSTART\Parts\parts\ecl\mc10h104\sym_1\symbol.css FILE109
C:\Users\QGPWindowsVB\Documents\ANUSTART\Parts\parts\misc\sy100el34l\sym_1\symbol.css FILE110
C:\Users\QGPWindowsVB\Documents\ANUSTART\Parts\parts\ecl\sy100el91l\sym_1\symbol.css FILE111
C:\Users\QGPWindowsVB\Documents\ANUSTART\Parts\parts\misc\foxclock\sym_1\symbol.css FILE112
temp/xxnedtmp15/../testpoint_l.mkr NEWFILE113
temp/xxnedtmp15/../mc10h104.mkr NEWFILE114
temp/xxnedtmp15/../sy100el34l.mkr NEWFILE115
temp/xxnedtmp15/../sy100el91l.mkr NEWFILE116
temp/xxnedtmp15/../foxclock.mkr NEWFILE117
C:\Users\QGPWindowsVB\Documents\ANUSTART\worklib\default_clk_sel\sch_1\page1.csa FILE118
C:\Users\QGPWindowsVB\Documents\ANUSTART\worklib\default_clk_sel\sch_1\page1.csv FILE119
C:/Users/QGPWindowsVB/Documents/ANUSTART/worklib/default_clk_sel/sch_1/default_clk_sel_xcon.lck NEWFILE120
C:/Users/QGPWindowsVB/Documents/ANUSTART/worklib/default_clk_sel/sch_1/default_clk_sel_dcf.lck NEWFILE121
C:\Users\QGPWindowsVB\Documents\ANUSTART\worklib\fault_detection\sch_1\page1.csb FILE122
C:\Users\QGPWindowsVB\Documents\ANUSTART\worklib\fault_detection\sch_1\page1_csb.lck NEWFILE123
C:\Users\QGPWindowsVB\Documents\ANUSTART\worklib\default_clk_sel\sch_1\page1_csa.lck NEWFILE124
C:\Users\QGPWindowsVB\Documents\ANUSTART\Parts\parts\misc\sip_header_2pin\sym_1\symbol.css FILE125
C:\Users\QGPWindowsVB\Documents\ANUSTART\Parts\parts\capacitors\csmd0805\sym_1\symbol.css FILE126
C:\Users\QGPWindowsVB\Documents\ANUSTART\Parts\parts\ecl\mc10h131\sym_1\symbol.css FILE127
C:\Users\QGPWindowsVB\Documents\ANUSTART\Parts\parts\ecl\mc10e016\sym_1\symbol.css FILE128
C:\Users\QGPWindowsVB\Documents\ANUSTART\Parts\parts\ttl\sy100el05\sym_1\symbol.css FILE129
C:\Users\QGPWindowsVB\Documents\ANUSTART\Parts\parts\misc\led_l\sym_1\symbol.css FILE130
C:\Users\QGPWindowsVB\Documents\ANUSTART\Parts\parts\ttl\74hct273\sym_1\symbol.css FILE131
C:\Users\QGPWindowsVB\Documents\ANUSTART\Parts\parts\misc\hct123\sym_1\symbol.css FILE132
temp/xxnedtmp15/../sip_header_2pin.mkr NEWFILE133
temp/xxnedtmp15/../csmd0805.mkr NEWFILE134
temp/xxnedtmp15/../mc10h131.mkr NEWFILE135
temp/xxnedtmp15/../mc10e016.mkr NEWFILE136
temp/xxnedtmp15/../sy100el05.mkr NEWFILE137
temp/xxnedtmp15/../led_l.mkr NEWFILE138
temp/xxnedtmp15/../74hct273.mkr NEWFILE139
temp/xxnedtmp15/../hct123.mkr NEWFILE140
C:\Users\QGPWindowsVB\Documents\ANUSTART\worklib\fault_detection\sch_1\page1.csa FILE141
C:\Users\QGPWindowsVB\Documents\ANUSTART\worklib\fault_detection\sch_1\page1.csv FILE142
C:/Users/QGPWindowsVB/Documents/ANUSTART/worklib/fault_detection/sch_1/fault_detection_xcon.lck NEWFILE143
C:/Users/QGPWindowsVB/Documents/ANUSTART/worklib/fault_detection/sch_1/fault_detection_dcf.lck NEWFILE144
C:\Users\QGPWindowsVB\Documents\ANUSTART\worklib\change_clks\sch_1\page1.csb FILE145
C:\Users\QGPWindowsVB\Documents\ANUSTART\worklib\change_clks\sch_1\page1_csb.lck NEWFILE146
C:\Users\QGPWindowsVB\Documents\ANUSTART\worklib\fault_detection\sch_1\page1_csa.lck NEWFILE147
C:\Users\QGPWindowsVB\Documents\ANUSTART\Parts\parts\misc\ss22sdp2\sym_1\symbol.css FILE148
temp/xxnedtmp15/../ss22sdp2.mkr NEWFILE149
C:\Users\QGPWindowsVB\Documents\ANUSTART\worklib\change_clks\sch_1\page1.csa FILE150
C:\Users\QGPWindowsVB\Documents\ANUSTART\worklib\change_clks\sch_1\page1.csv FILE151
C:/Users/QGPWindowsVB/Documents/ANUSTART/worklib/change_clks/sch_1/change_clks_xcon.lck NEWFILE152
C:/Users/QGPWindowsVB/Documents/ANUSTART/worklib/change_clks/sch_1/change_clks_dcf.lck NEWFILE153
C:\Users\QGPWindowsVB\Documents\ANUSTART\worklib\pulse_inverter\sch_1\page1.csb FILE154
C:\Users\QGPWindowsVB\Documents\ANUSTART\worklib\pulse_inverter\sch_1\page1_csb.lck NEWFILE155
C:\Users\QGPWindowsVB\Documents\ANUSTART\worklib\change_clks\sch_1\page1_csa.lck NEWFILE156
C:\Users\QGPWindowsVB\Documents\ANUSTART\Parts\parts\misc\ad8009\sym_1\symbol.css FILE157
temp/xxnedtmp15/../ad8009.mkr NEWFILE158
C:\Users\QGPWindowsVB\Documents\ANUSTART\worklib\pulse_inverter\sch_1\page1.csa FILE159
C:\Users\QGPWindowsVB\Documents\ANUSTART\worklib\pulse_inverter\sch_1\page1.csv FILE160
C:/Users/QGPWindowsVB/Documents/ANUSTART/worklib/pulse_inverter/sch_1/pulse_inverter_xcon.lck NEWFILE161
C:/Users/QGPWindowsVB/Documents/ANUSTART/worklib/pulse_inverter/sch_1/pulse_inverter_dcf.lck NEWFILE162
C:\Users\QGPWindowsVB\Documents\ANUSTART\worklib\ribbon_delay\sch_1\page1.csb FILE163
C:\Users\QGPWindowsVB\Documents\ANUSTART\worklib\ribbon_delay\sch_1\page1_csb.lck NEWFILE164
C:\Users\QGPWindowsVB\Documents\ANUSTART\worklib\pulse_inverter\sch_1\page1_csa.lck NEWFILE165
C:\Users\QGPWindowsVB\Documents\ANUSTART\Parts\parts\ecl\mc10h116\sym_1\symbol.css FILE166
C:\Users\QGPWindowsVB\Documents\ANUSTART\Parts\parts\misc\ids_c10\sym_1\symbol.css FILE167
temp/xxnedtmp15/../mc10h116.mkr NEWFILE168
temp/xxnedtmp15/../ids_c10.mkr NEWFILE169
C:\Users\QGPWindowsVB\Documents\ANUSTART\worklib\ribbon_delay\sch_1\page1.csa FILE170
C:\Users\QGPWindowsVB\Documents\ANUSTART\worklib\ribbon_delay\sch_1\page1.csv FILE171
C:/Users/QGPWindowsVB/Documents/ANUSTART/worklib/ribbon_delay/sch_1/ribbon_delay_xcon.lck NEWFILE172
C:/Users/QGPWindowsVB/Documents/ANUSTART/worklib/ribbon_delay/sch_1/ribbon_delay_dcf.lck NEWFILE173
C:\Users\QGPWindowsVB\Documents\ANUSTART\worklib\generic_delays\sch_1\page1.csb FILE174
C:\Users\QGPWindowsVB\Documents\ANUSTART\worklib\generic_delays\sch_1\page1_csb.lck NEWFILE175
C:\Users\QGPWindowsVB\Documents\ANUSTART\worklib\ribbon_delay\sch_1\page1_csa.lck NEWFILE176
C:\Users\QGPWindowsVB\Documents\ANUSTART\Parts\parts\ttl\ds102350\sym_1\symbol.css FILE177
temp/xxnedtmp15/../ds102350.mkr NEWFILE178
C:\Users\QGPWindowsVB\Documents\ANUSTART\worklib\generic_delays\sch_1\page1.csa FILE179
C:\Users\QGPWindowsVB\Documents\ANUSTART\worklib\generic_delays\sch_1\page1.csv FILE180
C:/Users/QGPWindowsVB/Documents/ANUSTART/worklib/generic_delays/sch_1/generic_delays_xcon.lck NEWFILE181
C:/Users/QGPWindowsVB/Documents/ANUSTART/worklib/generic_delays/sch_1/generic_delays_dcf.lck NEWFILE182
C:\Users\QGPWindowsVB\Documents\ANUSTART\worklib\ecl_translation\sch_1\page1.csb FILE183
C:\Users\QGPWindowsVB\Documents\ANUSTART\worklib\ecl_translation\sch_1\page1_csb.lck NEWFILE184
C:\Users\QGPWindowsVB\Documents\ANUSTART\worklib\generic_delays\sch_1\page1_csa.lck NEWFILE185
C:\Users\QGPWindowsVB\Documents\ANUSTART\Parts\parts\transistors\mmbth10\sym_1\symbol.css FILE186
C:\Users\QGPWindowsVB\Documents\ANUSTART\Parts\parts\transistors\mpsh81\sym_1\symbol.css FILE187
C:\Users\QGPWindowsVB\Documents\ANUSTART\Parts\parts\misc\ds90lv019\sym_1\symbol.css FILE188
temp/xxnedtmp15/../mmbth10.mkr NEWFILE189
temp/xxnedtmp15/../mpsh81.mkr NEWFILE190
temp/xxnedtmp15/../ds90lv019.mkr NEWFILE191
C:\Users\QGPWindowsVB\Documents\ANUSTART\worklib\ecl_translation\sch_1\page1.csa FILE192
C:\Users\QGPWindowsVB\Documents\ANUSTART\worklib\ecl_translation\sch_1\page1.csv FILE193
C:/Users/QGPWindowsVB/Documents/ANUSTART/worklib/ecl_translation/sch_1/ecl_translation_xcon.lck NEWFILE194
C:/Users/QGPWindowsVB/Documents/ANUSTART/worklib/ecl_translation/sch_1/ecl_translation_dcf.lck NEWFILE195
C:\Users\QGPWindowsVB\Documents\ANUSTART\worklib\power\sch_1\page1.csb FILE196
C:\Users\QGPWindowsVB\Documents\ANUSTART\worklib\power\sch_1\page1_csb.lck NEWFILE197
C:\Users\QGPWindowsVB\Documents\ANUSTART\worklib\ecl_translation\sch_1\page1_csa.lck NEWFILE198
C:\Users\QGPWindowsVB\Documents\ANUSTART\Parts\parts\capacitors\tant0805\sym_1\symbol.css FILE199
C:\Users\QGPWindowsVB\Documents\ANUSTART\Parts\parts\misc\inductor_l\sym_1\symbol.css FILE200
C:\Users\QGPWindowsVB\Documents\ANUSTART\Parts\parts\misc\ostoq047150\sym_1\symbol.css FILE201
C:\Users\QGPWindowsVB\Documents\ANUSTART\Parts\parts\regulators\7915_l\sym_1\symbol.css FILE202
C:\Users\QGPWindowsVB\Documents\ANUSTART\Parts\parts\regulators\7815s_l\sym_1\symbol.css FILE203
C:\Users\QGPWindowsVB\Documents\ANUSTART\Parts\parts\regulators\lm337t_l\sym_1\symbol.css FILE204
C:\Users\QGPWindowsVB\Documents\ANUSTART\Parts\parts\regulators\lm1117\sym_1\symbol.css FILE205
temp/xxnedtmp15/../tant0805.mkr NEWFILE206
temp/xxnedtmp15/../inductor_l.mkr NEWFILE207
temp/xxnedtmp15/../ostoq047150.mkr NEWFILE208
temp/xxnedtmp15/../7915_l.mkr NEWFILE209
temp/xxnedtmp15/../7815s_l.mkr NEWFILE210
temp/xxnedtmp15/../lm337t_l.mkr NEWFILE211
temp/xxnedtmp15/../lm1117.mkr NEWFILE212
C:\Users\QGPWindowsVB\Documents\ANUSTART\worklib\power\sch_1\page1.csa FILE213
C:\Users\QGPWindowsVB\Documents\ANUSTART\worklib\power\sch_1\page1.csv FILE214
C:/Users/QGPWindowsVB/Documents/ANUSTART/worklib/power/sch_1/power_xcon.lck NEWFILE215
C:/Users/QGPWindowsVB/Documents/ANUSTART/worklib/power/sch_1/power_dcf.lck NEWFILE216
C:\Users\QGPWindowsVB\Documents\ANUSTART\worklib\ecal_control\sch_1\page1.csb FILE217
C:\Users\QGPWindowsVB\Documents\ANUSTART\worklib\ecal_control\sch_1\page1_csb.lck NEWFILE218
C:\Users\QGPWindowsVB\Documents\ANUSTART\worklib\power\sch_1\page1_csa.lck NEWFILE219
C:\Users\QGPWindowsVB\Documents\ANUSTART\worklib\ecal_control\sch_1\page1.csa FILE220
C:\Users\QGPWindowsVB\Documents\ANUSTART\worklib\ecal_control\sch_1\page1.csv FILE221
C:/Users/QGPWindowsVB/Documents/ANUSTART/worklib/ecal_control/sch_1/ecal_control_xcon.lck NEWFILE222
C:/Users/QGPWindowsVB/Documents/ANUSTART/worklib/ecal_control/sch_1/ecal_control_dcf.lck NEWFILE223
C:\Users\QGPWindowsVB\Documents\ANUSTART\worklib\caen_analog_coms\sch_1\page1.csb FILE224
C:\Users\QGPWindowsVB\Documents\ANUSTART\worklib\caen_analog_coms\sch_1\page1_csb.lck NEWFILE225
C:\Users\QGPWindowsVB\Documents\ANUSTART\worklib\ecal_control\sch_1\page1_csa.lck NEWFILE226
C:\Users\QGPWindowsVB\Documents\ANUSTART\Parts\parts\misc\pickering113fc\sym_1\symbol.css FILE227
C:\Users\QGPWindowsVB\Documents\ANUSTART\worklib\vref_gen\sym_1\symbol.css FILE228
C:\Users\QGPWindowsVB\Documents\ANUSTART\worklib\caen_buffer\sym_1\symbol.css FILE229
C:\Users\QGPWindowsVB\Documents\ANUSTART\Parts\parts\ttl\hct374\sym_1\symbol.css FILE230
temp/xxnedtmp15/../pickering113fc.mkr NEWFILE231
temp/xxnedtmp15/../vref_gen.mkr NEWFILE232
temp/xxnedtmp15/../caen_buffer.mkr NEWFILE233
temp/xxnedtmp15/../hct374.mkr NEWFILE234
C:\Users\QGPWindowsVB\Documents\ANUSTART\worklib\caen_analog_coms\sch_1\page1.csa FILE235
C:\Users\QGPWindowsVB\Documents\ANUSTART\worklib\caen_analog_coms\sch_1\page1.csv FILE236
C:/Users/QGPWindowsVB/Documents/ANUSTART/worklib/caen_analog_coms/sch_1/caen_analog_coms_xcon.lck NEWFILE237
C:/Users/QGPWindowsVB/Documents/ANUSTART/worklib/caen_analog_coms/sch_1/caen_analog_coms_dcf.lck NEWFILE238
C:\Users\QGPWindowsVB\Documents\ANUSTART\worklib\vref_gen\sch_1\page1.csb FILE239
C:\Users\QGPWindowsVB\Documents\ANUSTART\worklib\vref_gen\sch_1\page1_csb.lck NEWFILE240
C:\Users\QGPWindowsVB\Documents\ANUSTART\worklib\caen_analog_coms\sch_1\page1_csa.lck NEWFILE241
C:\Users\QGPWindowsVB\Documents\ANUSTART\Parts\parts\misc\opa277\sym_1\symbol.css FILE242
C:\Users\QGPWindowsVB\Documents\ANUSTART\Parts\parts\misc\ref02\sym_1\symbol.css FILE243
temp/xxnedtmp15/../opa277.mkr NEWFILE244
temp/xxnedtmp15/../ref02.mkr NEWFILE245
C:\Users\QGPWindowsVB\Documents\ANUSTART\worklib\vref_gen\sch_1\page1.csa FILE246
C:\Users\QGPWindowsVB\Documents\ANUSTART\worklib\vref_gen\sch_1\page1.csv FILE247
C:/Users/QGPWindowsVB/Documents/ANUSTART/worklib/vref_gen/sch_1/vref_gen_xcon.lck NEWFILE248
C:/Users/QGPWindowsVB/Documents/ANUSTART/worklib/vref_gen/sch_1/vref_gen_dcf.lck NEWFILE249
C:\Users\QGPWindowsVB\Documents\ANUSTART\worklib\caen_dig_coms\sch_1\page1.csb FILE250
C:\Users\QGPWindowsVB\Documents\ANUSTART\worklib\caen_dig_coms\sch_1\page1_csb.lck NEWFILE251
C:\Users\QGPWindowsVB\Documents\ANUSTART\worklib\vref_gen\sch_1\page1_csa.lck NEWFILE252
C:\Users\QGPWindowsVB\Documents\ANUSTART\Parts\parts\transistors\mmbth81\sym_1\symbol.css FILE253
C:\Users\QGPWindowsVB\Documents\ANUSTART\Parts\parts\misc\ds90lv027\sym_1\symbol.css FILE254
temp/xxnedtmp15/../mmbth81.mkr NEWFILE255
temp/xxnedtmp15/../ds90lv027.mkr NEWFILE256
C:\Users\QGPWindowsVB\Documents\ANUSTART\worklib\caen_dig_coms\sch_1\page1.csa FILE257
C:\Users\QGPWindowsVB\Documents\ANUSTART\worklib\caen_dig_coms\sch_1\page1.csv FILE258
C:/Users/QGPWindowsVB/Documents/ANUSTART/worklib/caen_dig_coms/sch_1/caen_dig_coms_xcon.lck NEWFILE259
C:/Users/QGPWindowsVB/Documents/ANUSTART/worklib/caen_dig_coms/sch_1/caen_dig_coms_dcf.lck NEWFILE260
C:\Users\QGPWindowsVB\Documents\ANUSTART\worklib\ellie_coms\sch_1\page1.csb FILE261
C:\Users\QGPWindowsVB\Documents\ANUSTART\worklib\ellie_coms\sch_1\page1_csb.lck NEWFILE262
C:\Users\QGPWindowsVB\Documents\ANUSTART\worklib\caen_dig_coms\sch_1\page1_csa.lck NEWFILE263
C:\Users\QGPWindowsVB\Documents\ANUSTART\worklib\ellie_coms\sch_1\page1.csa FILE264
C:\Users\QGPWindowsVB\Documents\ANUSTART\worklib\ellie_coms\sch_1\page1.csv FILE265
C:/Users/QGPWindowsVB/Documents/ANUSTART/worklib/ellie_coms/sch_1/ellie_coms_xcon.lck NEWFILE266
C:/Users/QGPWindowsVB/Documents/ANUSTART/worklib/ellie_coms/sch_1/ellie_coms_dcf.lck NEWFILE267
C:\Users\QGPWindowsVB\Documents\ANUSTART\worklib\cntrl_register\sch_1\page1.csb FILE268
C:\Users\QGPWindowsVB\Documents\ANUSTART\worklib\cntrl_register\sch_1\page1_csb.lck NEWFILE269
C:\Users\QGPWindowsVB\Documents\ANUSTART\worklib\ellie_coms\sch_1\page1_csa.lck NEWFILE270
C:\Users\QGPWindowsVB\Documents\ANUSTART\Parts\parts\ttl\74hct165\sym_1\symbol.css FILE271
temp/xxnedtmp15/../74hct165.mkr NEWFILE272
C:\Users\QGPWindowsVB\Documents\ANUSTART\worklib\cntrl_register\sch_1\page1.csa FILE273
C:\Users\QGPWindowsVB\Documents\ANUSTART\worklib\cntrl_register\sch_1\page1.csv FILE274
C:/Users/QGPWindowsVB/Documents/ANUSTART/worklib/cntrl_register/sch_1/cntrl_register_xcon.lck NEWFILE275
C:/Users/QGPWindowsVB/Documents/ANUSTART/worklib/cntrl_register/sch_1/cntrl_register_dcf.lck NEWFILE276
C:\Users\QGPWindowsVB\Documents\ANUSTART\worklib\tubii_spkr\sch_1\page1.csb FILE277
C:\Users\QGPWindowsVB\Documents\ANUSTART\worklib\tubii_spkr\sch_1\page1_csb.lck NEWFILE278
C:\Users\QGPWindowsVB\Documents\ANUSTART\worklib\cntrl_register\sch_1\page1_csa.lck NEWFILE279
C:\Users\QGPWindowsVB\Documents\ANUSTART\Parts\parts\ttl\74f06\sym_1\symbol.css FILE280
C:\Users\QGPWindowsVB\Documents\ANUSTART\Parts\parts\misc\led_1206\sym_1\symbol.css FILE281
temp/xxnedtmp15/../74f06.mkr NEWFILE282
temp/xxnedtmp15/../led_1206.mkr NEWFILE283
C:\Users\QGPWindowsVB\Documents\ANUSTART\worklib\tubii_spkr\sch_1\page1.csa FILE284
C:\Users\QGPWindowsVB\Documents\ANUSTART\worklib\tubii_spkr\sch_1\page1.csv FILE285
C:/Users/QGPWindowsVB/Documents/ANUSTART/worklib/tubii_spkr/sch_1/tubii_spkr_xcon.lck NEWFILE286
C:/Users/QGPWindowsVB/Documents/ANUSTART/worklib/tubii_spkr/sch_1/tubii_spkr_dcf.lck NEWFILE287
C:\Users\QGPWindowsVB\Documents\ANUSTART\worklib\baseline_buffer\sch_1\page1.csb FILE288
C:\Users\QGPWindowsVB\Documents\ANUSTART\worklib\baseline_buffer\sch_1\page1_csb.lck NEWFILE289
C:\Users\QGPWindowsVB\Documents\ANUSTART\worklib\tubii_spkr\sch_1\page1_csa.lck NEWFILE290
C:\Users\QGPWindowsVB\Documents\ANUSTART\Parts\parts\misc\opa2277\sym_1\symbol.css FILE291
C:\Users\QGPWindowsVB\Documents\ANUSTART\Parts\parts\misc\opa4277\sym_1\symbol.css FILE292
temp/xxnedtmp15/../opa2277.mkr NEWFILE293
temp/xxnedtmp15/../opa4277.mkr NEWFILE294
C:\Users\QGPWindowsVB\Documents\ANUSTART\worklib\baseline_buffer\sch_1\page1.csa FILE295
C:\Users\QGPWindowsVB\Documents\ANUSTART\worklib\baseline_buffer\sch_1\page1.csv FILE296
C:/Users/QGPWindowsVB/Documents/ANUSTART/worklib/baseline_buffer/sch_1/baseline_buffer_xcon.lck NEWFILE297
C:/Users/QGPWindowsVB/Documents/ANUSTART/worklib/baseline_buffer/sch_1/baseline_buffer_dcf.lck NEWFILE298
C:\Users\QGPWindowsVB\Documents\ANUSTART\worklib\lo_gen\sch_1\page1.csb FILE299
C:\Users\QGPWindowsVB\Documents\ANUSTART\worklib\lo_gen\sch_1\page1_csb.lck NEWFILE300
C:\Users\QGPWindowsVB\Documents\ANUSTART\worklib\baseline_buffer\sch_1\page1_csa.lck NEWFILE301
C:\Users\QGPWindowsVB\Documents\ANUSTART\worklib\select_lo_src\sym_1\symbol.css FILE302
C:\Users\QGPWindowsVB\Documents\ANUSTART\worklib\gt_delays\sym_1\symbol.css FILE303
temp/xxnedtmp15/../select_lo_src.mkr NEWFILE304
temp/xxnedtmp15/../gt_delays.mkr NEWFILE305
C:\Users\QGPWindowsVB\Documents\ANUSTART\worklib\lo_gen\sch_1\page1.csa FILE306
C:\Users\QGPWindowsVB\Documents\ANUSTART\worklib\lo_gen\sch_1\page1.csv FILE307
C:/Users/QGPWindowsVB/Documents/ANUSTART/worklib/lo_gen/sch_1/lo_gen_xcon.lck NEWFILE308
C:/Users/QGPWindowsVB/Documents/ANUSTART/worklib/lo_gen/sch_1/lo_gen_dcf.lck NEWFILE309
C:\Users\QGPWindowsVB\Documents\ANUSTART\worklib\gt_delays\sch_1\page1.csb FILE310
C:\Users\QGPWindowsVB\Documents\ANUSTART\worklib\gt_delays\sch_1\page1_csb.lck NEWFILE311
C:\Users\QGPWindowsVB\Documents\ANUSTART\worklib\lo_gen\sch_1\page1_csa.lck NEWFILE312
C:\Users\QGPWindowsVB\Documents\ANUSTART\Parts\parts\ttl\ds1023500\sym_1\symbol.css FILE313
C:\Users\QGPWindowsVB\Documents\ANUSTART\Parts\parts\ttl\ds1023200\sym_1\symbol.css FILE314
temp/xxnedtmp15/../ds1023500.mkr NEWFILE315
temp/xxnedtmp15/../ds1023200.mkr NEWFILE316
C:\Users\QGPWindowsVB\Documents\ANUSTART\worklib\gt_delays\sch_1\page1.csa FILE317
C:\Users\QGPWindowsVB\Documents\ANUSTART\worklib\gt_delays\sch_1\page1.csv FILE318
C:/Users/QGPWindowsVB/Documents/ANUSTART/worklib/gt_delays/sch_1/gt_delays_xcon.lck NEWFILE319
C:/Users/QGPWindowsVB/Documents/ANUSTART/worklib/gt_delays/sch_1/gt_delays_dcf.lck NEWFILE320
C:\Users\QGPWindowsVB\Documents\ANUSTART\worklib\select_lo_src\sch_1\page1.csb FILE321
C:\Users\QGPWindowsVB\Documents\ANUSTART\worklib\select_lo_src\sch_1\page1_csb.lck NEWFILE322
C:\Users\QGPWindowsVB\Documents\ANUSTART\worklib\gt_delays\sch_1\page1_csa.lck NEWFILE323
C:\Users\QGPWindowsVB\Documents\ANUSTART\worklib\select_lo_src\sch_1\page1.csa FILE324
C:\Users\QGPWindowsVB\Documents\ANUSTART\worklib\select_lo_src\sch_1\page1.csv FILE325
C:/Users/QGPWindowsVB/Documents/ANUSTART/worklib/select_lo_src/sch_1/select_lo_src_xcon.lck NEWFILE326
C:/Users/QGPWindowsVB/Documents/ANUSTART/worklib/select_lo_src/sch_1/select_lo_src_dcf.lck NEWFILE327
C:\Users\QGPWindowsVB\Documents\ANUSTART\worklib\mtca_mimic\sch_1\page1.csb FILE328
C:\Users\QGPWindowsVB\Documents\ANUSTART\worklib\mtca_mimic\sch_1\page1_csb.lck NEWFILE329
C:\Users\QGPWindowsVB\Documents\ANUSTART\worklib\select_lo_src\sch_1\page1_csa.lck NEWFILE330
C:\Users\QGPWindowsVB\Documents\ANUSTART\Parts\parts\misc\ad7243\sym_1\symbol.css FILE331
C:\Users\QGPWindowsVB\Documents\ANUSTART\worklib\trigger_logic\sym_1\symbol.css FILE332
C:\Users\QGPWindowsVB\Documents\ANUSTART\Parts\parts\misc\ad96687\sym_1\symbol.css FILE333
temp/xxnedtmp15/../ad7243.mkr NEWFILE334
temp/xxnedtmp15/../trigger_logic.mkr NEWFILE335
temp/xxnedtmp15/../ad96687.mkr NEWFILE336
C:\Users\QGPWindowsVB\Documents\ANUSTART\worklib\mtca_mimic\sch_1\page1.csa FILE337
C:\Users\QGPWindowsVB\Documents\ANUSTART\worklib\mtca_mimic\sch_1\page1.csv FILE338
C:/Users/QGPWindowsVB/Documents/ANUSTART/worklib/mtca_mimic/sch_1/mtca_mimic_xcon.lck NEWFILE339
C:/Users/QGPWindowsVB/Documents/ANUSTART/worklib/mtca_mimic/sch_1/mtca_mimic_dcf.lck NEWFILE340
C:\Users\QGPWindowsVB\Documents\ANUSTART\worklib\trigger_logic\sch_1\page1.csb FILE341
C:\Users\QGPWindowsVB\Documents\ANUSTART\worklib\trigger_logic\sch_1\page1_csb.lck NEWFILE342
C:\Users\QGPWindowsVB\Documents\ANUSTART\worklib\mtca_mimic\sch_1\page1_csa.lck NEWFILE343
C:\Users\QGPWindowsVB\Documents\ANUSTART\Parts\parts\ecl\mc10e101\sym_1\symbol.css FILE344
temp/xxnedtmp15/../mc10e101.mkr NEWFILE345
C:\Users\QGPWindowsVB\Documents\ANUSTART\worklib\trigger_logic\sch_1\page1.csa FILE346
C:\Users\QGPWindowsVB\Documents\ANUSTART\worklib\trigger_logic\sch_1\page1.csv FILE347
C:/Users/QGPWindowsVB/Documents/ANUSTART/worklib/trigger_logic/sch_1/trigger_logic_xcon.lck NEWFILE348
C:/Users/QGPWindowsVB/Documents/ANUSTART/worklib/trigger_logic/sch_1/trigger_logic_dcf.lck NEWFILE349
C:\Users\QGPWindowsVB\Documents\ANUSTART\worklib\trigger_logic\sch_1\page1_csa.lck NEWFILE350
C:\Users\QGPWindowsVB\Documents\ANUSTART\worklib\translation_ports\sch_1\page1.csb FILE351
C:\Users\QGPWindowsVB\Documents\ANUSTART\worklib\translation_ports\sch_1\page1_csb.lck NEWFILE352
C:\Users\QGPWindowsVB\Documents\ANUSTART\Parts\parts\misc\conn34\sym_1\symbol.css FILE353
temp/xxnedtmp15/../conn34.mkr NEWFILE354
C:\Users\QGPWindowsVB\Documents\ANUSTART\worklib\translation_ports\sch_1\page1.csa FILE355
C:\Users\QGPWindowsVB\Documents\ANUSTART\worklib\translation_ports\sch_1\page1.csv FILE356
C:/Users/QGPWindowsVB/Documents/ANUSTART/worklib/translation_ports/sch_1/translation_ports_xcon.lck NEWFILE357
C:/Users/QGPWindowsVB/Documents/ANUSTART/worklib/translation_ports/sch_1/translation_ports_dcf.lck NEWFILE358
C:\Users\QGPWindowsVB\Documents\ANUSTART\worklib\mtca_mimic_ports\sch_1\page1.csb FILE359
C:\Users\QGPWindowsVB\Documents\ANUSTART\worklib\mtca_mimic_ports\sch_1\page1_csb.lck NEWFILE360
C:\Users\QGPWindowsVB\Documents\ANUSTART\worklib\translation_ports\sch_1\page1_csa.lck NEWFILE361
C:\Users\QGPWindowsVB\Documents\ANUSTART\worklib\mtca_mimic_ports\sch_1\page1.csa FILE362
C:\Users\QGPWindowsVB\Documents\ANUSTART\worklib\mtca_mimic_ports\sch_1\page1.csv FILE363
C:/Users/QGPWindowsVB/Documents/ANUSTART/worklib/mtca_mimic_ports/sch_1/mtca_mimic_ports_xcon.lck NEWFILE364
C:/Users/QGPWindowsVB/Documents/ANUSTART/worklib/mtca_mimic_ports/sch_1/mtca_mimic_ports_dcf.lck NEWFILE365
C:\Users\QGPWindowsVB\Documents\ANUSTART\worklib\ellie_ports\sch_1\page1.csb FILE366
C:\Users\QGPWindowsVB\Documents\ANUSTART\worklib\ellie_ports\sch_1\page1_csb.lck NEWFILE367
C:\Users\QGPWindowsVB\Documents\ANUSTART\worklib\mtca_mimic_ports\sch_1\page1_csa.lck NEWFILE368
C:\Users\QGPWindowsVB\Documents\ANUSTART\worklib\ellie_ports\sch_1\page1.csa FILE369
C:\Users\QGPWindowsVB\Documents\ANUSTART\worklib\ellie_ports\sch_1\page1.csv FILE370
C:/Users/QGPWindowsVB/Documents/ANUSTART/worklib/ellie_ports/sch_1/ellie_ports_xcon.lck NEWFILE371
C:/Users/QGPWindowsVB/Documents/ANUSTART/worklib/ellie_ports/sch_1/ellie_ports_dcf.lck NEWFILE372
C:\Users\QGPWindowsVB\Documents\ANUSTART\worklib\clock_ports\sch_1\page1.csb FILE373
C:\Users\QGPWindowsVB\Documents\ANUSTART\worklib\clock_ports\sch_1\page1_csb.lck NEWFILE374
C:\Users\QGPWindowsVB\Documents\ANUSTART\worklib\ellie_ports\sch_1\page1_csa.lck NEWFILE375
C:\Users\QGPWindowsVB\Documents\ANUSTART\worklib\clock_ports\sch_1\page1.csa FILE376
C:\Users\QGPWindowsVB\Documents\ANUSTART\worklib\clock_ports\sch_1\page1.csv FILE377
C:/Users/QGPWindowsVB/Documents/ANUSTART/worklib/clock_ports/sch_1/clock_ports_xcon.lck NEWFILE378
C:/Users/QGPWindowsVB/Documents/ANUSTART/worklib/clock_ports/sch_1/clock_ports_dcf.lck NEWFILE379
C:\Users\QGPWindowsVB\Documents\ANUSTART\worklib\time_bus_ports\sch_1\page1.csb FILE380
C:\Users\QGPWindowsVB\Documents\ANUSTART\worklib\time_bus_ports\sch_1\page1_csb.lck NEWFILE381
C:\Users\QGPWindowsVB\Documents\ANUSTART\worklib\clock_ports\sch_1\page1_csa.lck NEWFILE382
C:\Users\QGPWindowsVB\Documents\ANUSTART\worklib\time_bus_ports\sch_1\page1.csa FILE383
C:\Users\QGPWindowsVB\Documents\ANUSTART\worklib\time_bus_ports\sch_1\page1.csv FILE384
C:/Users/QGPWindowsVB/Documents/ANUSTART/worklib/time_bus_ports/sch_1/time_bus_ports_xcon.lck NEWFILE385
C:/Users/QGPWindowsVB/Documents/ANUSTART/worklib/time_bus_ports/sch_1/time_bus_ports_dcf.lck NEWFILE386
C:\Users\QGPWindowsVB\Documents\ANUSTART\worklib\general_utilities_ports\sch_1\page1.csb FILE387
C:\Users\QGPWindowsVB\Documents\ANUSTART\worklib\general_utilities_ports\sch_1\page1_csb.lck NEWFILE388
C:\Users\QGPWindowsVB\Documents\ANUSTART\worklib\time_bus_ports\sch_1\page1_csa.lck NEWFILE389
C:\Users\QGPWindowsVB\Documents\ANUSTART\worklib\general_utilities_ports\sch_1\page1.csa FILE390
C:\Users\QGPWindowsVB\Documents\ANUSTART\worklib\general_utilities_ports\sch_1\page1.csv FILE391
C:/Users/QGPWindowsVB/Documents/ANUSTART/worklib/general_utilities_ports/sch_1/general_utilities_ports_xcon.lck NEWFILE392
C:/Users/QGPWindowsVB/Documents/ANUSTART/worklib/general_utilities_ports/sch_1/general_utilities_ports_dcf.lck NEWFILE393
C:\Users\QGPWindowsVB\Documents\ANUSTART\worklib\caen_digital_ports\sch_1\page1.csb FILE394
C:\Users\QGPWindowsVB\Documents\ANUSTART\worklib\caen_digital_ports\sch_1\page1_csb.lck NEWFILE395
C:\Users\QGPWindowsVB\Documents\ANUSTART\worklib\general_utilities_ports\sch_1\page1_csa.lck NEWFILE396
C:\Users\QGPWindowsVB\Documents\ANUSTART\worklib\caen_digital_ports\sch_1\page1.csa FILE397
C:\Users\QGPWindowsVB\Documents\ANUSTART\worklib\caen_digital_ports\sch_1\page1.csv FILE398
C:/Users/QGPWindowsVB/Documents/ANUSTART/worklib/caen_digital_ports/sch_1/caen_digital_ports_xcon.lck NEWFILE399
C:/Users/QGPWindowsVB/Documents/ANUSTART/worklib/caen_digital_ports/sch_1/caen_digital_ports_dcf.lck NEWFILE400
C:\Users\QGPWindowsVB\Documents\ANUSTART\worklib\caen_analog_ports\sch_1\page1.csb FILE401
C:\Users\QGPWindowsVB\Documents\ANUSTART\worklib\caen_analog_ports\sch_1\page1_csb.lck NEWFILE402
C:\Users\QGPWindowsVB\Documents\ANUSTART\worklib\caen_digital_ports\sch_1\page1_csa.lck NEWFILE403
C:\Users\QGPWindowsVB\Documents\ANUSTART\worklib\caen_analog_ports\sch_1\page1.csa FILE404
C:\Users\QGPWindowsVB\Documents\ANUSTART\worklib\caen_analog_ports\sch_1\page1.csv FILE405
C:/Users/QGPWindowsVB/Documents/ANUSTART/worklib/caen_analog_ports/sch_1/caen_analog_ports_xcon.lck NEWFILE406
C:/Users/QGPWindowsVB/Documents/ANUSTART/worklib/caen_analog_ports/sch_1/caen_analog_ports_dcf.lck NEWFILE407
C:\Users\QGPWindowsVB\Documents\ANUSTART\worklib\scaler_ports\sch_1\page1.csb FILE408
C:\Users\QGPWindowsVB\Documents\ANUSTART\worklib\scaler_ports\sch_1\page1_csb.lck NEWFILE409
C:\Users\QGPWindowsVB\Documents\ANUSTART\worklib\caen_analog_ports\sch_1\page1_csa.lck NEWFILE410
C:\Users\QGPWindowsVB\Documents\ANUSTART\Parts\parts\misc\sip_header_16pin\sym_1\symbol.css FILE411
temp/xxnedtmp15/../sip_header_16pin.mkr NEWFILE412
C:\Users\QGPWindowsVB\Documents\ANUSTART\worklib\scaler_ports\sch_1\page1.csa FILE413
C:\Users\QGPWindowsVB\Documents\ANUSTART\worklib\scaler_ports\sch_1\page1.csv FILE414
C:/Users/QGPWindowsVB/Documents/ANUSTART/worklib/scaler_ports/sch_1/scaler_ports_xcon.lck NEWFILE415
C:/Users/QGPWindowsVB/Documents/ANUSTART/worklib/scaler_ports/sch_1/scaler_ports_dcf.lck NEWFILE416
C:\Users\QGPWindowsVB\Documents\ANUSTART\worklib\ext_trig_ports\sch_1\page1.csb FILE417
C:\Users\QGPWindowsVB\Documents\ANUSTART\worklib\ext_trig_ports\sch_1\page1_csb.lck NEWFILE418
C:\Users\QGPWindowsVB\Documents\ANUSTART\worklib\scaler_ports\sch_1\page1_csa.lck NEWFILE419
C:\Users\QGPWindowsVB\Documents\ANUSTART\worklib\ext_trig_ports\sch_1\page1.csa FILE420
C:\Users\QGPWindowsVB\Documents\ANUSTART\worklib\ext_trig_ports\sch_1\page1.csv FILE421
C:/Users/QGPWindowsVB/Documents/ANUSTART/worklib/ext_trig_ports/sch_1/ext_trig_ports_xcon.lck NEWFILE422
C:/Users/QGPWindowsVB/Documents/ANUSTART/worklib/ext_trig_ports/sch_1/ext_trig_ports_dcf.lck NEWFILE423
C:\Users\QGPWindowsVB\Documents\ANUSTART\worklib\gt_delays_ports\sch_1\page1.csb FILE424
C:\Users\QGPWindowsVB\Documents\ANUSTART\worklib\gt_delays_ports\sch_1\page1_csb.lck NEWFILE425
C:\Users\QGPWindowsVB\Documents\ANUSTART\worklib\ext_trig_ports\sch_1\page1_csa.lck NEWFILE426
C:\Users\QGPWindowsVB\Documents\ANUSTART\worklib\gt_delays_ports\sch_1\page1.csa FILE427
C:\Users\QGPWindowsVB\Documents\ANUSTART\worklib\gt_delays_ports\sch_1\page1.csv FILE428
C:/Users/QGPWindowsVB/Documents/ANUSTART/worklib/gt_delays_ports/sch_1/gt_delays_ports_xcon.lck NEWFILE429
C:/Users/QGPWindowsVB/Documents/ANUSTART/worklib/gt_delays_ports/sch_1/gt_delays_ports_dcf.lck NEWFILE430
C:\Users\QGPWindowsVB\Documents\ANUSTART\worklib\gt_delays_ports\sch_1\page1_csa.lck NEWFILE431
C:\Users\QGPWindowsVB\Documents\ANUSTART\worklib\front_ports\sch_1\page1.csb FILE432
C:\Users\QGPWindowsVB\Documents\ANUSTART\worklib\front_ports\sch_1\page1_csb.lck NEWFILE433
C:\Users\QGPWindowsVB\Documents\ANUSTART\worklib\gt_delays_ports\sym_1\symbol.css FILE434
C:\Users\QGPWindowsVB\Documents\ANUSTART\worklib\ext_trig_ports\sym_1\symbol.css FILE435
C:\Users\QGPWindowsVB\Documents\ANUSTART\worklib\scaler_ports\sym_1\symbol.css FILE436
C:\Users\QGPWindowsVB\Documents\ANUSTART\worklib\caen_ports\sym_1\symbol.css FILE437
C:\Users\QGPWindowsVB\Documents\ANUSTART\worklib\general_utilities_ports\sym_1\symbol.css FILE438
C:\Users\QGPWindowsVB\Documents\ANUSTART\worklib\time_bus_ports\sym_1\symbol.css FILE439
C:\Users\QGPWindowsVB\Documents\ANUSTART\worklib\clock_ports\sym_1\symbol.css FILE440
C:\Users\QGPWindowsVB\Documents\ANUSTART\worklib\ellie_ports\sym_1\symbol.css FILE441
C:\Users\QGPWindowsVB\Documents\ANUSTART\worklib\mtca_mimic_ports\sym_1\symbol.css FILE442
C:\Users\QGPWindowsVB\Documents\ANUSTART\worklib\translation_ports\sym_1\symbol.css FILE443
C:\Users\QGPWindowsVB\Documents\ANUSTART\worklib\front_ports\sch_1\page1_csa.lck NEWFILE444
C:\Users\QGPWindowsVB\Documents\ANUSTART\Parts\parts\misc\conn30\sym_1\symbol.css FILE445
temp/xxnedtmp15/undo2.log NEWFILE446
