Allegro Design Entry HDL 16.6-p007 (v16-6-112F) 10/10/2012
Copyright 2011 Cadence Design Systems, Inc

WARNING(SPCOCN-1474): You must specify a window that contains a drawing.
WARNING(SPCOCN-1474): You must specify a window that contains a drawing.
WARNING(SPCOCN-1474): You must specify a window that contains a drawing.
WARNING(SPCOCN-1474): You must specify a window that contains a drawing.
WARNING(SPCOCN-1474): You must specify a window that contains a drawing.
WARNING(SPCOCN-1474): You must specify a window that contains a drawing.
WARNING(SPCOCN-1474): You must specify a window that contains a drawing.
WARNING(SPCOCN-2040): Specify the command "page forcereset all" to reset logical page numbers of all pages of this block.
WARNING(SPCOCN-1523): Invalid set option: <search_history_count>
INFO(SPCOCN-1177): Unexpected text: <5>
WARNING(SPCOCN-1523): Invalid set option: <search_history>
INFO(SPCOCN-1177): Unexpected text: <DATA_RDY>
WARNING(SPCOCN-1523): Invalid set option: <search_toolbar_lookin>
INFO(SPCOCN-1177): Unexpected text: <PAGE>
WARNING(SPCOCN-1523): Invalid set option: <modify_quick_reset_filters>
INFO(SPCOCN-1177): Unexpected text: <OFF>
WARNING(SPCOCN-1523): Invalid set option: <hss_distribute_ports_count>
INFO(SPCOCN-1177): Unexpected text: <25>
WARNING(SPCOCN-1523): Invalid set option: <hss_distribute_port_pattern>
WARNING(SPCOCN-1523): Invalid set option: <hss_distribute_property_name>
WARNING(SPCOCN-1474): You must specify a window that contains a drawing.
WARNING(SPCOCN-1474): You must specify a window that contains a drawing.
WARNING(SPCOCN-1474): You must specify a window that contains a drawing.
WARNING(SPCOCN-1474): You must specify a window that contains a drawing.
WARNING(SPCOCN-1474): You must specify a window that contains a drawing.
WARNING(SPCOCN-1474): You must specify a window that contains a drawing.
INFO(SPCOCN-1737): Reading C:\Users\QGPWindowsVB\Documents\ANUSTART\cds.lib file.
WARNING(SPCOCN-1474): You must specify a window that contains a drawing.
INFO(SPCOCN-1445): Reading TUBII.SCH.1.1 into drawing #1.
INFO(SPCOCN-195): The following file will be used to identify the list of modules to be excluded: 'C:\Cadence\SPB_16.6\share\cdssetup\xmodules.dat'.
INFO(SPCOCN-1445): Reading TUBII.SCH.1.1 into drawing #1.
INFO(SPCOCN-1001): Component: I1 selected.
INFO(SPCOCN-1445): Reading TUBII_PCB.SCH.1.1 into drawing #1.
INFO(SPCOCN-1001): Component: I70 selected.
INFO(SPCOCN-1001): Component: I70 selected.
INFO(SPCOCN-1001): Component: I70 selected.
INFO(SPCOCN-1001): Component: I70 selected.
INFO(SPCOCN-1445): Reading EXT_TRIGS.SCH.1.1 into drawing #1.
INFO(SPCOCN-1001): Component: I5 selected.
INFO(SPCOCN-1001): Component: I4 selected.
INFO(SPCOCN-1000): Pin: I25.A<0> selected.
INFO(SPCOCN-1001): Component: I26 selected.
INFO(SPCOCN-1001): Component: I26 selected.
INFO(SPCOCN-1001): Component: I27 selected.
INFO(SPCOCN-1001): Component: I27 selected.
INFO(SPCOCN-1001): Component: I27 selected.
INFO(SPCOCN-1001): Component: I28 selected.
INFO(SPCOCN-1001): Component: I55 selected.
INFO(SPCOCN-1001): Component: I44 selected.
INFO(SPCOCN-1001): Component: I44 selected.
INFO(SPCOCN-1001): Component: I44 selected.
INFO(SPCOCN-1001): Component: I44 selected.
INFO(SPCOCN-1001): Component: I54 selected.
INFO(SPCOCN-1001): Component: I54 selected.
INFO(SPCOCN-1001): Component: I55 selected.
INFO(SPCOCN-1001): Component: I55 selected.
INFO(SPCOCN-1001): Component: I8 selected.
INFO(SPCOCN-1001): Component: I8 selected.
INFO(SPCOCN-1001): Component: I17 selected.
INFO(SPCOCN-1001): Component: I17 selected.
INFO(SPCOCN-1001): Component: I17 selected.
INFO(SPCOCN-1001): Component: I17 selected.
INFO(SPCOCN-1001): Component: I18 selected.
INFO(SPCOCN-1001): Component: I18 selected.
INFO(SPCOCN-1001): Component: I18 selected.
INFO(SPCOCN-1001): Component: I24 selected.
INFO(SPCOCN-1001): Component: I24 selected.
INFO(SPCOCN-1001): Component: I24 selected.
INFO(SPCOCN-1001): Component: I23 selected.
INFO(SPCOCN-1001): Component: I22 selected.
INFO(SPCOCN-1001): Component: I21 selected.
INFO(SPCOCN-1001): Component: I20 selected.
INFO(SPCOCN-1001): Component: I19 selected.
INFO(SPCOCN-1001): Component: I19 selected.
INFO(SPCOCN-999): Signal: UN$1$MC10E116$I4$Q1 selected.
INFO(SPCOCN-1070): Checking drawing...
INFO(SPCOCN-1028): writing <tubii_tk2_lib>EXT_TRIGS.SCH.1.1:
INFO(SPCOCN-1044): writing binary file...
INFO(SPCOCN-1049): writing ASCII file...
INFO(SPCOCN-1053): writing connectivity file...
INFO(SPCOCN-1054): ...written

CSDirect 16.6-p007 (v16-6-112F)

Netlisting block ext_trigs

Processing page 1

No netlisting errors found. 

INFO(SPCOCN-1640): writing occurrence data...
INFO(SPCOCN-1054): ...written
INFO(SPCOCN-1019): Save All completed.
INFO(SPCOCN-1019): Save All completed.
INFO(SPCOCN-2053): Reloading design connectivity for tubii
INFO(SPCOCN-1445): Reading EXT_TRIGS.SCH.1.1 into drawing #1.
INFO(SPCOCN-1445): Reading EXT_TRIGS.SCH.1.1 into drawing #1.
INFO(SPCOCN-999): Signal: UN$1$MC10E116$I4$Q0$1 selected.
INFO(SPCOCN-999): Signal: UN$1$MC10E116$I4$Q0$1 selected.
INFO(SPCOCN-999): Signal: UN$1$MC10E116$I4$Q0 selected.
INFO(SPCOCN-1070): Checking drawing...
INFO(SPCOCN-1028): writing <tubii_tk2_lib>EXT_TRIGS.SCH.1.1:
INFO(SPCOCN-1044): writing binary file...
INFO(SPCOCN-1049): writing ASCII file...
INFO(SPCOCN-1053): writing connectivity file...
INFO(SPCOCN-1054): ...written

CSDirect 16.6-p007 (v16-6-112F)

Netlisting block ext_trigs

Processing page 1

No netlisting errors found. 

INFO(SPCOCN-1640): writing occurrence data...
INFO(SPCOCN-1054): ...written
INFO(SPCOCN-1019): Save All completed.
INFO(SPCOCN-1019): Save All completed.
INFO(SPCOCN-2053): Reloading design connectivity for tubii
INFO(SPCOCN-2053): Reloading design connectivity for tubii
INFO(SPCOCN-1445): Reading EXT_TRIGS.SCH.1.1 into drawing #1.
INFO(SPCOCN-1445): Reading EXT_TRIGS.SCH.1.1 into drawing #1.
INFO(SPCOCN-1001): Component: I49 selected.
INFO(SPCOCN-1001): Component: I48 selected.
INFO(SPCOCN-1001): Component: I9 selected.
INFO(SPCOCN-1001): Component: I10 selected.
INFO(SPCOCN-1070): Checking drawing...
INFO(SPCOCN-1028): writing <tubii_tk2_lib>EXT_TRIGS.SCH.1.1:
INFO(SPCOCN-1044): writing binary file...
INFO(SPCOCN-1049): writing ASCII file...
INFO(SPCOCN-1053): writing connectivity file...
INFO(SPCOCN-1054): ...written

CSDirect 16.6-p007 (v16-6-112F)

Netlisting block ext_trigs

Processing page 1

No netlisting errors found. 

INFO(SPCOCN-1640): writing occurrence data...
INFO(SPCOCN-1054): ...written
INFO(SPCOCN-1019): Save All completed.
INFO(SPCOCN-2053): Reloading design connectivity for tubii
INFO(SPCOCN-2053): Reloading design connectivity for tubii
INFO(SPCOCN-1445): Reading EXT_TRIGS.SCH.1.1 into drawing #1.
INFO(SPCOCN-1445): Reading EXT_TRIGS.SCH.1.1 into drawing #1.
INFO(SPCOCN-1001): Component: I5 selected.
INFO(SPCOCN-1001): Component: I5 selected.
INFO(SPCOCN-1001): Component: I5 selected.
INFO(SPCOCN-1001): Component: I5 selected.
INFO(SPCOCN-1001): Component: I46 selected.
INFO(SPCOCN-1001): Component: I46 selected.
INFO(SPCOCN-1001): Component: I46 selected.
INFO(SPCOCN-1001): Component: I47 selected.
INFO(SPCOCN-1001): Component: I47 selected.
INFO(SPCOCN-1001): Component: I51 selected.
INFO(SPCOCN-1070): Checking drawing...
INFO(SPCOCN-1028): writing <tubii_tk2_lib>EXT_TRIGS.SCH.1.1:
INFO(SPCOCN-1044): writing binary file...
INFO(SPCOCN-1049): writing ASCII file...
INFO(SPCOCN-1053): writing connectivity file...
INFO(SPCOCN-1054): ...written

CSDirect 16.6-p007 (v16-6-112F)

Netlisting block ext_trigs

Processing page 1

No netlisting errors found. 

INFO(SPCOCN-1640): writing occurrence data...
INFO(SPCOCN-1054): ...written
INFO(SPCOCN-1019): Save All completed.
INFO(SPCOCN-1445): Reading EXT_TRIGS.SCH.1.1 into drawing #1.
INFO(SPCOCN-1445): Reading EXT_TRIGS.SCH.1.1 into drawing #1.
INFO(SPCOCN-1445): Reading TUBII_PCB.SCH.1.1 into drawing #1.
INFO(SPCOCN-1445): Reading TUBII.SCH.1.1 into drawing #1.
INFO(SPCOCN-1001): Component: I2 selected.
INFO(SPCOCN-1445): Reading FRONT_PORTS.SCH.1.1 into drawing #1.
INFO(SPCOCN-1001): Component: I82 selected.
INFO(SPCOCN-1445): Reading EXT_TRIG_PORTS.SCH.1.1 into drawing #1.
INFO(SPCOCN-1507): Adding version 1 of part CONN30 from library misc
INFO(SPCOCN-1854): The drawing EXT_TRIG_PORTS.SCH.1.1
INFO(SPCOCN-578): will be retained as drawing #1.
INFO(SPCOCN-1445): Reading FRONT_PORTS.SCH.1.1 into drawing #2.
