FILE_TYPE=LIBRARY_PARTS;
primitive 'MC10E116';
  pin
    'VEE':
      PIN_NUMBER='(1)';
      PINUSE='POWER';
      NO_LOAD_CHECK='Both';
      NO_IO_CHECK='Both';
      NO_ASSERT_CHECK='TRUE';
      NO_DIR_CHECK='TRUE';
      ALLOW_CONNECT='TRUE';
    'VBB':
      PIN_NUMBER='(2)';
      OUTPUT_LOAD='(1.0,-1.0)';
    'D0':
      PIN_NUMBER='(3)';
      INPUT_LOAD='(-0.01,0.01)';
      DIFF_PAIR_PINS_POS='dp_d0';
    'D1':
      PIN_NUMBER='(5)';
      INPUT_LOAD='(-0.01,0.01)';
      DIFF_PAIR_PINS_POS='dp_d1';
    'D2':
      PIN_NUMBER='(27)';
      INPUT_LOAD='(-0.01,0.01)';
      DIFF_PAIR_PINS_POS='dp_d2';
    'D3':
      PIN_NUMBER='(25)';
      INPUT_LOAD='(-0.01,0.01)';
      DIFF_PAIR_PINS_POS='dp_d3';
    'D4':
      PIN_NUMBER='(23)';
      INPUT_LOAD='(-0.01,0.01)';
      DIFF_PAIR_PINS_POS='dp_d4';
    '-D0':
      PIN_NUMBER='(4)';
      INPUT_LOAD='(-0.01,0.01)';
      DIFF_PAIR_PINS_NEG='dp_d0';
    '-D1':
      PIN_NUMBER='(6)';
      INPUT_LOAD='(-0.01,0.01)';
      DIFF_PAIR_PINS_NEG='dp_d1';
    '-D2':
      PIN_NUMBER='(28)';
      INPUT_LOAD='(-0.01,0.01)';
      DIFF_PAIR_PINS_NEG='dp_d2';
    '-D3':
      PIN_NUMBER='(26)';
      INPUT_LOAD='(-0.01,0.01)';
      DIFF_PAIR_PINS_NEG='dp_d3';
    '-D4':
      PIN_NUMBER='(24)';
      INPUT_LOAD='(-0.01,0.01)';
      DIFF_PAIR_PINS_NEG='dp_d4';
    'Q0':
      PIN_NUMBER='(8)';
      OUTPUT_LOAD='(1.0,-1.0)';
      DIFF_PAIR_PINS_POS='dp_q0';
    'Q1':
      PIN_NUMBER='(11)';
      OUTPUT_LOAD='(1.0,-1.0)';
      DIFF_PAIR_PINS_POS='dp_q1';
    'Q2':
      PIN_NUMBER='(14)';
      OUTPUT_LOAD='(1.0,-1.0)';
      DIFF_PAIR_PINS_POS='dp_q2';
    'Q3':
      PIN_NUMBER='(17)';
      OUTPUT_LOAD='(1.0,-1.0)';
      DIFF_PAIR_PINS_POS='dp_q3';
    'Q4':
      PIN_NUMBER='(20)';
      OUTPUT_LOAD='(1.0,-1.0)';
      DIFF_PAIR_PINS_POS='dp_q4';
    '-Q0':
      PIN_NUMBER='(9)';
      OUTPUT_LOAD='(1.0,-1.0)';
      DIFF_PAIR_PINS_NEG='dp_q0';
    '-Q1':
      PIN_NUMBER='(12)';
      OUTPUT_LOAD='(1.0,-1.0)';
      DIFF_PAIR_PINS_NEG='dp_q1';
    '-Q2':
      PIN_NUMBER='(15)';
      OUTPUT_LOAD='(1.0,-1.0)';
      DIFF_PAIR_PINS_NEG='dp_q2';
    '-Q3':
      PIN_NUMBER='(18)';
      OUTPUT_LOAD='(1.0,-1.0)';
      DIFF_PAIR_PINS_NEG='dp_q3';
    '-Q4':
      PIN_NUMBER='(21)';
      OUTPUT_LOAD='(1.0,-1.0)';
      DIFF_PAIR_PINS_NEG='dp_q4';
    'GND1':
      PIN_NUMBER='(10)';
      PINUSE='GROUND';
      NO_LOAD_CHECK='Both';
      NO_IO_CHECK='Both';
      NO_ASSERT_CHECK='TRUE';
      NO_DIR_CHECK='TRUE';
      ALLOW_CONNECT='TRUE';
    'GND2':
      PIN_NUMBER='(13)';
      PINUSE='GROUND';
      NO_LOAD_CHECK='Both';
      NO_IO_CHECK='Both';
      NO_ASSERT_CHECK='TRUE';
      NO_DIR_CHECK='TRUE';
      ALLOW_CONNECT='TRUE';
    'GND3':
      PIN_NUMBER='(16)';
      PINUSE='GROUND';
      NO_LOAD_CHECK='Both';
      NO_IO_CHECK='Both';
      NO_ASSERT_CHECK='TRUE';
      NO_DIR_CHECK='TRUE';
      ALLOW_CONNECT='TRUE';
    'GND0':
      PIN_NUMBER='(7)';
      PINUSE='GROUND';
      NO_LOAD_CHECK='Both';
      NO_IO_CHECK='Both';
      NO_ASSERT_CHECK='TRUE';
      NO_DIR_CHECK='TRUE';
      ALLOW_CONNECT='TRUE';
    'GND4':
      PIN_NUMBER='(19)';
      PINUSE='GROUND';
      NO_LOAD_CHECK='Both';
      NO_IO_CHECK='Both';
      NO_ASSERT_CHECK='TRUE';
      NO_DIR_CHECK='TRUE';
      ALLOW_CONNECT='TRUE';
    'GND5':
      PIN_NUMBER='(22)';
      PINUSE='GROUND';
      NO_LOAD_CHECK='Both';
      NO_IO_CHECK='Both';
      NO_ASSERT_CHECK='TRUE';
      NO_DIR_CHECK='TRUE';
      ALLOW_CONNECT='TRUE';
  end_pin;
  body
    PART_NAME='MC10E116';
    BODY_NAME='MC10E116';
    JEDEC_TYPE='plcc28';
    PHYS_DES_PREFIX='U';
    CLASS='IC';
  end_body;
end_primitive;

END.
