temp/xxnedtmp27/event.log NEWFILE1
temp/xxnedtmp27/text.log NEWFILE2
temp/xxnedtmp27/environ.log NEWFILE3
C:\Cadence\SPB_16.6\share\cdssetup/concept/concepthdl.scr FILE4
C:\Users\Eric Marzec\Documents\A_NU_START\Tubii_Tk2\cds.lib FILE5
C:\Users\Eric Marzec\Documents\A_NU_START\Tubii_Tk2\worklib\tubii\sch_1\page1.csb FILE6
C:\Users\Eric Marzec\Documents\A_NU_START\Tubii_Tk2\worklib\tubii\sch_1\page1_csb.lck NEWFILE7
temp/xxnedtmp27/undo1.log NEWFILE8
C:\Users\Eric Marzec\Documents\A_NU_START\Tubii_Tk2\Parts\parts\misc\penn#20b#20size#20page\sym_1\symbol.css FILE9
C:\Users\Eric Marzec\Documents\A_NU_START\Tubii_Tk2\worklib\tubii\sch_1\page1_csa.lck NEWFILE10
C:/Users/Eric Marzec/Documents/A_NU_START/Tubii_Tk2/worklib/tubii/sch_1/tubii.xcon FILE11
C:/Users/Eric Marzec/Documents/A_NU_START/Tubii_Tk2/worklib/tubii/sch_1/tubii.dcf FILE12
C:\Users\Eric Marzec\Documents\A_NU_START\Tubii_Tk2\worklib\microzed_module\sch_1\page1.csb FILE13
C:\Users\Eric Marzec\Documents\A_NU_START\Tubii_Tk2\worklib\microzed_module\sch_1\page1_csb.lck NEWFILE14
C:\Cadence\SPB_16.6\share\library\standard\inport\sym_1\symbol.css FILE15
C:\Cadence\SPB_16.6\share\library\standard\outport\sym_1\symbol.css FILE16
C:\Users\Eric Marzec\Documents\A_NU_START\Tubii_Tk2\Parts\parts\misc\fci_61083#2d101400lf\sym_1\symbol.css FILE17
C:\Users\Eric Marzec\Documents\A_NU_START\Tubii_Tk2\Parts\parts\capacitors\csmd0603\sym_1\symbol.css FILE18
C:\Users\Eric Marzec\Documents\A_NU_START\Tubii_Tk2\Parts\parts\ttl\74lv07a\sym_1\symbol.css FILE19
C:\Users\Eric Marzec\Documents\A_NU_START\Tubii_Tk2\Parts\parts\resistors\rsmd0603\sym_1\symbol.css FILE20
C:\Users\Eric Marzec\Documents\A_NU_START\Tubii_Tk2\Parts\parts\resistors\rsmd0805\sym_1\symbol.css FILE21
C:\Users\Eric Marzec\Documents\A_NU_START\Tubii_Tk2\Parts\parts\misc\led_l\sym_1\symbol.css FILE22
C:\Users\Eric Marzec\Documents\A_NU_START\Tubii_Tk2\Parts\parts\transistors\bss138\sym_1\symbol.css FILE23
C:\Users\Eric Marzec\Documents\A_NU_START\Tubii_Tk2\Parts\parts\misc\sip_header_2pin\sym_1\symbol.css FILE24
C:/Users/ERICMA~1/AppData/Local/Temp/con2D9D.tmp FILE25
C:/Users/ERICMA~1/AppData/Local/Temp/con8050.tmp FILE26
C:/Users/ERICMA~1/AppData/Local/Temp/con69E4.tmp FILE27
C:\Users\Eric Marzec\Documents\A_NU_START\Tubii_Tk2\Parts\parts\capacitors\csmd0805\sym_1\symbol.css FILE28
C:/Users/ERICMA~1/AppData/Local/Temp/con7F96.tmp FILE29
C:\Users\Eric Marzec\Documents\A_NU_START\Tubii_Tk2\Parts\parts\misc\testpoint_l\sym_1\symbol.css FILE30
temp/xxnedtmp27/concept.mkr NEWFILE31
C:/Cadence/SPB_16.6/tools/language/config.dat FILE32
C:/Cadence/SPB_16.6/tools/language/pack_type_rename.dat NEWFILE33
temp/xxnedtmp27/../fci_61083#2d101400lf.mkr NEWFILE34
temp/xxnedtmp27/../csmd0805.mkr NEWFILE35
temp/xxnedtmp27/../outport.mkr NEWFILE36
temp/xxnedtmp27/../testpoint_l.mkr NEWFILE37
temp/xxnedtmp27/../penn#20b#20size#20page.mkr NEWFILE38
temp/xxnedtmp27/../bss138.mkr NEWFILE39
temp/xxnedtmp27/../rsmd0805.mkr NEWFILE40
temp/xxnedtmp27/../led_l.mkr NEWFILE41
temp/xxnedtmp27/../sip_header_2pin.mkr NEWFILE42
temp/xxnedtmp27/../74lv07a.mkr NEWFILE43
temp/xxnedtmp27/../inport.mkr NEWFILE44
temp/xxnedtmp27/../csmd0603.mkr NEWFILE45
temp/xxnedtmp27/../rsmd0603.mkr NEWFILE46
C:\Users\Eric Marzec\Documents\A_NU_START\Tubii_Tk2\worklib\microzed_module\sch_1\page1.csa FILE47
C:\Users\Eric Marzec\Documents\A_NU_START\Tubii_Tk2\worklib\microzed_module\sch_1\page1.csv FILE48
C:\Users\Eric Marzec\Documents\A_NU_START\Tubii_Tk2\worklib\microzed_module\sch_1\pc.db FILE49
C:/Users/Eric Marzec/Documents/A_NU_START/Tubii_Tk2/worklib/microzed_module/sch_1/microzed_module_xcon.lck NEWFILE50
C:/Users/Eric Marzec/Documents/A_NU_START/Tubii_Tk2/worklib/microzed_module/sch_1/microzed_module_dcf.lck NEWFILE51
temp/xxnedtmp27/csnetlister.mkr NEWFILE52
C:\Users\Eric Marzec\Documents\A_NU_START\Tubii_Tk2\worklib\microzed_module\sch_1\page1_csa.lck NEWFILE53
C:\Users\Eric Marzec\Documents\A_NU_START\Tubii_Tk2\worklib\tubii_pcb\sch_1\page1.csb FILE54
C:\Users\Eric Marzec\Documents\A_NU_START\Tubii_Tk2\worklib\tubii_pcb\sch_1\page1_csb.lck NEWFILE55
C:\Users\Eric Marzec\Documents\A_NU_START\Tubii_Tk2\worklib\ellie_coms\sym_1\symbol.css FILE56
C:\Users\Eric Marzec\Documents\A_NU_START\Tubii_Tk2\worklib\fan_connections\sym_1\symbol.css FILE57
C:\Users\Eric Marzec\Documents\A_NU_START\Tubii_Tk2\worklib\caen_coms\sym_1\symbol.css FILE58
C:\Users\Eric Marzec\Documents\A_NU_START\Tubii_Tk2\worklib\ext_trigs\sym_1\symbol.css FILE59
C:\Users\Eric Marzec\Documents\A_NU_START\Tubii_Tk2\worklib\ecal_control\sym_1\symbol.css FILE60
C:\Users\Eric Marzec\Documents\A_NU_START\Tubii_Tk2\Parts\parts\ttl\hct238\sym_1\symbol.css FILE61
C:\Users\Eric Marzec\Documents\A_NU_START\Tubii_Tk2\worklib\power\sym_1\symbol.css FILE62
C:\Users\Eric Marzec\Documents\A_NU_START\Tubii_Tk2\worklib\general_utilities\sym_1\symbol.css FILE63
C:\Users\Eric Marzec\Documents\A_NU_START\Tubii_Tk2\worklib\mtca_mimic\sym_1\symbol.css FILE64
C:\Users\Eric Marzec\Documents\A_NU_START\Tubii_Tk2\worklib\clocks\sym_1\symbol.css FILE65
C:\Users\Eric Marzec\Documents\A_NU_START\Tubii_Tk2\worklib\lo_gen\sym_1\symbol.css FILE66
C:\Users\Eric Marzec\Documents\A_NU_START\Tubii_Tk2\worklib\baseline_buffer\sym_1\symbol.css FILE67
C:\Users\Eric Marzec\Documents\A_NU_START\Tubii_Tk2\worklib\tubii_spkr\sym_1\symbol.css FILE68
C:\Users\Eric Marzec\Documents\A_NU_START\Tubii_Tk2\worklib\cntrl_register\sym_1\symbol.css FILE69
C:\Users\Eric Marzec\Documents\A_NU_START\Tubii_Tk2\worklib\microzed_module\sym_1\symbol.css FILE70
C:\Users\Eric Marzec\Documents\A_NU_START\Tubii_Tk2\worklib\power\sch_1\page1.csb FILE71
C:\Users\Eric Marzec\Documents\A_NU_START\Tubii_Tk2\worklib\power\sch_1\page1_csb.lck NEWFILE72
C:\Users\Eric Marzec\Documents\A_NU_START\Tubii_Tk2\worklib\tubii_pcb\sch_1\page1_csa.lck NEWFILE73
C:\Users\Eric Marzec\Documents\A_NU_START\Tubii_Tk2\Parts\parts\capacitors\tant0805\sym_1\symbol.css FILE74
C:\Users\Eric Marzec\Documents\A_NU_START\Tubii_Tk2\Parts\parts\misc\inductor_l\sym_1\symbol.css FILE75
C:\Users\Eric Marzec\Documents\A_NU_START\Tubii_Tk2\Parts\parts\regulators\lt1085ct\sym_1\symbol.css FILE76
C:\Users\Eric Marzec\Documents\A_NU_START\Tubii_Tk2\Parts\parts\misc\ostoq027150\sym_1\symbol.css FILE77
C:\Users\Eric Marzec\Documents\A_NU_START\Tubii_Tk2\Parts\parts\misc\ostoq047150\sym_1\symbol.css FILE78
C:\Users\Eric Marzec\Documents\A_NU_START\Tubii_Tk2\Parts\parts\regulators\7915_l\sym_1\symbol.css FILE79
C:\Users\Eric Marzec\Documents\A_NU_START\Tubii_Tk2\Parts\parts\regulators\7815s_l\sym_1\symbol.css FILE80
C:\Users\Eric Marzec\Documents\A_NU_START\Tubii_Tk2\worklib\tubii_spkr\sch_1\page1.csb FILE81
C:\Users\Eric Marzec\Documents\A_NU_START\Tubii_Tk2\worklib\tubii_spkr\sch_1\page1_csb.lck NEWFILE82
C:\Users\Eric Marzec\Documents\A_NU_START\Tubii_Tk2\worklib\power\sch_1\page1_csa.lck NEWFILE83
C:\Users\Eric Marzec\Documents\A_NU_START\Tubii_Tk2\Parts\parts\resistors\3006p_trimpot\sym_1\symbol.css FILE84
C:\Users\Eric Marzec\Documents\A_NU_START\Tubii_Tk2\Parts\parts\ttl\74f06\sym_1\symbol.css FILE85
C:\Users\Eric Marzec\Documents\A_NU_START\Tubii_Tk2\Parts\parts\misc\led_1206\sym_1\symbol.css FILE86
C:\Users\Eric Marzec\Documents\A_NU_START\Tubii_Tk2\Parts\parts\misc\hct123\sym_1\symbol.css FILE87
C:\Users\Eric Marzec\Documents\A_NU_START\Tubii_Tk2\worklib\tubii_spkr\sch_1\page1_csa.lck NEWFILE88
C:\Users\Eric Marzec\Documents\A_NU_START\Tubii_Tk2\worklib\tubii\packaged/pstback.dat FILE89
temp/xxnedtmp27/../ellie_coms.mkr NEWFILE90
temp/xxnedtmp27/../fan_connections.mkr NEWFILE91
temp/xxnedtmp27/../caen_coms.mkr NEWFILE92
temp/xxnedtmp27/../ext_trigs.mkr NEWFILE93
temp/xxnedtmp27/../ecal_control.mkr NEWFILE94
temp/xxnedtmp27/../hct238.mkr NEWFILE95
temp/xxnedtmp27/../power.mkr NEWFILE96
temp/xxnedtmp27/../general_utilities.mkr NEWFILE97
temp/xxnedtmp27/../mtca_mimic.mkr NEWFILE98
temp/xxnedtmp27/../clocks.mkr NEWFILE99
temp/xxnedtmp27/../lo_gen.mkr NEWFILE100
temp/xxnedtmp27/../baseline_buffer.mkr NEWFILE101
temp/xxnedtmp27/../tubii_spkr.mkr NEWFILE102
temp/xxnedtmp27/../cntrl_register.mkr NEWFILE103
temp/xxnedtmp27/../microzed_module.mkr NEWFILE104
C:\Users\Eric Marzec\Documents\A_NU_START\Tubii_Tk2\worklib\tubii_pcb\sch_1\page1.csa FILE105
C:\Users\Eric Marzec\Documents\A_NU_START\Tubii_Tk2\worklib\tubii_pcb\sch_1\page1.csv FILE106
C:\Users\Eric Marzec\Documents\A_NU_START\Tubii_Tk2\worklib\tubii_pcb\sch_1\pc.db FILE107
C:/Users/Eric Marzec/Documents/A_NU_START/Tubii_Tk2/worklib/tubii_pcb/sch_1/tubii_pcb_xcon.lck NEWFILE108
C:/Users/Eric Marzec/Documents/A_NU_START/Tubii_Tk2/worklib/tubii_pcb/sch_1/tubii_pcb_dcf.lck NEWFILE109
C:\Users\Eric Marzec\Documents\A_NU_START\Tubii_Tk2\worklib\clocks\sch_1\page1.csb FILE110
C:\Users\Eric Marzec\Documents\A_NU_START\Tubii_Tk2\worklib\clocks\sch_1\page1_csb.lck NEWFILE111
C:\Users\Eric Marzec\Documents\A_NU_START\Tubii_Tk2\Parts\parts\ecl\mc10h124\sym_1\symbol.css FILE112
C:\Users\Eric Marzec\Documents\A_NU_START\Tubii_Tk2\worklib\change_clks\sym_1\symbol.css FILE113
C:\Users\Eric Marzec\Documents\A_NU_START\Tubii_Tk2\Parts\parts\ttl\74hct164\sym_1\symbol.css FILE114
C:\Users\Eric Marzec\Documents\A_NU_START\Tubii_Tk2\Parts\parts\ttl\sn74s32\sym_1\symbol.css FILE115
C:\Users\Eric Marzec\Documents\A_NU_START\Tubii_Tk2\Parts\parts\misc\dr610f1_button\sym_1\symbol.css FILE116
C:\Users\Eric Marzec\Documents\A_NU_START\Tubii_Tk2\worklib\fault_detection\sym_1\symbol.css FILE117
C:\Cadence\SPB_16.6\share\library\standard\8#20merge\sym_1\symbol.css FILE118
C:\Users\Eric Marzec\Documents\A_NU_START\Tubii_Tk2\worklib\default_clk_sel\sym_1\symbol.css FILE119
temp/xxnedtmp27/../mc10h124.mkr NEWFILE120
temp/xxnedtmp27/../change_clks.mkr NEWFILE121
temp/xxnedtmp27/../74hct164.mkr NEWFILE122
temp/xxnedtmp27/../sn74s32.mkr NEWFILE123
temp/xxnedtmp27/../dr610f1_button.mkr NEWFILE124
temp/xxnedtmp27/../fault_detection.mkr NEWFILE125
temp/xxnedtmp27/../8#20merge.mkr NEWFILE126
temp/xxnedtmp27/../default_clk_sel.mkr NEWFILE127
C:\Users\Eric Marzec\Documents\A_NU_START\Tubii_Tk2\worklib\clocks\sch_1\page1.csa FILE128
C:\Users\Eric Marzec\Documents\A_NU_START\Tubii_Tk2\worklib\clocks\sch_1\page1.csv FILE129
C:\Users\Eric Marzec\Documents\A_NU_START\Tubii_Tk2\worklib\clocks\sch_1\pc.db FILE130
C:/Users/Eric Marzec/Documents/A_NU_START/Tubii_Tk2/worklib/clocks/sch_1/clocks_xcon.lck NEWFILE131
C:/Users/Eric Marzec/Documents/A_NU_START/Tubii_Tk2/worklib/clocks/sch_1/clocks_dcf.lck NEWFILE132
C:\Users\Eric Marzec\Documents\A_NU_START\Tubii_Tk2\worklib\default_clk_sel\sch_1\page1.csb FILE133
C:\Users\Eric Marzec\Documents\A_NU_START\Tubii_Tk2\worklib\default_clk_sel\sch_1\page1_csb.lck NEWFILE134
C:\Users\Eric Marzec\Documents\A_NU_START\Tubii_Tk2\worklib\clocks\sch_1\page1_csa.lck NEWFILE135
C:\Users\Eric Marzec\Documents\A_NU_START\Tubii_Tk2\Parts\parts\diodes\z4ke\sym_1\symbol.css FILE136
C:\Users\Eric Marzec\Documents\A_NU_START\Tubii_Tk2\Parts\parts\ecl\mc10h104\sym_1\symbol.css FILE137
C:\Users\Eric Marzec\Documents\A_NU_START\Tubii_Tk2\Parts\parts\ecl\mc10h116\sym_1\symbol.css FILE138
C:\Users\Eric Marzec\Documents\A_NU_START\Tubii_Tk2\Parts\parts\misc\sy100el34l\sym_1\symbol.css FILE139
C:\Users\Eric Marzec\Documents\A_NU_START\Tubii_Tk2\Parts\parts\ecl\sy100el91l\sym_1\symbol.css FILE140
C:\Users\Eric Marzec\Documents\A_NU_START\Tubii_Tk2\Parts\parts\misc\foxclock\sym_1\symbol.css FILE141
temp/xxnedtmp27/../z4ke.mkr NEWFILE142
temp/xxnedtmp27/../mc10h104.mkr NEWFILE143
temp/xxnedtmp27/../mc10h116.mkr NEWFILE144
temp/xxnedtmp27/../sy100el34l.mkr NEWFILE145
temp/xxnedtmp27/../sy100el91l.mkr NEWFILE146
temp/xxnedtmp27/../foxclock.mkr NEWFILE147
C:\Users\Eric Marzec\Documents\A_NU_START\Tubii_Tk2\worklib\default_clk_sel\sch_1\page1.csa FILE148
C:\Users\Eric Marzec\Documents\A_NU_START\Tubii_Tk2\worklib\default_clk_sel\sch_1\page1.csv FILE149
C:\Users\Eric Marzec\Documents\A_NU_START\Tubii_Tk2\worklib\default_clk_sel\sch_1\pc.db FILE150
C:/Users/Eric Marzec/Documents/A_NU_START/Tubii_Tk2/worklib/default_clk_sel/sch_1/default_clk_sel_xcon.lck NEWFILE151
C:/Users/Eric Marzec/Documents/A_NU_START/Tubii_Tk2/worklib/default_clk_sel/sch_1/default_clk_sel_dcf.lck NEWFILE152
C:\Users\Eric Marzec\Documents\A_NU_START\Tubii_Tk2\worklib\fault_detection\sch_1\page1.csb FILE153
C:\Users\Eric Marzec\Documents\A_NU_START\Tubii_Tk2\worklib\fault_detection\sch_1\page1_csb.lck NEWFILE154
C:\Users\Eric Marzec\Documents\A_NU_START\Tubii_Tk2\worklib\default_clk_sel\sch_1\page1_csa.lck NEWFILE155
C:\Users\Eric Marzec\Documents\A_NU_START\Tubii_Tk2\Parts\parts\ecl\mc10h131\sym_1\symbol.css FILE156
C:\Users\Eric Marzec\Documents\A_NU_START\Tubii_Tk2\Parts\parts\ecl\mc10e016\sym_1\symbol.css FILE157
C:\Users\Eric Marzec\Documents\A_NU_START\Tubii_Tk2\Parts\parts\ttl\sy100el05\sym_1\symbol.css FILE158
C:\Users\Eric Marzec\Documents\A_NU_START\Tubii_Tk2\Parts\parts\ttl\74hct273\sym_1\symbol.css FILE159
C:\Users\Eric Marzec\Documents\A_NU_START\Tubii_Tk2\Parts\parts\ecl\mc10h125\sym_1\symbol.css FILE160
C:\Users\Eric Marzec\Documents\A_NU_START\Tubii_Tk2\Parts\parts\ecl\mc10e116\sym_1\symbol.css FILE161
temp/xxnedtmp27/../mc10h131.mkr NEWFILE162
temp/xxnedtmp27/../mc10e016.mkr NEWFILE163
temp/xxnedtmp27/../sy100el05.mkr NEWFILE164
temp/xxnedtmp27/../74hct273.mkr NEWFILE165
temp/xxnedtmp27/../hct123.mkr NEWFILE166
temp/xxnedtmp27/../mc10h125.mkr NEWFILE167
temp/xxnedtmp27/../mc10e116.mkr NEWFILE168
C:\Users\Eric Marzec\Documents\A_NU_START\Tubii_Tk2\worklib\fault_detection\sch_1\page1.csa FILE169
C:\Users\Eric Marzec\Documents\A_NU_START\Tubii_Tk2\worklib\fault_detection\sch_1\page1.csv FILE170
C:\Users\Eric Marzec\Documents\A_NU_START\Tubii_Tk2\worklib\fault_detection\sch_1\pc.db FILE171
C:/Users/Eric Marzec/Documents/A_NU_START/Tubii_Tk2/worklib/fault_detection/sch_1/fault_detection_xcon.lck NEWFILE172
C:/Users/Eric Marzec/Documents/A_NU_START/Tubii_Tk2/worklib/fault_detection/sch_1/fault_detection_dcf.lck NEWFILE173
C:\Users\Eric Marzec\Documents\A_NU_START\Tubii_Tk2\worklib\change_clks\sch_1\page1.csb FILE174
C:\Users\Eric Marzec\Documents\A_NU_START\Tubii_Tk2\worklib\change_clks\sch_1\page1_csb.lck NEWFILE175
C:\Users\Eric Marzec\Documents\A_NU_START\Tubii_Tk2\worklib\fault_detection\sch_1\page1_csa.lck NEWFILE176
C:\Users\Eric Marzec\Documents\A_NU_START\Tubii_Tk2\Parts\parts\misc\ss22sdp2\sym_1\symbol.css FILE177
temp/xxnedtmp27/../ss22sdp2.mkr NEWFILE178
C:\Users\Eric Marzec\Documents\A_NU_START\Tubii_Tk2\worklib\change_clks\sch_1\page1.csa FILE179
C:\Users\Eric Marzec\Documents\A_NU_START\Tubii_Tk2\worklib\change_clks\sch_1\page1.csv FILE180
C:\Users\Eric Marzec\Documents\A_NU_START\Tubii_Tk2\worklib\change_clks\sch_1\pc.db FILE181
C:/Users/Eric Marzec/Documents/A_NU_START/Tubii_Tk2/worklib/change_clks/sch_1/change_clks_xcon.lck NEWFILE182
C:/Users/Eric Marzec/Documents/A_NU_START/Tubii_Tk2/worklib/change_clks/sch_1/change_clks_dcf.lck NEWFILE183
C:\Users\Eric Marzec\Documents\A_NU_START\Tubii_Tk2\worklib\pulse_inverter\sch_1\page1.csb FILE184
C:\Users\Eric Marzec\Documents\A_NU_START\Tubii_Tk2\worklib\pulse_inverter\sch_1\page1_csb.lck NEWFILE185
C:\Users\Eric Marzec\Documents\A_NU_START\Tubii_Tk2\worklib\change_clks\sch_1\page1_csa.lck NEWFILE186
C:\Users\Eric Marzec\Documents\A_NU_START\Tubii_Tk2\Parts\parts\misc\ad8009\sym_1\symbol.css FILE187
temp/xxnedtmp27/../ad8009.mkr NEWFILE188
C:\Users\Eric Marzec\Documents\A_NU_START\Tubii_Tk2\worklib\pulse_inverter\sch_1\page1.csa FILE189
C:\Users\Eric Marzec\Documents\A_NU_START\Tubii_Tk2\worklib\pulse_inverter\sch_1\page1.csv FILE190
C:\Users\Eric Marzec\Documents\A_NU_START\Tubii_Tk2\worklib\pulse_inverter\sch_1\pc.db FILE191
C:/Users/Eric Marzec/Documents/A_NU_START/Tubii_Tk2/worklib/pulse_inverter/sch_1/pulse_inverter_xcon.lck NEWFILE192
C:/Users/Eric Marzec/Documents/A_NU_START/Tubii_Tk2/worklib/pulse_inverter/sch_1/pulse_inverter_dcf.lck NEWFILE193
C:\Users\Eric Marzec\Documents\A_NU_START\Tubii_Tk2\worklib\ribbon_delay\sch_1\page1.csb FILE194
C:\Users\Eric Marzec\Documents\A_NU_START\Tubii_Tk2\worklib\ribbon_delay\sch_1\page1_csb.lck NEWFILE195
C:\Users\Eric Marzec\Documents\A_NU_START\Tubii_Tk2\worklib\pulse_inverter\sch_1\page1_csa.lck NEWFILE196
C:\Users\Eric Marzec\Documents\A_NU_START\Tubii_Tk2\Parts\parts\misc\ids_c10\sym_1\symbol.css FILE197
temp/xxnedtmp27/../ids_c10.mkr NEWFILE198
C:\Users\Eric Marzec\Documents\A_NU_START\Tubii_Tk2\worklib\ribbon_delay\sch_1\page1.csa FILE199
C:\Users\Eric Marzec\Documents\A_NU_START\Tubii_Tk2\worklib\ribbon_delay\sch_1\page1.csv FILE200
C:/Users/Eric Marzec/Documents/A_NU_START/Tubii_Tk2/worklib/ribbon_delay/sch_1/ribbon_delay_xcon.lck NEWFILE201
C:/Users/Eric Marzec/Documents/A_NU_START/Tubii_Tk2/worklib/ribbon_delay/sch_1/ribbon_delay_dcf.lck NEWFILE202
C:\Users\Eric Marzec\Documents\A_NU_START\Tubii_Tk2\worklib\generic_delays\sch_1\page1.csb FILE203
C:\Users\Eric Marzec\Documents\A_NU_START\Tubii_Tk2\worklib\generic_delays\sch_1\page1_csb.lck NEWFILE204
C:\Users\Eric Marzec\Documents\A_NU_START\Tubii_Tk2\worklib\ribbon_delay\sch_1\page1_csa.lck NEWFILE205
C:\Users\Eric Marzec\Documents\A_NU_START\Tubii_Tk2\Parts\parts\ttl\ds102350\sym_1\symbol.css FILE206
temp/xxnedtmp27/../ds102350.mkr NEWFILE207
C:\Users\Eric Marzec\Documents\A_NU_START\Tubii_Tk2\worklib\generic_delays\sch_1\page1.csa FILE208
C:\Users\Eric Marzec\Documents\A_NU_START\Tubii_Tk2\worklib\generic_delays\sch_1\page1.csv FILE209
C:/Users/Eric Marzec/Documents/A_NU_START/Tubii_Tk2/worklib/generic_delays/sch_1/generic_delays_xcon.lck NEWFILE210
C:/Users/Eric Marzec/Documents/A_NU_START/Tubii_Tk2/worklib/generic_delays/sch_1/generic_delays_dcf.lck NEWFILE211
C:\Users\Eric Marzec\Documents\A_NU_START\Tubii_Tk2\worklib\ecl_translation\sch_1\page1.csb FILE212
C:\Users\Eric Marzec\Documents\A_NU_START\Tubii_Tk2\worklib\ecl_translation\sch_1\page1_csb.lck NEWFILE213
C:\Users\Eric Marzec\Documents\A_NU_START\Tubii_Tk2\worklib\generic_delays\sch_1\page1_csa.lck NEWFILE214
C:\Users\Eric Marzec\Documents\A_NU_START\Tubii_Tk2\Parts\parts\transistors\mmbth10\sym_1\symbol.css FILE215
C:\Users\Eric Marzec\Documents\A_NU_START\Tubii_Tk2\Parts\parts\transistors\mpsh81\sym_1\symbol.css FILE216
C:\Users\Eric Marzec\Documents\A_NU_START\Tubii_Tk2\Parts\parts\misc\ds90lv019\sym_1\symbol.css FILE217
temp/xxnedtmp27/../mmbth10.mkr NEWFILE218
temp/xxnedtmp27/../mpsh81.mkr NEWFILE219
temp/xxnedtmp27/../ds90lv019.mkr NEWFILE220
C:\Users\Eric Marzec\Documents\A_NU_START\Tubii_Tk2\worklib\ecl_translation\sch_1\page1.csa FILE221
C:\Users\Eric Marzec\Documents\A_NU_START\Tubii_Tk2\worklib\ecl_translation\sch_1\page1.csv FILE222
C:\Users\Eric Marzec\Documents\A_NU_START\Tubii_Tk2\worklib\ecl_translation\sch_1\pc.db FILE223
C:/Users/Eric Marzec/Documents/A_NU_START/Tubii_Tk2/worklib/ecl_translation/sch_1/ecl_translation_xcon.lck NEWFILE224
C:/Users/Eric Marzec/Documents/A_NU_START/Tubii_Tk2/worklib/ecl_translation/sch_1/ecl_translation_dcf.lck NEWFILE225
C:\Users\Eric Marzec\Documents\A_NU_START\Tubii_Tk2\worklib\ecl_translation\sch_1\page1_csa.lck NEWFILE226
temp/xxnedtmp27/../tant0805.mkr NEWFILE227
temp/xxnedtmp27/../inductor_l.mkr NEWFILE228
temp/xxnedtmp27/../lt1085ct.mkr NEWFILE229
temp/xxnedtmp27/../ostoq027150.mkr NEWFILE230
temp/xxnedtmp27/../ostoq047150.mkr NEWFILE231
temp/xxnedtmp27/../7915_l.mkr NEWFILE232
temp/xxnedtmp27/../7815s_l.mkr NEWFILE233
C:\Users\Eric Marzec\Documents\A_NU_START\Tubii_Tk2\worklib\power\sch_1\page1.csa FILE234
C:\Users\Eric Marzec\Documents\A_NU_START\Tubii_Tk2\worklib\power\sch_1\page1.csv FILE235
C:\Users\Eric Marzec\Documents\A_NU_START\Tubii_Tk2\worklib\power\sch_1\pc.db FILE236
C:/Users/Eric Marzec/Documents/A_NU_START/Tubii_Tk2/worklib/power/sch_1/power_xcon.lck NEWFILE237
C:/Users/Eric Marzec/Documents/A_NU_START/Tubii_Tk2/worklib/power/sch_1/power_dcf.lck NEWFILE238
C:\Users\Eric Marzec\Documents\A_NU_START\Tubii_Tk2\worklib\ecal_control\sch_1\page1.csb FILE239
C:\Users\Eric Marzec\Documents\A_NU_START\Tubii_Tk2\worklib\ecal_control\sch_1\page1_csb.lck NEWFILE240
C:\Users\Eric Marzec\Documents\A_NU_START\Tubii_Tk2\worklib\ecal_control\sch_1\page1.csa FILE241
C:\Users\Eric Marzec\Documents\A_NU_START\Tubii_Tk2\worklib\ecal_control\sch_1\page1.csv FILE242
C:/Users/Eric Marzec/Documents/A_NU_START/Tubii_Tk2/worklib/ecal_control/sch_1/ecal_control_xcon.lck NEWFILE243
C:/Users/Eric Marzec/Documents/A_NU_START/Tubii_Tk2/worklib/ecal_control/sch_1/ecal_control_dcf.lck NEWFILE244
C:\Users\Eric Marzec\Documents\A_NU_START\Tubii_Tk2\worklib\caen_analog_coms\sch_1\page1.csb FILE245
C:\Users\Eric Marzec\Documents\A_NU_START\Tubii_Tk2\worklib\caen_analog_coms\sch_1\page1_csb.lck NEWFILE246
C:\Users\Eric Marzec\Documents\A_NU_START\Tubii_Tk2\worklib\ecal_control\sch_1\page1_csa.lck NEWFILE247
C:\Users\Eric Marzec\Documents\A_NU_START\Tubii_Tk2\Parts\parts\ttl\74f07\sym_1\symbol.css FILE248
C:\Users\Eric Marzec\Documents\A_NU_START\Tubii_Tk2\Parts\parts\misc\pickering113fc\sym_1\symbol.css FILE249
C:\Users\Eric Marzec\Documents\A_NU_START\Tubii_Tk2\worklib\vref_gen\sym_1\symbol.css FILE250
C:\Users\Eric Marzec\Documents\A_NU_START\Tubii_Tk2\worklib\caen_buffer\sym_1\symbol.css FILE251
C:\Users\Eric Marzec\Documents\A_NU_START\Tubii_Tk2\Parts\parts\ttl\hct374\sym_1\symbol.css FILE252
temp/xxnedtmp27/../74f07.mkr NEWFILE253
temp/xxnedtmp27/../pickering113fc.mkr NEWFILE254
temp/xxnedtmp27/../vref_gen.mkr NEWFILE255
temp/xxnedtmp27/../caen_buffer.mkr NEWFILE256
temp/xxnedtmp27/../hct374.mkr NEWFILE257
C:\Users\Eric Marzec\Documents\A_NU_START\Tubii_Tk2\worklib\caen_analog_coms\sch_1\page1.csa FILE258
C:\Users\Eric Marzec\Documents\A_NU_START\Tubii_Tk2\worklib\caen_analog_coms\sch_1\page1.csv FILE259
C:\Users\Eric Marzec\Documents\A_NU_START\Tubii_Tk2\worklib\caen_analog_coms\sch_1\pc.db FILE260
C:/Users/Eric Marzec/Documents/A_NU_START/Tubii_Tk2/worklib/caen_analog_coms/sch_1/caen_analog_coms_xcon.lck NEWFILE261
C:/Users/Eric Marzec/Documents/A_NU_START/Tubii_Tk2/worklib/caen_analog_coms/sch_1/caen_analog_coms_dcf.lck NEWFILE262
C:\Users\Eric Marzec\Documents\A_NU_START\Tubii_Tk2\worklib\vref_gen\sch_1\page1.csb FILE263
C:\Users\Eric Marzec\Documents\A_NU_START\Tubii_Tk2\worklib\vref_gen\sch_1\page1_csb.lck NEWFILE264
C:\Users\Eric Marzec\Documents\A_NU_START\Tubii_Tk2\worklib\caen_analog_coms\sch_1\page1_csa.lck NEWFILE265
C:\Users\Eric Marzec\Documents\A_NU_START\Tubii_Tk2\Parts\parts\misc\opa277\sym_1\symbol.css FILE266
C:\Users\Eric Marzec\Documents\A_NU_START\Tubii_Tk2\Parts\parts\misc\ref02\sym_1\symbol.css FILE267
temp/xxnedtmp27/../opa277.mkr NEWFILE268
temp/xxnedtmp27/../ref02.mkr NEWFILE269
C:\Users\Eric Marzec\Documents\A_NU_START\Tubii_Tk2\worklib\vref_gen\sch_1\page1.csa FILE270
C:\Users\Eric Marzec\Documents\A_NU_START\Tubii_Tk2\worklib\vref_gen\sch_1\page1.csv FILE271
C:\Users\Eric Marzec\Documents\A_NU_START\Tubii_Tk2\worklib\vref_gen\sch_1\pc.db FILE272
C:/Users/Eric Marzec/Documents/A_NU_START/Tubii_Tk2/worklib/vref_gen/sch_1/vref_gen_xcon.lck NEWFILE273
C:/Users/Eric Marzec/Documents/A_NU_START/Tubii_Tk2/worklib/vref_gen/sch_1/vref_gen_dcf.lck NEWFILE274
C:\Users\Eric Marzec\Documents\A_NU_START\Tubii_Tk2\worklib\caen_dig_coms\sch_1\page1.csb FILE275
C:\Users\Eric Marzec\Documents\A_NU_START\Tubii_Tk2\worklib\caen_dig_coms\sch_1\page1_csb.lck NEWFILE276
C:\Users\Eric Marzec\Documents\A_NU_START\Tubii_Tk2\worklib\vref_gen\sch_1\page1_csa.lck NEWFILE277
C:\Users\Eric Marzec\Documents\A_NU_START\Tubii_Tk2\Parts\parts\transistors\mmbth81\sym_1\symbol.css FILE278
C:\Users\Eric Marzec\Documents\A_NU_START\Tubii_Tk2\Parts\parts\misc\ds90lv027\sym_1\symbol.css FILE279
temp/xxnedtmp27/../mmbth81.mkr NEWFILE280
temp/xxnedtmp27/../ds90lv027.mkr NEWFILE281
C:\Users\Eric Marzec\Documents\A_NU_START\Tubii_Tk2\worklib\caen_dig_coms\sch_1\page1.csa FILE282
C:\Users\Eric Marzec\Documents\A_NU_START\Tubii_Tk2\worklib\caen_dig_coms\sch_1\page1.csv FILE283
C:\Users\Eric Marzec\Documents\A_NU_START\Tubii_Tk2\worklib\caen_dig_coms\sch_1\pc.db FILE284
C:/Users/Eric Marzec/Documents/A_NU_START/Tubii_Tk2/worklib/caen_dig_coms/sch_1/caen_dig_coms_xcon.lck NEWFILE285
C:/Users/Eric Marzec/Documents/A_NU_START/Tubii_Tk2/worklib/caen_dig_coms/sch_1/caen_dig_coms_dcf.lck NEWFILE286
C:\Users\Eric Marzec\Documents\A_NU_START\Tubii_Tk2\worklib\ellie_coms\sch_1\page1.csb FILE287
C:\Users\Eric Marzec\Documents\A_NU_START\Tubii_Tk2\worklib\ellie_coms\sch_1\page1_csb.lck NEWFILE288
C:\Users\Eric Marzec\Documents\A_NU_START\Tubii_Tk2\worklib\caen_dig_coms\sch_1\page1_csa.lck NEWFILE289
C:\Users\Eric Marzec\Documents\A_NU_START\Tubii_Tk2\worklib\ellie_coms\sch_1\page1.csa FILE290
C:\Users\Eric Marzec\Documents\A_NU_START\Tubii_Tk2\worklib\ellie_coms\sch_1\page1.csv FILE291
C:/Users/Eric Marzec/Documents/A_NU_START/Tubii_Tk2/worklib/ellie_coms/sch_1/ellie_coms_xcon.lck NEWFILE292
C:/Users/Eric Marzec/Documents/A_NU_START/Tubii_Tk2/worklib/ellie_coms/sch_1/ellie_coms_dcf.lck NEWFILE293
C:\Users\Eric Marzec\Documents\A_NU_START\Tubii_Tk2\worklib\cntrl_register\sch_1\page1.csb FILE294
C:\Users\Eric Marzec\Documents\A_NU_START\Tubii_Tk2\worklib\cntrl_register\sch_1\page1_csb.lck NEWFILE295
C:\Users\Eric Marzec\Documents\A_NU_START\Tubii_Tk2\worklib\ellie_coms\sch_1\page1_csa.lck NEWFILE296
C:\Users\Eric Marzec\Documents\A_NU_START\Tubii_Tk2\Parts\parts\ttl\74hct165\sym_1\symbol.css FILE297
temp/xxnedtmp27/../74hct165.mkr NEWFILE298
C:\Users\Eric Marzec\Documents\A_NU_START\Tubii_Tk2\worklib\cntrl_register\sch_1\page1.csa FILE299
C:\Users\Eric Marzec\Documents\A_NU_START\Tubii_Tk2\worklib\cntrl_register\sch_1\page1.csv FILE300
C:\Users\Eric Marzec\Documents\A_NU_START\Tubii_Tk2\worklib\cntrl_register\sch_1\pc.db FILE301
C:/Users/Eric Marzec/Documents/A_NU_START/Tubii_Tk2/worklib/cntrl_register/sch_1/cntrl_register_xcon.lck NEWFILE302
C:/Users/Eric Marzec/Documents/A_NU_START/Tubii_Tk2/worklib/cntrl_register/sch_1/cntrl_register_dcf.lck NEWFILE303
C:\Users\Eric Marzec\Documents\A_NU_START\Tubii_Tk2\worklib\cntrl_register\sch_1\page1_csa.lck NEWFILE304
temp/xxnedtmp27/../3006p_trimpot.mkr NEWFILE305
temp/xxnedtmp27/../74f06.mkr NEWFILE306
temp/xxnedtmp27/../led_1206.mkr NEWFILE307
C:\Users\Eric Marzec\Documents\A_NU_START\Tubii_Tk2\worklib\tubii_spkr\sch_1\page1.csa FILE308
C:\Users\Eric Marzec\Documents\A_NU_START\Tubii_Tk2\worklib\tubii_spkr\sch_1\page1.csv FILE309
C:\Users\Eric Marzec\Documents\A_NU_START\Tubii_Tk2\worklib\tubii_spkr\sch_1\pc.db FILE310
C:/Users/Eric Marzec/Documents/A_NU_START/Tubii_Tk2/worklib/tubii_spkr/sch_1/tubii_spkr_xcon.lck NEWFILE311
C:/Users/Eric Marzec/Documents/A_NU_START/Tubii_Tk2/worklib/tubii_spkr/sch_1/tubii_spkr_dcf.lck NEWFILE312
C:\Users\Eric Marzec\Documents\A_NU_START\Tubii_Tk2\worklib\baseline_buffer\sch_1\page1.csb FILE313
C:\Users\Eric Marzec\Documents\A_NU_START\Tubii_Tk2\worklib\baseline_buffer\sch_1\page1_csb.lck NEWFILE314
C:\Users\Eric Marzec\Documents\A_NU_START\Tubii_Tk2\Parts\parts\misc\opa2277\sym_1\symbol.css FILE315
C:\Users\Eric Marzec\Documents\A_NU_START\Tubii_Tk2\Parts\parts\misc\opa4277\sym_1\symbol.css FILE316
C:\Users\Eric Marzec\Documents\A_NU_START\Tubii_Tk2\Parts\parts\misc\conn14\sym_1\symbol.css FILE317
temp/xxnedtmp27/../opa2277.mkr NEWFILE318
temp/xxnedtmp27/../opa4277.mkr NEWFILE319
temp/xxnedtmp27/../conn14.mkr NEWFILE320
C:\Users\Eric Marzec\Documents\A_NU_START\Tubii_Tk2\worklib\baseline_buffer\sch_1\page1.csa FILE321
C:\Users\Eric Marzec\Documents\A_NU_START\Tubii_Tk2\worklib\baseline_buffer\sch_1\page1.csv FILE322
C:\Users\Eric Marzec\Documents\A_NU_START\Tubii_Tk2\worklib\baseline_buffer\sch_1\pc.db FILE323
C:/Users/Eric Marzec/Documents/A_NU_START/Tubii_Tk2/worklib/baseline_buffer/sch_1/baseline_buffer_xcon.lck NEWFILE324
C:/Users/Eric Marzec/Documents/A_NU_START/Tubii_Tk2/worklib/baseline_buffer/sch_1/baseline_buffer_dcf.lck NEWFILE325
C:\Users\Eric Marzec\Documents\A_NU_START\Tubii_Tk2\worklib\lo_gen\sch_1\page1.csb FILE326
C:\Users\Eric Marzec\Documents\A_NU_START\Tubii_Tk2\worklib\lo_gen\sch_1\page1_csb.lck NEWFILE327
C:\Users\Eric Marzec\Documents\A_NU_START\Tubii_Tk2\worklib\baseline_buffer\sch_1\page1_csa.lck NEWFILE328
C:\Users\Eric Marzec\Documents\A_NU_START\Tubii_Tk2\worklib\select_lo_src\sym_1\symbol.css FILE329
C:\Users\Eric Marzec\Documents\A_NU_START\Tubii_Tk2\worklib\gt_delays\sym_1\symbol.css FILE330
temp/xxnedtmp27/../select_lo_src.mkr NEWFILE331
temp/xxnedtmp27/../gt_delays.mkr NEWFILE332
C:\Users\Eric Marzec\Documents\A_NU_START\Tubii_Tk2\worklib\lo_gen\sch_1\page1.csa FILE333
C:\Users\Eric Marzec\Documents\A_NU_START\Tubii_Tk2\worklib\lo_gen\sch_1\page1.csv FILE334
C:/Users/Eric Marzec/Documents/A_NU_START/Tubii_Tk2/worklib/lo_gen/sch_1/lo_gen_xcon.lck NEWFILE335
C:/Users/Eric Marzec/Documents/A_NU_START/Tubii_Tk2/worklib/lo_gen/sch_1/lo_gen_dcf.lck NEWFILE336
C:\Users\Eric Marzec\Documents\A_NU_START\Tubii_Tk2\worklib\gt_delays\sch_1\page1.csb FILE337
C:\Users\Eric Marzec\Documents\A_NU_START\Tubii_Tk2\worklib\gt_delays\sch_1\page1_csb.lck NEWFILE338
C:\Users\Eric Marzec\Documents\A_NU_START\Tubii_Tk2\worklib\lo_gen\sch_1\page1_csa.lck NEWFILE339
C:\Users\Eric Marzec\Documents\A_NU_START\Tubii_Tk2\Parts\parts\ttl\ds1023500\sym_1\symbol.css FILE340
C:\Users\Eric Marzec\Documents\A_NU_START\Tubii_Tk2\Parts\parts\ttl\ds1023200\sym_1\symbol.css FILE341
temp/xxnedtmp27/../ds1023500.mkr NEWFILE342
temp/xxnedtmp27/../ds1023200.mkr NEWFILE343
C:\Users\Eric Marzec\Documents\A_NU_START\Tubii_Tk2\worklib\gt_delays\sch_1\page1.csa FILE344
C:\Users\Eric Marzec\Documents\A_NU_START\Tubii_Tk2\worklib\gt_delays\sch_1\page1.csv FILE345
C:/Users/Eric Marzec/Documents/A_NU_START/Tubii_Tk2/worklib/gt_delays/sch_1/gt_delays_xcon.lck NEWFILE346
C:/Users/Eric Marzec/Documents/A_NU_START/Tubii_Tk2/worklib/gt_delays/sch_1/gt_delays_dcf.lck NEWFILE347
C:\Users\Eric Marzec\Documents\A_NU_START\Tubii_Tk2\worklib\select_lo_src\sch_1\page1.csb FILE348
C:\Users\Eric Marzec\Documents\A_NU_START\Tubii_Tk2\worklib\select_lo_src\sch_1\page1_csb.lck NEWFILE349
C:\Users\Eric Marzec\Documents\A_NU_START\Tubii_Tk2\worklib\gt_delays\sch_1\page1_csa.lck NEWFILE350
C:\Users\Eric Marzec\Documents\A_NU_START\Tubii_Tk2\worklib\select_lo_src\sch_1\page1.csa FILE351
C:\Users\Eric Marzec\Documents\A_NU_START\Tubii_Tk2\worklib\select_lo_src\sch_1\page1.csv FILE352
C:/Users/Eric Marzec/Documents/A_NU_START/Tubii_Tk2/worklib/select_lo_src/sch_1/select_lo_src_xcon.lck NEWFILE353
C:/Users/Eric Marzec/Documents/A_NU_START/Tubii_Tk2/worklib/select_lo_src/sch_1/select_lo_src_dcf.lck NEWFILE354
C:\Users\Eric Marzec\Documents\A_NU_START\Tubii_Tk2\worklib\mtca_mimic\sch_1\page1.csb FILE355
C:\Users\Eric Marzec\Documents\A_NU_START\Tubii_Tk2\worklib\mtca_mimic\sch_1\page1_csb.lck NEWFILE356
C:\Users\Eric Marzec\Documents\A_NU_START\Tubii_Tk2\worklib\select_lo_src\sch_1\page1_csa.lck NEWFILE357
C:\Users\Eric Marzec\Documents\A_NU_START\Tubii_Tk2\Parts\parts\diodes\bas16lt1\sym_1\symbol.css FILE358
C:\Users\Eric Marzec\Documents\A_NU_START\Tubii_Tk2\Parts\parts\misc\ad7243\sym_1\symbol.css FILE359
C:\Users\Eric Marzec\Documents\A_NU_START\Tubii_Tk2\worklib\trigger_logic\sym_1\symbol.css FILE360
C:\Users\Eric Marzec\Documents\A_NU_START\Tubii_Tk2\Parts\parts\misc\ad96687\sym_1\symbol.css FILE361
temp/xxnedtmp27/../bas16lt1.mkr NEWFILE362
temp/xxnedtmp27/../ad7243.mkr NEWFILE363
temp/xxnedtmp27/../trigger_logic.mkr NEWFILE364
temp/xxnedtmp27/../ad96687.mkr NEWFILE365
C:\Users\Eric Marzec\Documents\A_NU_START\Tubii_Tk2\worklib\mtca_mimic\sch_1\page1.csa FILE366
C:\Users\Eric Marzec\Documents\A_NU_START\Tubii_Tk2\worklib\mtca_mimic\sch_1\page1.csv FILE367
C:\Users\Eric Marzec\Documents\A_NU_START\Tubii_Tk2\worklib\mtca_mimic\sch_1\pc.db FILE368
C:/Users/Eric Marzec/Documents/A_NU_START/Tubii_Tk2/worklib/mtca_mimic/sch_1/mtca_mimic_xcon.lck NEWFILE369
C:/Users/Eric Marzec/Documents/A_NU_START/Tubii_Tk2/worklib/mtca_mimic/sch_1/mtca_mimic_dcf.lck NEWFILE370
C:\Users\Eric Marzec\Documents\A_NU_START\Tubii_Tk2\worklib\trigger_logic\sch_1\page1.csb FILE371
C:\Users\Eric Marzec\Documents\A_NU_START\Tubii_Tk2\worklib\trigger_logic\sch_1\page1_csb.lck NEWFILE372
C:\Users\Eric Marzec\Documents\A_NU_START\Tubii_Tk2\worklib\mtca_mimic\sch_1\page1_csa.lck NEWFILE373
C:\Users\Eric Marzec\Documents\A_NU_START\Tubii_Tk2\Parts\parts\ecl\mc10e101\sym_1\symbol.css FILE374
temp/xxnedtmp27/../mc10e101.mkr NEWFILE375
C:\Users\Eric Marzec\Documents\A_NU_START\Tubii_Tk2\worklib\trigger_logic\sch_1\page1.csa FILE376
C:\Users\Eric Marzec\Documents\A_NU_START\Tubii_Tk2\worklib\trigger_logic\sch_1\page1.csv FILE377
C:\Users\Eric Marzec\Documents\A_NU_START\Tubii_Tk2\worklib\trigger_logic\sch_1\pc.db FILE378
C:/Users/Eric Marzec/Documents/A_NU_START/Tubii_Tk2/worklib/trigger_logic/sch_1/trigger_logic_xcon.lck NEWFILE379
C:/Users/Eric Marzec/Documents/A_NU_START/Tubii_Tk2/worklib/trigger_logic/sch_1/trigger_logic_dcf.lck NEWFILE380
C:\Users\Eric Marzec\Documents\A_NU_START\Tubii_Tk2\worklib\ext_trigs\sch_1\page1.csb FILE381
C:\Users\Eric Marzec\Documents\A_NU_START\Tubii_Tk2\worklib\ext_trigs\sch_1\page1_csb.lck NEWFILE382
C:\Users\Eric Marzec\Documents\A_NU_START\Tubii_Tk2\worklib\trigger_logic\sch_1\page1_csa.lck NEWFILE383
C:\Users\Eric Marzec\Documents\A_NU_START\Tubii_Tk2\worklib\ext_trigs\sch_1\page1.csa FILE384
C:\Users\Eric Marzec\Documents\A_NU_START\Tubii_Tk2\worklib\ext_trigs\sch_1\page1.csv FILE385
C:\Users\Eric Marzec\Documents\A_NU_START\Tubii_Tk2\worklib\ext_trigs\sch_1\pc.db FILE386
C:/Users/Eric Marzec/Documents/A_NU_START/Tubii_Tk2/worklib/ext_trigs/sch_1/ext_trigs_xcon.lck NEWFILE387
C:/Users/Eric Marzec/Documents/A_NU_START/Tubii_Tk2/worklib/ext_trigs/sch_1/ext_trigs_dcf.lck NEWFILE388
C:\Users\Eric Marzec\Documents\A_NU_START\Tubii_Tk2\worklib\fan_connections\sch_1\page1.csb FILE389
C:\Users\Eric Marzec\Documents\A_NU_START\Tubii_Tk2\worklib\fan_connections\sch_1\page1_csb.lck NEWFILE390
C:\Users\Eric Marzec\Documents\A_NU_START\Tubii_Tk2\worklib\ext_trigs\sch_1\page1_csa.lck NEWFILE391
C:\Users\Eric Marzec\Documents\A_NU_START\Tubii_Tk2\worklib\fan_connections\sch_1\page1.csa FILE392
C:\Users\Eric Marzec\Documents\A_NU_START\Tubii_Tk2\worklib\fan_connections\sch_1\page1.csv FILE393
C:\Users\Eric Marzec\Documents\A_NU_START\Tubii_Tk2\worklib\fan_connections\sch_1\pc.db FILE394
C:/Users/Eric Marzec/Documents/A_NU_START/Tubii_Tk2/worklib/fan_connections/sch_1/fan_connections_xcon.lck NEWFILE395
C:/Users/Eric Marzec/Documents/A_NU_START/Tubii_Tk2/worklib/fan_connections/sch_1/fan_connections_dcf.lck NEWFILE396
C:\Users\Eric Marzec\Documents\A_NU_START\Tubii_Tk2\worklib\front_ports\sch_1\page1.csb FILE397
C:\Users\Eric Marzec\Documents\A_NU_START\Tubii_Tk2\worklib\front_ports\sch_1\page1_csb.lck NEWFILE398
C:\Users\Eric Marzec\Documents\A_NU_START\Tubii_Tk2\worklib\fan_connections\sch_1\page1_csa.lck NEWFILE399
C:\Users\Eric Marzec\Documents\A_NU_START\Tubii_Tk2\Parts\parts\misc\conn12\sym_1\symbol.css FILE400
C:\Users\Eric Marzec\Documents\A_NU_START\Tubii_Tk2\worklib\gt_delays_ports\sym_1\symbol.css FILE401
C:\Users\Eric Marzec\Documents\A_NU_START\Tubii_Tk2\worklib\ext_trig_ports\sym_1\symbol.css FILE402
C:\Users\Eric Marzec\Documents\A_NU_START\Tubii_Tk2\worklib\scaler_ports\sym_1\symbol.css FILE403
C:\Users\Eric Marzec\Documents\A_NU_START\Tubii_Tk2\worklib\caen_ports\sym_1\symbol.css FILE404
C:\Users\Eric Marzec\Documents\A_NU_START\Tubii_Tk2\worklib\general_utilities_ports\sym_1\symbol.css FILE405
C:\Users\Eric Marzec\Documents\A_NU_START\Tubii_Tk2\worklib\time_bus_ports\sym_1\symbol.css FILE406
C:\Users\Eric Marzec\Documents\A_NU_START\Tubii_Tk2\worklib\translation_ports\sym_1\symbol.css FILE407
C:\Users\Eric Marzec\Documents\A_NU_START\Tubii_Tk2\Parts\parts\misc\conn20\sym_1\symbol.css FILE408
temp/xxnedtmp27/../conn12.mkr NEWFILE409
temp/xxnedtmp27/../gt_delays_ports.mkr NEWFILE410
temp/xxnedtmp27/../ext_trig_ports.mkr NEWFILE411
temp/xxnedtmp27/../scaler_ports.mkr NEWFILE412
temp/xxnedtmp27/../caen_ports.mkr NEWFILE413
temp/xxnedtmp27/../general_utilities_ports.mkr NEWFILE414
temp/xxnedtmp27/../time_bus_ports.mkr NEWFILE415
temp/xxnedtmp27/../translation_ports.mkr NEWFILE416
temp/xxnedtmp27/../conn20.mkr NEWFILE417
C:\Users\Eric Marzec\Documents\A_NU_START\Tubii_Tk2\worklib\front_ports\sch_1\page1.csa FILE418
C:\Users\Eric Marzec\Documents\A_NU_START\Tubii_Tk2\worklib\front_ports\sch_1\page1.csv FILE419
C:\Users\Eric Marzec\Documents\A_NU_START\Tubii_Tk2\worklib\front_ports\sch_1\pc.db FILE420
C:/Users/Eric Marzec/Documents/A_NU_START/Tubii_Tk2/worklib/front_ports/sch_1/front_ports_xcon.lck NEWFILE421
C:/Users/Eric Marzec/Documents/A_NU_START/Tubii_Tk2/worklib/front_ports/sch_1/front_ports_dcf.lck NEWFILE422
C:\Users\Eric Marzec\Documents\A_NU_START\Tubii_Tk2\worklib\translation_ports\sch_1\page1.csb FILE423
C:\Users\Eric Marzec\Documents\A_NU_START\Tubii_Tk2\worklib\translation_ports\sch_1\page1_csb.lck NEWFILE424
C:\Users\Eric Marzec\Documents\A_NU_START\Tubii_Tk2\worklib\front_ports\sch_1\page1_csa.lck NEWFILE425
C:\Users\Eric Marzec\Documents\A_NU_START\Tubii_Tk2\Parts\parts\misc\sip_header_2pin\sym_2\symbol.css FILE426
C:\Users\Eric Marzec\Documents\A_NU_START\Tubii_Tk2\worklib\translation_ports\sch_1\page1.csa FILE427
C:\Users\Eric Marzec\Documents\A_NU_START\Tubii_Tk2\worklib\translation_ports\sch_1\page1.csv FILE428
C:\Users\Eric Marzec\Documents\A_NU_START\Tubii_Tk2\worklib\translation_ports\sch_1\pc.db FILE429
C:/Users/Eric Marzec/Documents/A_NU_START/Tubii_Tk2/worklib/translation_ports/sch_1/translation_ports_xcon.lck NEWFILE430
C:/Users/Eric Marzec/Documents/A_NU_START/Tubii_Tk2/worklib/translation_ports/sch_1/translation_ports_dcf.lck NEWFILE431
C:\Users\Eric Marzec\Documents\A_NU_START\Tubii_Tk2\worklib\time_bus_ports\sch_1\page1.csb FILE432
C:\Users\Eric Marzec\Documents\A_NU_START\Tubii_Tk2\worklib\time_bus_ports\sch_1\page1_csb.lck NEWFILE433
C:\Users\Eric Marzec\Documents\A_NU_START\Tubii_Tk2\worklib\translation_ports\sch_1\page1_csa.lck NEWFILE434
C:\Users\Eric Marzec\Documents\A_NU_START\Tubii_Tk2\worklib\time_bus_ports\sch_1\page1.csa FILE435
C:\Users\Eric Marzec\Documents\A_NU_START\Tubii_Tk2\worklib\time_bus_ports\sch_1\page1.csv FILE436
C:/Users/Eric Marzec/Documents/A_NU_START/Tubii_Tk2/worklib/time_bus_ports/sch_1/time_bus_ports_xcon.lck NEWFILE437
C:/Users/Eric Marzec/Documents/A_NU_START/Tubii_Tk2/worklib/time_bus_ports/sch_1/time_bus_ports_dcf.lck NEWFILE438
C:\Users\Eric Marzec\Documents\A_NU_START\Tubii_Tk2\worklib\general_utilities_ports\sch_1\page1.csb FILE439
C:\Users\Eric Marzec\Documents\A_NU_START\Tubii_Tk2\worklib\general_utilities_ports\sch_1\page1_csb.lck NEWFILE440
C:\Users\Eric Marzec\Documents\A_NU_START\Tubii_Tk2\worklib\time_bus_ports\sch_1\page1_csa.lck NEWFILE441
C:\Users\Eric Marzec\Documents\A_NU_START\Tubii_Tk2\worklib\general_utilities_ports\sch_1\page1.csa FILE442
C:\Users\Eric Marzec\Documents\A_NU_START\Tubii_Tk2\worklib\general_utilities_ports\sch_1\page1.csv FILE443
C:\Users\Eric Marzec\Documents\A_NU_START\Tubii_Tk2\worklib\general_utilities_ports\sch_1\pc.db FILE444
C:/Users/Eric Marzec/Documents/A_NU_START/Tubii_Tk2/worklib/general_utilities_ports/sch_1/general_utilities_ports_xcon.lck NEWFILE445
C:/Users/Eric Marzec/Documents/A_NU_START/Tubii_Tk2/worklib/general_utilities_ports/sch_1/general_utilities_ports_dcf.lck NEWFILE446
C:\Users\Eric Marzec\Documents\A_NU_START\Tubii_Tk2\worklib\caen_digital_ports\sch_1\page1.csb FILE447
C:\Users\Eric Marzec\Documents\A_NU_START\Tubii_Tk2\worklib\caen_digital_ports\sch_1\page1_csb.lck NEWFILE448
C:\Users\Eric Marzec\Documents\A_NU_START\Tubii_Tk2\worklib\general_utilities_ports\sch_1\page1_csa.lck NEWFILE449
C:\Users\Eric Marzec\Documents\A_NU_START\Tubii_Tk2\worklib\caen_digital_ports\sch_1\page1.csa FILE450
C:\Users\Eric Marzec\Documents\A_NU_START\Tubii_Tk2\worklib\caen_digital_ports\sch_1\page1.csv FILE451
C:\Users\Eric Marzec\Documents\A_NU_START\Tubii_Tk2\worklib\caen_digital_ports\sch_1\pc.db FILE452
C:/Users/Eric Marzec/Documents/A_NU_START/Tubii_Tk2/worklib/caen_digital_ports/sch_1/caen_digital_ports_xcon.lck NEWFILE453
C:/Users/Eric Marzec/Documents/A_NU_START/Tubii_Tk2/worklib/caen_digital_ports/sch_1/caen_digital_ports_dcf.lck NEWFILE454
C:\Users\Eric Marzec\Documents\A_NU_START\Tubii_Tk2\worklib\caen_analog_ports\sch_1\page1.csb FILE455
C:\Users\Eric Marzec\Documents\A_NU_START\Tubii_Tk2\worklib\caen_analog_ports\sch_1\page1_csb.lck NEWFILE456
C:\Users\Eric Marzec\Documents\A_NU_START\Tubii_Tk2\worklib\caen_digital_ports\sch_1\page1_csa.lck NEWFILE457
C:\Users\Eric Marzec\Documents\A_NU_START\Tubii_Tk2\worklib\caen_analog_ports\sch_1\page1.csa FILE458
C:\Users\Eric Marzec\Documents\A_NU_START\Tubii_Tk2\worklib\caen_analog_ports\sch_1\page1.csv FILE459
C:\Users\Eric Marzec\Documents\A_NU_START\Tubii_Tk2\worklib\caen_analog_ports\sch_1\pc.db FILE460
C:/Users/Eric Marzec/Documents/A_NU_START/Tubii_Tk2/worklib/caen_analog_ports/sch_1/caen_analog_ports_xcon.lck NEWFILE461
C:/Users/Eric Marzec/Documents/A_NU_START/Tubii_Tk2/worklib/caen_analog_ports/sch_1/caen_analog_ports_dcf.lck NEWFILE462
C:\Users\Eric Marzec\Documents\A_NU_START\Tubii_Tk2\worklib\scaler_ports\sch_1\page1.csb FILE463
C:\Users\Eric Marzec\Documents\A_NU_START\Tubii_Tk2\worklib\scaler_ports\sch_1\page1_csb.lck NEWFILE464
C:\Users\Eric Marzec\Documents\A_NU_START\Tubii_Tk2\worklib\caen_analog_ports\sch_1\page1_csa.lck NEWFILE465
C:\Users\Eric Marzec\Documents\A_NU_START\Tubii_Tk2\Parts\parts\misc\sip_header_16pin\sym_1\symbol.css FILE466
temp/xxnedtmp27/../sip_header_16pin.mkr NEWFILE467
C:\Users\Eric Marzec\Documents\A_NU_START\Tubii_Tk2\worklib\scaler_ports\sch_1\page1.csa FILE468
C:\Users\Eric Marzec\Documents\A_NU_START\Tubii_Tk2\worklib\scaler_ports\sch_1\page1.csv FILE469
C:/Users/Eric Marzec/Documents/A_NU_START/Tubii_Tk2/worklib/scaler_ports/sch_1/scaler_ports_xcon.lck NEWFILE470
C:/Users/Eric Marzec/Documents/A_NU_START/Tubii_Tk2/worklib/scaler_ports/sch_1/scaler_ports_dcf.lck NEWFILE471
C:\Users\Eric Marzec\Documents\A_NU_START\Tubii_Tk2\worklib\ext_trig_ports\sch_1\page1.csb FILE472
C:\Users\Eric Marzec\Documents\A_NU_START\Tubii_Tk2\worklib\ext_trig_ports\sch_1\page1_csb.lck NEWFILE473
C:\Users\Eric Marzec\Documents\A_NU_START\Tubii_Tk2\worklib\scaler_ports\sch_1\page1_csa.lck NEWFILE474
C:\Users\Eric Marzec\Documents\A_NU_START\Tubii_Tk2\Parts\parts\misc\conn32\sym_1\symbol.css FILE475
temp/xxnedtmp27/../conn32.mkr NEWFILE476
C:\Users\Eric Marzec\Documents\A_NU_START\Tubii_Tk2\worklib\ext_trig_ports\sch_1\page1.csa FILE477
C:\Users\Eric Marzec\Documents\A_NU_START\Tubii_Tk2\worklib\ext_trig_ports\sch_1\page1.csv FILE478
C:\Users\Eric Marzec\Documents\A_NU_START\Tubii_Tk2\worklib\ext_trig_ports\sch_1\pc.db FILE479
C:/Users/Eric Marzec/Documents/A_NU_START/Tubii_Tk2/worklib/ext_trig_ports/sch_1/ext_trig_ports_xcon.lck NEWFILE480
C:/Users/Eric Marzec/Documents/A_NU_START/Tubii_Tk2/worklib/ext_trig_ports/sch_1/ext_trig_ports_dcf.lck NEWFILE481
C:\Users\Eric Marzec\Documents\A_NU_START\Tubii_Tk2\worklib\gt_delays_ports\sch_1\page1.csb FILE482
C:\Users\Eric Marzec\Documents\A_NU_START\Tubii_Tk2\worklib\gt_delays_ports\sch_1\page1_csb.lck NEWFILE483
C:\Users\Eric Marzec\Documents\A_NU_START\Tubii_Tk2\worklib\ext_trig_ports\sch_1\page1_csa.lck NEWFILE484
C:\Users\Eric Marzec\Documents\A_NU_START\Tubii_Tk2\worklib\gt_delays_ports\sch_1\page1.csa FILE485
C:\Users\Eric Marzec\Documents\A_NU_START\Tubii_Tk2\worklib\gt_delays_ports\sch_1\page1.csv FILE486
C:\Users\Eric Marzec\Documents\A_NU_START\Tubii_Tk2\worklib\gt_delays_ports\sch_1\pc.db FILE487
C:/Users/Eric Marzec/Documents/A_NU_START/Tubii_Tk2/worklib/gt_delays_ports/sch_1/gt_delays_ports_xcon.lck NEWFILE488
C:/Users/Eric Marzec/Documents/A_NU_START/Tubii_Tk2/worklib/gt_delays_ports/sch_1/gt_delays_ports_dcf.lck NEWFILE489
C:\Users\Eric Marzec\Documents\A_NU_START\Tubii_Tk2\worklib\gt_delays_ports\sch_1\page1_csa.lck NEWFILE490
