Allegro Design Entry HDL 16.6-p007 (v16-6-112F) 10/10/2012
Copyright 2011 Cadence Design Systems, Inc

WARNING(SPCOCN-1474): You must specify a window that contains a drawing.
WARNING(SPCOCN-1474): You must specify a window that contains a drawing.
WARNING(SPCOCN-1474): You must specify a window that contains a drawing.
WARNING(SPCOCN-1474): You must specify a window that contains a drawing.
WARNING(SPCOCN-1474): You must specify a window that contains a drawing.
WARNING(SPCOCN-1474): You must specify a window that contains a drawing.
WARNING(SPCOCN-1474): You must specify a window that contains a drawing.
WARNING(SPCOCN-2040): Specify the command "page forcereset all" to reset logical page numbers of all pages of this block.
WARNING(SPCOCN-1523): Invalid set option: <search_history_count>
INFO(SPCOCN-1177): Unexpected text: <5>
WARNING(SPCOCN-1523): Invalid set option: <search_history>
INFO(SPCOCN-1177): Unexpected text: <DATA_RDY>
WARNING(SPCOCN-1523): Invalid set option: <search_toolbar_lookin>
INFO(SPCOCN-1177): Unexpected text: <PAGE>
WARNING(SPCOCN-1523): Invalid set option: <modify_quick_reset_filters>
INFO(SPCOCN-1177): Unexpected text: <OFF>
WARNING(SPCOCN-1523): Invalid set option: <hss_distribute_ports_count>
INFO(SPCOCN-1177): Unexpected text: <25>
WARNING(SPCOCN-1523): Invalid set option: <hss_distribute_port_pattern>
WARNING(SPCOCN-1523): Invalid set option: <hss_distribute_property_name>
WARNING(SPCOCN-1474): You must specify a window that contains a drawing.
WARNING(SPCOCN-1474): You must specify a window that contains a drawing.
WARNING(SPCOCN-1474): You must specify a window that contains a drawing.
WARNING(SPCOCN-1474): You must specify a window that contains a drawing.
WARNING(SPCOCN-1474): You must specify a window that contains a drawing.
WARNING(SPCOCN-1474): You must specify a window that contains a drawing.
INFO(SPCOCN-1737): Reading C:\Users\Eric Marzec\Documents\A_NU_START\Tubii_Tk2\cds.lib file.
WARNING(SPCOCN-1474): You must specify a window that contains a drawing.
INFO(SPCOCN-1445): Reading TUBII.SCH.1.1 into drawing #1.
INFO(SPCOCN-195): The following file will be used to identify the list of modules to be excluded: 'C:\Cadence\SPB_16.6\share\cdssetup\xmodules.dat'.
INFO(SPCOCN-1445): Reading TUBII_PCB.SCH.1.1 into drawing #1.
INFO(SPCOCN-1001): Component: I1 selected.
INFO(SPCOCN-1445): Reading MICROZED_MODULE.SCH.1.1 into drawing #1.
INFO(SPCOCN-1445): Reading MICROZED_MODULE.SCH.1.1 into drawing #1.
INFO(SPCOCN-1001): Component: I135 selected.
INFO(SPCOCN-1507): Adding version 1 of part 74LVC07A from library ttl
INFO(SPCOCN-1507): Adding version 1 of part 74LVC07A from library ttl
INFO(SPCOCN-1507): Adding version 1 of part OUTPORT from library standard
INFO(SPCOCN-1001): Component: I137 selected.
INFO(SPCOCN-1001): Component: I137 selected.
INFO(SPCOCN-999): Signal: MTCA_MIMIC_DATA_RDY selected.
INFO(SPCOCN-1001): Component: I116 selected.
WARNING(SPCOCN-1915): Path properties cannot be copied.
INFO(SPCOCN-1001): Component: I104 selected.
INFO(SPCOCN-1001): Component: I146 selected.
WARNING(SPCOCN-1915): Path properties cannot be copied.
INFO(SPCOCN-1070): Checking drawing...
INFO(SPCOCN-1028): writing <tubii_tk2_lib>MICROZED_MODULE.SCH.1.1:
INFO(SPCOCN-1044): writing binary file...
INFO(SPCOCN-1049): writing ASCII file...
INFO(SPCOCN-1053): writing connectivity file...
INFO(SPCOCN-1054): ...written

CSDirect 16.6-p007 (v16-6-112F)

Netlisting block microzed_module

Processing page 1

Following ports were added to the block 'microzed_module' : 
		clk
		data
		mtca_mimic_data_rdy
		smellie_delay
		smellie_pulse
		spkr
		tellie_delay
		tellie_pulse
The connectivity of parent blocks will be updated by saving the following pages:
		Block: tubii_pcb	Page: 1

INFO(SPCOCN-1028): writing <tubii_tk2_lib>tubii_pcb.SCH.1.1:
INFO(SPCOCN-1044): writing binary file...
INFO(SPCOCN-1049): writing ASCII file...
INFO(SPCOCN-1053): writing connectivity file...
INFO(SPCOCN-1054): ...written

CSDirect 16.6-p007 (v16-6-112F)

Netlisting block tubii_pcb

Processing page 1

No netlisting errors found. 

INFO(SPCOCN-1640): writing occurrence data...
INFO(SPCOCN-1054): ...written
INFO(SPCOCN-1019): Save All completed.
INFO(SPCOCN-1507): Adding version 1 of part RSMD0805 from library resistors
INFO(SPCOCN-1001): Component: I148 selected.
INFO(SPCOCN-1001): Component: I148 selected.
INFO(SPCOCN-1001): Component: I148 selected.
INFO(SPCOCN-1070): Checking drawing...
INFO(SPCOCN-1028): writing <tubii_tk2_lib>MICROZED_MODULE.SCH.1.1:
INFO(SPCOCN-1044): writing binary file...
INFO(SPCOCN-1049): writing ASCII file...
INFO(SPCOCN-1053): writing connectivity file...
INFO(SPCOCN-1054): ...written

CSDirect 16.6-p007 (v16-6-112F)

Netlisting block microzed_module

Processing page 1

INFO(SPCOCN-1640): writing occurrence data...
INFO(SPCOCN-1054): ...written
INFO(SPCOCN-1019): Save All completed.
WARNING(SPCOCN-1288): Could not find component with path I148 to highlight.
WARNING(SPCOCN-1288): Could not find component with path I148 to highlight.
INFO(SPCOCN-1445): Reading MICROZED_MODULE.SCH.1.1 into drawing #1.
INFO(SPCOCN-1445): Reading MICROZED_MODULE.SCH.1.1 into drawing #1.
WARNING(SPCOCN-1288): Could not find component with path I148 to highlight.
WARNING(SPCOCN-1288): Could not find component with path I148 to highlight.
WARNING(SPCOCN-1288): Could not find component with path I148 to highlight.
WARNING(SPCOCN-1288): Could not find component with path I148 to highlight.
INFO(SPCOCN-1001): Component: I136 selected.
INFO(SPCOCN-1507): Adding version 1 of part OFFPAGE from library standard
INFO(SPCOCN-1507): Adding version 1 of part OUTPORT from library standard
INFO(SPCOCN-1507): Adding version 1 of part OUTPORT from library standard
INFO(SPCOCN-1507): Adding version 1 of part OUTPORT from library standard
INFO(SPCOCN-1507): Adding version 1 of part OUTPORT from library standard
INFO(SPCOCN-1001): Component: I120 selected.
INFO(SPCOCN-1001): Component: I153 selected.
INFO(SPCOCN-1001): Component: I168 selected.
WARNING(SPCOCN-1200): Using group A
INFO(SPCOCN-1195): Group "A" contains:   5 bodies   67 properties   0 notes   16 wires   2 dots   0 images
INFO(SPCOCN-999): Signal: VCCIO_EN_O selected.
INFO(SPCOCN-1854): The drawing MICROZED_MODULE.SCH.1.1
INFO(SPCOCN-578): will be retained as drawing #1.
INFO(SPCOCN-1445): Reading TUBII_PCB.SCH.1.1 into drawing #2.
INFO(SPCOCN-1001): Component: I1 selected.
INFO(SPCOCN-1443): MICROZED_MODULE.SCH.1.1 has been previously edited as drawing #1.
INFO(SPCOCN-1001): Component: I117 selected.
INFO(SPCOCN-1070): Checking drawing...
INFO(SPCOCN-1028): writing <tubii_tk2_lib>MICROZED_MODULE.SCH.1.1:
INFO(SPCOCN-1044): writing binary file...
INFO(SPCOCN-1049): writing ASCII file...
INFO(SPCOCN-1053): writing connectivity file...
INFO(SPCOCN-1054): ...written

CSDirect 16.6-p007 (v16-6-112F)

Netlisting block microzed_module

Processing page 1

Following ports were added to the block 'microzed_module' : 
		gneric_delay_out
The connectivity of parent blocks will be updated by saving the following pages:
		Block: tubii_pcb	Page: 1

INFO(SPCOCN-1028): writing <tubii_tk2_lib>tubii_pcb.SCH.1.1:
INFO(SPCOCN-1044): writing binary file...
INFO(SPCOCN-1049): writing ASCII file...
INFO(SPCOCN-1053): writing connectivity file...
INFO(SPCOCN-1054): ...written

CSDirect 16.6-p007 (v16-6-112F)

Netlisting block tubii_pcb

Processing page 1

No netlisting errors found. 

INFO(SPCOCN-1640): writing occurrence data...
INFO(SPCOCN-1054): ...written
INFO(SPCOCN-1019): Save All completed.
INFO(SPCOCN-1070): Checking drawing...
INFO(SPCOCN-1028): writing <tubii_tk2_lib>MICROZED_MODULE.SCH.1.1:
INFO(SPCOCN-1044): writing binary file...
INFO(SPCOCN-1049): writing ASCII file...
INFO(SPCOCN-1053): writing connectivity file...
INFO(SPCOCN-1054): ...written

CSDirect 16.6-p007 (v16-6-112F)

Netlisting block microzed_module

Processing page 1

INFO(SPCOCN-1640): writing occurrence data...
INFO(SPCOCN-1054): ...written
INFO(SPCOCN-1445): Reading MICROZED_MODULE.SCH.1.1 into drawing #1.
INFO(SPCOCN-1070): Checking drawing...
INFO(SPCOCN-1028): writing <tubii_tk2_lib>MICROZED_MODULE.SCH.1.1:
INFO(SPCOCN-1044): writing binary file...
INFO(SPCOCN-1049): writing ASCII file...
INFO(SPCOCN-1053): writing connectivity file...
INFO(SPCOCN-1054): ...written

CSDirect 16.6-p007 (v16-6-112F)

Netlisting block microzed_module

Processing page 1

Following ports were added to the block 'microzed_module' : 
		clocks_data_rdy
The connectivity of parent blocks will be updated by saving the following pages:
		Block: tubii_pcb	Page: 1

INFO(SPCOCN-1028): writing <tubii_tk2_lib>tubii_pcb.SCH.1.1:
INFO(SPCOCN-1044): writing binary file...
INFO(SPCOCN-1049): writing ASCII file...
INFO(SPCOCN-1053): writing connectivity file...
INFO(SPCOCN-1054): ...written

CSDirect 16.6-p007 (v16-6-112F)

Netlisting block tubii_pcb

Processing page 1

No netlisting errors found. 

WARNING(SPCOCN-2106): Errors and warnings were found while updating connectivity of pages due to port addition. 
Check the following markers file for errors and warnings:
temp/microzed_module.sch_1.mkr


INFO(SPCOCN-1640): writing occurrence data...
INFO(SPCOCN-1054): ...written
INFO(SPCOCN-1019): Save All completed.
INFO(SPCOCN-1070): Checking drawing...
INFO(SPCOCN-1028): writing <tubii_tk2_lib>MICROZED_MODULE.SCH.1.1:
INFO(SPCOCN-1044): writing binary file...
INFO(SPCOCN-1049): writing ASCII file...
INFO(SPCOCN-1053): writing connectivity file...
INFO(SPCOCN-1054): ...written

CSDirect 16.6-p007 (v16-6-112F)

Netlisting block microzed_module

Processing page 1

INFO(SPCOCN-1640): writing occurrence data...
INFO(SPCOCN-1054): ...written
INFO(SPCOCN-1070): Checking drawing...
INFO(SPCOCN-1028): writing <tubii_tk2_lib>MICROZED_MODULE.SCH.1.1:
INFO(SPCOCN-1044): writing binary file...
INFO(SPCOCN-1049): writing ASCII file...
INFO(SPCOCN-1053): writing connectivity file...
INFO(SPCOCN-1054): ...written

CSDirect 16.6-p007 (v16-6-112F)

Netlisting block microzed_module

Processing page 1

Following ports were added to the block 'microzed_module' : 
		genric_delay_out
The connectivity of parent blocks will be updated by saving the following pages:
		Block: tubii_pcb	Page: 1

INFO(SPCOCN-1028): writing <tubii_tk2_lib>tubii_pcb.SCH.1.1:
INFO(SPCOCN-1044): writing binary file...
INFO(SPCOCN-1049): writing ASCII file...
INFO(SPCOCN-1053): writing connectivity file...
INFO(SPCOCN-1054): ...written

CSDirect 16.6-p007 (v16-6-112F)

Netlisting block tubii_pcb

Processing page 1

No netlisting errors found. 

WARNING(SPCOCN-2106): Errors and warnings were found while updating connectivity of pages due to port addition. 
Check the following markers file for errors and warnings:
temp/microzed_module.sch_1.mkr


INFO(SPCOCN-1640): writing occurrence data...
INFO(SPCOCN-1054): ...written
INFO(SPCOCN-1019): Save All completed.
INFO(SPCOCN-1070): Checking drawing...
INFO(SPCOCN-1028): writing <tubii_tk2_lib>MICROZED_MODULE.SCH.1.1:
INFO(SPCOCN-1044): writing binary file...
INFO(SPCOCN-1049): writing ASCII file...
INFO(SPCOCN-1053): writing connectivity file...
INFO(SPCOCN-1054): ...written

CSDirect 16.6-p007 (v16-6-112F)

Netlisting block microzed_module

Processing page 1

INFO(SPCOCN-1640): writing occurrence data...
INFO(SPCOCN-1054): ...written
INFO(SPCOCN-1070): Checking drawing...
INFO(SPCOCN-1028): writing <tubii_tk2_lib>MICROZED_MODULE.SCH.1.1:
INFO(SPCOCN-1044): writing binary file...
INFO(SPCOCN-1049): writing ASCII file...
INFO(SPCOCN-1053): writing connectivity file...
INFO(SPCOCN-1054): ...written

CSDirect 16.6-p007 (v16-6-112F)

Netlisting block microzed_module

Processing page 1

Following ports were added to the block 'microzed_module' : 
		generic_delay_out
The connectivity of parent blocks will be updated by saving the following pages:
		Block: tubii_pcb	Page: 1

INFO(SPCOCN-1028): writing <tubii_tk2_lib>tubii_pcb.SCH.1.1:
INFO(SPCOCN-1044): writing binary file...
INFO(SPCOCN-1049): writing ASCII file...
INFO(SPCOCN-1053): writing connectivity file...
INFO(SPCOCN-1054): ...written

CSDirect 16.6-p007 (v16-6-112F)

Netlisting block tubii_pcb

Processing page 1

No netlisting errors found. 

WARNING(SPCOCN-2106): Errors and warnings were found while updating connectivity of pages due to port addition. 
Check the following markers file for errors and warnings:
temp/microzed_module.sch_1.mkr


INFO(SPCOCN-1640): writing occurrence data...
INFO(SPCOCN-1054): ...written
INFO(SPCOCN-1070): Checking drawing...
INFO(SPCOCN-1028): writing <tubii_tk2_lib>MICROZED_MODULE.SCH.1.1:
INFO(SPCOCN-1044): writing binary file...
INFO(SPCOCN-1049): writing ASCII file...
INFO(SPCOCN-1053): writing connectivity file...
INFO(SPCOCN-1054): ...written

CSDirect 16.6-p007 (v16-6-112F)

Netlisting block microzed_module

Processing page 1

INFO(SPCOCN-1640): writing occurrence data...
INFO(SPCOCN-1054): ...written
INFO(SPCOCN-1445): Reading MICROZED_MODULE.SCH.1.1 into drawing #1.
INFO(SPCOCN-1445): Reading MICROZED_MODULE.SCH.1.1 into drawing #1.
INFO(SPCOCN-999): Signal: CLOCKS_DATA_RDY selected.
INFO(SPCOCN-1070): Checking drawing...
INFO(SPCOCN-1028): writing <tubii_tk2_lib>MICROZED_MODULE.SCH.1.1:
INFO(SPCOCN-1044): writing binary file...
INFO(SPCOCN-1049): writing ASCII file...
INFO(SPCOCN-1053): writing connectivity file...
INFO(SPCOCN-1054): ...written

CSDirect 16.6-p007 (v16-6-112F)

Netlisting block microzed_module

Processing page 1

INFO(SPCOCN-1640): writing occurrence data...
INFO(SPCOCN-1054): ...written
INFO(SPCOCN-999): Signal: CNTRL_REG_CHK selected.
INFO(SPCOCN-1507): Adding version 1 of part OUTPORT from library standard
INFO(SPCOCN-1001): Component: I104 selected.
WARNING(SPCOCN-1200): Using group A
INFO(SPCOCN-1195): Group "A" contains:   5 bodies   98 properties   0 notes   20 wires   5 dots   0 images
WARNING(SPCOCN-982): The operation could not be performed because no object on the drawing was selected.
WARNING(SPCOCN-982): The operation could not be performed because no object on the drawing was selected.
INFO(SPCOCN-1001): Component: I169 selected.
INFO(SPCOCN-1001): Component: I116 selected.
ERROR(SPCOCN-1521): Specify a signal name before selecting point.
INFO(SPCOCN-1507): Adding version 1 of part INPORT from library standard
INFO(SPCOCN-1507): Adding version 1 of part INPORT from library standard
INFO(SPCOCN-1001): Component: I135 selected.
No part or text selected.

INFO(SPCOCN-1001): Component: I158 selected.
INFO(SPCOCN-1001): Component: I111 selected.
INFO(SPCOCN-1001): Component: I182 selected.
WARNING(SPCOCN-1915): Default body properties cannot be copied.
INFO(SPCOCN-1001): Component: I184 selected.
INFO(SPCOCN-1001): Component: I184 selected.
INFO(SPCOCN-1001): Component: I184 selected.
INFO(SPCOCN-1001): Component: I170 selected.
INFO(SPCOCN-1001): Component: I104 selected.
INFO(SPCOCN-1001): Component: I104 selected.
INFO(SPCOCN-1070): Checking drawing...
INFO(SPCOCN-1019): Save All completed.
INFO(SPCOCN-1070): Checking drawing...
INFO(SPCOCN-1024): Drawing not written.
INFO(SPCOCN-1070): Checking drawing...
INFO(SPCOCN-1028): writing <tubii_tk2_lib>MICROZED_MODULE.SCH.1.1:
INFO(SPCOCN-1044): writing binary file...
INFO(SPCOCN-1049): writing ASCII file...
INFO(SPCOCN-1053): writing connectivity file...
INFO(SPCOCN-1054): ...written

CSDirect 16.6-p007 (v16-6-112F)

Netlisting block microzed_module

Processing page 1

Following ports were added to the block 'microzed_module' : 
		smellie_pre_delay_in
		tellie_pre_delay_in
The connectivity of parent blocks will be updated by saving the following pages:
		Block: tubii_pcb	Page: 1

INFO(SPCOCN-1028): writing <tubii_tk2_lib>tubii_pcb.SCH.1.1:
INFO(SPCOCN-1044): writing binary file...
INFO(SPCOCN-1049): writing ASCII file...
INFO(SPCOCN-1053): writing connectivity file...
INFO(SPCOCN-1054): ...written

CSDirect 16.6-p007 (v16-6-112F)

Netlisting block tubii_pcb

Processing page 1

No netlisting errors found. 

WARNING(SPCOCN-2106): Errors and warnings were found while updating connectivity of pages due to port addition. 
Check the following markers file for errors and warnings:
temp/microzed_module.sch_1.mkr


INFO(SPCOCN-1640): writing occurrence data...
INFO(SPCOCN-1054): ...written
INFO(SPCOCN-1070): Checking drawing...
INFO(SPCOCN-1028): writing <tubii_tk2_lib>MICROZED_MODULE.SCH.1.1:
INFO(SPCOCN-1044): writing binary file...
INFO(SPCOCN-1049): writing ASCII file...
INFO(SPCOCN-1053): writing connectivity file...
INFO(SPCOCN-1054): ...written

CSDirect 16.6-p007 (v16-6-112F)

Netlisting block microzed_module

Processing page 1

INFO(SPCOCN-1640): writing occurrence data...
INFO(SPCOCN-1054): ...written
INFO(SPCOCN-1070): Checking drawing...
INFO(SPCOCN-1028): writing <tubii_tk2_lib>MICROZED_MODULE.SCH.1.1:
INFO(SPCOCN-1044): writing binary file...
INFO(SPCOCN-1049): writing ASCII file...
INFO(SPCOCN-1053): writing connectivity file...
INFO(SPCOCN-1054): ...written

CSDirect 16.6-p007 (v16-6-112F)

Netlisting block microzed_module

Processing page 1

Following ports were added to the block 'microzed_module' : 
		smellie_pre_delay
		tellie_pre_delay
The connectivity of parent blocks will be updated by saving the following pages:
		Block: tubii_pcb	Page: 1

INFO(SPCOCN-1028): writing <tubii_tk2_lib>tubii_pcb.SCH.1.1:
INFO(SPCOCN-1044): writing binary file...
INFO(SPCOCN-1049): writing ASCII file...
INFO(SPCOCN-1053): writing connectivity file...
INFO(SPCOCN-1054): ...written

CSDirect 16.6-p007 (v16-6-112F)

Netlisting block tubii_pcb

Processing page 1

No netlisting errors found. 

WARNING(SPCOCN-2106): Errors and warnings were found while updating connectivity of pages due to port addition. 
Check the following markers file for errors and warnings:
temp/microzed_module.sch_1.mkr


INFO(SPCOCN-1640): writing occurrence data...
INFO(SPCOCN-1054): ...written
INFO(SPCOCN-1070): Checking drawing...
INFO(SPCOCN-1028): writing <tubii_tk2_lib>MICROZED_MODULE.SCH.1.1:
INFO(SPCOCN-1044): writing binary file...
INFO(SPCOCN-1049): writing ASCII file...
INFO(SPCOCN-1053): writing connectivity file...
INFO(SPCOCN-1054): ...written

CSDirect 16.6-p007 (v16-6-112F)

Netlisting block microzed_module

Processing page 1

INFO(SPCOCN-1640): writing occurrence data...
INFO(SPCOCN-1054): ...written
INFO(SPCOCN-1445): Reading MICROZED_MODULE.SCH.1.1 into drawing #1.
INFO(SPCOCN-1445): Reading MICROZED_MODULE.SCH.1.1 into drawing #1.
INFO(SPCOCN-1019): Save All completed.
INFO(SPCOCN-1019): Save All completed.
INFO(SPCOCN-1019): Save All completed.
INFO(SPCOCN-2053): Reloading design connectivity for tubii
INFO(SPCOCN-1445): Reading MICROZED_MODULE.SCH.1.1 into drawing #1.
INFO(SPCOCN-1445): Reading MICROZED_MODULE.SCH.1.1 into drawing #1.
INFO(SPCOCN-999): Signal: GND selected.
INFO(SPCOCN-1001): Component: I49 selected.
INFO(SPCOCN-1001): Component: I178 selected.
INFO(SPCOCN-1001): Component: I185 selected.
INFO(SPCOCN-1070): Checking drawing...
INFO(SPCOCN-1028): writing <tubii_tk2_lib>MICROZED_MODULE.SCH.1.1:
INFO(SPCOCN-1044): writing binary file...
INFO(SPCOCN-1049): writing ASCII file...
INFO(SPCOCN-1053): writing connectivity file...
INFO(SPCOCN-1054): ...written

CSDirect 16.6-p007 (v16-6-112F)

Netlisting block microzed_module

Processing page 1

INFO(SPCOCN-1640): writing occurrence data...
INFO(SPCOCN-1054): ...written
INFO(SPCOCN-1019): Save All completed.
INFO(SPCOCN-1019): Save All completed.
INFO(SPCOCN-1001): Component: I82 selected.
INFO(SPCOCN-1001): Component: I174 selected.
INFO(SPCOCN-1507): Adding version 1 of part INPORT from library standard
INFO(SPCOCN-1507): Adding version 1 of part OUTPORT from library standard
INFO(SPCOCN-1507): Adding version 1 of part OUTPORT from library standard
INFO(SPCOCN-1507): Adding version 1 of part OUTPORT from library standard
INFO(SPCOCN-1507): Adding version 1 of part OUTPORT from library standard
INFO(SPCOCN-1507): Adding version 1 of part OUTPORT from library standard
INFO(SPCOCN-999): Signal: READ_CNTRL_REG_BIT selected.
INFO(SPCOCN-999): Signal: READ_CNTRL_REG_BIT selected.
INFO(SPCOCN-999): Signal: READ_CNTRL_REG_BIT_MZ selected.
INFO(SPCOCN-1001): Component: I187 selected.
INFO(SPCOCN-1000): Pin: I190.GND selected.
INFO(SPCOCN-1001): Component: I190 selected.
INFO(SPCOCN-1070): Checking drawing...
INFO(SPCOCN-1028): writing <tubii_tk2_lib>MICROZED_MODULE.SCH.1.1:
INFO(SPCOCN-1044): writing binary file...
INFO(SPCOCN-1049): writing ASCII file...
INFO(SPCOCN-1053): writing connectivity file...
INFO(SPCOCN-1054): ...written

CSDirect 16.6-p007 (v16-6-112F)

Netlisting block microzed_module

Processing page 1

INFO(SPCOCN-1640): writing occurrence data...
INFO(SPCOCN-1054): ...written
INFO(SPCOCN-1019): Save All completed.
INFO(SPCOCN-1304): Could not find signal READ_CNTRL_REG_BIT
INFO(SPCOCN-1195): Group contains:   109 bodies   728 properties   2 notes   595 wires   104 dots   0 images
INFO(SPCOCN-1070): Checking drawing...
INFO(SPCOCN-1024): Drawing not written.
INFO(SPCOCN-999): Signal: SCALER6_MZ selected.
INFO(SPCOCN-1070): Checking drawing...
INFO(SPCOCN-1028): writing <tubii_tk2_lib>MICROZED_MODULE.SCH.1.1:
INFO(SPCOCN-1044): writing binary file...
INFO(SPCOCN-1049): writing ASCII file...
INFO(SPCOCN-1053): writing connectivity file...
INFO(SPCOCN-1054): ...written

CSDirect 16.6-p007 (v16-6-112F)

Netlisting block microzed_module

Processing page 1

INFO(SPCOCN-1640): writing occurrence data...
INFO(SPCOCN-1054): ...written
INFO(SPCOCN-1019): Save All completed.
WARNING(SPCOCN-982): The operation could not be performed because no object on the drawing was selected.
INFO(SPCOCN-1070): Checking drawing...
INFO(SPCOCN-1028): writing <tubii_tk2_lib>MICROZED_MODULE.SCH.1.1:
INFO(SPCOCN-1044): writing binary file...
INFO(SPCOCN-1049): writing ASCII file...
INFO(SPCOCN-1053): writing connectivity file...
INFO(SPCOCN-1054): ...written

CSDirect 16.6-p007 (v16-6-112F)

Netlisting block microzed_module

Processing page 1

INFO(SPCOCN-1640): writing occurrence data...
INFO(SPCOCN-1054): ...written
INFO(SPCOCN-1445): Reading MICROZED_MODULE.SCH.1.1 into drawing #1.
INFO(SPCOCN-1195): Group contains:   1 bodies   0 properties   0 notes   2 wires   0 dots   0 images
INFO(SPCOCN-1070): Checking drawing...
INFO(SPCOCN-1028): writing <tubii_tk2_lib>MICROZED_MODULE.SCH.1.1:
INFO(SPCOCN-1044): writing binary file...
INFO(SPCOCN-1049): writing ASCII file...
INFO(SPCOCN-1053): writing connectivity file...
INFO(SPCOCN-1054): ...written

CSDirect 16.6-p007 (v16-6-112F)

Netlisting block microzed_module

Processing page 1

INFO(SPCOCN-1640): writing occurrence data...
INFO(SPCOCN-1054): ...written
INFO(SPCOCN-1195): Group contains:   1 bodies   0 properties   0 notes   0 wires   0 dots   0 images
INFO(SPCOCN-1019): Save All completed.
INFO(SPCOCN-1070): Checking drawing...
INFO(SPCOCN-1028): writing <tubii_tk2_lib>MICROZED_MODULE.SCH.1.1:
INFO(SPCOCN-1044): writing binary file...
INFO(SPCOCN-1049): writing ASCII file...
INFO(SPCOCN-1053): writing connectivity file...
INFO(SPCOCN-1054): ...written

CSDirect 16.6-p007 (v16-6-112F)

Netlisting block microzed_module

Processing page 1

INFO(SPCOCN-1640): writing occurrence data...
INFO(SPCOCN-1054): ...written
INFO(SPCOCN-1070): Checking drawing...
INFO(SPCOCN-1028): writing <tubii_tk2_lib>MICROZED_MODULE.SCH.1.1:
INFO(SPCOCN-1044): writing binary file...
INFO(SPCOCN-1049): writing ASCII file...
INFO(SPCOCN-1053): writing connectivity file...
INFO(SPCOCN-1054): ...written

CSDirect 16.6-p007 (v16-6-112F)

Netlisting block microzed_module

Processing page 1

INFO(SPCOCN-1640): writing occurrence data...
INFO(SPCOCN-1054): ...written
INFO(SPCOCN-1019): Save All completed.
INFO(SPCOCN-2053): Reloading design connectivity for tubii
INFO(SPCOCN-1445): Reading MICROZED_MODULE.SCH.1.1 into drawing #1.
INFO(SPCOCN-1070): Checking drawing...
INFO(SPCOCN-1019): Save All completed.
INFO(SPCOCN-1070): Checking drawing...
INFO(SPCOCN-1028): writing <tubii_tk2_lib>MICROZED_MODULE.SCH.1.1:
INFO(SPCOCN-1044): writing binary file...
INFO(SPCOCN-1049): writing ASCII file...
INFO(SPCOCN-1053): writing connectivity file...
INFO(SPCOCN-1054): ...written

CSDirect 16.6-p007 (v16-6-112F)

Netlisting block microzed_module

Processing page 1

INFO(SPCOCN-1640): writing occurrence data...
INFO(SPCOCN-1054): ...written
INFO(SPCOCN-1019): Save All completed.
INFO(SPCOCN-1019): Save All completed.
INFO(SPCOCN-1445): Reading MICROZED_MODULE.SCH.1.1 into drawing #1.
INFO(SPCOCN-1000): Pin: I188.A selected.
INFO(SPCOCN-1070): Checking drawing...
INFO(SPCOCN-1028): writing <tubii_tk2_lib>MICROZED_MODULE.SCH.1.1:
INFO(SPCOCN-1044): writing binary file...
INFO(SPCOCN-1049): writing ASCII file...
INFO(SPCOCN-1053): writing connectivity file...
INFO(SPCOCN-1054): ...written

CSDirect 16.6-p007 (v16-6-112F)

Netlisting block microzed_module

Processing page 1

INFO(SPCOCN-1640): writing occurrence data...
INFO(SPCOCN-1054): ...written
INFO(SPCOCN-1019): Save All completed.
INFO(SPCOCN-1445): Reading MICROZED_MODULE.SCH.1.1 into drawing #1.
INFO(SPCOCN-1195): Group contains:   1 bodies   3 properties   0 notes   1 wires   0 dots   0 images
WARNING(SPCOCN-982): The operation could not be performed because no object on the drawing was selected.
INFO(SPCOCN-1854): The drawing MICROZED_MODULE.SCH.1.1
INFO(SPCOCN-578): will be retained as drawing #1.
INFO(SPCOCN-1445): Reading FRONT_PORTS.SCH.1.1 into drawing #2.
INFO(SPCOCN-1445): Reading TUBII_PCB.SCH.1.1 into drawing #2.
INFO(SPCOCN-1001): Component: I1 selected.
INFO(SPCOCN-999): Signal: UN$1$CNTRLREGISTER$I10$REGVAL selected.
INFO(SPCOCN-1001): Component: I1 selected.
INFO(SPCOCN-1001): Component: I1 selected.
INFO(SPCOCN-1001): Component: I1 selected.
INFO(SPCOCN-1443): MICROZED_MODULE.SCH.1.1 has been previously edited as drawing #1.
INFO(SPCOCN-1070): Checking drawing...
INFO(SPCOCN-1028): writing <tubii_tk2_lib>MICROZED_MODULE.SCH.1.1:
INFO(SPCOCN-1044): writing binary file...
INFO(SPCOCN-1049): writing ASCII file...
INFO(SPCOCN-1053): writing connectivity file...
INFO(SPCOCN-1054): ...written

CSDirect 16.6-p007 (v16-6-112F)

Netlisting block microzed_module

Processing page 1

INFO(SPCOCN-1640): writing occurrence data...
INFO(SPCOCN-1054): ...written
INFO(SPCOCN-1019): Save All completed.
INFO(SPCOCN-1445): Reading MICROZED_MODULE.SCH.1.1 into drawing #1.
INFO(SPCOCN-1019): Save All completed.
INFO(SPCOCN-1445): Reading MICROZED_MODULE.SCH.1.1 into drawing #1.
INFO(SPCOCN-1445): Reading TUBII_PCB.SCH.1.1 into drawing #1.
INFO(SPCOCN-1445): Reading MICROZED_MODULE.SCH.1.1 into drawing #1.
INFO(SPCOCN-999): Signal: UN$1$74LVC07A$I190$A4 selected.
INFO(SPCOCN-999): Signal: UN$1$74LVC07A$I190$A4 selected.
INFO(SPCOCN-999): Signal: CNTRL_RDY_MZ selected.
INFO(SPCOCN-999): Signal: CNTRL_RDY_MZ selected.
INFO(SPCOCN-999): Signal: UN$1$74LVC07A$I190$A6 selected.
INFO(SPCOCN-999): Signal: CNTRL_RDY_MZ selected.
INFO(SPCOCN-999): Signal: GND selected.
INFO(SPCOCN-999): Signal: GND selected.
INFO(SPCOCN-999): Signal: UN$1$74LVC07A$I190$Y5 selected.
INFO(SPCOCN-999): Signal: UN$1$74LVC07A$I190$Y5 selected.
INFO(SPCOCN-999): Signal: UN$1$74LVC07A$I190$Y5 selected.
INFO(SPCOCN-999): Signal: CNTRL_REG_CHK_MZ selected.
INFO(SPCOCN-999): Signal: CNTRL_REG_CHK_MZ selected.
INFO(SPCOCN-1070): Checking drawing...
INFO(SPCOCN-1028): writing <tubii_tk2_lib>MICROZED_MODULE.SCH.1.1:
INFO(SPCOCN-1044): writing binary file...
INFO(SPCOCN-1049): writing ASCII file...
INFO(SPCOCN-1053): writing connectivity file...
INFO(SPCOCN-1054): ...written

CSDirect 16.6-p007 (v16-6-112F)

Netlisting block microzed_module

Processing page 1

INFO(SPCOCN-1640): writing occurrence data...
INFO(SPCOCN-1054): ...written
INFO(SPCOCN-1019): Save All completed.
INFO(SPCOCN-1445): Reading MICROZED_MODULE.SCH.1.1 into drawing #1.
INFO(SPCOCN-1445): Reading MICROZED_MODULE.SCH.1.1 into drawing #1.
INFO(SPCOCN-1445): Reading DEFAULT_CLK_SEL.SCH.1.1 into drawing #1.
INFO(SPCOCN-1445): Reading POWER.SCH.1.1 into drawing #1.
INFO(SPCOCN-1445): Reading EXT_TRIGS.SCH.1.1 into drawing #1.
INFO(SPCOCN-1445): Reading MICROZED_MODULE.SCH.1.1 into drawing #1.
INFO(SPCOCN-1019): Save All completed.
INFO(SPCOCN-2053): Reloading design connectivity for tubii
INFO(SPCOCN-1445): Reading MICROZED_MODULE.SCH.1.1 into drawing #1.
INFO(SPCOCN-1445): Reading MICROZED_MODULE.SCH.1.1 into drawing #1.
INFO(SPCOCN-999): Signal: SCALER4_MZ selected.
INFO(SPCOCN-999): Signal: CNTRL_RDY_MZ selected.
INFO(SPCOCN-1070): Checking drawing...
INFO(SPCOCN-1028): writing <tubii_tk2_lib>MICROZED_MODULE.SCH.1.1:
INFO(SPCOCN-1044): writing binary file...
INFO(SPCOCN-1049): writing ASCII file...
INFO(SPCOCN-1053): writing connectivity file...
INFO(SPCOCN-1054): ...written

CSDirect 16.6-p007 (v16-6-112F)

Netlisting block microzed_module

Processing page 1

INFO(SPCOCN-1640): writing occurrence data...
INFO(SPCOCN-1054): ...written
INFO(SPCOCN-1019): Save All completed.
INFO(SPCOCN-2053): Reloading design connectivity for tubii
INFO(SPCOCN-1445): Reading MICROZED_MODULE.SCH.1.1 into drawing #1.
INFO(SPCOCN-1445): Reading MICROZED_MODULE.SCH.1.1 into drawing #1.
INFO(SPCOCN-999): Signal: CNTRL_RDY_MZ selected.
INFO(SPCOCN-999): Signal: CNTRL_REG_CHK_MZ selected.
INFO(SPCOCN-1001): Component: I189 selected.
INFO(SPCOCN-1001): Component: I198 selected.
INFO(SPCOCN-1001): Component: I199 selected.
INFO(SPCOCN-1001): Component: I200 selected.
INFO(SPCOCN-1070): Checking drawing...
INFO(SPCOCN-1028): writing <tubii_tk2_lib>MICROZED_MODULE.SCH.1.1:
INFO(SPCOCN-1044): writing binary file...
INFO(SPCOCN-1049): writing ASCII file...
INFO(SPCOCN-1053): writing connectivity file...
INFO(SPCOCN-1054): ...written

CSDirect 16.6-p007 (v16-6-112F)

Netlisting block microzed_module

Processing page 1

INFO(SPCOCN-1640): writing occurrence data...
INFO(SPCOCN-1054): ...written
INFO(SPCOCN-1019): Save All completed.
INFO(SPCOCN-1070): Checking drawing...
INFO(SPCOCN-1028): writing <tubii_tk2_lib>MICROZED_MODULE.SCH.1.1:
INFO(SPCOCN-1044): writing binary file...
INFO(SPCOCN-1049): writing ASCII file...
INFO(SPCOCN-1053): writing connectivity file...
INFO(SPCOCN-1054): ...written

CSDirect 16.6-p007 (v16-6-112F)

Netlisting block microzed_module

Processing page 1

INFO(SPCOCN-1640): writing occurrence data...
INFO(SPCOCN-1054): ...written
INFO(SPCOCN-1445): Reading MICROZED_MODULE.SCH.1.1 into drawing #1.
INFO(SPCOCN-1445): Reading MICROZED_MODULE.SCH.1.1 into drawing #1.
INFO(SPCOCN-1001): Component: I117 selected.
INFO(SPCOCN-1001): Component: I117 selected.
INFO(SPCOCN-1001): Component: I174 selected.
INFO(SPCOCN-1019): Save All completed.
