FILE_TYPE=LIBRARY_PARTS;
primitive '10EP142';
  pin
    'D'<1>:
      PIN_NUMBER='(31)';
      INPUT_LOAD='(-0.01,0.01)';
    'D'<2>:
      PIN_NUMBER='(30)';
      INPUT_LOAD='(-0.01,0.01)';
    'D'<3>:
      PIN_NUMBER='(29)';
      INPUT_LOAD='(-0.01,0.01)';
    'D'<4>:
      PIN_NUMBER='(27)';
      INPUT_LOAD='(-0.01,0.01)';
    'D'<5>:
      PIN_NUMBER='(26)';
      INPUT_LOAD='(-0.01,0.01)';
    'D'<6>:
      PIN_NUMBER='(25)';
      INPUT_LOAD='(-0.01,0.01)';
    'D'<7>:
      PIN_NUMBER='(24)';
      INPUT_LOAD='(-0.01,0.01)';
    'D'<8>:
      PIN_NUMBER='(23)';
      INPUT_LOAD='(-0.01,0.01)';
    'Q'<1>:
      PIN_NUMBER='(11)';
      OUTPUT_LOAD='(1.0,-1.0)';
    'Q'<2>:
      PIN_NUMBER='(12)';
      OUTPUT_LOAD='(1.0,-1.0)';
    'Q'<3>:
      PIN_NUMBER='(14)';
      OUTPUT_LOAD='(1.0,-1.0)';
    'Q'<4>:
      PIN_NUMBER='(15)';
      OUTPUT_LOAD='(1.0,-1.0)';
    'Q'<5>:
      PIN_NUMBER='(18)';
      OUTPUT_LOAD='(1.0,-1.0)';
    'Q'<6>:
      PIN_NUMBER='(19)';
      OUTPUT_LOAD='(1.0,-1.0)';
    'Q'<7>:
      PIN_NUMBER='(20)';
      OUTPUT_LOAD='(1.0,-1.0)';
    'Q'<8>:
      PIN_NUMBER='(22)';
      OUTPUT_LOAD='(1.0,-1.0)';
    '-Q7':
      PIN_NUMBER='(21)';
      OUTPUT_LOAD='(1.0,-1.0)';
    'MR':
      PIN_NUMBER='(9)';
      INPUT_LOAD='(-0.01,0.01)';
    'SEL':
      PIN_NUMBER='(8)';
      INPUT_LOAD='(-0.01,0.01)';
    'CLK1':
      PIN_NUMBER='(6)';
      INPUT_LOAD='(-0.01,0.01)';
    '-CLK1':
      PIN_NUMBER='(7)';
      INPUT_LOAD='(-0.01,0.01)';
    'CLK0':
      PIN_NUMBER='(4)';
      INPUT_LOAD='(-0.01,0.01)';
    '-CLK0':
      PIN_NUMBER='(5)';
      INPUT_LOAD='(-0.01,0.01)';
    'S-IN':
      PIN_NUMBER='(2)';
      INPUT_LOAD='(-0.01,0.01)';
    '-S-IN':
      PIN_NUMBER='(3)';
      INPUT_LOAD='(-0.01,0.01)';
    'D'<0>:
      PIN_NUMBER='(1)';
      INPUT_LOAD='(-0.01,0.01)';
    'Q'<0>:
      PIN_NUMBER='(10)';
      OUTPUT_LOAD='(1.0,-1.0)';
  end_pin;
  body
    PART_NAME='10EP142';
    BODY_NAME='10EP142';
    JEDEC_TYPE='soic32w';
    PHYS_DES_PREFIX='U';
    CLASS='IC';
    POWER_PINS='(VEE:16,28)';
    POWER_PINS='(VCC:13,17,32)';
  end_body;
end_primitive;

END.
