FILE_TYPE=LIBRARY_PARTS;
primitive 'LED_SMALL';
  pin
    'CAT':
      PIN_NUMBER='(1)';
      PIN_TYPE='ANALOG';
      NO_LOAD_CHECK='Both';
      UNKNOWN_LOADING='TRUE';
    'AN':
      PIN_NUMBER='(2)';
      PIN_TYPE='ANALOG';
      NO_LOAD_CHECK='Both';
      UNKNOWN_LOADING='TRUE';
  end_pin;
  body
    PART_NAME='LED_SMALL';
    LAST_MODIFIED='MON OCT 5 13:48:08 1987';
    ABBREV='LED_SMALL';
    NEEDS_NO_SIZE='TRUE';
    LEADOUT_STYLE='LED_1';
    PINCOUNT='2';
    PATH='10P';
    SIZE='1';
    BODY_NAME='LED_SMALL';
    JEDEC_TYPE='led1206';
    PHYS_DES_PREFIX='D';
    CLASS='DISCRETE';
  end_body;
end_primitive;

END.
