FILE_TYPE=LIBRARY_PARTS;
primitive '74F14';
  pin
    'I0':
      PIN_NUMBER='(1)';
      INPUT_LOAD='(-0.01,0.01)';
    'I1':
      PIN_NUMBER='(3)';
      INPUT_LOAD='(-0.01,0.01)';
    'I2':
      PIN_NUMBER='(5)';
      INPUT_LOAD='(-0.01,0.01)';
    'I3':
      PIN_NUMBER='(9)';
      INPUT_LOAD='(-0.01,0.01)';
    'I4':
      PIN_NUMBER='(11)';
      INPUT_LOAD='(-0.01,0.01)';
    'I5':
      PIN_NUMBER='(13)';
      INPUT_LOAD='(-0.01,0.01)';
    '-O0':
      PIN_NUMBER='(2)';
      INPUT_LOAD='(-0.01,0.01)';
    '-O1':
      PIN_NUMBER='(4)';
      INPUT_LOAD='(-0.01,0.01)';
    '-O2':
      PIN_NUMBER='(6)';
      INPUT_LOAD='(-0.01,0.01)';
    '-O3':
      PIN_NUMBER='(8)';
      INPUT_LOAD='(-0.01,0.01)';
    '-O4':
      PIN_NUMBER='(10)';
      INPUT_LOAD='(-0.01,0.01)';
    '-O5':
      PIN_NUMBER='(12)';
      INPUT_LOAD='(-0.01,0.01)';
  end_pin;
  body
    PART_NAME='74F14';
    BODY_NAME='74F14';
    JEDEC_TYPE='soic14';
    PHYS_DES_PREFIX='U';
    CLASS='IC';
    GROUND_NETS='GND';
    POWER_PINS='(GND:7)';
    POWER_PINS='(VCC:14)';
  end_body;
end_primitive;

END.
