	(Comment
		(Time 09/13/10,01:12:16 PM)
		(User mastbaum)
		(MsgId ECO_081)
		(Text "Symbol sym_2 added to cell")
		(Param1 sym_2)
	)
	(Comment
		(Time 09/13/10,01:12:40 PM)
		(User mastbaum)
		(MsgId ECO_082)
		(Text "Symbol sym_2 deleted from cell")
		(Param1 sym_2)
	)
	(Comment
		(Time 09/13/10,02:05:40 PM)
		(User mastbaum)
		(MsgId ECO_082)
		(Text "Symbol sym_1 deleted from cell")
		(Param1 sym_1)
	)
	(Comment
		(Time 09/13/10,02:05:55 PM)
		(User mastbaum)
		(MsgId ECO_081)
		(Text "Symbol sym_1 added to cell")
		(Param1 sym_1)
	)
