	(Comment
		(Time 06/23/11,10:24:00)
		(User GabrielOG)
		(MsgId ECO_021)
		(Text "Package DS1023500 added to cell")
		(Param1 DS1023500)
	)
	(Comment
		(Time 06/23/11,10:31:30)
		(User GabrielOG)
		(MsgId ECO_081)
		(Text "Symbol sym_1 added to cell")
		(Param1 sym_1)
	)
	(Comment
		(Time 07/01/11,17:50:59)
		(User GabrielOG)
		(MsgId ECO_082)
		(Text "Symbol sym_1 deleted from cell")
		(Param1 sym_1)
	)
	(Comment
		(Time 07/01/11,17:51:37)
		(User GabrielOG)
		(MsgId ECO_081)
		(Text "Symbol sym_1 added to cell")
		(Param1 sym_1)
	)
