	(Comment
		(Time 10/30/14,10:17:33)
		(User QGPWindowsVB)
		(MsgId ECO_021)
		(Text "Package MC10H124 added to cell")
		(Param1 "MC10H124")
	)
	(Comment
		(Time 10/30/14,10:23:02)
		(User QGPWindowsVB)
		(MsgId ECO_081)
		(Text "Symbol sym_1 added to cell")
		(Param1 "sym_1")
	)
	(Comment
		(Time 02/28/15,00:44:59)
		(User Eric Marzec)
		(MsgId ECO_022)
		(Text "Package MC10H124 deleted from cell")
		(Param1 "MC10H124")
	)
	(Comment
		(Time 02/28/15,00:45:04)
		(User Eric Marzec)
		(MsgId ECO_082)
		(Text "Symbol sym_1 deleted from cell")
		(Param1 "sym_1")
	)
	(Comment
		(Time 02/28/15,00:45:06)
		(User Eric Marzec)
		(MsgId ECO_021)
		(Text "Package MC10H124 added to cell")
		(Param1 "MC10H124")
	)
	(Comment
		(Time 02/28/15,00:51:21)
		(User Eric Marzec)
		(MsgId ECO_081)
		(Text "Symbol sym_1 added to cell")
		(Param1 "sym_1")
	)
