FILE_TYPE=LIBRARY_PARTS;
primitive 'CONN30';
  pin
    '1':
      PIN_NUMBER='(1)';
      INPUT_LOAD='(-0.01,0.01)';
    '2':
      PIN_NUMBER='(2)';
      INPUT_LOAD='(-0.01,0.01)';
    '3':
      PIN_NUMBER='(3)';
      INPUT_LOAD='(-0.01,0.01)';
    '4':
      PIN_NUMBER='(4)';
      INPUT_LOAD='(-0.01,0.01)';
    '5':
      PIN_NUMBER='(5)';
      INPUT_LOAD='(-0.01,0.01)';
    '6':
      PIN_NUMBER='(6)';
      INPUT_LOAD='(-0.01,0.01)';
    '7':
      PIN_NUMBER='(7)';
      INPUT_LOAD='(-0.01,0.01)';
    '8':
      PIN_NUMBER='(8)';
      INPUT_LOAD='(-0.01,0.01)';
    '9':
      PIN_NUMBER='(9)';
      INPUT_LOAD='(-0.01,0.01)';
    '10':
      PIN_NUMBER='(10)';
      INPUT_LOAD='(-0.01,0.01)';
    '11':
      PIN_NUMBER='(11)';
      INPUT_LOAD='(-0.01,0.01)';
    '12':
      PIN_NUMBER='(12)';
      INPUT_LOAD='(-0.01,0.01)';
    '13':
      PIN_NUMBER='(13)';
      INPUT_LOAD='(-0.01,0.01)';
    '14':
      PIN_NUMBER='(14)';
      INPUT_LOAD='(-0.01,0.01)';
    '15':
      PIN_NUMBER='(15)';
      INPUT_LOAD='(-0.01,0.01)';
    '16':
      PIN_NUMBER='(16)';
      INPUT_LOAD='(-0.01,0.01)';
    '17':
      PIN_NUMBER='(17)';
      INPUT_LOAD='(-0.01,0.01)';
    '18':
      PIN_NUMBER='(18)';
      INPUT_LOAD='(-0.01,0.01)';
    '19':
      PIN_NUMBER='(19)';
      INPUT_LOAD='(-0.01,0.01)';
    '20':
      PIN_NUMBER='(20)';
      INPUT_LOAD='(-0.01,0.01)';
    '21':
      PIN_NUMBER='(21)';
      INPUT_LOAD='(-0.01,0.01)';
    '22':
      PIN_NUMBER='(22)';
      INPUT_LOAD='(-0.01,0.01)';
    '23':
      PIN_NUMBER='(23)';
      INPUT_LOAD='(-0.01,0.01)';
    '24':
      PIN_NUMBER='(24)';
      INPUT_LOAD='(-0.01,0.01)';
    '25':
      PIN_NUMBER='(25)';
      INPUT_LOAD='(-0.01,0.01)';
    '26':
      PIN_NUMBER='(26)';
      INPUT_LOAD='(-0.01,0.01)';
    '27':
      PIN_NUMBER='(27)';
      INPUT_LOAD='(-0.01,0.01)';
    '28':
      PIN_NUMBER='(28)';
      INPUT_LOAD='(-0.01,0.01)';
    '29':
      PIN_NUMBER='(29)';
      INPUT_LOAD='(-0.01,0.01)';
    '30':
      PIN_NUMBER='(30)';
      INPUT_LOAD='(-0.01,0.01)';
  end_pin;
  body
    PART_NAME='CONN30';
    BODY_NAME='CONN30';
    JEDEC_TYPE='conn30';
    PHYS_DES_PREFIX='U';
    CLASS='IC';
  end_body;
end_primitive;

END.
