	(Comment
		(Time 01/21/10,12:44:24)
		(User Godwin)
		(MsgId ECO_021)
		(Text "Package HV_CER_CAP added to cell")
		(Param1 HV_CER_CAP)
	)
	(Comment
		(Time 01/21/10,12:45:47)
		(User Godwin)
		(MsgId ECO_081)
		(Text "Symbol sym_1 added to cell")
		(Param1 sym_1)
	)
	(Comment
		(Time 01/21/10,12:46:43)
		(User Godwin)
		(MsgId ECO_081)
		(Text "Symbol sym_2 added to cell")
		(Param1 sym_2)
	)
	(Comment
		(Time 01/21/10,12:47:03)
		(User Godwin)
		(MsgId ECO_082)
		(Text "Symbol sym_2 deleted from cell")
		(Param1 sym_2)
	)
	(Comment
		(Time 02/18/10,15:40:52)
		(User Godwin)
		(MsgId ECO_021)
		(Text "Package HV_CER_CAP_1 added to cell")
		(Param1 HV_CER_CAP_1)
	)
	(Comment
		(Time 02/18/10,15:41:25)
		(User Godwin)
		(MsgId ECO_022)
		(Text "Package HV_CER_CAP_1 deleted from cell")
		(Param1 HV_CER_CAP_1)
	)
	(Comment
		(Time 02/18/10,15:41:29)
		(User Godwin)
		(MsgId ECO_081)
		(Text "Symbol sym_2 added to cell")
		(Param1 sym_2)
	)
	(Comment
		(Time 02/18/10,15:41:50)
		(User Godwin)
		(MsgId ECO_082)
		(Text "Symbol sym_2 deleted from cell")
		(Param1 sym_2)
	)
