FILE_TYPE=LIBRARY_PARTS;
primitive '74HCT164';
  pin
    'DSA':
      PIN_NUMBER='(1)';
      INPUT_LOAD='(-0.010000,0.010000)';
    'DSB':
      PIN_NUMBER='(2)';
      INPUT_LOAD='(-0.010000,0.010000)';
    'Q0':
      PIN_NUMBER='(3)';
      OUTPUT_LOAD='(-1.000000,1.000000)';
    'Q1':
      PIN_NUMBER='(4)';
      OUTPUT_LOAD='(-1.000000,1.000000)';
    'Q2':
      PIN_NUMBER='(5)';
      OUTPUT_LOAD='(-1.000000,1.000000)';
    'Q3':
      PIN_NUMBER='(6)';
      OUTPUT_LOAD='(-1.000000,1.000000)';
    'Q4':
      PIN_NUMBER='(10)';
      OUTPUT_LOAD='(-1.000000,1.000000)';
    'Q5':
      PIN_NUMBER='(11)';
      OUTPUT_LOAD='(-1.000000,1.000000)';
    'Q6':
      PIN_NUMBER='(12)';
      OUTPUT_LOAD='(-1.000000,1.000000)';
    'Q7':
      PIN_NUMBER='(13)';
      OUTPUT_LOAD='(-1.000000,1.000000)';
    'CP':
      PIN_NUMBER='(8)';
      INPUT_LOAD='(-0.010000,0.010000)';
    'GND':
      PIN_NUMBER='(7)';
      PINUSE='GROUND';
      NO_LOAD_CHECK='Both';
      NO_IO_CHECK='Both';
      NO_ASSERT_CHECK='TRUE';
      NO_DIR_CHECK='TRUE';
      ALLOW_CONNECT='TRUE';
    'VCC':
      PIN_NUMBER='(14)';
      PINUSE='POWER';
      NO_LOAD_CHECK='Both';
      NO_IO_CHECK='Both';
      NO_ASSERT_CHECK='TRUE';
      NO_DIR_CHECK='TRUE';
      ALLOW_CONNECT='TRUE';
    '-MR':
      PIN_NUMBER='(9)';
      INPUT_LOAD='(-0.010000,0.010000)';
  end_pin;
  body
    PART_NAME='74HCT164';
    BODY_NAME='74HCT164';
    JEDEC_TYPE='soic14';
    PHYS_DES_PREFIX='U';
    CLASS='IC';
  end_body;
end_primitive;

END.
