FILE_TYPE=LIBRARY_PARTS;
primitive 'POT';
  pin
    'B'<0>:
      PIN_NUMBER='(2)';
      PINUSE='UNSPEC';
      PIN_GROUP='1';
      NO_LOAD_CHECK='Both';
      UNKNOWN_LOADING='TRUE';
    'A'<0>:
      PIN_NUMBER='(1)';
      PINUSE='UNSPEC';
      PIN_GROUP='1';
      NO_LOAD_CHECK='Both';
      UNKNOWN_LOADING='TRUE';
    'C':
      PIN_NUMBER='(3)';
      PINUSE='UNSPEC';
      NO_LOAD_CHECK='Both';
      UNKNOWN_LOADING='TRUE';
  end_pin;
  body
    PART_NAME='POT';
    ALT_SYMBOLS='(RES400)';
    PATH='2P';
    DRAWING='ELEMENTCHIPS.LOGIC.1.1';
    PRIM_TYPE='CHIPS_PRT';
    PRIM_FILE='/modeler/build/awbged/element/resistor/chips_prt';
    VER='1';
    XY='(1350,1350)';
    DIR='ELEMENT.LIB';
    ROT='0';
    PINCOUNT='2';
    SIZE='1';
    BODY_NAME='POT';
    PHYS_DES_PREFIX='R';
    CLASS='DISCRETE';
  end_body;
end_primitive;

END.
