temp/xxnedtmp16/event.log NEWFILE1
temp/xxnedtmp16/text.log NEWFILE2
temp/xxnedtmp16/environ.log NEWFILE3
C:\Cadence\SPB_16.6\share\cdssetup/concept/concepthdl.scr FILE4
C:\Users\QGPWindowsVB\Documents\ANUSTART\cds.lib FILE5
C:\Users\QGPWindowsVB\Documents\ANUSTART\worklib\tubii\sch_1\page1.csb FILE6
C:\Users\QGPWindowsVB\Documents\ANUSTART\worklib\tubii\sch_1\page1_csb.lck NEWFILE7
temp/xxnedtmp16/undo1.log NEWFILE8
C:\Users\QGPWindowsVB\Documents\ANUSTART\Parts\parts\misc\penn#20b#20size#20page\sym_1\symbol.css FILE9
C:\Users\QGPWindowsVB\Documents\ANUSTART\worklib\back_ports\sym_1\symbol.css FILE10
C:\Users\QGPWindowsVB\Documents\ANUSTART\worklib\front_ports\sym_1\symbol.css FILE11
C:\Users\QGPWindowsVB\Documents\ANUSTART\worklib\tubii_pcb\sym_1\symbol.css FILE12
C:\Users\QGPWindowsVB\Documents\ANUSTART\worklib\tubii_pcb\sch_1\page1.csb FILE13
C:\Users\QGPWindowsVB\Documents\ANUSTART\worklib\tubii_pcb\sch_1\page1_csb.lck FILE14
C:\Users\QGPWindowsVB\Documents\ANUSTART\worklib\tubii\sch_1\page1_csa.lck NEWFILE15
C:\Users\QGPWindowsVB\Documents\ANUSTART\worklib\ellie_coms\sym_1\symbol.css FILE16
C:\Cadence\SPB_16.6\share\library\standard\outport\sym_1\symbol.css FILE17
C:\Users\QGPWindowsVB\Documents\ANUSTART\worklib\caen_coms\sym_1\symbol.css FILE18
C:\Cadence\SPB_16.6\share\library\standard\inport\sym_1\symbol.css FILE19
C:\Users\QGPWindowsVB\Documents\ANUSTART\worklib\ext_trigs\sym_1\symbol.css FILE20
C:\Users\QGPWindowsVB\Documents\ANUSTART\worklib\ecal_control\sym_1\symbol.css FILE21
C:\Users\QGPWindowsVB\Documents\ANUSTART\Parts\parts\ttl\hct238\sym_1\symbol.css FILE22
C:\Users\QGPWindowsVB\Documents\ANUSTART\worklib\power\sym_1\symbol.css FILE23
C:\Users\QGPWindowsVB\Documents\ANUSTART\worklib\general_utilities\sym_1\symbol.css FILE24
C:\Users\QGPWindowsVB\Documents\ANUSTART\worklib\mtca_mimic\sym_1\symbol.css FILE25
C:\Users\QGPWindowsVB\Documents\ANUSTART\worklib\clocks\sym_1\symbol.css FILE26
C:\Users\QGPWindowsVB\Documents\ANUSTART\worklib\lo_gen\sym_1\symbol.css FILE27
C:\Users\QGPWindowsVB\Documents\ANUSTART\worklib\baseline_buffer\sym_1\symbol.css FILE28
C:\Users\QGPWindowsVB\Documents\ANUSTART\worklib\tubii_spkr\sym_1\symbol.css FILE29
C:\Users\QGPWindowsVB\Documents\ANUSTART\worklib\cntrl_register\sym_1\symbol.css FILE30
C:\Users\QGPWindowsVB\Documents\ANUSTART\worklib\microzed_module\sym_1\symbol.css FILE31
C:\Users\QGPWindowsVB\Documents\ANUSTART\worklib\microzed_module\sch_1\page1.csb FILE32
C:\Users\QGPWindowsVB\Documents\ANUSTART\worklib\microzed_module\sch_1\page1_csb.lck FILE33
C:\Users\QGPWindowsVB\Documents\ANUSTART\worklib\tubii_pcb\sch_1\page1_csa.lck NEWFILE34
C:\Users\QGPWindowsVB\Documents\ANUSTART\Parts\parts\misc\fci_61083#2d101400lf\sym_1\symbol.css FILE35
C:\Users\QGPWindowsVB\Documents\ANUSTART\worklib\microzed_module\sch_1\page1_csa.lck NEWFILE36
C:/Users/QGPWindowsVB/Documents/ANUSTART/worklib/tubii/sch_1/tubii.xcon FILE37
C:/Users/QGPWindowsVB/Documents/ANUSTART/worklib/tubii/sch_1/tubii.dcf FILE38
C:\Users\QGPWindowsVB\Documents\ANUSTART\worklib\tubii\packaged/pstback.dat FILE39
C:/Cadence/SPB_16.6/tools/language/config.dat FILE40
temp/xxnedtmp16/../penn#20b#20size#20page.mkr NEWFILE41
temp/xxnedtmp16/../ellie_coms.mkr NEWFILE42
temp/xxnedtmp16/../outport.mkr NEWFILE43
temp/xxnedtmp16/../caen_coms.mkr NEWFILE44
temp/xxnedtmp16/../inport.mkr NEWFILE45
temp/xxnedtmp16/../ext_trigs.mkr NEWFILE46
temp/xxnedtmp16/../ecal_control.mkr NEWFILE47
temp/xxnedtmp16/../hct238.mkr NEWFILE48
temp/xxnedtmp16/../power.mkr NEWFILE49
temp/xxnedtmp16/../general_utilities.mkr NEWFILE50
temp/xxnedtmp16/../mtca_mimic.mkr NEWFILE51
temp/xxnedtmp16/../clocks.mkr NEWFILE52
temp/xxnedtmp16/../lo_gen.mkr NEWFILE53
temp/xxnedtmp16/../baseline_buffer.mkr NEWFILE54
temp/xxnedtmp16/../tubii_spkr.mkr NEWFILE55
temp/xxnedtmp16/../cntrl_register.mkr NEWFILE56
temp/xxnedtmp16/../microzed_module.mkr NEWFILE57
C:\Users\QGPWindowsVB\Documents\ANUSTART\worklib\tubii_pcb\sch_1\page1.csa FILE58
C:\Users\QGPWindowsVB\Documents\ANUSTART\worklib\tubii_pcb\sch_1\page1.csv FILE59
C:/Users/QGPWindowsVB/Documents/ANUSTART/worklib/tubii_pcb/sch_1/tubii_pcb_xcon.lck NEWFILE60
C:/Users/QGPWindowsVB/Documents/ANUSTART/worklib/tubii_pcb/sch_1/tubii_pcb_dcf.lck NEWFILE61
temp/xxnedtmp16/csnetlister.mkr NEWFILE62
temp/xxnedtmp16/../fci_61083#2d101400lf.mkr NEWFILE63
C:\Users\QGPWindowsVB\Documents\ANUSTART\worklib\microzed_module\sch_1\page1.csa FILE64
C:\Users\QGPWindowsVB\Documents\ANUSTART\worklib\microzed_module\sch_1\page1.csv FILE65
C:/Users/QGPWindowsVB/Documents/ANUSTART/worklib/microzed_module/sch_1/microzed_module_xcon.lck NEWFILE66
C:/Users/QGPWindowsVB/Documents/ANUSTART/worklib/microzed_module/sch_1/microzed_module_dcf.lck NEWFILE67
C:\Users\QGPWindowsVB\Documents\ANUSTART\worklib\clocks\sch_1\page1.csb FILE68
C:\Users\QGPWindowsVB\Documents\ANUSTART\worklib\clocks\sch_1\page1_csb.lck NEWFILE69
C:\Users\QGPWindowsVB\Documents\ANUSTART\Parts\parts\ecl\mc10h124\sym_1\symbol.css FILE70
C:\Users\QGPWindowsVB\Documents\ANUSTART\Parts\parts\misc\74f164\sym_2\symbol.css FILE71
C:\Users\QGPWindowsVB\Documents\ANUSTART\worklib\change_clks\sym_1\symbol.css FILE72
C:\Users\QGPWindowsVB\Documents\ANUSTART\worklib\fault_detection\sym_1\symbol.css FILE73
C:\Users\QGPWindowsVB\Documents\ANUSTART\Parts\parts\capacitors\csmd0603\sym_1\symbol.css FILE74
C:\Cadence\SPB_16.6\share\library\standard\8#20merge\sym_1\symbol.css FILE75
C:\Users\QGPWindowsVB\Documents\ANUSTART\worklib\default_clk_sel\sym_1\symbol.css FILE76
temp/xxnedtmp16/../mc10h124.mkr NEWFILE77
temp/xxnedtmp16/../74f164.mkr NEWFILE78
temp/xxnedtmp16/../change_clks.mkr NEWFILE79
temp/xxnedtmp16/../fault_detection.mkr NEWFILE80
temp/xxnedtmp16/../csmd0603.mkr NEWFILE81
temp/xxnedtmp16/../8#20merge.mkr NEWFILE82
temp/xxnedtmp16/../default_clk_sel.mkr NEWFILE83
C:\Users\QGPWindowsVB\Documents\ANUSTART\worklib\clocks\sch_1\page1.csa FILE84
C:\Users\QGPWindowsVB\Documents\ANUSTART\worklib\clocks\sch_1\page1.csv FILE85
C:/Users/QGPWindowsVB/Documents/ANUSTART/worklib/clocks/sch_1/clocks_xcon.lck NEWFILE86
C:/Users/QGPWindowsVB/Documents/ANUSTART/worklib/clocks/sch_1/clocks_dcf.lck NEWFILE87
C:\Users\QGPWindowsVB\Documents\ANUSTART\worklib\default_clk_sel\sch_1\page1.csb FILE88
C:\Users\QGPWindowsVB\Documents\ANUSTART\worklib\default_clk_sel\sch_1\page1_csb.lck NEWFILE89
C:\Users\QGPWindowsVB\Documents\ANUSTART\worklib\clocks\sch_1\page1_csa.lck NEWFILE90
C:\Users\QGPWindowsVB\Documents\ANUSTART\Parts\parts\resistors\rsmd0805\sym_1\symbol.css FILE91
C:\Users\QGPWindowsVB\Documents\ANUSTART\Parts\parts\misc\testpoint_l\sym_1\symbol.css FILE92
C:\Users\QGPWindowsVB\Documents\ANUSTART\Parts\parts\ecl\mc10h104\sym_1\symbol.css FILE93
C:\Users\QGPWindowsVB\Documents\ANUSTART\Parts\parts\misc\sy100el34l\sym_1\symbol.css FILE94
C:\Users\QGPWindowsVB\Documents\ANUSTART\Parts\parts\ecl\sy100el91l\sym_1\symbol.css FILE95
C:\Users\QGPWindowsVB\Documents\ANUSTART\Parts\parts\misc\foxclock\sym_1\symbol.css FILE96
temp/xxnedtmp16/../rsmd0805.mkr NEWFILE97
temp/xxnedtmp16/../testpoint_l.mkr NEWFILE98
temp/xxnedtmp16/../mc10h104.mkr NEWFILE99
temp/xxnedtmp16/../sy100el34l.mkr NEWFILE100
temp/xxnedtmp16/../sy100el91l.mkr NEWFILE101
temp/xxnedtmp16/../foxclock.mkr NEWFILE102
C:\Users\QGPWindowsVB\Documents\ANUSTART\worklib\default_clk_sel\sch_1\page1.csa FILE103
C:\Users\QGPWindowsVB\Documents\ANUSTART\worklib\default_clk_sel\sch_1\page1.csv FILE104
C:/Users/QGPWindowsVB/Documents/ANUSTART/worklib/default_clk_sel/sch_1/default_clk_sel_xcon.lck NEWFILE105
C:/Users/QGPWindowsVB/Documents/ANUSTART/worklib/default_clk_sel/sch_1/default_clk_sel_dcf.lck NEWFILE106
C:\Users\QGPWindowsVB\Documents\ANUSTART\worklib\fault_detection\sch_1\page1.csb FILE107
C:\Users\QGPWindowsVB\Documents\ANUSTART\worklib\fault_detection\sch_1\page1_csb.lck NEWFILE108
C:\Users\QGPWindowsVB\Documents\ANUSTART\worklib\default_clk_sel\sch_1\page1_csa.lck NEWFILE109
C:\Users\QGPWindowsVB\Documents\ANUSTART\Parts\parts\misc\sip_header_2pin\sym_1\symbol.css FILE110
C:\Users\QGPWindowsVB\Documents\ANUSTART\Parts\parts\capacitors\csmd0805\sym_1\symbol.css FILE111
C:\Users\QGPWindowsVB\Documents\ANUSTART\Parts\parts\ecl\mc10h131\sym_1\symbol.css FILE112
C:\Users\QGPWindowsVB\Documents\ANUSTART\Parts\parts\ecl\mc10e016\sym_1\symbol.css FILE113
C:\Users\QGPWindowsVB\Documents\ANUSTART\Parts\parts\ttl\sy100el05\sym_1\symbol.css FILE114
C:\Users\QGPWindowsVB\Documents\ANUSTART\Parts\parts\misc\led_l\sym_1\symbol.css FILE115
C:\Users\QGPWindowsVB\Documents\ANUSTART\Parts\parts\ttl\74hct273\sym_1\symbol.css FILE116
C:\Users\QGPWindowsVB\Documents\ANUSTART\Parts\parts\misc\hct123\sym_1\symbol.css FILE117
C:\Users\QGPWindowsVB\Documents\ANUSTART\Parts\parts\ecl\mc10h125\sym_1\symbol.css FILE118
C:\Users\QGPWindowsVB\Documents\ANUSTART\Parts\parts\ecl\mc10e116\sym_1\symbol.css FILE119
temp/xxnedtmp16/../sip_header_2pin.mkr NEWFILE120
temp/xxnedtmp16/../csmd0805.mkr NEWFILE121
temp/xxnedtmp16/../mc10h131.mkr NEWFILE122
temp/xxnedtmp16/../mc10e016.mkr NEWFILE123
temp/xxnedtmp16/../sy100el05.mkr NEWFILE124
temp/xxnedtmp16/../led_l.mkr NEWFILE125
temp/xxnedtmp16/../74hct273.mkr NEWFILE126
temp/xxnedtmp16/../hct123.mkr NEWFILE127
temp/xxnedtmp16/../mc10h125.mkr NEWFILE128
temp/xxnedtmp16/../mc10e116.mkr NEWFILE129
C:\Users\QGPWindowsVB\Documents\ANUSTART\worklib\fault_detection\sch_1\page1.csa FILE130
C:\Users\QGPWindowsVB\Documents\ANUSTART\worklib\fault_detection\sch_1\page1.csv FILE131
C:/Users/QGPWindowsVB/Documents/ANUSTART/worklib/fault_detection/sch_1/fault_detection_xcon.lck NEWFILE132
C:/Users/QGPWindowsVB/Documents/ANUSTART/worklib/fault_detection/sch_1/fault_detection_dcf.lck NEWFILE133
C:\Users\QGPWindowsVB\Documents\ANUSTART\worklib\change_clks\sch_1\page1.csb FILE134
C:\Users\QGPWindowsVB\Documents\ANUSTART\worklib\change_clks\sch_1\page1_csb.lck NEWFILE135
C:\Users\QGPWindowsVB\Documents\ANUSTART\worklib\fault_detection\sch_1\page1_csa.lck NEWFILE136
C:\Users\QGPWindowsVB\Documents\ANUSTART\Parts\parts\misc\ss22sdp2\sym_1\symbol.css FILE137
temp/xxnedtmp16/../ss22sdp2.mkr NEWFILE138
C:\Users\QGPWindowsVB\Documents\ANUSTART\worklib\change_clks\sch_1\page1.csa FILE139
C:\Users\QGPWindowsVB\Documents\ANUSTART\worklib\change_clks\sch_1\page1.csv FILE140
C:/Users/QGPWindowsVB/Documents/ANUSTART/worklib/change_clks/sch_1/change_clks_xcon.lck NEWFILE141
C:/Users/QGPWindowsVB/Documents/ANUSTART/worklib/change_clks/sch_1/change_clks_dcf.lck NEWFILE142
C:\Users\QGPWindowsVB\Documents\ANUSTART\worklib\pulse_inverter\sch_1\page1.csb FILE143
C:\Users\QGPWindowsVB\Documents\ANUSTART\worklib\pulse_inverter\sch_1\page1_csb.lck NEWFILE144
C:\Users\QGPWindowsVB\Documents\ANUSTART\worklib\change_clks\sch_1\page1_csa.lck NEWFILE145
C:\Users\QGPWindowsVB\Documents\ANUSTART\Parts\parts\misc\ad8009\sym_1\symbol.css FILE146
temp/xxnedtmp16/../ad8009.mkr NEWFILE147
C:\Users\QGPWindowsVB\Documents\ANUSTART\worklib\pulse_inverter\sch_1\page1.csa FILE148
C:\Users\QGPWindowsVB\Documents\ANUSTART\worklib\pulse_inverter\sch_1\page1.csv FILE149
C:/Users/QGPWindowsVB/Documents/ANUSTART/worklib/pulse_inverter/sch_1/pulse_inverter_xcon.lck NEWFILE150
C:/Users/QGPWindowsVB/Documents/ANUSTART/worklib/pulse_inverter/sch_1/pulse_inverter_dcf.lck NEWFILE151
C:\Users\QGPWindowsVB\Documents\ANUSTART\worklib\ribbon_delay\sch_1\page1.csb FILE152
C:\Users\QGPWindowsVB\Documents\ANUSTART\worklib\ribbon_delay\sch_1\page1_csb.lck NEWFILE153
C:\Users\QGPWindowsVB\Documents\ANUSTART\worklib\pulse_inverter\sch_1\page1_csa.lck NEWFILE154
C:\Users\QGPWindowsVB\Documents\ANUSTART\Parts\parts\ecl\mc10h116\sym_1\symbol.css FILE155
C:\Users\QGPWindowsVB\Documents\ANUSTART\Parts\parts\misc\ids_c10\sym_1\symbol.css FILE156
temp/xxnedtmp16/../mc10h116.mkr NEWFILE157
temp/xxnedtmp16/../ids_c10.mkr NEWFILE158
C:\Users\QGPWindowsVB\Documents\ANUSTART\worklib\ribbon_delay\sch_1\page1.csa FILE159
C:\Users\QGPWindowsVB\Documents\ANUSTART\worklib\ribbon_delay\sch_1\page1.csv FILE160
C:/Users/QGPWindowsVB/Documents/ANUSTART/worklib/ribbon_delay/sch_1/ribbon_delay_xcon.lck NEWFILE161
C:/Users/QGPWindowsVB/Documents/ANUSTART/worklib/ribbon_delay/sch_1/ribbon_delay_dcf.lck NEWFILE162
C:\Users\QGPWindowsVB\Documents\ANUSTART\worklib\generic_delays\sch_1\page1.csb FILE163
C:\Users\QGPWindowsVB\Documents\ANUSTART\worklib\generic_delays\sch_1\page1_csb.lck NEWFILE164
C:\Users\QGPWindowsVB\Documents\ANUSTART\worklib\ribbon_delay\sch_1\page1_csa.lck NEWFILE165
C:\Users\QGPWindowsVB\Documents\ANUSTART\Parts\parts\ttl\ds102350\sym_1\symbol.css FILE166
temp/xxnedtmp16/../ds102350.mkr NEWFILE167
C:\Users\QGPWindowsVB\Documents\ANUSTART\worklib\generic_delays\sch_1\page1.csa FILE168
C:\Users\QGPWindowsVB\Documents\ANUSTART\worklib\generic_delays\sch_1\page1.csv FILE169
C:/Users/QGPWindowsVB/Documents/ANUSTART/worklib/generic_delays/sch_1/generic_delays_xcon.lck NEWFILE170
C:/Users/QGPWindowsVB/Documents/ANUSTART/worklib/generic_delays/sch_1/generic_delays_dcf.lck NEWFILE171
C:\Users\QGPWindowsVB\Documents\ANUSTART\worklib\ecl_translation\sch_1\page1.csb FILE172
C:\Users\QGPWindowsVB\Documents\ANUSTART\worklib\ecl_translation\sch_1\page1_csb.lck NEWFILE173
C:\Users\QGPWindowsVB\Documents\ANUSTART\worklib\generic_delays\sch_1\page1_csa.lck NEWFILE174
C:\Users\QGPWindowsVB\Documents\ANUSTART\Parts\parts\transistors\mmbth10\sym_1\symbol.css FILE175
C:\Users\QGPWindowsVB\Documents\ANUSTART\Parts\parts\transistors\mpsh81\sym_1\symbol.css FILE176
C:\Users\QGPWindowsVB\Documents\ANUSTART\Parts\parts\misc\ds90lv019\sym_1\symbol.css FILE177
temp/xxnedtmp16/../mmbth10.mkr NEWFILE178
temp/xxnedtmp16/../mpsh81.mkr NEWFILE179
temp/xxnedtmp16/../ds90lv019.mkr NEWFILE180
C:\Users\QGPWindowsVB\Documents\ANUSTART\worklib\ecl_translation\sch_1\page1.csa FILE181
C:\Users\QGPWindowsVB\Documents\ANUSTART\worklib\ecl_translation\sch_1\page1.csv FILE182
C:/Users/QGPWindowsVB/Documents/ANUSTART/worklib/ecl_translation/sch_1/ecl_translation_xcon.lck NEWFILE183
C:/Users/QGPWindowsVB/Documents/ANUSTART/worklib/ecl_translation/sch_1/ecl_translation_dcf.lck NEWFILE184
C:\Users\QGPWindowsVB\Documents\ANUSTART\worklib\power\sch_1\page1.csb FILE185
C:\Users\QGPWindowsVB\Documents\ANUSTART\worklib\power\sch_1\page1_csb.lck NEWFILE186
C:\Users\QGPWindowsVB\Documents\ANUSTART\worklib\ecl_translation\sch_1\page1_csa.lck NEWFILE187
C:\Users\QGPWindowsVB\Documents\ANUSTART\Parts\parts\capacitors\tant0805\sym_1\symbol.css FILE188
C:\Users\QGPWindowsVB\Documents\ANUSTART\Parts\parts\misc\inductor_l\sym_1\symbol.css FILE189
C:\Users\QGPWindowsVB\Documents\ANUSTART\Parts\parts\misc\ostoq047150\sym_1\symbol.css FILE190
C:\Users\QGPWindowsVB\Documents\ANUSTART\Parts\parts\regulators\7915_l\sym_1\symbol.css FILE191
C:\Users\QGPWindowsVB\Documents\ANUSTART\Parts\parts\regulators\7815s_l\sym_1\symbol.css FILE192
C:\Users\QGPWindowsVB\Documents\ANUSTART\Parts\parts\regulators\lm337t_l\sym_1\symbol.css FILE193
C:\Users\QGPWindowsVB\Documents\ANUSTART\Parts\parts\regulators\lm1117\sym_1\symbol.css FILE194
temp/xxnedtmp16/../tant0805.mkr NEWFILE195
temp/xxnedtmp16/../inductor_l.mkr NEWFILE196
temp/xxnedtmp16/../ostoq047150.mkr NEWFILE197
temp/xxnedtmp16/../7915_l.mkr NEWFILE198
temp/xxnedtmp16/../7815s_l.mkr NEWFILE199
temp/xxnedtmp16/../lm337t_l.mkr NEWFILE200
temp/xxnedtmp16/../lm1117.mkr NEWFILE201
C:\Users\QGPWindowsVB\Documents\ANUSTART\worklib\power\sch_1\page1.csa FILE202
C:\Users\QGPWindowsVB\Documents\ANUSTART\worklib\power\sch_1\page1.csv FILE203
C:/Users/QGPWindowsVB/Documents/ANUSTART/worklib/power/sch_1/power_xcon.lck NEWFILE204
C:/Users/QGPWindowsVB/Documents/ANUSTART/worklib/power/sch_1/power_dcf.lck NEWFILE205
C:\Users\QGPWindowsVB\Documents\ANUSTART\worklib\ecal_control\sch_1\page1.csb FILE206
C:\Users\QGPWindowsVB\Documents\ANUSTART\worklib\ecal_control\sch_1\page1_csb.lck NEWFILE207
C:\Users\QGPWindowsVB\Documents\ANUSTART\worklib\power\sch_1\page1_csa.lck NEWFILE208
C:\Users\QGPWindowsVB\Documents\ANUSTART\worklib\ecal_control\sch_1\page1.csa FILE209
C:\Users\QGPWindowsVB\Documents\ANUSTART\worklib\ecal_control\sch_1\page1.csv FILE210
C:/Users/QGPWindowsVB/Documents/ANUSTART/worklib/ecal_control/sch_1/ecal_control_xcon.lck NEWFILE211
C:/Users/QGPWindowsVB/Documents/ANUSTART/worklib/ecal_control/sch_1/ecal_control_dcf.lck NEWFILE212
C:\Users\QGPWindowsVB\Documents\ANUSTART\worklib\caen_analog_coms\sch_1\page1.csb FILE213
C:\Users\QGPWindowsVB\Documents\ANUSTART\worklib\caen_analog_coms\sch_1\page1_csb.lck NEWFILE214
C:\Users\QGPWindowsVB\Documents\ANUSTART\worklib\ecal_control\sch_1\page1_csa.lck NEWFILE215
C:\Users\QGPWindowsVB\Documents\ANUSTART\Parts\parts\misc\pickering113fc\sym_1\symbol.css FILE216
C:\Users\QGPWindowsVB\Documents\ANUSTART\worklib\vref_gen\sym_1\symbol.css FILE217
C:\Users\QGPWindowsVB\Documents\ANUSTART\worklib\caen_buffer\sym_1\symbol.css FILE218
C:\Users\QGPWindowsVB\Documents\ANUSTART\Parts\parts\ttl\hct374\sym_1\symbol.css FILE219
C:\Users\QGPWindowsVB\Documents\ANUSTART\Parts\parts\ttl\74f07\sym_1\symbol.css FILE220
temp/xxnedtmp16/../pickering113fc.mkr NEWFILE221
temp/xxnedtmp16/../vref_gen.mkr NEWFILE222
temp/xxnedtmp16/../caen_buffer.mkr NEWFILE223
temp/xxnedtmp16/../hct374.mkr NEWFILE224
temp/xxnedtmp16/../74f07.mkr NEWFILE225
C:\Users\QGPWindowsVB\Documents\ANUSTART\worklib\caen_analog_coms\sch_1\page1.csa FILE226
C:\Users\QGPWindowsVB\Documents\ANUSTART\worklib\caen_analog_coms\sch_1\page1.csv FILE227
C:/Users/QGPWindowsVB/Documents/ANUSTART/worklib/caen_analog_coms/sch_1/caen_analog_coms_xcon.lck NEWFILE228
C:/Users/QGPWindowsVB/Documents/ANUSTART/worklib/caen_analog_coms/sch_1/caen_analog_coms_dcf.lck NEWFILE229
C:\Users\QGPWindowsVB\Documents\ANUSTART\worklib\vref_gen\sch_1\page1.csb FILE230
C:\Users\QGPWindowsVB\Documents\ANUSTART\worklib\vref_gen\sch_1\page1_csb.lck NEWFILE231
C:\Users\QGPWindowsVB\Documents\ANUSTART\worklib\caen_analog_coms\sch_1\page1_csa.lck NEWFILE232
C:\Users\QGPWindowsVB\Documents\ANUSTART\Parts\parts\misc\opa277\sym_1\symbol.css FILE233
C:\Users\QGPWindowsVB\Documents\ANUSTART\Parts\parts\misc\ref02\sym_1\symbol.css FILE234
temp/xxnedtmp16/../opa277.mkr NEWFILE235
temp/xxnedtmp16/../ref02.mkr NEWFILE236
C:\Users\QGPWindowsVB\Documents\ANUSTART\worklib\vref_gen\sch_1\page1.csa FILE237
C:\Users\QGPWindowsVB\Documents\ANUSTART\worklib\vref_gen\sch_1\page1.csv FILE238
C:/Users/QGPWindowsVB/Documents/ANUSTART/worklib/vref_gen/sch_1/vref_gen_xcon.lck NEWFILE239
C:/Users/QGPWindowsVB/Documents/ANUSTART/worklib/vref_gen/sch_1/vref_gen_dcf.lck NEWFILE240
C:\Users\QGPWindowsVB\Documents\ANUSTART\worklib\caen_dig_coms\sch_1\page1.csb FILE241
C:\Users\QGPWindowsVB\Documents\ANUSTART\worklib\caen_dig_coms\sch_1\page1_csb.lck NEWFILE242
C:\Users\QGPWindowsVB\Documents\ANUSTART\worklib\vref_gen\sch_1\page1_csa.lck NEWFILE243
C:\Users\QGPWindowsVB\Documents\ANUSTART\Parts\parts\transistors\mmbth81\sym_1\symbol.css FILE244
C:\Users\QGPWindowsVB\Documents\ANUSTART\Parts\parts\misc\ds90lv027\sym_1\symbol.css FILE245
temp/xxnedtmp16/../mmbth81.mkr NEWFILE246
temp/xxnedtmp16/../ds90lv027.mkr NEWFILE247
C:\Users\QGPWindowsVB\Documents\ANUSTART\worklib\caen_dig_coms\sch_1\page1.csa FILE248
C:\Users\QGPWindowsVB\Documents\ANUSTART\worklib\caen_dig_coms\sch_1\page1.csv FILE249
C:/Users/QGPWindowsVB/Documents/ANUSTART/worklib/caen_dig_coms/sch_1/caen_dig_coms_xcon.lck NEWFILE250
C:/Users/QGPWindowsVB/Documents/ANUSTART/worklib/caen_dig_coms/sch_1/caen_dig_coms_dcf.lck NEWFILE251
C:\Users\QGPWindowsVB\Documents\ANUSTART\worklib\ellie_coms\sch_1\page1.csb FILE252
C:\Users\QGPWindowsVB\Documents\ANUSTART\worklib\ellie_coms\sch_1\page1_csb.lck NEWFILE253
C:\Users\QGPWindowsVB\Documents\ANUSTART\worklib\caen_dig_coms\sch_1\page1_csa.lck NEWFILE254
C:\Users\QGPWindowsVB\Documents\ANUSTART\worklib\ellie_coms\sch_1\page1.csa FILE255
C:\Users\QGPWindowsVB\Documents\ANUSTART\worklib\ellie_coms\sch_1\page1.csv FILE256
C:/Users/QGPWindowsVB/Documents/ANUSTART/worklib/ellie_coms/sch_1/ellie_coms_xcon.lck NEWFILE257
C:/Users/QGPWindowsVB/Documents/ANUSTART/worklib/ellie_coms/sch_1/ellie_coms_dcf.lck NEWFILE258
C:\Users\QGPWindowsVB\Documents\ANUSTART\worklib\cntrl_register\sch_1\page1.csb FILE259
C:\Users\QGPWindowsVB\Documents\ANUSTART\worklib\cntrl_register\sch_1\page1_csb.lck NEWFILE260
C:\Users\QGPWindowsVB\Documents\ANUSTART\worklib\ellie_coms\sch_1\page1_csa.lck NEWFILE261
C:\Users\QGPWindowsVB\Documents\ANUSTART\Parts\parts\ttl\74hct165\sym_1\symbol.css FILE262
temp/xxnedtmp16/../74hct165.mkr NEWFILE263
C:\Users\QGPWindowsVB\Documents\ANUSTART\worklib\cntrl_register\sch_1\page1.csa FILE264
C:\Users\QGPWindowsVB\Documents\ANUSTART\worklib\cntrl_register\sch_1\page1.csv FILE265
C:/Users/QGPWindowsVB/Documents/ANUSTART/worklib/cntrl_register/sch_1/cntrl_register_xcon.lck NEWFILE266
C:/Users/QGPWindowsVB/Documents/ANUSTART/worklib/cntrl_register/sch_1/cntrl_register_dcf.lck NEWFILE267
C:\Users\QGPWindowsVB\Documents\ANUSTART\worklib\tubii_spkr\sch_1\page1.csb FILE268
C:\Users\QGPWindowsVB\Documents\ANUSTART\worklib\tubii_spkr\sch_1\page1_csb.lck NEWFILE269
C:\Users\QGPWindowsVB\Documents\ANUSTART\worklib\cntrl_register\sch_1\page1_csa.lck NEWFILE270
C:\Users\QGPWindowsVB\Documents\ANUSTART\Parts\parts\ttl\74f06\sym_1\symbol.css FILE271
C:\Users\QGPWindowsVB\Documents\ANUSTART\Parts\parts\misc\led_1206\sym_1\symbol.css FILE272
temp/xxnedtmp16/../74f06.mkr NEWFILE273
temp/xxnedtmp16/../led_1206.mkr NEWFILE274
C:\Users\QGPWindowsVB\Documents\ANUSTART\worklib\tubii_spkr\sch_1\page1.csa FILE275
C:\Users\QGPWindowsVB\Documents\ANUSTART\worklib\tubii_spkr\sch_1\page1.csv FILE276
C:/Users/QGPWindowsVB/Documents/ANUSTART/worklib/tubii_spkr/sch_1/tubii_spkr_xcon.lck NEWFILE277
C:/Users/QGPWindowsVB/Documents/ANUSTART/worklib/tubii_spkr/sch_1/tubii_spkr_dcf.lck NEWFILE278
C:\Users\QGPWindowsVB\Documents\ANUSTART\worklib\baseline_buffer\sch_1\page1.csb FILE279
C:\Users\QGPWindowsVB\Documents\ANUSTART\worklib\baseline_buffer\sch_1\page1_csb.lck NEWFILE280
C:\Users\QGPWindowsVB\Documents\ANUSTART\worklib\tubii_spkr\sch_1\page1_csa.lck NEWFILE281
C:\Users\QGPWindowsVB\Documents\ANUSTART\Parts\parts\misc\opa2277\sym_1\symbol.css FILE282
C:\Users\QGPWindowsVB\Documents\ANUSTART\Parts\parts\misc\opa4277\sym_1\symbol.css FILE283
temp/xxnedtmp16/../opa2277.mkr NEWFILE284
temp/xxnedtmp16/../opa4277.mkr NEWFILE285
C:\Users\QGPWindowsVB\Documents\ANUSTART\worklib\baseline_buffer\sch_1\page1.csa FILE286
C:\Users\QGPWindowsVB\Documents\ANUSTART\worklib\baseline_buffer\sch_1\page1.csv FILE287
C:/Users/QGPWindowsVB/Documents/ANUSTART/worklib/baseline_buffer/sch_1/baseline_buffer_xcon.lck NEWFILE288
C:/Users/QGPWindowsVB/Documents/ANUSTART/worklib/baseline_buffer/sch_1/baseline_buffer_dcf.lck NEWFILE289
C:\Users\QGPWindowsVB\Documents\ANUSTART\worklib\lo_gen\sch_1\page1.csb FILE290
C:\Users\QGPWindowsVB\Documents\ANUSTART\worklib\lo_gen\sch_1\page1_csb.lck NEWFILE291
C:\Users\QGPWindowsVB\Documents\ANUSTART\worklib\baseline_buffer\sch_1\page1_csa.lck NEWFILE292
C:\Users\QGPWindowsVB\Documents\ANUSTART\worklib\select_lo_src\sym_1\symbol.css FILE293
C:\Users\QGPWindowsVB\Documents\ANUSTART\worklib\gt_delays\sym_1\symbol.css FILE294
temp/xxnedtmp16/../select_lo_src.mkr NEWFILE295
temp/xxnedtmp16/../gt_delays.mkr NEWFILE296
C:\Users\QGPWindowsVB\Documents\ANUSTART\worklib\lo_gen\sch_1\page1.csa FILE297
C:\Users\QGPWindowsVB\Documents\ANUSTART\worklib\lo_gen\sch_1\page1.csv FILE298
C:/Users/QGPWindowsVB/Documents/ANUSTART/worklib/lo_gen/sch_1/lo_gen_xcon.lck NEWFILE299
C:/Users/QGPWindowsVB/Documents/ANUSTART/worklib/lo_gen/sch_1/lo_gen_dcf.lck NEWFILE300
C:\Users\QGPWindowsVB\Documents\ANUSTART\worklib\gt_delays\sch_1\page1.csb FILE301
C:\Users\QGPWindowsVB\Documents\ANUSTART\worklib\gt_delays\sch_1\page1_csb.lck NEWFILE302
C:\Users\QGPWindowsVB\Documents\ANUSTART\worklib\lo_gen\sch_1\page1_csa.lck NEWFILE303
C:\Users\QGPWindowsVB\Documents\ANUSTART\Parts\parts\ttl\ds1023500\sym_1\symbol.css FILE304
C:\Users\QGPWindowsVB\Documents\ANUSTART\Parts\parts\ttl\ds1023200\sym_1\symbol.css FILE305
temp/xxnedtmp16/../ds1023500.mkr NEWFILE306
temp/xxnedtmp16/../ds1023200.mkr NEWFILE307
C:\Users\QGPWindowsVB\Documents\ANUSTART\worklib\gt_delays\sch_1\page1.csa FILE308
C:\Users\QGPWindowsVB\Documents\ANUSTART\worklib\gt_delays\sch_1\page1.csv FILE309
C:/Users/QGPWindowsVB/Documents/ANUSTART/worklib/gt_delays/sch_1/gt_delays_xcon.lck NEWFILE310
C:/Users/QGPWindowsVB/Documents/ANUSTART/worklib/gt_delays/sch_1/gt_delays_dcf.lck NEWFILE311
C:\Users\QGPWindowsVB\Documents\ANUSTART\worklib\select_lo_src\sch_1\page1.csb FILE312
C:\Users\QGPWindowsVB\Documents\ANUSTART\worklib\select_lo_src\sch_1\page1_csb.lck NEWFILE313
C:\Users\QGPWindowsVB\Documents\ANUSTART\worklib\gt_delays\sch_1\page1_csa.lck NEWFILE314
C:\Users\QGPWindowsVB\Documents\ANUSTART\worklib\select_lo_src\sch_1\page1.csa FILE315
C:\Users\QGPWindowsVB\Documents\ANUSTART\worklib\select_lo_src\sch_1\page1.csv FILE316
C:/Users/QGPWindowsVB/Documents/ANUSTART/worklib/select_lo_src/sch_1/select_lo_src_xcon.lck NEWFILE317
C:/Users/QGPWindowsVB/Documents/ANUSTART/worklib/select_lo_src/sch_1/select_lo_src_dcf.lck NEWFILE318
C:\Users\QGPWindowsVB\Documents\ANUSTART\worklib\mtca_mimic\sch_1\page1.csb FILE319
C:\Users\QGPWindowsVB\Documents\ANUSTART\worklib\mtca_mimic\sch_1\page1_csb.lck NEWFILE320
C:\Users\QGPWindowsVB\Documents\ANUSTART\worklib\select_lo_src\sch_1\page1_csa.lck NEWFILE321
C:\Users\QGPWindowsVB\Documents\ANUSTART\Parts\parts\misc\ad7243\sym_1\symbol.css FILE322
C:\Users\QGPWindowsVB\Documents\ANUSTART\worklib\trigger_logic\sym_1\symbol.css FILE323
C:\Users\QGPWindowsVB\Documents\ANUSTART\Parts\parts\misc\ad96687\sym_1\symbol.css FILE324
temp/xxnedtmp16/../ad7243.mkr NEWFILE325
temp/xxnedtmp16/../trigger_logic.mkr NEWFILE326
temp/xxnedtmp16/../ad96687.mkr NEWFILE327
C:\Users\QGPWindowsVB\Documents\ANUSTART\worklib\mtca_mimic\sch_1\page1.csa FILE328
C:\Users\QGPWindowsVB\Documents\ANUSTART\worklib\mtca_mimic\sch_1\page1.csv FILE329
C:/Users/QGPWindowsVB/Documents/ANUSTART/worklib/mtca_mimic/sch_1/mtca_mimic_xcon.lck NEWFILE330
C:/Users/QGPWindowsVB/Documents/ANUSTART/worklib/mtca_mimic/sch_1/mtca_mimic_dcf.lck NEWFILE331
C:\Users\QGPWindowsVB\Documents\ANUSTART\worklib\trigger_logic\sch_1\page1.csb FILE332
C:\Users\QGPWindowsVB\Documents\ANUSTART\worklib\trigger_logic\sch_1\page1_csb.lck NEWFILE333
C:\Users\QGPWindowsVB\Documents\ANUSTART\worklib\mtca_mimic\sch_1\page1_csa.lck NEWFILE334
C:\Users\QGPWindowsVB\Documents\ANUSTART\Parts\parts\ecl\mc10e101\sym_1\symbol.css FILE335
temp/xxnedtmp16/../mc10e101.mkr NEWFILE336
C:\Users\QGPWindowsVB\Documents\ANUSTART\worklib\trigger_logic\sch_1\page1.csa FILE337
C:\Users\QGPWindowsVB\Documents\ANUSTART\worklib\trigger_logic\sch_1\page1.csv FILE338
C:/Users/QGPWindowsVB/Documents/ANUSTART/worklib/trigger_logic/sch_1/trigger_logic_xcon.lck NEWFILE339
C:/Users/QGPWindowsVB/Documents/ANUSTART/worklib/trigger_logic/sch_1/trigger_logic_dcf.lck NEWFILE340
C:\Users\QGPWindowsVB\Documents\ANUSTART\worklib\ext_trigs\sch_1\page1.csb FILE341
C:\Users\QGPWindowsVB\Documents\ANUSTART\worklib\ext_trigs\sch_1\page1_csb.lck NEWFILE342
C:\Users\QGPWindowsVB\Documents\ANUSTART\worklib\trigger_logic\sch_1\page1_csa.lck NEWFILE343
C:\Users\QGPWindowsVB\Documents\ANUSTART\worklib\ext_trigs\sch_1\page1.csa FILE344
C:\Users\QGPWindowsVB\Documents\ANUSTART\worklib\ext_trigs\sch_1\page1.csv FILE345
C:/Users/QGPWindowsVB/Documents/ANUSTART/worklib/ext_trigs/sch_1/ext_trigs_xcon.lck NEWFILE346
C:/Users/QGPWindowsVB/Documents/ANUSTART/worklib/ext_trigs/sch_1/ext_trigs_dcf.lck NEWFILE347
C:\Users\QGPWindowsVB\Documents\ANUSTART\worklib\translation_ports\sch_1\page1.csb FILE348
C:\Users\QGPWindowsVB\Documents\ANUSTART\worklib\translation_ports\sch_1\page1_csb.lck NEWFILE349
C:\Users\QGPWindowsVB\Documents\ANUSTART\worklib\ext_trigs\sch_1\page1_csa.lck NEWFILE350
C:\Users\QGPWindowsVB\Documents\ANUSTART\Parts\parts\misc\conn34\sym_1\symbol.css FILE351
temp/xxnedtmp16/../conn34.mkr NEWFILE352
C:\Users\QGPWindowsVB\Documents\ANUSTART\worklib\translation_ports\sch_1\page1.csa FILE353
C:\Users\QGPWindowsVB\Documents\ANUSTART\worklib\translation_ports\sch_1\page1.csv FILE354
C:/Users/QGPWindowsVB/Documents/ANUSTART/worklib/translation_ports/sch_1/translation_ports_xcon.lck NEWFILE355
C:/Users/QGPWindowsVB/Documents/ANUSTART/worklib/translation_ports/sch_1/translation_ports_dcf.lck NEWFILE356
C:\Users\QGPWindowsVB\Documents\ANUSTART\worklib\mtca_mimic_ports\sch_1\page1.csb FILE357
C:\Users\QGPWindowsVB\Documents\ANUSTART\worklib\mtca_mimic_ports\sch_1\page1_csb.lck NEWFILE358
C:\Users\QGPWindowsVB\Documents\ANUSTART\worklib\translation_ports\sch_1\page1_csa.lck NEWFILE359
C:\Users\QGPWindowsVB\Documents\ANUSTART\worklib\mtca_mimic_ports\sch_1\page1.csa FILE360
C:\Users\QGPWindowsVB\Documents\ANUSTART\worklib\mtca_mimic_ports\sch_1\page1.csv FILE361
C:/Users/QGPWindowsVB/Documents/ANUSTART/worklib/mtca_mimic_ports/sch_1/mtca_mimic_ports_xcon.lck NEWFILE362
C:/Users/QGPWindowsVB/Documents/ANUSTART/worklib/mtca_mimic_ports/sch_1/mtca_mimic_ports_dcf.lck NEWFILE363
C:\Users\QGPWindowsVB\Documents\ANUSTART\worklib\ellie_ports\sch_1\page1.csb FILE364
C:\Users\QGPWindowsVB\Documents\ANUSTART\worklib\ellie_ports\sch_1\page1_csb.lck NEWFILE365
C:\Users\QGPWindowsVB\Documents\ANUSTART\worklib\mtca_mimic_ports\sch_1\page1_csa.lck NEWFILE366
C:\Users\QGPWindowsVB\Documents\ANUSTART\worklib\ellie_ports\sch_1\page1.csa FILE367
C:\Users\QGPWindowsVB\Documents\ANUSTART\worklib\ellie_ports\sch_1\page1.csv FILE368
C:/Users/QGPWindowsVB/Documents/ANUSTART/worklib/ellie_ports/sch_1/ellie_ports_xcon.lck NEWFILE369
C:/Users/QGPWindowsVB/Documents/ANUSTART/worklib/ellie_ports/sch_1/ellie_ports_dcf.lck NEWFILE370
C:\Users\QGPWindowsVB\Documents\ANUSTART\worklib\clock_ports\sch_1\page1.csb FILE371
C:\Users\QGPWindowsVB\Documents\ANUSTART\worklib\clock_ports\sch_1\page1_csb.lck NEWFILE372
C:\Users\QGPWindowsVB\Documents\ANUSTART\worklib\ellie_ports\sch_1\page1_csa.lck NEWFILE373
C:\Users\QGPWindowsVB\Documents\ANUSTART\worklib\clock_ports\sch_1\page1.csa FILE374
C:\Users\QGPWindowsVB\Documents\ANUSTART\worklib\clock_ports\sch_1\page1.csv FILE375
C:/Users/QGPWindowsVB/Documents/ANUSTART/worklib/clock_ports/sch_1/clock_ports_xcon.lck NEWFILE376
C:/Users/QGPWindowsVB/Documents/ANUSTART/worklib/clock_ports/sch_1/clock_ports_dcf.lck NEWFILE377
C:\Users\QGPWindowsVB\Documents\ANUSTART\worklib\time_bus_ports\sch_1\page1.csb FILE378
C:\Users\QGPWindowsVB\Documents\ANUSTART\worklib\time_bus_ports\sch_1\page1_csb.lck NEWFILE379
C:\Users\QGPWindowsVB\Documents\ANUSTART\worklib\clock_ports\sch_1\page1_csa.lck NEWFILE380
C:\Users\QGPWindowsVB\Documents\ANUSTART\worklib\time_bus_ports\sch_1\page1.csa FILE381
C:\Users\QGPWindowsVB\Documents\ANUSTART\worklib\time_bus_ports\sch_1\page1.csv FILE382
C:/Users/QGPWindowsVB/Documents/ANUSTART/worklib/time_bus_ports/sch_1/time_bus_ports_xcon.lck NEWFILE383
C:/Users/QGPWindowsVB/Documents/ANUSTART/worklib/time_bus_ports/sch_1/time_bus_ports_dcf.lck NEWFILE384
C:\Users\QGPWindowsVB\Documents\ANUSTART\worklib\general_utilities_ports\sch_1\page1.csb FILE385
C:\Users\QGPWindowsVB\Documents\ANUSTART\worklib\general_utilities_ports\sch_1\page1_csb.lck NEWFILE386
C:\Users\QGPWindowsVB\Documents\ANUSTART\worklib\time_bus_ports\sch_1\page1_csa.lck NEWFILE387
C:\Users\QGPWindowsVB\Documents\ANUSTART\worklib\general_utilities_ports\sch_1\page1.csa FILE388
C:\Users\QGPWindowsVB\Documents\ANUSTART\worklib\general_utilities_ports\sch_1\page1.csv FILE389
C:/Users/QGPWindowsVB/Documents/ANUSTART/worklib/general_utilities_ports/sch_1/general_utilities_ports_xcon.lck NEWFILE390
C:/Users/QGPWindowsVB/Documents/ANUSTART/worklib/general_utilities_ports/sch_1/general_utilities_ports_dcf.lck NEWFILE391
C:\Users\QGPWindowsVB\Documents\ANUSTART\worklib\caen_digital_ports\sch_1\page1.csb FILE392
C:\Users\QGPWindowsVB\Documents\ANUSTART\worklib\caen_digital_ports\sch_1\page1_csb.lck NEWFILE393
C:\Users\QGPWindowsVB\Documents\ANUSTART\worklib\general_utilities_ports\sch_1\page1_csa.lck NEWFILE394
C:\Users\QGPWindowsVB\Documents\ANUSTART\worklib\caen_digital_ports\sch_1\page1.csa FILE395
C:\Users\QGPWindowsVB\Documents\ANUSTART\worklib\caen_digital_ports\sch_1\page1.csv FILE396
C:/Users/QGPWindowsVB/Documents/ANUSTART/worklib/caen_digital_ports/sch_1/caen_digital_ports_xcon.lck NEWFILE397
C:/Users/QGPWindowsVB/Documents/ANUSTART/worklib/caen_digital_ports/sch_1/caen_digital_ports_dcf.lck NEWFILE398
C:\Users\QGPWindowsVB\Documents\ANUSTART\worklib\caen_analog_ports\sch_1\page1.csb FILE399
C:\Users\QGPWindowsVB\Documents\ANUSTART\worklib\caen_analog_ports\sch_1\page1_csb.lck NEWFILE400
C:\Users\QGPWindowsVB\Documents\ANUSTART\worklib\caen_digital_ports\sch_1\page1_csa.lck NEWFILE401
C:\Users\QGPWindowsVB\Documents\ANUSTART\worklib\caen_analog_ports\sch_1\page1.csa FILE402
C:\Users\QGPWindowsVB\Documents\ANUSTART\worklib\caen_analog_ports\sch_1\page1.csv FILE403
C:/Users/QGPWindowsVB/Documents/ANUSTART/worklib/caen_analog_ports/sch_1/caen_analog_ports_xcon.lck NEWFILE404
C:/Users/QGPWindowsVB/Documents/ANUSTART/worklib/caen_analog_ports/sch_1/caen_analog_ports_dcf.lck NEWFILE405
C:\Users\QGPWindowsVB\Documents\ANUSTART\worklib\scaler_ports\sch_1\page1.csb FILE406
C:\Users\QGPWindowsVB\Documents\ANUSTART\worklib\scaler_ports\sch_1\page1_csb.lck NEWFILE407
C:\Users\QGPWindowsVB\Documents\ANUSTART\worklib\caen_analog_ports\sch_1\page1_csa.lck NEWFILE408
C:\Users\QGPWindowsVB\Documents\ANUSTART\Parts\parts\misc\sip_header_16pin\sym_1\symbol.css FILE409
temp/xxnedtmp16/../sip_header_16pin.mkr NEWFILE410
C:\Users\QGPWindowsVB\Documents\ANUSTART\worklib\scaler_ports\sch_1\page1.csa FILE411
C:\Users\QGPWindowsVB\Documents\ANUSTART\worklib\scaler_ports\sch_1\page1.csv FILE412
C:/Users/QGPWindowsVB/Documents/ANUSTART/worklib/scaler_ports/sch_1/scaler_ports_xcon.lck NEWFILE413
C:/Users/QGPWindowsVB/Documents/ANUSTART/worklib/scaler_ports/sch_1/scaler_ports_dcf.lck NEWFILE414
C:\Users\QGPWindowsVB\Documents\ANUSTART\worklib\ext_trig_ports\sch_1\page1.csb FILE415
C:\Users\QGPWindowsVB\Documents\ANUSTART\worklib\ext_trig_ports\sch_1\page1_csb.lck NEWFILE416
C:\Users\QGPWindowsVB\Documents\ANUSTART\worklib\scaler_ports\sch_1\page1_csa.lck NEWFILE417
C:\Users\QGPWindowsVB\Documents\ANUSTART\Parts\parts\misc\conn32\sym_1\symbol.css FILE418
temp/xxnedtmp16/../conn32.mkr NEWFILE419
C:\Users\QGPWindowsVB\Documents\ANUSTART\worklib\ext_trig_ports\sch_1\page1.csa FILE420
C:\Users\QGPWindowsVB\Documents\ANUSTART\worklib\ext_trig_ports\sch_1\page1.csv FILE421
C:/Users/QGPWindowsVB/Documents/ANUSTART/worklib/ext_trig_ports/sch_1/ext_trig_ports_xcon.lck NEWFILE422
C:/Users/QGPWindowsVB/Documents/ANUSTART/worklib/ext_trig_ports/sch_1/ext_trig_ports_dcf.lck NEWFILE423
C:\Users\QGPWindowsVB\Documents\ANUSTART\worklib\gt_delays_ports\sch_1\page1.csb FILE424
C:\Users\QGPWindowsVB\Documents\ANUSTART\worklib\gt_delays_ports\sch_1\page1_csb.lck NEWFILE425
C:\Users\QGPWindowsVB\Documents\ANUSTART\worklib\ext_trig_ports\sch_1\page1_csa.lck NEWFILE426
C:\Users\QGPWindowsVB\Documents\ANUSTART\worklib\gt_delays_ports\sch_1\page1.csa FILE427
C:\Users\QGPWindowsVB\Documents\ANUSTART\worklib\gt_delays_ports\sch_1\page1.csv FILE428
C:/Users/QGPWindowsVB/Documents/ANUSTART/worklib/gt_delays_ports/sch_1/gt_delays_ports_xcon.lck NEWFILE429
C:/Users/QGPWindowsVB/Documents/ANUSTART/worklib/gt_delays_ports/sch_1/gt_delays_ports_dcf.lck NEWFILE430
C:\Users\QGPWindowsVB\Documents\ANUSTART\worklib\gt_delays_ports\sch_1\page1_csa.lck NEWFILE431
temp/xxnedtmp16/concept.mkr NEWFILE432
C:/Cadence/SPB_16.6/tools/language/pack_type_rename.dat NEWFILE433
temp/xxnedtmp16/undo2.log NEWFILE434
C:\Users\QGPWindowsVB\Documents\ANUSTART\worklib\caen_coms\sch_1\page1.csb FILE435
C:\Users\QGPWindowsVB\Documents\ANUSTART\worklib\caen_coms\sch_1\page1_csb.lck NEWFILE436
C:\Users\QGPWindowsVB\Documents\ANUSTART\worklib\caen_dig_coms\sym_1\symbol.css FILE437
C:\Users\QGPWindowsVB\Documents\ANUSTART\worklib\caen_analog_coms\sym_1\symbol.css FILE438
C:\Users\QGPWindowsVB\Documents\ANUSTART\worklib\caen_coms\sch_1\page1_csa.lck NEWFILE439
C:/Users/QGPWIN~1/AppData/Local/Temp/con9B49.tmp FILE440
C:\Users\QGPWindowsVB\Documents\ANUSTART\worklib\power\sch_1\pc.db FILE441
C:\Users\QGPWindowsVB\Documents\ANUSTART\worklib\trigger_logic\sym_1\symbol_css.lck NEWFILE442
temp/xxnedtmp16/undo3.log NEWFILE443
C:\Users\QGPWindowsVB\Documents\ANUSTART\worklib\origin\sym_1\symbol.css FILE444
C:\Users\QGPWindowsVB\Documents\ANUSTART\worklib\trigger_logic\sch_1\pc.db FILE445
C:\Users\QGPWindowsVB\Documents\ANUSTART\worklib\mtca_mimic\sch_1\pc.db FILE446
C:\Users\QGPWindowsVB\Documents\ANUSTART\worklib\mtca_mimic\sym_1\symbol_css.lck NEWFILE447
C:\Users\QGPWindowsVB\Documents\ANUSTART\worklib\microzed_module\sym_1\symbol_css.lck NEWFILE448
C:\Users\QGPWindowsVB\Documents\ANUSTART\worklib\microzed_module\sch_1\pc.db FILE449
C:\Users\QGPWindowsVB\Documents\ANUSTART\worklib\front_ports\sch_1\page1.csb FILE450
C:\Users\QGPWindowsVB\Documents\ANUSTART\worklib\front_ports\sch_1\page1_csb.lck NEWFILE451
C:\Users\QGPWindowsVB\Documents\ANUSTART\worklib\gt_delays_ports\sym_1\symbol.css FILE452
C:\Users\QGPWindowsVB\Documents\ANUSTART\worklib\ext_trig_ports\sym_1\symbol.css FILE453
C:\Users\QGPWindowsVB\Documents\ANUSTART\worklib\scaler_ports\sym_1\symbol.css FILE454
C:\Users\QGPWindowsVB\Documents\ANUSTART\worklib\caen_ports\sym_1\symbol.css FILE455
C:\Users\QGPWindowsVB\Documents\ANUSTART\worklib\general_utilities_ports\sym_1\symbol.css FILE456
C:\Users\QGPWindowsVB\Documents\ANUSTART\worklib\time_bus_ports\sym_1\symbol.css FILE457
C:\Users\QGPWindowsVB\Documents\ANUSTART\worklib\clock_ports\sym_1\symbol.css FILE458
C:\Users\QGPWindowsVB\Documents\ANUSTART\worklib\ellie_ports\sym_1\symbol.css FILE459
C:\Users\QGPWindowsVB\Documents\ANUSTART\worklib\mtca_mimic_ports\sym_1\symbol.css FILE460
C:\Users\QGPWindowsVB\Documents\ANUSTART\worklib\translation_ports\sym_1\symbol.css FILE461
C:\Users\QGPWindowsVB\Documents\ANUSTART\worklib\front_ports\sch_1\page1_csa.lck NEWFILE462
