Allegro Design Entry HDL 16.6-p007 (v16-6-112F) 10/10/2012
Copyright 2011 Cadence Design Systems, Inc

WARNING(SPCOCN-1474): You must specify a window that contains a drawing.
WARNING(SPCOCN-1474): You must specify a window that contains a drawing.
WARNING(SPCOCN-1474): You must specify a window that contains a drawing.
WARNING(SPCOCN-1474): You must specify a window that contains a drawing.
WARNING(SPCOCN-1474): You must specify a window that contains a drawing.
WARNING(SPCOCN-1474): You must specify a window that contains a drawing.
WARNING(SPCOCN-1474): You must specify a window that contains a drawing.
WARNING(SPCOCN-2040): Specify the command "page forcereset all" to reset logical page numbers of all pages of this block.
WARNING(SPCOCN-1523): Invalid set option: <search_history_count>
INFO(SPCOCN-1177): Unexpected text: <5>
WARNING(SPCOCN-1523): Invalid set option: <search_history>
INFO(SPCOCN-1177): Unexpected text: <DATA_RDY>
WARNING(SPCOCN-1523): Invalid set option: <search_toolbar_lookin>
INFO(SPCOCN-1177): Unexpected text: <PAGE>
WARNING(SPCOCN-1523): Invalid set option: <modify_quick_reset_filters>
INFO(SPCOCN-1177): Unexpected text: <OFF>
WARNING(SPCOCN-1523): Invalid set option: <hss_distribute_ports_count>
INFO(SPCOCN-1177): Unexpected text: <25>
WARNING(SPCOCN-1523): Invalid set option: <hss_distribute_port_pattern>
WARNING(SPCOCN-1523): Invalid set option: <hss_distribute_property_name>
WARNING(SPCOCN-1474): You must specify a window that contains a drawing.
WARNING(SPCOCN-1474): You must specify a window that contains a drawing.
WARNING(SPCOCN-1474): You must specify a window that contains a drawing.
WARNING(SPCOCN-1474): You must specify a window that contains a drawing.
WARNING(SPCOCN-1474): You must specify a window that contains a drawing.
WARNING(SPCOCN-1474): You must specify a window that contains a drawing.
INFO(SPCOCN-1737): Reading C:\Users\QGPWindowsVB\Documents\ANUSTART\cds.lib file.
WARNING(SPCOCN-1474): You must specify a window that contains a drawing.
INFO(SPCOCN-1445): Reading TUBII.SCH.1.1 into drawing #1.
INFO(SPCOCN-195): The following file will be used to identify the list of modules to be excluded: 'C:\Cadence\SPB_16.6\share\cdssetup\xmodules.dat'.
INFO(SPCOCN-1001): Component: I1 selected.
INFO(SPCOCN-1445): Reading TUBII_PCB.SCH.1.1 into drawing #1.
INFO(SPCOCN-1350): User 'QGPWindowsVB' has an existing lock on the file 'C:\Users\QGPWindowsVB\Documents\ANUSTART\worklib\tubii_pcb\sch_1\page1.csb'. Removing it.
INFO(SPCOCN-1001): Component: I1 selected.
INFO(SPCOCN-1445): Reading MICROZED_MODULE.SCH.1.1 into drawing #1.
INFO(SPCOCN-1350): User 'QGPWindowsVB' has an existing lock on the file 'C:\Users\QGPWindowsVB\Documents\ANUSTART\worklib\microzed_module\sch_1\page1.csb'. Removing it.
INFO(SPCOCN-1019): Save All completed.
INFO(SPCOCN-1445): Reading MICROZED_MODULE.SCH.1.1 into drawing #1.
INFO(SPCOCN-1445): Reading MICROZED_MODULE.SCH.1.1 into drawing #1.
INFO(SPCOCN-1445): Reading MICROZED_MODULE.SCH.1.1 into drawing #1.
INFO(SPCOCN-999): Signal: MTCA_MIMIC_DATA_RDY selected.
INFO(SPCOCN-1445): Reading TUBII_PCB.SCH.1.1 into drawing #1.
INFO(SPCOCN-1001): Component: I53 selected.
INFO(SPCOCN-1001): Component: I53 selected.
INFO(SPCOCN-1001): Component: I1 selected.
INFO(SPCOCN-1001): Component: I1 selected.
INFO(SPCOCN-1445): Reading MICROZED_MODULE.SCH.1.1 into drawing #1.
INFO(SPCOCN-1070): Checking drawing...
INFO(SPCOCN-1019): Save All completed.
INFO(SPCOCN-1070): Checking drawing...
INFO(SPCOCN-1028): writing <tubii_tk2_lib>MICROZED_MODULE.SCH.1.1:
INFO(SPCOCN-1044): writing binary file...
INFO(SPCOCN-1049): writing ASCII file...
INFO(SPCOCN-1053): writing connectivity file...
INFO(SPCOCN-1054): ...written

CSDirect 16.6-p007 (v16-6-112F)

Netlisting block microzed_module

Processing page 1

No netlisting errors found. 

INFO(SPCOCN-1640): writing occurrence data...
INFO(SPCOCN-1054): ...written
INFO(SPCOCN-1019): Save All completed.
INFO(SPCOCN-1445): Reading TUBII_PCB.SCH.1.1 into drawing #1.
INFO(SPCOCN-2053): Reloading design connectivity for tubii
INFO(SPCOCN-2053): Reloading design connectivity for tubii
INFO(SPCOCN-1445): Reading TUBII_PCB.SCH.1.1 into drawing #1.
INFO(SPCOCN-1445): Reading TUBII_PCB.SCH.1.1 into drawing #1.
INFO(SPCOCN-999): Signal: LE_GT_DELAYS selected.
INFO(SPCOCN-999): Signal: LE_MTCA_MIMIC selected.
INFO(SPCOCN-1854): The drawing TUBII_PCB.SCH.1.1
INFO(SPCOCN-578): will be retained as drawing #1.
INFO(SPCOCN-1445): Reading MTCA_MIMIC.SCH.1.1 into drawing #2.
INFO(SPCOCN-1070): Checking drawing...
INFO(SPCOCN-1028): writing <tubii_tk2_lib>TUBII_PCB.SCH.1.1:
INFO(SPCOCN-1044): writing binary file...
INFO(SPCOCN-1049): writing ASCII file...
INFO(SPCOCN-1053): writing connectivity file...
INFO(SPCOCN-1054): ...written

CSDirect 16.6-p007 (v16-6-112F)

Netlisting block tubii_pcb

Processing page 1

No netlisting errors found. 

INFO(SPCOCN-1640): writing occurrence data...
INFO(SPCOCN-1054): ...written
INFO(SPCOCN-1019): Save All completed.
INFO(SPCOCN-2053): Reloading design connectivity for tubii
INFO(SPCOCN-2053): Reloading design connectivity for tubii
INFO(SPCOCN-1445): Reading MTCA_MIMIC.SCH.1.1 into drawing #2.
INFO(SPCOCN-1445): Reading MTCA_MIMIC.SCH.1.1 into drawing #2.
INFO(SPCOCN-1445): Reading TUBII_PCB.SCH.1.1 into drawing #2.
INFO(SPCOCN-1445): Reading TUBII.SCH.1.1 into drawing #2.
INFO(SPCOCN-1001): Component: I1 selected.
INFO(SPCOCN-1445): Reading TUBII_PCB.SCH.1.1 into drawing #2.
INFO(SPCOCN-1445): Reading MTCA_MIMIC.SCH.1.1 into drawing #2.
INFO(SPCOCN-1445): Reading TUBII_PCB.SCH.1.1 into drawing #2.
INFO(SPCOCN-1001): Component: I1 selected.
INFO(SPCOCN-1445): Reading MICROZED_MODULE.SCH.1.1 into drawing #2.
INFO(SPCOCN-999): Signal: MTCA_MIMIC_DATA_RDY selected.
INFO(SPCOCN-1070): Checking drawing...
INFO(SPCOCN-1028): writing <tubii_tk2_lib>MICROZED_MODULE.SCH.1.1:
INFO(SPCOCN-1044): writing binary file...
INFO(SPCOCN-1049): writing ASCII file...
INFO(SPCOCN-1053): writing connectivity file...
INFO(SPCOCN-1054): ...written

CSDirect 16.6-p007 (v16-6-112F)

Netlisting block microzed_module

Processing page 1

No netlisting errors found. 

INFO(SPCOCN-1640): writing occurrence data...
INFO(SPCOCN-1054): ...written
INFO(SPCOCN-1019): Save All completed.
INFO(SPCOCN-1070): Checking drawing...
INFO(SPCOCN-1024): Drawing not written.
INFO(SPCOCN-1019): Save All completed.
INFO(SPCOCN-1070): Checking drawing...
INFO(SPCOCN-1028): writing <tubii_tk2_lib>MICROZED_MODULE.SCH.1.1:
INFO(SPCOCN-1044): writing binary file...
INFO(SPCOCN-1049): writing ASCII file...
INFO(SPCOCN-1053): writing connectivity file...
INFO(SPCOCN-1054): ...written

CSDirect 16.6-p007 (v16-6-112F)

Netlisting block microzed_module

Processing page 1

No netlisting errors found. 

INFO(SPCOCN-1640): writing occurrence data...
INFO(SPCOCN-1054): ...written
INFO(SPCOCN-2053): Reloading design connectivity for tubii
INFO(SPCOCN-2053): Reloading design connectivity for tubii
INFO(SPCOCN-1445): Reading MICROZED_MODULE.SCH.1.1 into drawing #2.
INFO(SPCOCN-1445): Reading MICROZED_MODULE.SCH.1.1 into drawing #2.
INFO(SPCOCN-1019): Save All completed.
INFO(SPCOCN-1445): Reading TUBII_PCB.SCH.1.1 into drawing #2.
INFO(SPCOCN-1001): Component: I5 selected.
INFO(SPCOCN-1445): Reading POWER.SCH.1.1 into drawing #2.
INFO(SPCOCN-1445): Reading TUBII_PCB.SCH.1.1 into drawing #2.
INFO(SPCOCN-1001): Component: I8 selected.
INFO(SPCOCN-1001): Component: I8 selected.
INFO(SPCOCN-1001): Component: I8 selected.
INFO(SPCOCN-1001): Component: I8 selected.
INFO(SPCOCN-1445): Reading CAEN_COMS.SCH.1.1 into drawing #2.
INFO(SPCOCN-1001): Component: I2 selected.
INFO(SPCOCN-1445): Reading CAEN_DIG_COMS.SCH.1.1 into drawing #2.
INFO(SPCOCN-1445): Reading CAEN_COMS.SCH.1.1 into drawing #2.
INFO(SPCOCN-1445): Reading TUBII_PCB.SCH.1.1 into drawing #2.
INFO(SPCOCN-1001): Component: I5 selected.
INFO(SPCOCN-1445): Reading POWER.SCH.1.1 into drawing #2.
INFO(SPCOCN-1445): Reading TUBII_PCB.SCH.1.1 into drawing #2.
INFO(SPCOCN-1001): Component: I5 selected.
INFO(SPCOCN-1001): Component: I5 selected.
INFO(SPCOCN-1001): Component: I5 selected.
INFO(SPCOCN-1001): Component: I5 selected.
INFO(SPCOCN-1445): Reading POWER.SCH.1.1 into drawing #2.
INFO(SPCOCN-1001): Component: I7 selected.
INFO(SPCOCN-1070): Checking drawing...
INFO(SPCOCN-1028): writing <tubii_tk2_lib>POWER.SCH.1.1:
INFO(SPCOCN-1044): writing binary file...
INFO(SPCOCN-1049): writing ASCII file...
INFO(SPCOCN-1053): writing connectivity file...
INFO(SPCOCN-1054): ...written

CSDirect 16.6-p007 (v16-6-112F)

Netlisting block power

Processing page 1

No netlisting errors found. 

INFO(SPCOCN-1640): writing occurrence data...
INFO(SPCOCN-1054): ...written
INFO(SPCOCN-1070): Checking drawing...
INFO(SPCOCN-1028): writing <tubii_tk2_lib>POWER.SCH.1.1:
INFO(SPCOCN-1044): writing binary file...
INFO(SPCOCN-1049): writing ASCII file...
INFO(SPCOCN-1053): writing connectivity file...
INFO(SPCOCN-1054): ...written

CSDirect 16.6-p007 (v16-6-112F)

Netlisting block power

Processing page 1

No netlisting errors found. 

INFO(SPCOCN-1640): writing occurrence data...
INFO(SPCOCN-1054): ...written
INFO(SPCOCN-1445): Reading TUBII_PCB.SCH.1.1 into drawing #2.
INFO(SPCOCN-1001): Component: I3 selected.
INFO(SPCOCN-1445): Reading MTCA_MIMIC.SCH.1.1 into drawing #2.
INFO(SPCOCN-1445): Reading TUBII_PCB.SCH.1.1 into drawing #2.
INFO(SPCOCN-1001): Component: I3 selected.
INFO(SPCOCN-1445): Reading MTCA_MIMIC.SCH.1.1 into drawing #2.
INFO(SPCOCN-1001): Component: I16 selected.
INFO(SPCOCN-1445): Reading TRIGGER_LOGIC.SCH.1.1 into drawing #2.
INFO(SPCOCN-1001): Component: I63 selected.
INFO(SPCOCN-999): Signal: POS_TRIG2 selected.
INFO(SPCOCN-1001): Component: I36 selected.
INFO(SPCOCN-1001): Component: I56 selected.
INFO(SPCOCN-1507): Adding version 1 of part OUTPORT from library standard
INFO(SPCOCN-1507): Adding version 1 of part OUTPORT from library standard
INFO(SPCOCN-999): Signal: TRIG_GATE2_P selected.
INFO(SPCOCN-1854): The drawing TRIGGER_LOGIC.SCH.1.1
INFO(SPCOCN-578): will be retained as drawing #2.
INFO(SPCOCN-1445): Reading MTCA_MIMIC.SCH.1.1 into drawing #1.
INFO(SPCOCN-1507): Adding version 1 of part OUTPORT from library standard
INFO(SPCOCN-1507): Adding version 1 of part OUTPORT from library standard
INFO(SPCOCN-1070): Checking drawing...
INFO(SPCOCN-1024): Drawing not written.
INFO(SPCOCN-1070): Checking drawing...
INFO(SPCOCN-1028): writing <tubii_tk2_lib>TRIGGER_LOGIC.SYM.1.1:
INFO(SPCOCN-1051): writing body file...
INFO(SPCOCN-1054): ...written
INFO(SPCOCN-1028): writing <tubii_tk2_lib>TRIGGER_LOGIC.SCH.1.1:
INFO(SPCOCN-1044): writing binary file...
INFO(SPCOCN-1049): writing ASCII file...
INFO(SPCOCN-1053): writing connectivity file...
INFO(SPCOCN-1054): ...written

CSDirect 16.6-p007 (v16-6-112F)

Netlisting block trigger_logic

Processing page 1

No netlisting errors found. 

INFO(SPCOCN-1028): writing <tubii_tk2_lib>MTCA_MIMIC.SCH.1.1:
INFO(SPCOCN-1044): writing binary file...
INFO(SPCOCN-1049): writing ASCII file...
INFO(SPCOCN-1053): writing connectivity file...
INFO(SPCOCN-1054): ...written

CSDirect 16.6-p007 (v16-6-112F)

Netlisting block mtca_mimic

Processing page 1

Following ports were added to the block 'mtca_mimic' : 
		trig1_out_ttl
		trig2_out_ttl
The connectivity of parent blocks will be updated by saving the following pages:
		Block: tubii_pcb	Page: 1

INFO(SPCOCN-1028): writing <tubii_tk2_lib>mtca_mimic.SCH.1.1:
INFO(SPCOCN-1044): writing binary file...
INFO(SPCOCN-1049): writing ASCII file...
INFO(SPCOCN-1053): writing connectivity file...
INFO(SPCOCN-1054): ...written

CSDirect 16.6-p007 (v16-6-112F)

Netlisting block mtca_mimic

Processing page 1

INFO(SPCOCN-1028): writing <tubii_tk2_lib>tubii_pcb.SCH.1.1:
INFO(SPCOCN-1044): writing binary file...
INFO(SPCOCN-1049): writing ASCII file...
INFO(SPCOCN-1053): writing connectivity file...
INFO(SPCOCN-1054): ...written

CSDirect 16.6-p007 (v16-6-112F)

Netlisting block tubii_pcb

Processing page 1

No netlisting errors found. 

WARNING(SPCOCN-2106): Errors and warnings were found while updating connectivity of pages due to port addition. 
Check the following markers file for errors and warnings:
temp/mtca_mimic.sch_1.mkr


INFO(SPCOCN-1640): writing occurrence data...
INFO(SPCOCN-1054): ...written
INFO(SPCOCN-1445): Reading TUBII_PCB.SCH.1.1 into drawing #1.
ERROR(SPCOCN-961): The pin could not be added because a pin name was not specified. Specify a block pin name in the Block Pin Add dialog box before selecting the point on the block where you want to add the pin.
INFO(SPCOCN-1070): Checking drawing...
INFO(SPCOCN-1028): writing <tubii_tk2_lib>MICROZED_MODULE.SYM.1.1:
INFO(SPCOCN-1051): writing body file...
INFO(SPCOCN-1054): ...written
WARNING(SPCOCN-1080): Block 'MICROZED_MODULE' Errors/Warnings found during save operation.  Load the following marker file:temp/microzed_module.mkr.
INFO(SPCOCN-1028): writing <tubii_tk2_lib>MTCA_MIMIC.SYM.1.1:
INFO(SPCOCN-1051): writing body file...
INFO(SPCOCN-1054): ...written
No netlisting errors found. 

INFO(SPCOCN-1070): Checking drawing...
INFO(SPCOCN-1028): writing <tubii_tk2_lib>TUBII_PCB.SCH.1.1:
INFO(SPCOCN-1044): writing binary file...
INFO(SPCOCN-1049): writing ASCII file...
INFO(SPCOCN-1053): writing connectivity file...
INFO(SPCOCN-1054): ...written

CSDirect 16.6-p007 (v16-6-112F)

Netlisting block tubii_pcb

Processing page 1

No netlisting errors found. 

INFO(SPCOCN-1640): writing occurrence data...
INFO(SPCOCN-1054): ...written
INFO(SPCOCN-1001): Component: I1 selected.
INFO(SPCOCN-1001): Component: I1 selected.
INFO(SPCOCN-1001): Component: I1 selected.
INFO(SPCOCN-1445): Reading MICROZED_MODULE.SCH.1.1 into drawing #1.
INFO(SPCOCN-1507): Adding version 1 of part INPORT from library standard
INFO(SPCOCN-1507): Adding version 1 of part INPORT from library standard
INFO(SPCOCN-1070): Checking drawing...
INFO(SPCOCN-1028): writing <tubii_tk2_lib>MICROZED_MODULE.SCH.1.1:
INFO(SPCOCN-1044): writing binary file...
INFO(SPCOCN-1049): writing ASCII file...
INFO(SPCOCN-1053): writing connectivity file...
INFO(SPCOCN-1054): ...written

CSDirect 16.6-p007 (v16-6-112F)

Netlisting block microzed_module

Processing page 1

No netlisting errors found. 

Following ports were added to the block 'microzed_module' : 
		mtca_mimic_trig1
		mtca_mimic_trig2
The connectivity of parent blocks will be updated by saving the following pages:
		Block: tubii_pcb	Page: 1

INFO(SPCOCN-1028): writing <tubii_tk2_lib>tubii_pcb.SCH.1.1:
INFO(SPCOCN-1044): writing binary file...
INFO(SPCOCN-1049): writing ASCII file...
INFO(SPCOCN-1053): writing connectivity file...
INFO(SPCOCN-1054): ...written

CSDirect 16.6-p007 (v16-6-112F)

Netlisting block tubii_pcb

Processing page 1

No netlisting errors found. 

INFO(SPCOCN-1640): writing occurrence data...
INFO(SPCOCN-1054): ...written
INFO(SPCOCN-1445): Reading TUBII_PCB.SCH.1.1 into drawing #1.
INFO(SPCOCN-1019): Save All completed.
INFO(SPCOCN-1019): Save All completed.
INFO(SPCOCN-1019): Save All completed.
INFO(SPCOCN-1001): Component: I3 selected.
INFO(SPCOCN-1445): Reading MTCA_MIMIC.SCH.1.1 into drawing #1.
INFO(SPCOCN-1001): Component: I16 selected.
INFO(SPCOCN-1001): Component: I16 selected.
INFO(SPCOCN-1001): Component: I16 selected.
INFO(SPCOCN-1445): Reading TRIGGER_LOGIC.SCH.1.1 into drawing #1.
INFO(SPCOCN-1445): Reading MTCA_MIMIC.SCH.1.1 into drawing #1.
INFO(SPCOCN-1445): Reading TUBII_PCB.SCH.1.1 into drawing #1.
INFO(SPCOCN-1019): Save All completed.
INFO(SPCOCN-1001): Component: I3 selected.
INFO(SPCOCN-1445): Reading MTCA_MIMIC.SCH.1.1 into drawing #1.
INFO(SPCOCN-1001): Component: I16 selected.
INFO(SPCOCN-1445): Reading TRIGGER_LOGIC.SCH.1.1 into drawing #1.
INFO(SPCOCN-1019): Save All completed.
INFO(SPCOCN-1070): Checking drawing...
INFO(SPCOCN-1028): writing <tubii_tk2_lib>TRIGGER_LOGIC.SCH.1.1:
INFO(SPCOCN-1044): writing binary file...
INFO(SPCOCN-1049): writing ASCII file...
INFO(SPCOCN-1053): writing connectivity file...
INFO(SPCOCN-1054): ...written

CSDirect 16.6-p007 (v16-6-112F)

Netlisting block trigger_logic

Processing page 1

No netlisting errors found. 

INFO(SPCOCN-1640): writing occurrence data...
INFO(SPCOCN-1054): ...written
INFO(SPCOCN-1445): Reading MTCA_MIMIC.SCH.1.1 into drawing #1.
INFO(SPCOCN-1070): Checking drawing...
INFO(SPCOCN-1028): writing <tubii_tk2_lib>MTCA_MIMIC.SCH.1.1:
INFO(SPCOCN-1044): writing binary file...
INFO(SPCOCN-1049): writing ASCII file...
INFO(SPCOCN-1053): writing connectivity file...
INFO(SPCOCN-1054): ...written

CSDirect 16.6-p007 (v16-6-112F)

Netlisting block mtca_mimic

Processing page 1

No netlisting errors found. 

INFO(SPCOCN-1640): writing occurrence data...
INFO(SPCOCN-1054): ...written
INFO(SPCOCN-1445): Reading TUBII_PCB.SCH.1.1 into drawing #1.
INFO(SPCOCN-1070): Checking drawing...
INFO(SPCOCN-1028): writing <tubii_tk2_lib>TUBII_PCB.SCH.1.1:
INFO(SPCOCN-1044): writing binary file...
INFO(SPCOCN-1049): writing ASCII file...
INFO(SPCOCN-1053): writing connectivity file...
INFO(SPCOCN-1054): ...written

CSDirect 16.6-p007 (v16-6-112F)

Netlisting block tubii_pcb

Processing page 1

No netlisting errors found. 

INFO(SPCOCN-1640): writing occurrence data...
INFO(SPCOCN-1054): ...written
INFO(SPCOCN-1001): Component: I1 selected.
INFO(SPCOCN-1001): Component: I1 selected.
INFO(SPCOCN-1445): Reading MICROZED_MODULE.SCH.1.1 into drawing #1.
INFO(SPCOCN-1070): Checking drawing...
INFO(SPCOCN-1024): Drawing not written.
INFO(SPCOCN-1070): Checking drawing...
INFO(SPCOCN-1028): writing <tubii_tk2_lib>MICROZED_MODULE.SCH.1.1:
INFO(SPCOCN-1044): writing binary file...
INFO(SPCOCN-1049): writing ASCII file...
INFO(SPCOCN-1053): writing connectivity file...
INFO(SPCOCN-1054): ...written

CSDirect 16.6-p007 (v16-6-112F)

Netlisting block microzed_module

Processing page 1

No netlisting errors found. 

INFO(SPCOCN-1640): writing occurrence data...
INFO(SPCOCN-1054): ...written
INFO(SPCOCN-1445): Reading TUBII_PCB.SCH.1.1 into drawing #1.
INFO(SPCOCN-1001): Component: I3 selected.
INFO(SPCOCN-1001): Component: I3 selected.
INFO(SPCOCN-1001): Component: I3 selected.
INFO(SPCOCN-1445): Reading MTCA_MIMIC.SCH.1.1 into drawing #1.
INFO(SPCOCN-1001): Component: I47 selected.
INFO(SPCOCN-1019): Save All completed.
INFO(SPCOCN-1445): Reading TUBII_PCB.SCH.1.1 into drawing #1.
INFO(SPCOCN-1070): Checking drawing...
INFO(SPCOCN-338): No schematic errors found.
INFO(SPCOCN-1001): Component: I3 selected.
INFO(SPCOCN-1854): The drawing TUBII_PCB.SCH.1.1
INFO(SPCOCN-578): will be retained as drawing #1.
INFO(SPCOCN-1445): Reading MTCA_MIMIC.SCH.1.1 into drawing #2.
INFO(SPCOCN-1070): Checking drawing...
INFO(SPCOCN-1028): writing <tubii_tk2_lib>MTCA_MIMIC.SCH.1.1:
INFO(SPCOCN-1044): writing binary file...
INFO(SPCOCN-1049): writing ASCII file...
INFO(SPCOCN-1053): writing connectivity file...
INFO(SPCOCN-1054): ...written

CSDirect 16.6-p007 (v16-6-112F)

Netlisting block mtca_mimic

Processing page 1

No netlisting errors found. 

INFO(SPCOCN-1640): writing occurrence data...
INFO(SPCOCN-1054): ...written
INFO(SPCOCN-1445): Reading MTCA_MIMIC.SCH.1.1 into drawing #2.
INFO(SPCOCN-1445): Reading MTCA_MIMIC.SCH.1.1 into drawing #2.
INFO(SPCOCN-1445): Reading TUBII_PCB.SCH.1.1 into drawing #2.
INFO(SPCOCN-999): Signal: UN$1$MICROZEDMODULE$I1$MTCAMIMICTRIG1 selected.
INFO(SPCOCN-1001): Component: I3 selected.
INFO(SPCOCN-1445): Reading MTCA_MIMIC.SCH.1.1 into drawing #2.
INFO(SPCOCN-1001): Component: I16 selected.
INFO(SPCOCN-1445): Reading TRIGGER_LOGIC.SCH.1.1 into drawing #2.
INFO(SPCOCN-1001): Component: I56 selected.
INFO(SPCOCN-1445): Reading MTCA_MIMIC.SCH.1.1 into drawing #2.
INFO(SPCOCN-1001): Component: I16 selected.
INFO(SPCOCN-1445): Reading TRIGGER_LOGIC.SCH.1.1 into drawing #2.
INFO(SPCOCN-1001): Component: I63 selected.
INFO(SPCOCN-1445): Reading MTCA_MIMIC.SCH.1.1 into drawing #2.
INFO(SPCOCN-1445): Reading TUBII_PCB.SCH.1.1 into drawing #2.
INFO(SPCOCN-1445): Reading TUBII.SCH.1.1 into drawing #2.
INFO(SPCOCN-1001): Component: I2 selected.
INFO(SPCOCN-1445): Reading FRONT_PORTS.SCH.1.1 into drawing #2.
INFO(SPCOCN-1445): Reading TUBII.SCH.1.1 into drawing #2.
INFO(SPCOCN-1445): Reading CAEN_DIG_COMS.SCH.1.1 into drawing #2.
INFO(SPCOCN-1445): Reading CAEN_COMS.SCH.1.1 into drawing #2.
INFO(SPCOCN-1445): Reading TUBII_PCB.SCH.1.1 into drawing #2.
INFO(SPCOCN-1001): Component: I10 selected.
INFO(SPCOCN-1019): Save All completed.
INFO(SPCOCN-1019): Save All completed.
INFO(SPCOCN-1019): Save All completed.
INFO(SPCOCN-1019): Save All completed.
