FILE_TYPE=LIBRARY_PARTS;
primitive 'DS102350';
  pin
    'PS':
      PIN_NUMBER='(14)';
      INPUT_LOAD='(-0.6,0.02)';
    'MS':
      PIN_NUMBER='(11)';
      INPUT_LOAD='(-0.6,0.02)';
    'OUT':
      PIN_NUMBER='(15)';
      OUTPUT_LOAD='(20.0,-1.0)';
    'PWM':
      PIN_NUMBER='(9)';
      OUTPUT_LOAD='(20.0,-1.0)';
    'IN':
      PIN_NUMBER='(1)';
      INPUT_LOAD='(-0.6,0.02)';
    '-LE':
      PIN_NUMBER='(2)';
      INPUT_LOAD='(-0.6,0.02)';
    'P'<0>:
      PIN_NUMBER='(3)';
      INPUT_LOAD='(-0.6,0.02)';
    'P'<1>:
      PIN_NUMBER='(4)';
      INPUT_LOAD='(-0.6,0.02)';
    'P'<2>:
      PIN_NUMBER='(5)';
      INPUT_LOAD='(-0.6,0.02)';
    'P'<3>:
      PIN_NUMBER='(6)';
      INPUT_LOAD='(-0.6,0.02)';
    'P'<4>:
      PIN_NUMBER='(7)';
      INPUT_LOAD='(-0.6,0.02)';
    'P'<5>:
      PIN_NUMBER='(10)';
      INPUT_LOAD='(-0.6,0.02)';
    'P'<6>:
      PIN_NUMBER='(12)';
      INPUT_LOAD='(-0.6,0.02)';
    'P'<7>:
      PIN_NUMBER='(13)';
      INPUT_LOAD='(-0.6,0.02)';
  end_pin;
  body
    PART_NAME='DS102350';
    BODY_NAME='DS102350';
    JEDEC_TYPE='soic16';
    PHYS_DES_PREFIX='U';
    CLASS='IC';
    GROUND_NETS='GND';
    POWER_PINS='(GND:8)';
    POWER_PINS='(VCC:16)';
  end_body;
end_primitive;

END.
