	(Comment
		(Time 08/18/14,17:16:14)
		(User QGPWindowsVB)
		(MsgId ECO_021)
		(Text "Package ADG1208 added to cell")
		(Param1 "ADG1208")
	)
	(Comment
		(Time 08/18/14,17:30:15)
		(User QGPWindowsVB)
		(MsgId ECO_081)
		(Text "Symbol sym_1 added to cell")
		(Param1 "sym_1")
	)
	(Comment
		(Time 08/18/14,17:31:40)
		(User QGPWindowsVB)
		(MsgId ECO_081)
		(Text "Symbol sym_2 added to cell")
		(Param1 "sym_2")
	)
	(Comment
		(Time 08/18/14,17:31:46)
		(User QGPWindowsVB)
		(MsgId ECO_082)
		(Text "Symbol sym_1 deleted from cell")
		(Param1 "sym_1")
	)
	(Comment
		(Time 08/18/14,17:31:53)
		(User QGPWindowsVB)
		(MsgId ECO_083)
		(Text "Symbol sym_2 renamed to sym_1")
		(Param1 "sym_2")
		(Param2 "sym_1")
	)
