temp/xxnedtmp25/event.log NEWFILE1
temp/xxnedtmp25/text.log NEWFILE2
temp/xxnedtmp25/environ.log NEWFILE3
C:\Cadence\SPB_16.6\share\cdssetup/concept/concepthdl.scr FILE4
C:\Users\QGPWindowsVB\Documents\ANUSTART\cds.lib FILE5
C:\Users\QGPWindowsVB\Documents\ANUSTART\worklib\tubii\sch_1\page1.csb FILE6
C:\Users\QGPWindowsVB\Documents\ANUSTART\worklib\tubii\sch_1\page1_csb.lck NEWFILE7
temp/xxnedtmp25/undo1.log NEWFILE8
C:\Users\QGPWindowsVB\Documents\ANUSTART\Parts\parts\misc\penn#20b#20size#20page\sym_1\symbol.css FILE9
C:\Users\QGPWindowsVB\Documents\ANUSTART\worklib\tubii\sch_1\page1_csa.lck NEWFILE10
C:/Users/QGPWindowsVB/Documents/ANUSTART/worklib/tubii/sch_1/tubii.xcon FILE11
C:/Users/QGPWindowsVB/Documents/ANUSTART/worklib/tubii/sch_1/tubii.dcf FILE12
C:\Users\QGPWindowsVB\Documents\ANUSTART\worklib\tubii_pcb\sch_1\page1.csb FILE13
C:\Users\QGPWindowsVB\Documents\ANUSTART\worklib\tubii_pcb\sch_1\page1_csb.lck NEWFILE14
C:\Users\QGPWindowsVB\Documents\ANUSTART\worklib\ellie_coms\sym_1\symbol.css FILE15
C:\Cadence\SPB_16.6\share\library\standard\inport\sym_1\symbol.css FILE16
C:\Cadence\SPB_16.6\share\library\standard\outport\sym_1\symbol.css FILE17
C:\Users\QGPWindowsVB\Documents\ANUSTART\worklib\caen_coms\sym_1\symbol.css FILE18
C:\Users\QGPWindowsVB\Documents\ANUSTART\worklib\ext_trigs\sym_1\symbol.css FILE19
C:\Users\QGPWindowsVB\Documents\ANUSTART\worklib\ecal_control\sym_1\symbol.css FILE20
C:\Users\QGPWindowsVB\Documents\ANUSTART\Parts\parts\ttl\hct238\sym_1\symbol.css FILE21
C:\Users\QGPWindowsVB\Documents\ANUSTART\worklib\power\sym_1\symbol.css FILE22
C:\Users\QGPWindowsVB\Documents\ANUSTART\worklib\general_utilities\sym_1\symbol.css FILE23
C:\Users\QGPWindowsVB\Documents\ANUSTART\worklib\mtca_mimic\sym_1\symbol.css FILE24
C:\Users\QGPWindowsVB\Documents\ANUSTART\worklib\clocks\sym_1\symbol.css FILE25
C:\Users\QGPWindowsVB\Documents\ANUSTART\worklib\lo_gen\sym_1\symbol.css FILE26
C:\Users\QGPWindowsVB\Documents\ANUSTART\worklib\baseline_buffer\sym_1\symbol.css FILE27
C:\Users\QGPWindowsVB\Documents\ANUSTART\worklib\tubii_spkr\sym_1\symbol.css FILE28
C:\Users\QGPWindowsVB\Documents\ANUSTART\worklib\cntrl_register\sym_1\symbol.css FILE29
C:\Users\QGPWindowsVB\Documents\ANUSTART\worklib\microzed_module\sym_1\symbol.css FILE30
C:\Users\QGPWindowsVB\Documents\ANUSTART\worklib\power\sch_1\page1.csb FILE31
C:\Users\QGPWindowsVB\Documents\ANUSTART\worklib\power\sch_1\page1_csb.lck NEWFILE32
C:\Users\QGPWindowsVB\Documents\ANUSTART\worklib\tubii_pcb\sch_1\page1_csa.lck NEWFILE33
C:\Users\QGPWindowsVB\Documents\ANUSTART\Parts\parts\capacitors\tant0805\sym_1\symbol.css FILE34
C:\Users\QGPWindowsVB\Documents\ANUSTART\Parts\parts\misc\inductor_l\sym_1\symbol.css FILE35
C:\Users\QGPWindowsVB\Documents\ANUSTART\Parts\parts\capacitors\csmd0603\sym_1\symbol.css FILE36
C:\Users\QGPWindowsVB\Documents\ANUSTART\Parts\parts\resistors\rsmd0805\sym_1\symbol.css FILE37
C:\Users\QGPWindowsVB\Documents\ANUSTART\Parts\parts\misc\led_l\sym_1\symbol.css FILE38
C:\Users\QGPWindowsVB\Documents\ANUSTART\Parts\parts\misc\testpoint_l\sym_1\symbol.css FILE39
C:\Users\QGPWindowsVB\Documents\ANUSTART\Parts\parts\capacitors\csmd0805\sym_1\symbol.css FILE40
C:\Users\QGPWindowsVB\Documents\ANUSTART\Parts\parts\misc\ostoq047150\sym_1\symbol.css FILE41
C:\Users\QGPWindowsVB\Documents\ANUSTART\Parts\parts\regulators\7915_l\sym_1\symbol.css FILE42
C:\Users\QGPWindowsVB\Documents\ANUSTART\Parts\parts\regulators\7815s_l\sym_1\symbol.css FILE43
C:\Users\QGPWindowsVB\Documents\ANUSTART\Parts\parts\regulators\lm337t_l\sym_1\symbol.css FILE44
C:\Users\QGPWindowsVB\Documents\ANUSTART\Parts\parts\regulators\lm1117\sym_1\symbol.css FILE45
C:\Users\QGPWindowsVB\Documents\ANUSTART\Parts\parts\misc\ostoq027150\sym_1\symbol.css FILE46
C:/Users/QGPWIN~1/AppData/Local/Temp/conCA23.tmp FILE47
C:/Users/QGPWIN~1/AppData/Local/Temp/conF5AA.tmp FILE48
C:/Users/QGPWIN~1/AppData/Local/Temp/con7ED1.tmp FILE49
temp/xxnedtmp25/concept.mkr NEWFILE50
C:/Cadence/SPB_16.6/tools/language/config.dat FILE51
C:/Cadence/SPB_16.6/tools/language/pack_type_rename.dat NEWFILE52
temp/xxnedtmp25/../led_l.mkr NEWFILE53
temp/xxnedtmp25/../inductor_l.mkr NEWFILE54
temp/xxnedtmp25/../tant0805.mkr NEWFILE55
temp/xxnedtmp25/../rsmd0805.mkr NEWFILE56
temp/xxnedtmp25/../csmd0603.mkr NEWFILE57
temp/xxnedtmp25/../testpoint_l.mkr NEWFILE58
temp/xxnedtmp25/../lm1117.mkr NEWFILE59
temp/xxnedtmp25/../ostoq027150.mkr NEWFILE60
temp/xxnedtmp25/../penn#20b#20size#20page.mkr NEWFILE61
temp/xxnedtmp25/../ostoq047150.mkr NEWFILE62
temp/xxnedtmp25/../csmd0805.mkr NEWFILE63
temp/xxnedtmp25/../7915_l.mkr NEWFILE64
temp/xxnedtmp25/../7815s_l.mkr NEWFILE65
C:\Users\QGPWindowsVB\Documents\ANUSTART\worklib\power\sch_1\page1.csa FILE66
C:\Users\QGPWindowsVB\Documents\ANUSTART\worklib\power\sch_1\page1.csv FILE67
C:\Users\QGPWindowsVB\Documents\ANUSTART\worklib\power\sch_1\pc.db FILE68
C:/Users/QGPWindowsVB/Documents/ANUSTART/worklib/power/sch_1/power_xcon.lck NEWFILE69
C:/Users/QGPWindowsVB/Documents/ANUSTART/worklib/power/sch_1/power_dcf.lck NEWFILE70
temp/xxnedtmp25/csnetlister.mkr NEWFILE71
