FILE_TYPE=LIBRARY_PARTS;
primitive 'IDS_C10';
  pin
    'PIN1':
      PIN_NUMBER='(1)';
      PIN_TYPE='ANALOG';
      NO_LOAD_CHECK='Both';
      UNKNOWN_LOADING='TRUE';
    'PIN2':
      PIN_NUMBER='(2)';
      PIN_TYPE='ANALOG';
      NO_LOAD_CHECK='Both';
      UNKNOWN_LOADING='TRUE';
    'PIN3':
      PIN_NUMBER='(3)';
      PIN_TYPE='ANALOG';
      NO_LOAD_CHECK='Both';
      UNKNOWN_LOADING='TRUE';
    'PIN7':
      PIN_NUMBER='(7)';
      PIN_TYPE='ANALOG';
      NO_LOAD_CHECK='Both';
      UNKNOWN_LOADING='TRUE';
    'PIN8':
      PIN_NUMBER='(8)';
      PIN_TYPE='ANALOG';
      NO_LOAD_CHECK='Both';
      UNKNOWN_LOADING='TRUE';
    'PIN6':
      PIN_NUMBER='(6)';
      PIN_TYPE='ANALOG';
      NO_LOAD_CHECK='Both';
      UNKNOWN_LOADING='TRUE';
    'PIN9':
      PIN_NUMBER='(9)';
      PIN_TYPE='ANALOG';
      NO_LOAD_CHECK='Both';
      UNKNOWN_LOADING='TRUE';
    'PIN10':
      PIN_NUMBER='(10)';
      PIN_TYPE='ANALOG';
      NO_LOAD_CHECK='Both';
      UNKNOWN_LOADING='TRUE';
    'PIN5':
      PIN_NUMBER='(5)';
      PIN_TYPE='ANALOG';
      NO_LOAD_CHECK='Both';
      UNKNOWN_LOADING='TRUE';
    'PIN4':
      PIN_NUMBER='(4)';
      PIN_TYPE='ANALOG';
      NO_LOAD_CHECK='Both';
      UNKNOWN_LOADING='TRUE';
  end_pin;
  body
    PART_NAME='IDS_C10';
    BODY_NAME='IDS_C10';
    JEDEC_TYPE='conn10';
    PHYS_DES_PREFIX='U';
    CLASS='DISCRETE';
  end_body;
end_primitive;

END.
