	(Comment
		(Time 08/02/10,02:35:40 PM)
		(User mastbaum)
		(MsgId ECO_021)
		(Text "Package 74F164 added to cell")
		(Param1 74F164)
	)
	(Comment
		(Time 08/02/10,02:40:09 PM)
		(User mastbaum)
		(MsgId ECO_081)
		(Text "Symbol sym_1 added to cell")
		(Param1 sym_1)
	)
	(Comment
		(Time 08/22/14,17:48:05)
		(User QGPWindowsVB)
		(MsgId ECO_081)
		(Text "Symbol sym_2 added to cell")
		(Param1 "sym_2")
	)
	(Comment
		(Time 08/22/14,17:48:33)
		(User QGPWindowsVB)
		(MsgId ECO_082)
		(Text "Symbol sym_2 deleted from cell")
		(Param1 "sym_2")
	)
	(Comment
		(Time 08/22/14,17:48:48)
		(User QGPWindowsVB)
		(MsgId ECO_081)
		(Text "Symbol sym_2 added to cell")
		(Param1 "sym_2")
	)
	(Comment
		(Time 08/22/14,17:52:16)
		(User QGPWindowsVB)
		(MsgId ECO_082)
		(Text "Symbol sym_2 deleted from cell")
		(Param1 "sym_2")
	)
	(Comment
		(Time 08/22/14,17:52:19)
		(User QGPWindowsVB)
		(MsgId ECO_021)
		(Text "Package 74F164_1 added to cell")
		(Param1 "74F164_1")
	)
	(Comment
		(Time 08/22/14,17:52:35)
		(User QGPWindowsVB)
		(MsgId ECO_021)
		(Text "Package 74F164_2 added to cell")
		(Param1 "74F164_2")
	)
	(Comment
		(Time 08/22/14,17:52:41)
		(User QGPWindowsVB)
		(MsgId ECO_022)
		(Text "Package 74F164_1 deleted from cell")
		(Param1 "74F164_1")
	)
	(Comment
		(Time 08/22/14,17:55:13)
		(User QGPWindowsVB)
		(MsgId ECO_081)
		(Text "Symbol sym_2 added to cell")
		(Param1 "sym_2")
	)
