temp/xxnedtmp20/event.log NEWFILE1
temp/xxnedtmp20/text.log NEWFILE2
temp/xxnedtmp20/environ.log NEWFILE3
C:\Cadence\SPB_16.6\share\cdssetup/concept/concepthdl.scr FILE4
C:\Users\QGPWindowsVB\Documents\ANUSTART\cds.lib FILE5
C:\Users\QGPWindowsVB\Documents\ANUSTART\worklib\tubii\sch_1\page1.csb FILE6
C:\Users\QGPWindowsVB\Documents\ANUSTART\worklib\tubii\sch_1\page1_csb.lck NEWFILE7
temp/xxnedtmp20/undo1.log NEWFILE8
C:\Users\QGPWindowsVB\Documents\ANUSTART\Parts\parts\misc\penn#20b#20size#20page\sym_1\symbol.css FILE9
C:\Users\QGPWindowsVB\Documents\ANUSTART\worklib\tubii\sch_1\page1_csa.lck NEWFILE10
C:/Users/QGPWindowsVB/Documents/ANUSTART/worklib/tubii/sch_1/tubii.xcon FILE11
C:/Users/QGPWindowsVB/Documents/ANUSTART/worklib/tubii/sch_1/tubii.dcf FILE12
C:\Users\QGPWindowsVB\Documents\ANUSTART\worklib\tubii_pcb\sch_1\page1.csb FILE13
C:\Users\QGPWindowsVB\Documents\ANUSTART\worklib\tubii_pcb\sch_1\page1_csb.lck NEWFILE14
C:\Users\QGPWindowsVB\Documents\ANUSTART\worklib\ellie_coms\sym_1\symbol.css FILE15
C:\Cadence\SPB_16.6\share\library\standard\outport\sym_1\symbol.css FILE16
C:\Users\QGPWindowsVB\Documents\ANUSTART\worklib\caen_coms\sym_1\symbol.css FILE17
C:\Cadence\SPB_16.6\share\library\standard\inport\sym_1\symbol.css FILE18
C:\Users\QGPWindowsVB\Documents\ANUSTART\worklib\ext_trigs\sym_1\symbol.css FILE19
C:\Users\QGPWindowsVB\Documents\ANUSTART\worklib\ecal_control\sym_1\symbol.css FILE20
C:\Users\QGPWindowsVB\Documents\ANUSTART\Parts\parts\ttl\hct238\sym_1\symbol.css FILE21
C:\Users\QGPWindowsVB\Documents\ANUSTART\worklib\power\sym_1\symbol.css FILE22
C:\Users\QGPWindowsVB\Documents\ANUSTART\worklib\general_utilities\sym_1\symbol.css FILE23
C:\Users\QGPWindowsVB\Documents\ANUSTART\worklib\mtca_mimic\sym_1\symbol.css FILE24
C:\Users\QGPWindowsVB\Documents\ANUSTART\worklib\clocks\sym_1\symbol.css FILE25
C:\Users\QGPWindowsVB\Documents\ANUSTART\worklib\lo_gen\sym_1\symbol.css FILE26
C:\Users\QGPWindowsVB\Documents\ANUSTART\worklib\baseline_buffer\sym_1\symbol.css FILE27
C:\Users\QGPWindowsVB\Documents\ANUSTART\worklib\tubii_spkr\sym_1\symbol.css FILE28
C:\Users\QGPWindowsVB\Documents\ANUSTART\worklib\cntrl_register\sym_1\symbol.css FILE29
C:\Users\QGPWindowsVB\Documents\ANUSTART\worklib\microzed_module\sym_1\symbol.css FILE30
C:\Users\QGPWindowsVB\Documents\ANUSTART\worklib\ellie_coms\sch_1\page1.csb FILE31
C:\Users\QGPWindowsVB\Documents\ANUSTART\worklib\ellie_coms\sch_1\page1_csb.lck NEWFILE32
C:\Users\QGPWindowsVB\Documents\ANUSTART\worklib\tubii_pcb\sch_1\page1_csa.lck NEWFILE33
C:\Users\QGPWindowsVB\Documents\ANUSTART\Parts\parts\ecl\mc10h116\sym_1\symbol.css FILE34
C:\Users\QGPWindowsVB\Documents\ANUSTART\Parts\parts\ecl\mc10h124\sym_1\symbol.css FILE35
C:\Users\QGPWindowsVB\Documents\ANUSTART\Parts\parts\resistors\rsmd0805\sym_1\symbol.css FILE36
C:\Users\QGPWindowsVB\Documents\ANUSTART\Parts\parts\capacitors\csmd0603\sym_1\symbol.css FILE37
C:\Users\QGPWindowsVB\Documents\ANUSTART\Parts\parts\ecl\mc10h125\sym_1\symbol.css FILE38
C:\Users\QGPWindowsVB\Documents\ANUSTART\worklib\ellie_coms\sch_1\page1_csa.lck NEWFILE39
C:\Users\QGPWindowsVB\Documents\ANUSTART\worklib\mtca_mimic\sch_1\page1.csb FILE40
C:\Users\QGPWindowsVB\Documents\ANUSTART\worklib\mtca_mimic\sch_1\page1_csb.lck NEWFILE41
C:\Users\QGPWindowsVB\Documents\ANUSTART\Parts\parts\capacitors\csmd0805\sym_1\symbol.css FILE42
C:\Users\QGPWindowsVB\Documents\ANUSTART\Parts\parts\misc\testpoint_l\sym_1\symbol.css FILE43
C:\Users\QGPWindowsVB\Documents\ANUSTART\Parts\parts\resistors\3006p_trimpot\sym_1\symbol.css FILE44
C:\Users\QGPWindowsVB\Documents\ANUSTART\Parts\parts\misc\ss22sdp2\sym_1\symbol.css FILE45
C:\Users\QGPWindowsVB\Documents\ANUSTART\Parts\parts\misc\ad7243\sym_1\symbol.css FILE46
C:\Users\QGPWindowsVB\Documents\ANUSTART\Parts\parts\ecl\mc10h131\sym_1\symbol.css FILE47
C:\Users\QGPWindowsVB\Documents\ANUSTART\worklib\trigger_logic\sym_1\symbol.css FILE48
C:\Users\QGPWindowsVB\Documents\ANUSTART\Parts\parts\misc\ad96687\sym_1\symbol.css FILE49
C:\Users\QGPWindowsVB\Documents\ANUSTART\worklib\trigger_logic\sch_1\page1.csb FILE50
C:\Users\QGPWindowsVB\Documents\ANUSTART\worklib\trigger_logic\sch_1\page1_csb.lck NEWFILE51
C:\Users\QGPWindowsVB\Documents\ANUSTART\worklib\mtca_mimic\sch_1\page1_csa.lck NEWFILE52
C:\Users\QGPWindowsVB\Documents\ANUSTART\Parts\parts\ecl\mc10e116\sym_1\symbol.css FILE53
C:\Users\QGPWindowsVB\Documents\ANUSTART\Parts\parts\misc\hct123\sym_1\symbol.css FILE54
C:\Users\QGPWindowsVB\Documents\ANUSTART\Parts\parts\misc\led_l\sym_1\symbol.css FILE55
C:\Users\QGPWindowsVB\Documents\ANUSTART\Parts\parts\ecl\mc10e101\sym_1\symbol.css FILE56
C:\Users\QGPWindowsVB\Documents\ANUSTART\Parts\parts\ecl\mc10h104\sym_1\symbol.css FILE57
C:\Users\QGPWindowsVB\Documents\ANUSTART\worklib\trigger_logic\sch_1\page1_csa.lck NEWFILE58
C:\Users\QGPWindowsVB\Documents\ANUSTART\worklib\caen_coms\sch_1\page1.csb FILE59
C:\Users\QGPWindowsVB\Documents\ANUSTART\worklib\caen_coms\sch_1\page1_csb.lck NEWFILE60
C:\Users\QGPWindowsVB\Documents\ANUSTART\worklib\caen_dig_coms\sym_1\symbol.css FILE61
C:\Users\QGPWindowsVB\Documents\ANUSTART\worklib\caen_analog_coms\sym_1\symbol.css FILE62
C:\Users\QGPWindowsVB\Documents\ANUSTART\worklib\caen_analog_coms\sch_1\page1.csb FILE63
C:\Users\QGPWindowsVB\Documents\ANUSTART\worklib\caen_analog_coms\sch_1\page1_csb.lck NEWFILE64
