temp/xxnedtmp21/event.log NEWFILE1
temp/xxnedtmp21/text.log NEWFILE2
temp/xxnedtmp21/environ.log NEWFILE3
C:\Cadence\SPB_16.6\share\cdssetup/concept/concepthdl.scr FILE4
C:\Users\QGPWindowsVB\Documents\ANUSTART\cds.lib FILE5
C:\Users\QGPWindowsVB\Documents\ANUSTART\worklib\tubii\sch_1\page1.csb FILE6
C:\Users\QGPWindowsVB\Documents\ANUSTART\worklib\tubii\sch_1\page1_csb.lck NEWFILE7
temp/xxnedtmp21/undo1.log NEWFILE8
C:\Users\QGPWindowsVB\Documents\ANUSTART\Parts\parts\misc\penn#20b#20size#20page\sym_1\symbol.css FILE9
C:\Users\QGPWindowsVB\Documents\ANUSTART\worklib\tubii\sch_1\page1_csa.lck NEWFILE10
C:/Users/QGPWindowsVB/Documents/ANUSTART/worklib/tubii/sch_1/tubii.xcon FILE11
C:/Users/QGPWindowsVB/Documents/ANUSTART/worklib/tubii/sch_1/tubii.dcf FILE12
C:\Users\QGPWindowsVB\Documents\ANUSTART\worklib\tubii\packaged/pstback.dat FILE13
C:\Users\QGPWindowsVB\Documents\ANUSTART\worklib\tubii_pcb\sch_1\page1.csb FILE14
C:\Users\QGPWindowsVB\Documents\ANUSTART\worklib\tubii_pcb\sch_1\page1_csb.lck NEWFILE15
C:\Users\QGPWindowsVB\Documents\ANUSTART\worklib\ellie_coms\sym_1\symbol.css FILE16
C:\Cadence\SPB_16.6\share\library\standard\outport\sym_1\symbol.css FILE17
C:\Users\QGPWindowsVB\Documents\ANUSTART\worklib\caen_coms\sym_1\symbol.css FILE18
C:\Cadence\SPB_16.6\share\library\standard\inport\sym_1\symbol.css FILE19
C:\Users\QGPWindowsVB\Documents\ANUSTART\worklib\ext_trigs\sym_1\symbol.css FILE20
C:\Users\QGPWindowsVB\Documents\ANUSTART\worklib\ecal_control\sym_1\symbol.css FILE21
C:\Users\QGPWindowsVB\Documents\ANUSTART\Parts\parts\ttl\hct238\sym_1\symbol.css FILE22
C:\Users\QGPWindowsVB\Documents\ANUSTART\worklib\power\sym_1\symbol.css FILE23
C:\Users\QGPWindowsVB\Documents\ANUSTART\worklib\general_utilities\sym_1\symbol.css FILE24
C:\Users\QGPWindowsVB\Documents\ANUSTART\worklib\mtca_mimic\sym_1\symbol.css FILE25
C:\Users\QGPWindowsVB\Documents\ANUSTART\worklib\clocks\sym_1\symbol.css FILE26
C:\Users\QGPWindowsVB\Documents\ANUSTART\worklib\lo_gen\sym_1\symbol.css FILE27
C:\Users\QGPWindowsVB\Documents\ANUSTART\worklib\baseline_buffer\sym_1\symbol.css FILE28
C:\Users\QGPWindowsVB\Documents\ANUSTART\worklib\tubii_spkr\sym_1\symbol.css FILE29
C:\Users\QGPWindowsVB\Documents\ANUSTART\worklib\cntrl_register\sym_1\symbol.css FILE30
C:\Users\QGPWindowsVB\Documents\ANUSTART\worklib\microzed_module\sym_1\symbol.css FILE31
C:/Cadence/SPB_16.6/tools/language/config.dat FILE32
temp/xxnedtmp21/../penn#20b#20size#20page.mkr NEWFILE33
temp/xxnedtmp21/../ellie_coms.mkr NEWFILE34
temp/xxnedtmp21/../outport.mkr NEWFILE35
temp/xxnedtmp21/../caen_coms.mkr NEWFILE36
temp/xxnedtmp21/../inport.mkr NEWFILE37
temp/xxnedtmp21/../ext_trigs.mkr NEWFILE38
temp/xxnedtmp21/../ecal_control.mkr NEWFILE39
temp/xxnedtmp21/../hct238.mkr NEWFILE40
temp/xxnedtmp21/../power.mkr NEWFILE41
temp/xxnedtmp21/../general_utilities.mkr NEWFILE42
temp/xxnedtmp21/../mtca_mimic.mkr NEWFILE43
temp/xxnedtmp21/../clocks.mkr NEWFILE44
temp/xxnedtmp21/../lo_gen.mkr NEWFILE45
temp/xxnedtmp21/../baseline_buffer.mkr NEWFILE46
temp/xxnedtmp21/../tubii_spkr.mkr NEWFILE47
temp/xxnedtmp21/../cntrl_register.mkr NEWFILE48
temp/xxnedtmp21/../microzed_module.mkr NEWFILE49
C:\Users\QGPWindowsVB\Documents\ANUSTART\worklib\tubii_pcb\sch_1\page1.csa FILE50
C:\Users\QGPWindowsVB\Documents\ANUSTART\worklib\tubii_pcb\sch_1\page1.csv FILE51
C:/Users/QGPWindowsVB/Documents/ANUSTART/worklib/tubii_pcb/sch_1/tubii_pcb_xcon.lck NEWFILE52
C:/Users/QGPWindowsVB/Documents/ANUSTART/worklib/tubii_pcb/sch_1/tubii_pcb_dcf.lck NEWFILE53
temp/xxnedtmp21/csnetlister.mkr NEWFILE54
C:\Users\QGPWindowsVB\Documents\ANUSTART\worklib\microzed_module\sch_1\page1.csb FILE55
C:\Users\QGPWindowsVB\Documents\ANUSTART\worklib\microzed_module\sch_1\page1_csb.lck NEWFILE56
C:\Users\QGPWindowsVB\Documents\ANUSTART\worklib\tubii_pcb\sch_1\page1_csa.lck NEWFILE57
C:\Users\QGPWindowsVB\Documents\ANUSTART\Parts\parts\misc\fci_61083#2d101400lf\sym_1\symbol.css FILE58
temp/xxnedtmp21/../fci_61083#2d101400lf.mkr NEWFILE59
C:\Users\QGPWindowsVB\Documents\ANUSTART\worklib\microzed_module\sch_1\page1.csa FILE60
C:\Users\QGPWindowsVB\Documents\ANUSTART\worklib\microzed_module\sch_1\page1.csv FILE61
C:/Users/QGPWindowsVB/Documents/ANUSTART/worklib/microzed_module/sch_1/microzed_module_xcon.lck NEWFILE62
C:/Users/QGPWindowsVB/Documents/ANUSTART/worklib/microzed_module/sch_1/microzed_module_dcf.lck NEWFILE63
C:\Users\QGPWindowsVB\Documents\ANUSTART\worklib\clocks\sch_1\page1.csb FILE64
C:\Users\QGPWindowsVB\Documents\ANUSTART\worklib\clocks\sch_1\page1_csb.lck NEWFILE65
C:\Users\QGPWindowsVB\Documents\ANUSTART\worklib\microzed_module\sch_1\page1_csa.lck NEWFILE66
C:\Users\QGPWindowsVB\Documents\ANUSTART\Parts\parts\ecl\mc10h124\sym_1\symbol.css FILE67
C:\Users\QGPWindowsVB\Documents\ANUSTART\Parts\parts\misc\74f164\sym_2\symbol.css FILE68
C:\Users\QGPWindowsVB\Documents\ANUSTART\worklib\change_clks\sym_1\symbol.css FILE69
C:\Users\QGPWindowsVB\Documents\ANUSTART\Parts\parts\resistors\rsmd0805\sym_1\symbol.css FILE70
C:\Users\QGPWindowsVB\Documents\ANUSTART\Parts\parts\ttl\sn74s32\sym_1\symbol.css FILE71
C:\Users\QGPWindowsVB\Documents\ANUSTART\Parts\parts\misc\dr610f1_button\sym_1\symbol.css FILE72
C:\Users\QGPWindowsVB\Documents\ANUSTART\worklib\fault_detection\sym_1\symbol.css FILE73
C:\Users\QGPWindowsVB\Documents\ANUSTART\Parts\parts\capacitors\csmd0603\sym_1\symbol.css FILE74
C:\Cadence\SPB_16.6\share\library\standard\8#20merge\sym_1\symbol.css FILE75
C:\Users\QGPWindowsVB\Documents\ANUSTART\worklib\default_clk_sel\sym_1\symbol.css FILE76
temp/xxnedtmp21/../mc10h124.mkr NEWFILE77
temp/xxnedtmp21/../74f164.mkr NEWFILE78
temp/xxnedtmp21/../change_clks.mkr NEWFILE79
temp/xxnedtmp21/../rsmd0805.mkr NEWFILE80
temp/xxnedtmp21/../sn74s32.mkr NEWFILE81
temp/xxnedtmp21/../dr610f1_button.mkr NEWFILE82
temp/xxnedtmp21/../fault_detection.mkr NEWFILE83
temp/xxnedtmp21/../csmd0603.mkr NEWFILE84
temp/xxnedtmp21/../8#20merge.mkr NEWFILE85
temp/xxnedtmp21/../default_clk_sel.mkr NEWFILE86
C:\Users\QGPWindowsVB\Documents\ANUSTART\worklib\clocks\sch_1\page1.csa FILE87
C:\Users\QGPWindowsVB\Documents\ANUSTART\worklib\clocks\sch_1\page1.csv FILE88
C:/Users/QGPWindowsVB/Documents/ANUSTART/worklib/clocks/sch_1/clocks_xcon.lck NEWFILE89
C:/Users/QGPWindowsVB/Documents/ANUSTART/worklib/clocks/sch_1/clocks_dcf.lck NEWFILE90
C:\Users\QGPWindowsVB\Documents\ANUSTART\worklib\default_clk_sel\sch_1\page1.csb FILE91
C:\Users\QGPWindowsVB\Documents\ANUSTART\worklib\default_clk_sel\sch_1\page1_csb.lck NEWFILE92
C:\Users\QGPWindowsVB\Documents\ANUSTART\worklib\clocks\sch_1\page1_csa.lck NEWFILE93
C:\Users\QGPWindowsVB\Documents\ANUSTART\Parts\parts\misc\testpoint_l\sym_1\symbol.css FILE94
C:\Users\QGPWindowsVB\Documents\ANUSTART\Parts\parts\ecl\mc10h104\sym_1\symbol.css FILE95
C:\Users\QGPWindowsVB\Documents\ANUSTART\Parts\parts\misc\sy100el34l\sym_1\symbol.css FILE96
C:\Users\QGPWindowsVB\Documents\ANUSTART\Parts\parts\ecl\sy100el91l\sym_1\symbol.css FILE97
C:\Users\QGPWindowsVB\Documents\ANUSTART\Parts\parts\misc\foxclock\sym_1\symbol.css FILE98
temp/xxnedtmp21/../testpoint_l.mkr NEWFILE99
temp/xxnedtmp21/../mc10h104.mkr NEWFILE100
temp/xxnedtmp21/../sy100el34l.mkr NEWFILE101
temp/xxnedtmp21/../sy100el91l.mkr NEWFILE102
temp/xxnedtmp21/../foxclock.mkr NEWFILE103
C:\Users\QGPWindowsVB\Documents\ANUSTART\worklib\default_clk_sel\sch_1\page1.csa FILE104
C:\Users\QGPWindowsVB\Documents\ANUSTART\worklib\default_clk_sel\sch_1\page1.csv FILE105
C:/Users/QGPWindowsVB/Documents/ANUSTART/worklib/default_clk_sel/sch_1/default_clk_sel_xcon.lck NEWFILE106
C:/Users/QGPWindowsVB/Documents/ANUSTART/worklib/default_clk_sel/sch_1/default_clk_sel_dcf.lck NEWFILE107
C:\Users\QGPWindowsVB\Documents\ANUSTART\worklib\fault_detection\sch_1\page1.csb FILE108
C:\Users\QGPWindowsVB\Documents\ANUSTART\worklib\fault_detection\sch_1\page1_csb.lck NEWFILE109
C:\Users\QGPWindowsVB\Documents\ANUSTART\worklib\default_clk_sel\sch_1\page1_csa.lck NEWFILE110
C:\Users\QGPWindowsVB\Documents\ANUSTART\Parts\parts\misc\sip_header_2pin\sym_1\symbol.css FILE111
C:\Users\QGPWindowsVB\Documents\ANUSTART\Parts\parts\capacitors\csmd0805\sym_1\symbol.css FILE112
C:\Users\QGPWindowsVB\Documents\ANUSTART\Parts\parts\ecl\mc10h131\sym_1\symbol.css FILE113
C:\Users\QGPWindowsVB\Documents\ANUSTART\Parts\parts\ecl\mc10e016\sym_1\symbol.css FILE114
C:\Users\QGPWindowsVB\Documents\ANUSTART\Parts\parts\ttl\sy100el05\sym_1\symbol.css FILE115
C:\Users\QGPWindowsVB\Documents\ANUSTART\Parts\parts\misc\led_l\sym_1\symbol.css FILE116
C:\Users\QGPWindowsVB\Documents\ANUSTART\Parts\parts\ttl\74hct273\sym_1\symbol.css FILE117
C:\Users\QGPWindowsVB\Documents\ANUSTART\Parts\parts\misc\hct123\sym_1\symbol.css FILE118
C:\Users\QGPWindowsVB\Documents\ANUSTART\Parts\parts\ecl\mc10h125\sym_1\symbol.css FILE119
C:\Users\QGPWindowsVB\Documents\ANUSTART\Parts\parts\ecl\mc10e116\sym_1\symbol.css FILE120
temp/xxnedtmp21/../sip_header_2pin.mkr NEWFILE121
temp/xxnedtmp21/../csmd0805.mkr NEWFILE122
temp/xxnedtmp21/../mc10h131.mkr NEWFILE123
temp/xxnedtmp21/../mc10e016.mkr NEWFILE124
temp/xxnedtmp21/../sy100el05.mkr NEWFILE125
temp/xxnedtmp21/../led_l.mkr NEWFILE126
temp/xxnedtmp21/../74hct273.mkr NEWFILE127
temp/xxnedtmp21/../hct123.mkr NEWFILE128
temp/xxnedtmp21/../mc10h125.mkr NEWFILE129
temp/xxnedtmp21/../mc10e116.mkr NEWFILE130
C:\Users\QGPWindowsVB\Documents\ANUSTART\worklib\fault_detection\sch_1\page1.csa FILE131
C:\Users\QGPWindowsVB\Documents\ANUSTART\worklib\fault_detection\sch_1\page1.csv FILE132
C:/Users/QGPWindowsVB/Documents/ANUSTART/worklib/fault_detection/sch_1/fault_detection_xcon.lck NEWFILE133
C:/Users/QGPWindowsVB/Documents/ANUSTART/worklib/fault_detection/sch_1/fault_detection_dcf.lck NEWFILE134
C:\Users\QGPWindowsVB\Documents\ANUSTART\worklib\change_clks\sch_1\page1.csb FILE135
C:\Users\QGPWindowsVB\Documents\ANUSTART\worklib\change_clks\sch_1\page1_csb.lck NEWFILE136
C:\Users\QGPWindowsVB\Documents\ANUSTART\worklib\fault_detection\sch_1\page1_csa.lck NEWFILE137
C:\Users\QGPWindowsVB\Documents\ANUSTART\Parts\parts\misc\ss22sdp2\sym_1\symbol.css FILE138
temp/xxnedtmp21/../ss22sdp2.mkr NEWFILE139
C:\Users\QGPWindowsVB\Documents\ANUSTART\worklib\change_clks\sch_1\page1.csa FILE140
C:\Users\QGPWindowsVB\Documents\ANUSTART\worklib\change_clks\sch_1\page1.csv FILE141
C:/Users/QGPWindowsVB/Documents/ANUSTART/worklib/change_clks/sch_1/change_clks_xcon.lck NEWFILE142
C:/Users/QGPWindowsVB/Documents/ANUSTART/worklib/change_clks/sch_1/change_clks_dcf.lck NEWFILE143
C:\Users\QGPWindowsVB\Documents\ANUSTART\worklib\pulse_inverter\sch_1\page1.csb FILE144
C:\Users\QGPWindowsVB\Documents\ANUSTART\worklib\pulse_inverter\sch_1\page1_csb.lck NEWFILE145
C:\Users\QGPWindowsVB\Documents\ANUSTART\worklib\change_clks\sch_1\page1_csa.lck NEWFILE146
C:\Users\QGPWindowsVB\Documents\ANUSTART\Parts\parts\misc\ad8009\sym_1\symbol.css FILE147
temp/xxnedtmp21/../ad8009.mkr NEWFILE148
C:\Users\QGPWindowsVB\Documents\ANUSTART\worklib\pulse_inverter\sch_1\page1.csa FILE149
C:\Users\QGPWindowsVB\Documents\ANUSTART\worklib\pulse_inverter\sch_1\page1.csv FILE150
C:/Users/QGPWindowsVB/Documents/ANUSTART/worklib/pulse_inverter/sch_1/pulse_inverter_xcon.lck NEWFILE151
C:/Users/QGPWindowsVB/Documents/ANUSTART/worklib/pulse_inverter/sch_1/pulse_inverter_dcf.lck NEWFILE152
C:\Users\QGPWindowsVB\Documents\ANUSTART\worklib\ribbon_delay\sch_1\page1.csb FILE153
C:\Users\QGPWindowsVB\Documents\ANUSTART\worklib\ribbon_delay\sch_1\page1_csb.lck NEWFILE154
C:\Users\QGPWindowsVB\Documents\ANUSTART\worklib\pulse_inverter\sch_1\page1_csa.lck NEWFILE155
C:\Users\QGPWindowsVB\Documents\ANUSTART\Parts\parts\ecl\mc10h116\sym_1\symbol.css FILE156
C:\Users\QGPWindowsVB\Documents\ANUSTART\Parts\parts\misc\ids_c10\sym_1\symbol.css FILE157
temp/xxnedtmp21/../mc10h116.mkr NEWFILE158
temp/xxnedtmp21/../ids_c10.mkr NEWFILE159
C:\Users\QGPWindowsVB\Documents\ANUSTART\worklib\ribbon_delay\sch_1\page1.csa FILE160
C:\Users\QGPWindowsVB\Documents\ANUSTART\worklib\ribbon_delay\sch_1\page1.csv FILE161
C:/Users/QGPWindowsVB/Documents/ANUSTART/worklib/ribbon_delay/sch_1/ribbon_delay_xcon.lck NEWFILE162
C:/Users/QGPWindowsVB/Documents/ANUSTART/worklib/ribbon_delay/sch_1/ribbon_delay_dcf.lck NEWFILE163
C:\Users\QGPWindowsVB\Documents\ANUSTART\worklib\generic_delays\sch_1\page1.csb FILE164
C:\Users\QGPWindowsVB\Documents\ANUSTART\worklib\generic_delays\sch_1\page1_csb.lck NEWFILE165
C:\Users\QGPWindowsVB\Documents\ANUSTART\worklib\ribbon_delay\sch_1\page1_csa.lck NEWFILE166
C:\Users\QGPWindowsVB\Documents\ANUSTART\Parts\parts\ttl\ds102350\sym_1\symbol.css FILE167
temp/xxnedtmp21/../ds102350.mkr NEWFILE168
C:\Users\QGPWindowsVB\Documents\ANUSTART\worklib\generic_delays\sch_1\page1.csa FILE169
C:\Users\QGPWindowsVB\Documents\ANUSTART\worklib\generic_delays\sch_1\page1.csv FILE170
C:/Users/QGPWindowsVB/Documents/ANUSTART/worklib/generic_delays/sch_1/generic_delays_xcon.lck NEWFILE171
C:/Users/QGPWindowsVB/Documents/ANUSTART/worklib/generic_delays/sch_1/generic_delays_dcf.lck NEWFILE172
C:\Users\QGPWindowsVB\Documents\ANUSTART\worklib\ecl_translation\sch_1\page1.csb FILE173
C:\Users\QGPWindowsVB\Documents\ANUSTART\worklib\ecl_translation\sch_1\page1_csb.lck NEWFILE174
C:\Users\QGPWindowsVB\Documents\ANUSTART\worklib\generic_delays\sch_1\page1_csa.lck NEWFILE175
C:\Users\QGPWindowsVB\Documents\ANUSTART\Parts\parts\transistors\mmbth10\sym_1\symbol.css FILE176
C:\Users\QGPWindowsVB\Documents\ANUSTART\Parts\parts\transistors\mpsh81\sym_1\symbol.css FILE177
C:\Users\QGPWindowsVB\Documents\ANUSTART\Parts\parts\misc\ds90lv019\sym_1\symbol.css FILE178
temp/xxnedtmp21/../mmbth10.mkr NEWFILE179
temp/xxnedtmp21/../mpsh81.mkr NEWFILE180
temp/xxnedtmp21/../ds90lv019.mkr NEWFILE181
C:\Users\QGPWindowsVB\Documents\ANUSTART\worklib\ecl_translation\sch_1\page1.csa FILE182
C:\Users\QGPWindowsVB\Documents\ANUSTART\worklib\ecl_translation\sch_1\page1.csv FILE183
C:/Users/QGPWindowsVB/Documents/ANUSTART/worklib/ecl_translation/sch_1/ecl_translation_xcon.lck NEWFILE184
C:/Users/QGPWindowsVB/Documents/ANUSTART/worklib/ecl_translation/sch_1/ecl_translation_dcf.lck NEWFILE185
C:\Users\QGPWindowsVB\Documents\ANUSTART\worklib\power\sch_1\page1.csb FILE186
C:\Users\QGPWindowsVB\Documents\ANUSTART\worklib\power\sch_1\page1_csb.lck NEWFILE187
C:\Users\QGPWindowsVB\Documents\ANUSTART\worklib\ecl_translation\sch_1\page1_csa.lck NEWFILE188
C:\Users\QGPWindowsVB\Documents\ANUSTART\Parts\parts\capacitors\tant0805\sym_1\symbol.css FILE189
C:\Users\QGPWindowsVB\Documents\ANUSTART\Parts\parts\misc\inductor_l\sym_1\symbol.css FILE190
C:\Users\QGPWindowsVB\Documents\ANUSTART\Parts\parts\misc\ostoq047150\sym_1\symbol.css FILE191
C:\Users\QGPWindowsVB\Documents\ANUSTART\Parts\parts\regulators\7915_l\sym_1\symbol.css FILE192
C:\Users\QGPWindowsVB\Documents\ANUSTART\Parts\parts\regulators\7815s_l\sym_1\symbol.css FILE193
C:\Users\QGPWindowsVB\Documents\ANUSTART\Parts\parts\regulators\lm337t_l\sym_1\symbol.css FILE194
C:\Users\QGPWindowsVB\Documents\ANUSTART\Parts\parts\regulators\lm1117\sym_1\symbol.css FILE195
temp/xxnedtmp21/../tant0805.mkr NEWFILE196
temp/xxnedtmp21/../inductor_l.mkr NEWFILE197
temp/xxnedtmp21/../ostoq047150.mkr NEWFILE198
temp/xxnedtmp21/../7915_l.mkr NEWFILE199
temp/xxnedtmp21/../7815s_l.mkr NEWFILE200
temp/xxnedtmp21/../lm337t_l.mkr NEWFILE201
temp/xxnedtmp21/../lm1117.mkr NEWFILE202
C:\Users\QGPWindowsVB\Documents\ANUSTART\worklib\power\sch_1\page1.csa FILE203
C:\Users\QGPWindowsVB\Documents\ANUSTART\worklib\power\sch_1\page1.csv FILE204
C:/Users/QGPWindowsVB/Documents/ANUSTART/worklib/power/sch_1/power_xcon.lck NEWFILE205
C:/Users/QGPWindowsVB/Documents/ANUSTART/worklib/power/sch_1/power_dcf.lck NEWFILE206
C:\Users\QGPWindowsVB\Documents\ANUSTART\worklib\ecal_control\sch_1\page1.csb FILE207
C:\Users\QGPWindowsVB\Documents\ANUSTART\worklib\ecal_control\sch_1\page1_csb.lck NEWFILE208
C:\Users\QGPWindowsVB\Documents\ANUSTART\worklib\power\sch_1\page1_csa.lck NEWFILE209
C:\Users\QGPWindowsVB\Documents\ANUSTART\worklib\ecal_control\sch_1\page1.csa FILE210
C:\Users\QGPWindowsVB\Documents\ANUSTART\worklib\ecal_control\sch_1\page1.csv FILE211
C:/Users/QGPWindowsVB/Documents/ANUSTART/worklib/ecal_control/sch_1/ecal_control_xcon.lck NEWFILE212
C:/Users/QGPWindowsVB/Documents/ANUSTART/worklib/ecal_control/sch_1/ecal_control_dcf.lck NEWFILE213
C:\Users\QGPWindowsVB\Documents\ANUSTART\worklib\caen_analog_coms\sch_1\page1.csb FILE214
C:\Users\QGPWindowsVB\Documents\ANUSTART\worklib\caen_analog_coms\sch_1\page1_csb.lck NEWFILE215
C:\Users\QGPWindowsVB\Documents\ANUSTART\worklib\ecal_control\sch_1\page1_csa.lck NEWFILE216
C:\Users\QGPWindowsVB\Documents\ANUSTART\Parts\parts\misc\pickering113fc\sym_1\symbol.css FILE217
C:\Users\QGPWindowsVB\Documents\ANUSTART\worklib\vref_gen\sym_1\symbol.css FILE218
C:\Users\QGPWindowsVB\Documents\ANUSTART\worklib\caen_buffer\sym_1\symbol.css FILE219
C:\Users\QGPWindowsVB\Documents\ANUSTART\Parts\parts\ttl\hct374\sym_1\symbol.css FILE220
C:\Users\QGPWindowsVB\Documents\ANUSTART\Parts\parts\ttl\74f07\sym_1\symbol.css FILE221
temp/xxnedtmp21/../pickering113fc.mkr NEWFILE222
temp/xxnedtmp21/../vref_gen.mkr NEWFILE223
temp/xxnedtmp21/../caen_buffer.mkr NEWFILE224
temp/xxnedtmp21/../hct374.mkr NEWFILE225
temp/xxnedtmp21/../74f07.mkr NEWFILE226
C:\Users\QGPWindowsVB\Documents\ANUSTART\worklib\caen_analog_coms\sch_1\page1.csa FILE227
C:\Users\QGPWindowsVB\Documents\ANUSTART\worklib\caen_analog_coms\sch_1\page1.csv FILE228
C:/Users/QGPWindowsVB/Documents/ANUSTART/worklib/caen_analog_coms/sch_1/caen_analog_coms_xcon.lck NEWFILE229
C:/Users/QGPWindowsVB/Documents/ANUSTART/worklib/caen_analog_coms/sch_1/caen_analog_coms_dcf.lck NEWFILE230
C:\Users\QGPWindowsVB\Documents\ANUSTART\worklib\vref_gen\sch_1\page1.csb FILE231
C:\Users\QGPWindowsVB\Documents\ANUSTART\worklib\vref_gen\sch_1\page1_csb.lck NEWFILE232
C:\Users\QGPWindowsVB\Documents\ANUSTART\worklib\caen_analog_coms\sch_1\page1_csa.lck NEWFILE233
C:\Users\QGPWindowsVB\Documents\ANUSTART\Parts\parts\misc\opa277\sym_1\symbol.css FILE234
C:\Users\QGPWindowsVB\Documents\ANUSTART\Parts\parts\misc\ref02\sym_1\symbol.css FILE235
temp/xxnedtmp21/../opa277.mkr NEWFILE236
temp/xxnedtmp21/../ref02.mkr NEWFILE237
C:\Users\QGPWindowsVB\Documents\ANUSTART\worklib\vref_gen\sch_1\page1.csa FILE238
C:\Users\QGPWindowsVB\Documents\ANUSTART\worklib\vref_gen\sch_1\page1.csv FILE239
C:/Users/QGPWindowsVB/Documents/ANUSTART/worklib/vref_gen/sch_1/vref_gen_xcon.lck NEWFILE240
C:/Users/QGPWindowsVB/Documents/ANUSTART/worklib/vref_gen/sch_1/vref_gen_dcf.lck NEWFILE241
C:\Users\QGPWindowsVB\Documents\ANUSTART\worklib\caen_dig_coms\sch_1\page1.csb FILE242
C:\Users\QGPWindowsVB\Documents\ANUSTART\worklib\caen_dig_coms\sch_1\page1_csb.lck NEWFILE243
C:\Users\QGPWindowsVB\Documents\ANUSTART\worklib\vref_gen\sch_1\page1_csa.lck NEWFILE244
C:\Users\QGPWindowsVB\Documents\ANUSTART\Parts\parts\transistors\mmbth81\sym_1\symbol.css FILE245
C:\Users\QGPWindowsVB\Documents\ANUSTART\Parts\parts\misc\ds90lv027\sym_1\symbol.css FILE246
temp/xxnedtmp21/../mmbth81.mkr NEWFILE247
temp/xxnedtmp21/../ds90lv027.mkr NEWFILE248
C:\Users\QGPWindowsVB\Documents\ANUSTART\worklib\caen_dig_coms\sch_1\page1.csa FILE249
C:\Users\QGPWindowsVB\Documents\ANUSTART\worklib\caen_dig_coms\sch_1\page1.csv FILE250
C:/Users/QGPWindowsVB/Documents/ANUSTART/worklib/caen_dig_coms/sch_1/caen_dig_coms_xcon.lck NEWFILE251
C:/Users/QGPWindowsVB/Documents/ANUSTART/worklib/caen_dig_coms/sch_1/caen_dig_coms_dcf.lck NEWFILE252
C:\Users\QGPWindowsVB\Documents\ANUSTART\worklib\ellie_coms\sch_1\page1.csb FILE253
C:\Users\QGPWindowsVB\Documents\ANUSTART\worklib\ellie_coms\sch_1\page1_csb.lck NEWFILE254
C:\Users\QGPWindowsVB\Documents\ANUSTART\worklib\caen_dig_coms\sch_1\page1_csa.lck NEWFILE255
C:\Users\QGPWindowsVB\Documents\ANUSTART\worklib\ellie_coms\sch_1\page1.csa FILE256
C:\Users\QGPWindowsVB\Documents\ANUSTART\worklib\ellie_coms\sch_1\page1.csv FILE257
C:/Users/QGPWindowsVB/Documents/ANUSTART/worklib/ellie_coms/sch_1/ellie_coms_xcon.lck NEWFILE258
C:/Users/QGPWindowsVB/Documents/ANUSTART/worklib/ellie_coms/sch_1/ellie_coms_dcf.lck NEWFILE259
C:\Users\QGPWindowsVB\Documents\ANUSTART\worklib\cntrl_register\sch_1\page1.csb FILE260
C:\Users\QGPWindowsVB\Documents\ANUSTART\worklib\cntrl_register\sch_1\page1_csb.lck NEWFILE261
C:\Users\QGPWindowsVB\Documents\ANUSTART\worklib\ellie_coms\sch_1\page1_csa.lck NEWFILE262
C:\Users\QGPWindowsVB\Documents\ANUSTART\Parts\parts\ttl\74hct165\sym_1\symbol.css FILE263
temp/xxnedtmp21/../74hct165.mkr NEWFILE264
C:\Users\QGPWindowsVB\Documents\ANUSTART\worklib\cntrl_register\sch_1\page1.csa FILE265
C:\Users\QGPWindowsVB\Documents\ANUSTART\worklib\cntrl_register\sch_1\page1.csv FILE266
C:/Users/QGPWindowsVB/Documents/ANUSTART/worklib/cntrl_register/sch_1/cntrl_register_xcon.lck NEWFILE267
C:/Users/QGPWindowsVB/Documents/ANUSTART/worklib/cntrl_register/sch_1/cntrl_register_dcf.lck NEWFILE268
C:\Users\QGPWindowsVB\Documents\ANUSTART\worklib\tubii_spkr\sch_1\page1.csb FILE269
C:\Users\QGPWindowsVB\Documents\ANUSTART\worklib\tubii_spkr\sch_1\page1_csb.lck NEWFILE270
C:\Users\QGPWindowsVB\Documents\ANUSTART\worklib\cntrl_register\sch_1\page1_csa.lck NEWFILE271
C:\Users\QGPWindowsVB\Documents\ANUSTART\Parts\parts\resistors\3006p_trimpot\sym_1\symbol.css FILE272
C:\Users\QGPWindowsVB\Documents\ANUSTART\Parts\parts\ttl\74f06\sym_1\symbol.css FILE273
C:\Users\QGPWindowsVB\Documents\ANUSTART\Parts\parts\misc\led_1206\sym_1\symbol.css FILE274
temp/xxnedtmp21/../3006p_trimpot.mkr NEWFILE275
temp/xxnedtmp21/../74f06.mkr NEWFILE276
temp/xxnedtmp21/../led_1206.mkr NEWFILE277
C:\Users\QGPWindowsVB\Documents\ANUSTART\worklib\tubii_spkr\sch_1\page1.csa FILE278
C:\Users\QGPWindowsVB\Documents\ANUSTART\worklib\tubii_spkr\sch_1\page1.csv FILE279
C:/Users/QGPWindowsVB/Documents/ANUSTART/worklib/tubii_spkr/sch_1/tubii_spkr_xcon.lck NEWFILE280
C:/Users/QGPWindowsVB/Documents/ANUSTART/worklib/tubii_spkr/sch_1/tubii_spkr_dcf.lck NEWFILE281
C:\Users\QGPWindowsVB\Documents\ANUSTART\worklib\baseline_buffer\sch_1\page1.csb FILE282
C:\Users\QGPWindowsVB\Documents\ANUSTART\worklib\baseline_buffer\sch_1\page1_csb.lck NEWFILE283
C:\Users\QGPWindowsVB\Documents\ANUSTART\worklib\tubii_spkr\sch_1\page1_csa.lck NEWFILE284
C:\Users\QGPWindowsVB\Documents\ANUSTART\Parts\parts\misc\opa2277\sym_1\symbol.css FILE285
C:\Users\QGPWindowsVB\Documents\ANUSTART\Parts\parts\misc\opa4277\sym_1\symbol.css FILE286
temp/xxnedtmp21/../opa2277.mkr NEWFILE287
temp/xxnedtmp21/../opa4277.mkr NEWFILE288
C:\Users\QGPWindowsVB\Documents\ANUSTART\worklib\baseline_buffer\sch_1\page1.csa FILE289
C:\Users\QGPWindowsVB\Documents\ANUSTART\worklib\baseline_buffer\sch_1\page1.csv FILE290
C:/Users/QGPWindowsVB/Documents/ANUSTART/worklib/baseline_buffer/sch_1/baseline_buffer_xcon.lck NEWFILE291
C:/Users/QGPWindowsVB/Documents/ANUSTART/worklib/baseline_buffer/sch_1/baseline_buffer_dcf.lck NEWFILE292
C:\Users\QGPWindowsVB\Documents\ANUSTART\worklib\lo_gen\sch_1\page1.csb FILE293
C:\Users\QGPWindowsVB\Documents\ANUSTART\worklib\lo_gen\sch_1\page1_csb.lck NEWFILE294
C:\Users\QGPWindowsVB\Documents\ANUSTART\worklib\baseline_buffer\sch_1\page1_csa.lck NEWFILE295
C:\Users\QGPWindowsVB\Documents\ANUSTART\worklib\select_lo_src\sym_1\symbol.css FILE296
C:\Users\QGPWindowsVB\Documents\ANUSTART\worklib\gt_delays\sym_1\symbol.css FILE297
temp/xxnedtmp21/../select_lo_src.mkr NEWFILE298
temp/xxnedtmp21/../gt_delays.mkr NEWFILE299
C:\Users\QGPWindowsVB\Documents\ANUSTART\worklib\lo_gen\sch_1\page1.csa FILE300
C:\Users\QGPWindowsVB\Documents\ANUSTART\worklib\lo_gen\sch_1\page1.csv FILE301
C:/Users/QGPWindowsVB/Documents/ANUSTART/worklib/lo_gen/sch_1/lo_gen_xcon.lck NEWFILE302
C:/Users/QGPWindowsVB/Documents/ANUSTART/worklib/lo_gen/sch_1/lo_gen_dcf.lck NEWFILE303
C:\Users\QGPWindowsVB\Documents\ANUSTART\worklib\gt_delays\sch_1\page1.csb FILE304
C:\Users\QGPWindowsVB\Documents\ANUSTART\worklib\gt_delays\sch_1\page1_csb.lck NEWFILE305
C:\Users\QGPWindowsVB\Documents\ANUSTART\worklib\lo_gen\sch_1\page1_csa.lck NEWFILE306
C:\Users\QGPWindowsVB\Documents\ANUSTART\Parts\parts\ttl\ds1023500\sym_1\symbol.css FILE307
C:\Users\QGPWindowsVB\Documents\ANUSTART\Parts\parts\ttl\ds1023200\sym_1\symbol.css FILE308
temp/xxnedtmp21/../ds1023500.mkr NEWFILE309
temp/xxnedtmp21/../ds1023200.mkr NEWFILE310
C:\Users\QGPWindowsVB\Documents\ANUSTART\worklib\gt_delays\sch_1\page1.csa FILE311
C:\Users\QGPWindowsVB\Documents\ANUSTART\worklib\gt_delays\sch_1\page1.csv FILE312
C:/Users/QGPWindowsVB/Documents/ANUSTART/worklib/gt_delays/sch_1/gt_delays_xcon.lck NEWFILE313
C:/Users/QGPWindowsVB/Documents/ANUSTART/worklib/gt_delays/sch_1/gt_delays_dcf.lck NEWFILE314
C:\Users\QGPWindowsVB\Documents\ANUSTART\worklib\select_lo_src\sch_1\page1.csb FILE315
C:\Users\QGPWindowsVB\Documents\ANUSTART\worklib\select_lo_src\sch_1\page1_csb.lck NEWFILE316
C:\Users\QGPWindowsVB\Documents\ANUSTART\worklib\gt_delays\sch_1\page1_csa.lck NEWFILE317
C:\Users\QGPWindowsVB\Documents\ANUSTART\worklib\select_lo_src\sch_1\page1.csa FILE318
C:\Users\QGPWindowsVB\Documents\ANUSTART\worklib\select_lo_src\sch_1\page1.csv FILE319
C:/Users/QGPWindowsVB/Documents/ANUSTART/worklib/select_lo_src/sch_1/select_lo_src_xcon.lck NEWFILE320
C:/Users/QGPWindowsVB/Documents/ANUSTART/worklib/select_lo_src/sch_1/select_lo_src_dcf.lck NEWFILE321
C:\Users\QGPWindowsVB\Documents\ANUSTART\worklib\mtca_mimic\sch_1\page1.csb FILE322
C:\Users\QGPWindowsVB\Documents\ANUSTART\worklib\mtca_mimic\sch_1\page1_csb.lck NEWFILE323
C:\Users\QGPWindowsVB\Documents\ANUSTART\worklib\select_lo_src\sch_1\page1_csa.lck NEWFILE324
C:\Users\QGPWindowsVB\Documents\ANUSTART\Parts\parts\misc\ad7243\sym_1\symbol.css FILE325
C:\Users\QGPWindowsVB\Documents\ANUSTART\worklib\trigger_logic\sym_1\symbol.css FILE326
C:\Users\QGPWindowsVB\Documents\ANUSTART\Parts\parts\misc\ad96687\sym_1\symbol.css FILE327
temp/xxnedtmp21/../ad7243.mkr NEWFILE328
temp/xxnedtmp21/../trigger_logic.mkr NEWFILE329
temp/xxnedtmp21/../ad96687.mkr NEWFILE330
C:\Users\QGPWindowsVB\Documents\ANUSTART\worklib\mtca_mimic\sch_1\page1.csa FILE331
C:\Users\QGPWindowsVB\Documents\ANUSTART\worklib\mtca_mimic\sch_1\page1.csv FILE332
C:/Users/QGPWindowsVB/Documents/ANUSTART/worklib/mtca_mimic/sch_1/mtca_mimic_xcon.lck NEWFILE333
C:/Users/QGPWindowsVB/Documents/ANUSTART/worklib/mtca_mimic/sch_1/mtca_mimic_dcf.lck NEWFILE334
C:\Users\QGPWindowsVB\Documents\ANUSTART\worklib\trigger_logic\sch_1\page1.csb FILE335
C:\Users\QGPWindowsVB\Documents\ANUSTART\worklib\trigger_logic\sch_1\page1_csb.lck NEWFILE336
C:\Users\QGPWindowsVB\Documents\ANUSTART\worklib\mtca_mimic\sch_1\page1_csa.lck NEWFILE337
C:\Users\QGPWindowsVB\Documents\ANUSTART\Parts\parts\ecl\mc10e101\sym_1\symbol.css FILE338
temp/xxnedtmp21/../mc10e101.mkr NEWFILE339
C:\Users\QGPWindowsVB\Documents\ANUSTART\worklib\trigger_logic\sch_1\page1.csa FILE340
C:\Users\QGPWindowsVB\Documents\ANUSTART\worklib\trigger_logic\sch_1\page1.csv FILE341
C:/Users/QGPWindowsVB/Documents/ANUSTART/worklib/trigger_logic/sch_1/trigger_logic_xcon.lck NEWFILE342
C:/Users/QGPWindowsVB/Documents/ANUSTART/worklib/trigger_logic/sch_1/trigger_logic_dcf.lck NEWFILE343
C:\Users\QGPWindowsVB\Documents\ANUSTART\worklib\ext_trigs\sch_1\page1.csb FILE344
C:\Users\QGPWindowsVB\Documents\ANUSTART\worklib\ext_trigs\sch_1\page1_csb.lck NEWFILE345
C:\Users\QGPWindowsVB\Documents\ANUSTART\worklib\trigger_logic\sch_1\page1_csa.lck NEWFILE346
C:\Users\QGPWindowsVB\Documents\ANUSTART\worklib\ext_trigs\sch_1\page1.csa FILE347
C:\Users\QGPWindowsVB\Documents\ANUSTART\worklib\ext_trigs\sch_1\page1.csv FILE348
C:/Users/QGPWindowsVB/Documents/ANUSTART/worklib/ext_trigs/sch_1/ext_trigs_xcon.lck NEWFILE349
C:/Users/QGPWindowsVB/Documents/ANUSTART/worklib/ext_trigs/sch_1/ext_trigs_dcf.lck NEWFILE350
C:\Users\QGPWindowsVB\Documents\ANUSTART\worklib\front_ports\sch_1\page1.csb FILE351
C:\Users\QGPWindowsVB\Documents\ANUSTART\worklib\front_ports\sch_1\page1_csb.lck NEWFILE352
C:\Users\QGPWindowsVB\Documents\ANUSTART\worklib\ext_trigs\sch_1\page1_csa.lck NEWFILE353
C:\Users\QGPWindowsVB\Documents\ANUSTART\Parts\parts\misc\conn12\sym_1\symbol.css FILE354
C:\Users\QGPWindowsVB\Documents\ANUSTART\worklib\gt_delays_ports\sym_1\symbol.css FILE355
C:\Users\QGPWindowsVB\Documents\ANUSTART\worklib\ext_trig_ports\sym_1\symbol.css FILE356
C:\Users\QGPWindowsVB\Documents\ANUSTART\worklib\scaler_ports\sym_1\symbol.css FILE357
C:\Users\QGPWindowsVB\Documents\ANUSTART\worklib\caen_ports\sym_1\symbol.css FILE358
C:\Users\QGPWindowsVB\Documents\ANUSTART\worklib\general_utilities_ports\sym_1\symbol.css FILE359
C:\Users\QGPWindowsVB\Documents\ANUSTART\worklib\time_bus_ports\sym_1\symbol.css FILE360
C:\Users\QGPWindowsVB\Documents\ANUSTART\worklib\translation_ports\sym_1\symbol.css FILE361
C:\Users\QGPWindowsVB\Documents\ANUSTART\Parts\parts\misc\conn20\sym_1\symbol.css FILE362
temp/xxnedtmp21/../conn12.mkr NEWFILE363
temp/xxnedtmp21/../gt_delays_ports.mkr NEWFILE364
temp/xxnedtmp21/../ext_trig_ports.mkr NEWFILE365
temp/xxnedtmp21/../scaler_ports.mkr NEWFILE366
temp/xxnedtmp21/../caen_ports.mkr NEWFILE367
temp/xxnedtmp21/../general_utilities_ports.mkr NEWFILE368
temp/xxnedtmp21/../time_bus_ports.mkr NEWFILE369
temp/xxnedtmp21/../translation_ports.mkr NEWFILE370
temp/xxnedtmp21/../conn20.mkr NEWFILE371
C:\Users\QGPWindowsVB\Documents\ANUSTART\worklib\front_ports\sch_1\page1.csa FILE372
C:\Users\QGPWindowsVB\Documents\ANUSTART\worklib\front_ports\sch_1\page1.csv FILE373
C:/Users/QGPWindowsVB/Documents/ANUSTART/worklib/front_ports/sch_1/front_ports_xcon.lck NEWFILE374
C:/Users/QGPWindowsVB/Documents/ANUSTART/worklib/front_ports/sch_1/front_ports_dcf.lck NEWFILE375
C:\Users\QGPWindowsVB\Documents\ANUSTART\worklib\translation_ports\sch_1\page1.csb FILE376
C:\Users\QGPWindowsVB\Documents\ANUSTART\worklib\translation_ports\sch_1\page1_csb.lck NEWFILE377
C:\Users\QGPWindowsVB\Documents\ANUSTART\worklib\front_ports\sch_1\page1_csa.lck NEWFILE378
C:\Users\QGPWindowsVB\Documents\ANUSTART\worklib\translation_ports\sch_1\page1.csa FILE379
C:\Users\QGPWindowsVB\Documents\ANUSTART\worklib\translation_ports\sch_1\page1.csv FILE380
C:/Users/QGPWindowsVB/Documents/ANUSTART/worklib/translation_ports/sch_1/translation_ports_xcon.lck NEWFILE381
C:/Users/QGPWindowsVB/Documents/ANUSTART/worklib/translation_ports/sch_1/translation_ports_dcf.lck NEWFILE382
C:\Users\QGPWindowsVB\Documents\ANUSTART\worklib\time_bus_ports\sch_1\page1.csb FILE383
C:\Users\QGPWindowsVB\Documents\ANUSTART\worklib\time_bus_ports\sch_1\page1_csb.lck NEWFILE384
C:\Users\QGPWindowsVB\Documents\ANUSTART\worklib\translation_ports\sch_1\page1_csa.lck NEWFILE385
C:\Users\QGPWindowsVB\Documents\ANUSTART\worklib\time_bus_ports\sch_1\page1.csa FILE386
C:\Users\QGPWindowsVB\Documents\ANUSTART\worklib\time_bus_ports\sch_1\page1.csv FILE387
C:/Users/QGPWindowsVB/Documents/ANUSTART/worklib/time_bus_ports/sch_1/time_bus_ports_xcon.lck NEWFILE388
C:/Users/QGPWindowsVB/Documents/ANUSTART/worklib/time_bus_ports/sch_1/time_bus_ports_dcf.lck NEWFILE389
C:\Users\QGPWindowsVB\Documents\ANUSTART\worklib\general_utilities_ports\sch_1\page1.csb FILE390
C:\Users\QGPWindowsVB\Documents\ANUSTART\worklib\general_utilities_ports\sch_1\page1_csb.lck NEWFILE391
C:\Users\QGPWindowsVB\Documents\ANUSTART\worklib\time_bus_ports\sch_1\page1_csa.lck NEWFILE392
C:\Users\QGPWindowsVB\Documents\ANUSTART\worklib\general_utilities_ports\sch_1\page1.csa FILE393
C:\Users\QGPWindowsVB\Documents\ANUSTART\worklib\general_utilities_ports\sch_1\page1.csv FILE394
C:/Users/QGPWindowsVB/Documents/ANUSTART/worklib/general_utilities_ports/sch_1/general_utilities_ports_xcon.lck NEWFILE395
C:/Users/QGPWindowsVB/Documents/ANUSTART/worklib/general_utilities_ports/sch_1/general_utilities_ports_dcf.lck NEWFILE396
C:\Users\QGPWindowsVB\Documents\ANUSTART\worklib\caen_digital_ports\sch_1\page1.csb FILE397
C:\Users\QGPWindowsVB\Documents\ANUSTART\worklib\caen_digital_ports\sch_1\page1_csb.lck NEWFILE398
C:\Users\QGPWindowsVB\Documents\ANUSTART\worklib\general_utilities_ports\sch_1\page1_csa.lck NEWFILE399
C:\Users\QGPWindowsVB\Documents\ANUSTART\worklib\caen_digital_ports\sch_1\page1.csa FILE400
C:\Users\QGPWindowsVB\Documents\ANUSTART\worklib\caen_digital_ports\sch_1\page1.csv FILE401
C:/Users/QGPWindowsVB/Documents/ANUSTART/worklib/caen_digital_ports/sch_1/caen_digital_ports_xcon.lck NEWFILE402
C:/Users/QGPWindowsVB/Documents/ANUSTART/worklib/caen_digital_ports/sch_1/caen_digital_ports_dcf.lck NEWFILE403
C:\Users\QGPWindowsVB\Documents\ANUSTART\worklib\caen_analog_ports\sch_1\page1.csb FILE404
C:\Users\QGPWindowsVB\Documents\ANUSTART\worklib\caen_analog_ports\sch_1\page1_csb.lck NEWFILE405
C:\Users\QGPWindowsVB\Documents\ANUSTART\worklib\caen_digital_ports\sch_1\page1_csa.lck NEWFILE406
C:\Users\QGPWindowsVB\Documents\ANUSTART\worklib\caen_analog_ports\sch_1\page1.csa FILE407
C:\Users\QGPWindowsVB\Documents\ANUSTART\worklib\caen_analog_ports\sch_1\page1.csv FILE408
C:/Users/QGPWindowsVB/Documents/ANUSTART/worklib/caen_analog_ports/sch_1/caen_analog_ports_xcon.lck NEWFILE409
C:/Users/QGPWindowsVB/Documents/ANUSTART/worklib/caen_analog_ports/sch_1/caen_analog_ports_dcf.lck NEWFILE410
C:\Users\QGPWindowsVB\Documents\ANUSTART\worklib\scaler_ports\sch_1\page1.csb FILE411
C:\Users\QGPWindowsVB\Documents\ANUSTART\worklib\scaler_ports\sch_1\page1_csb.lck NEWFILE412
C:\Users\QGPWindowsVB\Documents\ANUSTART\worklib\caen_analog_ports\sch_1\page1_csa.lck NEWFILE413
C:\Users\QGPWindowsVB\Documents\ANUSTART\Parts\parts\misc\sip_header_16pin\sym_1\symbol.css FILE414
temp/xxnedtmp21/../sip_header_16pin.mkr NEWFILE415
C:\Users\QGPWindowsVB\Documents\ANUSTART\worklib\scaler_ports\sch_1\page1.csa FILE416
C:\Users\QGPWindowsVB\Documents\ANUSTART\worklib\scaler_ports\sch_1\page1.csv FILE417
C:/Users/QGPWindowsVB/Documents/ANUSTART/worklib/scaler_ports/sch_1/scaler_ports_xcon.lck NEWFILE418
C:/Users/QGPWindowsVB/Documents/ANUSTART/worklib/scaler_ports/sch_1/scaler_ports_dcf.lck NEWFILE419
C:\Users\QGPWindowsVB\Documents\ANUSTART\worklib\ext_trig_ports\sch_1\page1.csb FILE420
C:\Users\QGPWindowsVB\Documents\ANUSTART\worklib\ext_trig_ports\sch_1\page1_csb.lck NEWFILE421
C:\Users\QGPWindowsVB\Documents\ANUSTART\worklib\scaler_ports\sch_1\page1_csa.lck NEWFILE422
C:\Users\QGPWindowsVB\Documents\ANUSTART\Parts\parts\misc\conn32\sym_1\symbol.css FILE423
temp/xxnedtmp21/../conn32.mkr NEWFILE424
C:\Users\QGPWindowsVB\Documents\ANUSTART\worklib\ext_trig_ports\sch_1\page1.csa FILE425
C:\Users\QGPWindowsVB\Documents\ANUSTART\worklib\ext_trig_ports\sch_1\page1.csv FILE426
C:/Users/QGPWindowsVB/Documents/ANUSTART/worklib/ext_trig_ports/sch_1/ext_trig_ports_xcon.lck NEWFILE427
C:/Users/QGPWindowsVB/Documents/ANUSTART/worklib/ext_trig_ports/sch_1/ext_trig_ports_dcf.lck NEWFILE428
C:\Users\QGPWindowsVB\Documents\ANUSTART\worklib\gt_delays_ports\sch_1\page1.csb FILE429
C:\Users\QGPWindowsVB\Documents\ANUSTART\worklib\gt_delays_ports\sch_1\page1_csb.lck NEWFILE430
C:\Users\QGPWindowsVB\Documents\ANUSTART\worklib\ext_trig_ports\sch_1\page1_csa.lck NEWFILE431
C:\Users\QGPWindowsVB\Documents\ANUSTART\worklib\gt_delays_ports\sch_1\page1.csa FILE432
C:\Users\QGPWindowsVB\Documents\ANUSTART\worklib\gt_delays_ports\sch_1\page1.csv FILE433
C:/Users/QGPWindowsVB/Documents/ANUSTART/worklib/gt_delays_ports/sch_1/gt_delays_ports_xcon.lck NEWFILE434
C:/Users/QGPWindowsVB/Documents/ANUSTART/worklib/gt_delays_ports/sch_1/gt_delays_ports_dcf.lck NEWFILE435
C:\Users\QGPWindowsVB\Documents\ANUSTART\worklib\gt_delays_ports\sch_1\page1_csa.lck NEWFILE436
temp/xxnedtmp21/undo2.log NEWFILE437
temp/xxnedtmp21/undo3.log NEWFILE438
temp/xxnedtmp21/undo4.log NEWFILE439
temp/xxnedtmp21/undo5.log NEWFILE440
temp/xxnedtmp21/undo6.log NEWFILE441
temp/xxnedtmp21/concept.mkr NEWFILE442
C:/Cadence/SPB_16.6/tools/language/pack_type_rename.dat NEWFILE443
C:\Users\QGPWindowsVB\Documents\ANUSTART\Parts\parts\misc\led_l\sym_1\symbol_css.lck NEWFILE444
C:\Users\QGPWindowsVB\Documents\ANUSTART\worklib\origin\sym_1\symbol.css FILE445
