Allegro Design Entry HDL 16.6-p007 (v16-6-112F) 10/10/2012
Copyright 2011 Cadence Design Systems, Inc

WARNING(SPCOCN-1474): You must specify a window that contains a drawing.
WARNING(SPCOCN-1474): You must specify a window that contains a drawing.
WARNING(SPCOCN-1474): You must specify a window that contains a drawing.
WARNING(SPCOCN-1474): You must specify a window that contains a drawing.
WARNING(SPCOCN-1474): You must specify a window that contains a drawing.
WARNING(SPCOCN-1474): You must specify a window that contains a drawing.
WARNING(SPCOCN-1474): You must specify a window that contains a drawing.
WARNING(SPCOCN-2040): Specify the command "page forcereset all" to reset logical page numbers of all pages of this block.
WARNING(SPCOCN-1523): Invalid set option: <search_history_count>
INFO(SPCOCN-1177): Unexpected text: <5>
WARNING(SPCOCN-1523): Invalid set option: <search_history>
INFO(SPCOCN-1177): Unexpected text: <DATA_RDY>
WARNING(SPCOCN-1523): Invalid set option: <search_toolbar_lookin>
INFO(SPCOCN-1177): Unexpected text: <PAGE>
WARNING(SPCOCN-1523): Invalid set option: <modify_quick_reset_filters>
INFO(SPCOCN-1177): Unexpected text: <OFF>
WARNING(SPCOCN-1523): Invalid set option: <hss_distribute_ports_count>
INFO(SPCOCN-1177): Unexpected text: <25>
WARNING(SPCOCN-1523): Invalid set option: <hss_distribute_port_pattern>
WARNING(SPCOCN-1523): Invalid set option: <hss_distribute_property_name>
WARNING(SPCOCN-1474): You must specify a window that contains a drawing.
WARNING(SPCOCN-1474): You must specify a window that contains a drawing.
WARNING(SPCOCN-1474): You must specify a window that contains a drawing.
WARNING(SPCOCN-1474): You must specify a window that contains a drawing.
WARNING(SPCOCN-1474): You must specify a window that contains a drawing.
WARNING(SPCOCN-1474): You must specify a window that contains a drawing.
INFO(SPCOCN-1737): Reading C:\Users\QGPWindowsVB\Documents\ANUSTART\cds.lib file.
WARNING(SPCOCN-1474): You must specify a window that contains a drawing.
INFO(SPCOCN-1445): Reading TUBII.SCH.1.1 into drawing #1.
INFO(SPCOCN-195): The following file will be used to identify the list of modules to be excluded: 'C:\Cadence\SPB_16.6\share\cdssetup\xmodules.dat'.
INFO(SPCOCN-1445): Reading TUBII.SCH.1.1 into drawing #1.
INFO(SPCOCN-2053): Reloading design connectivity for tubii
INFO(SPCOCN-1445): Reading TUBII.SCH.1.1 into drawing #1.
INFO(SPCOCN-1445): Reading TUBII.SCH.1.1 into drawing #1.
INFO(SPCOCN-1445): Reading TUBII_PCB.SCH.1.1 into drawing #1.
INFO(SPCOCN-1001): Component: I11 selected.
INFO(SPCOCN-1445): Reading TUBII_SPKR.SCH.1.1 into drawing #1.
INFO(SPCOCN-1001): Component: I30 selected.
INFO(SPCOCN-1854): The drawing TUBII_SPKR.SCH.1.1
INFO(SPCOCN-578): will be retained as drawing #1.
INFO(SPCOCN-1445): Reading POWER.SCH.1.1 into drawing #2.
INFO(SPCOCN-1001): Component: I12 selected.
INFO(SPCOCN-1001): Component: I19 selected.
INFO(SPCOCN-1001): Component: I18 selected.
INFO(SPCOCN-1854): The drawing POWER.SCH.1.1
INFO(SPCOCN-578): will be retained as drawing #2.
INFO(SPCOCN-1445): Reading FAULT_DETECTION.SCH.1.1 into drawing #3.
INFO(SPCOCN-1001): Component: I33 selected.
WARNING(SPCOCN-982): The operation could not be performed because no object on the drawing was selected.
INFO(SPCOCN-1854): The drawing FAULT_DETECTION.SCH.1.1
INFO(SPCOCN-578): will be retained as drawing #3.
INFO(SPCOCN-1445): Reading GENERIC_DELAYS.SCH.1.1 into drawing #4.
INFO(SPCOCN-1001): Component: I17 selected.
INFO(SPCOCN-1854): The drawing GENERIC_DELAYS.SCH.1.1
INFO(SPCOCN-578): will be retained as drawing #4.
INFO(SPCOCN-1445): Reading ECAL_CONTROL.SCH.1.1 into drawing #5.
INFO(SPCOCN-1001): Component: I3 selected.
INFO(SPCOCN-1443): FAULT_DETECTION.SCH.1.1 has been previously edited as drawing #3.
INFO(SPCOCN-1001): Component: I32 selected.
INFO(SPCOCN-1854): The drawing FAULT_DETECTION.SCH.1.1
INFO(SPCOCN-578): will be retained as drawing #3.
INFO(SPCOCN-1445): Reading VREF_GEN.SCH.1.1 into drawing #6.
INFO(SPCOCN-1001): Component: I7 selected.
WARNING(SPCOCN-982): The operation could not be performed because no object on the drawing was selected.
INFO(SPCOCN-1070): Checking drawing...
INFO(SPCOCN-1028): writing <tubii_tk2_lib>TUBII_SPKR.SCH.1.1:
INFO(SPCOCN-1044): writing binary file...
INFO(SPCOCN-1049): writing ASCII file...
INFO(SPCOCN-1053): writing connectivity file...
INFO(SPCOCN-1054): ...written

CSDirect 16.6-p007 (v16-6-112F)

Netlisting block tubii_spkr

Processing page 1

No netlisting errors found. 

INFO(SPCOCN-1640): writing occurrence data...
INFO(SPCOCN-1054): ...written
INFO(SPCOCN-1070): Checking drawing...
INFO(SPCOCN-1028): writing <tubii_tk2_lib>POWER.SCH.1.1:
INFO(SPCOCN-1044): writing binary file...
INFO(SPCOCN-1049): writing ASCII file...
INFO(SPCOCN-1053): writing connectivity file...
INFO(SPCOCN-1054): ...written

CSDirect 16.6-p007 (v16-6-112F)

Netlisting block power

Processing page 1

No netlisting errors found. 

INFO(SPCOCN-1640): writing occurrence data...
INFO(SPCOCN-1054): ...written
INFO(SPCOCN-1070): Checking drawing...
INFO(SPCOCN-1028): writing <tubii_tk2_lib>FAULT_DETECTION.SCH.1.1:
INFO(SPCOCN-1044): writing binary file...
INFO(SPCOCN-1049): writing ASCII file...
INFO(SPCOCN-1053): writing connectivity file...
INFO(SPCOCN-1054): ...written

CSDirect 16.6-p007 (v16-6-112F)

Netlisting block fault_detection

Processing page 1

No netlisting errors found. 

INFO(SPCOCN-1640): writing occurrence data...
INFO(SPCOCN-1054): ...written
INFO(SPCOCN-1070): Checking drawing...
INFO(SPCOCN-1028): writing <tubii_tk2_lib>GENERIC_DELAYS.SCH.1.1:
INFO(SPCOCN-1044): writing binary file...
INFO(SPCOCN-1049): writing ASCII file...
INFO(SPCOCN-1053): writing connectivity file...
INFO(SPCOCN-1054): ...written

CSDirect 16.6-p007 (v16-6-112F)

Netlisting block generic_delays

Processing page 1

No netlisting errors found. 

INFO(SPCOCN-1640): writing occurrence data...
INFO(SPCOCN-1054): ...written
INFO(SPCOCN-1070): Checking drawing...
INFO(SPCOCN-1028): writing <tubii_tk2_lib>ECAL_CONTROL.SCH.1.1:
INFO(SPCOCN-1044): writing binary file...
INFO(SPCOCN-1049): writing ASCII file...
INFO(SPCOCN-1053): writing connectivity file...
INFO(SPCOCN-1054): ...written

CSDirect 16.6-p007 (v16-6-112F)

Netlisting block ecal_control

Processing page 1

No netlisting errors found. 

INFO(SPCOCN-1640): writing occurrence data...
INFO(SPCOCN-1054): ...written
INFO(SPCOCN-1070): Checking drawing...
INFO(SPCOCN-1028): writing <tubii_tk2_lib>VREF_GEN.SCH.1.1:
INFO(SPCOCN-1044): writing binary file...
INFO(SPCOCN-1049): writing ASCII file...
INFO(SPCOCN-1053): writing connectivity file...
INFO(SPCOCN-1054): ...written

CSDirect 16.6-p007 (v16-6-112F)

Netlisting block vref_gen

Processing page 1

No netlisting errors found. 

INFO(SPCOCN-1640): writing occurrence data...
INFO(SPCOCN-1054): ...written
INFO(SPCOCN-1019): Save All completed.
INFO(SPCOCN-1445): Reading VREF_GEN.SCH.1.1 into drawing #6.
INFO(SPCOCN-1445): Reading VREF_GEN.SCH.1.1 into drawing #6.
INFO(SPCOCN-1001): Component: I9 selected.
INFO(SPCOCN-1070): Checking drawing...
INFO(SPCOCN-1028): writing <tubii_tk2_lib>VREF_GEN.SCH.1.1:
INFO(SPCOCN-1044): writing binary file...
INFO(SPCOCN-1049): writing ASCII file...
INFO(SPCOCN-1053): writing connectivity file...
INFO(SPCOCN-1054): ...written

CSDirect 16.6-p007 (v16-6-112F)

Netlisting block vref_gen

Processing page 1

No netlisting errors found. 

INFO(SPCOCN-1640): writing occurrence data...
INFO(SPCOCN-1054): ...written
INFO(SPCOCN-1019): Save All completed.
INFO(SPCOCN-1001): Component: I9 selected.
INFO(SPCOCN-1445): Reading VREF_GEN.SCH.1.1 into drawing #6.
INFO(SPCOCN-1001): Component: I9 selected.
WARNING(SPCOCN-982): The operation could not be performed because no object on the drawing was selected.
INFO(SPCOCN-1070): Checking drawing...
INFO(SPCOCN-1028): writing <tubii_tk2_lib>VREF_GEN.SCH.1.1:
INFO(SPCOCN-1044): writing binary file...
INFO(SPCOCN-1049): writing ASCII file...
INFO(SPCOCN-1053): writing connectivity file...
INFO(SPCOCN-1054): ...written

CSDirect 16.6-p007 (v16-6-112F)

Netlisting block vref_gen

Processing page 1

No netlisting errors found. 

INFO(SPCOCN-1640): writing occurrence data...
INFO(SPCOCN-1054): ...written
INFO(SPCOCN-1019): Save All completed.
INFO(SPCOCN-2053): Reloading design connectivity for tubii
INFO(SPCOCN-2053): Reloading design connectivity for tubii
INFO(SPCOCN-1445): Reading VREF_GEN.SCH.1.1 into drawing #6.
INFO(SPCOCN-1445): Reading VREF_GEN.SCH.1.1 into drawing #6.
INFO(SPCOCN-1001): Component: I9 selected.
INFO(SPCOCN-1445): Reading CAEN_ANALOG_COMS.SCH.1.1 into drawing #6.
INFO(SPCOCN-1001): Component: I58 selected.
INFO(SPCOCN-1070): Checking drawing...
INFO(SPCOCN-1028): writing <tubii_tk2_lib>CAEN_ANALOG_COMS.SCH.1.1:
INFO(SPCOCN-1044): writing binary file...
INFO(SPCOCN-1049): writing ASCII file...
INFO(SPCOCN-1053): writing connectivity file...
INFO(SPCOCN-1054): ...written

CSDirect 16.6-p007 (v16-6-112F)

Netlisting block caen_analog_coms

Processing page 1

No netlisting errors found. 

INFO(SPCOCN-1640): writing occurrence data...
INFO(SPCOCN-1054): ...written
INFO(SPCOCN-1019): Save All completed.
INFO(SPCOCN-1445): Reading CAEN_ANALOG_COMS.SCH.1.1 into drawing #6.
INFO(SPCOCN-1445): Reading CAEN_ANALOG_COMS.SCH.1.1 into drawing #6.
INFO(SPCOCN-1001): Component: I58 selected.
INFO(SPCOCN-1001): Component: I58 selected.
INFO(SPCOCN-1445): Reading VREF_GEN.SCH.1.1 into drawing #6.
INFO(SPCOCN-999): Signal: UN$1$REF02$I1$VOUT selected.
INFO(SPCOCN-1001): Component: I9 selected.
WARNING(SPCOCN-982): The operation could not be performed because no object on the drawing was selected.
INFO(SPCOCN-1001): Component: I1 selected.
INFO(SPCOCN-1001): Component: I1 selected.
INFO(SPCOCN-1001): Component: I1 selected.
INFO(SPCOCN-1001): Component: I7 selected.
WARNING(SPCOCN-982): The operation could not be performed because no object on the drawing was selected.
INFO(SPCOCN-1445): Reading GENERIC_DELAYS.SCH.1.1 into drawing #6.
INFO(SPCOCN-1001): Component: I17 selected.
INFO(SPCOCN-1001): Component: I17 selected.
INFO(SPCOCN-1001): Component: I17 selected.
INFO(SPCOCN-1019): Save All completed.
INFO(SPCOCN-2053): Reloading design connectivity for tubii
INFO(SPCOCN-2053): Reloading design connectivity for tubii
INFO(SPCOCN-1445): Reading GENERIC_DELAYS.SCH.1.1 into drawing #6.
INFO(SPCOCN-1445): Reading GENERIC_DELAYS.SCH.1.1 into drawing #6.
INFO(SPCOCN-1001): Component: I17 selected.
WARNING(SPCOCN-982): The operation could not be performed because no object on the drawing was selected.
INFO(SPCOCN-1001): Component: I17 selected.
INFO(SPCOCN-1001): Component: I17 selected.
INFO(SPCOCN-1001): Component: I17 selected.
INFO(SPCOCN-1001): Component: I17 selected.
INFO(SPCOCN-1001): Component: I17 selected.
INFO(SPCOCN-1001): Component: I17 selected.
INFO(SPCOCN-1001): Component: I17 selected.
INFO(SPCOCN-1854): The drawing GENERIC_DELAYS.SCH.1.1
INFO(SPCOCN-578): will be retained as drawing #6.
INFO(SPCOCN-1445): Reading LED_L.SYM.1.1 into drawing #1.
INFO(SPCOCN-1445): Reading GENERIC_DELAYS.SCH.1.1 into drawing #1.
INFO(SPCOCN-1000): Pin: I17.A selected.
