temp/xxnedtmp22/event.log NEWFILE1
temp/xxnedtmp22/text.log NEWFILE2
temp/xxnedtmp22/environ.log NEWFILE3
C:\Cadence\SPB_16.6\share\cdssetup/concept/concepthdl.scr FILE4
C:\Users\QGPWindowsVB\Documents\ANUSTART\cds.lib FILE5
temp/xxnedtmp22/undo1.log NEWFILE6
C:\Users\QGPWindowsVB\Documents\ANUSTART\worklib\tubii\sch_1\page1.csb FILE7
C:\Users\QGPWindowsVB\Documents\ANUSTART\worklib\tubii\sch_1\page1_csb.lck NEWFILE8
C:\Users\QGPWindowsVB\Documents\ANUSTART\Parts\parts\misc\penn#20b#20size#20page\sym_1\symbol.css FILE9
C:\Users\QGPWindowsVB\Documents\ANUSTART\worklib\back_ports\sym_1\symbol.css FILE10
C:\Users\QGPWindowsVB\Documents\ANUSTART\worklib\front_ports\sym_1\symbol.css FILE11
C:\Users\QGPWindowsVB\Documents\ANUSTART\worklib\tubii_pcb\sym_1\symbol.css FILE12
C:/Users/QGPWindowsVB/Documents/ANUSTART/worklib/tubii/sch_1/tubii.xcon FILE13
C:/Users/QGPWindowsVB/Documents/ANUSTART/worklib/tubii/sch_1/tubii.dcf FILE14
temp\concept_backannotate.scr FILE15
C:\Users\QGPWindowsVB\Documents\ANUSTART\worklib\tubii\packaged/pstback.dat FILE16
C:\Users\QGPWindowsVB\Documents\ANUSTART\worklib\tubii_pcb\sch_1\page1.csb FILE17
C:\Users\QGPWindowsVB\Documents\ANUSTART\worklib\tubii_pcb\sch_1\page1_csb.lck NEWFILE18
C:\Users\QGPWindowsVB\Documents\ANUSTART\worklib\tubii\sch_1\page1_csa.lck NEWFILE19
C:\Users\QGPWindowsVB\Documents\ANUSTART\worklib\ellie_coms\sym_1\symbol.css FILE20
C:\Cadence\SPB_16.6\share\library\standard\outport\sym_1\symbol.css FILE21
C:\Users\QGPWindowsVB\Documents\ANUSTART\worklib\caen_coms\sym_1\symbol.css FILE22
C:\Cadence\SPB_16.6\share\library\standard\inport\sym_1\symbol.css FILE23
C:\Users\QGPWindowsVB\Documents\ANUSTART\worklib\ext_trigs\sym_1\symbol.css FILE24
C:\Users\QGPWindowsVB\Documents\ANUSTART\worklib\ecal_control\sym_1\symbol.css FILE25
C:\Users\QGPWindowsVB\Documents\ANUSTART\Parts\parts\ttl\hct238\sym_1\symbol.css FILE26
C:\Users\QGPWindowsVB\Documents\ANUSTART\worklib\power\sym_1\symbol.css FILE27
C:\Users\QGPWindowsVB\Documents\ANUSTART\worklib\general_utilities\sym_1\symbol.css FILE28
C:\Users\QGPWindowsVB\Documents\ANUSTART\worklib\mtca_mimic\sym_1\symbol.css FILE29
C:\Users\QGPWindowsVB\Documents\ANUSTART\worklib\clocks\sym_1\symbol.css FILE30
C:\Users\QGPWindowsVB\Documents\ANUSTART\worklib\lo_gen\sym_1\symbol.css FILE31
C:\Users\QGPWindowsVB\Documents\ANUSTART\worklib\baseline_buffer\sym_1\symbol.css FILE32
C:\Users\QGPWindowsVB\Documents\ANUSTART\worklib\tubii_spkr\sym_1\symbol.css FILE33
C:\Users\QGPWindowsVB\Documents\ANUSTART\worklib\cntrl_register\sym_1\symbol.css FILE34
C:\Users\QGPWindowsVB\Documents\ANUSTART\worklib\microzed_module\sym_1\symbol.css FILE35
C:/Cadence/SPB_16.6/tools/language/config.dat FILE36
temp/xxnedtmp22/../penn#20b#20size#20page.mkr NEWFILE37
temp/xxnedtmp22/../ellie_coms.mkr NEWFILE38
temp/xxnedtmp22/../outport.mkr NEWFILE39
temp/xxnedtmp22/../caen_coms.mkr NEWFILE40
temp/xxnedtmp22/../inport.mkr NEWFILE41
temp/xxnedtmp22/../ext_trigs.mkr NEWFILE42
temp/xxnedtmp22/../ecal_control.mkr NEWFILE43
temp/xxnedtmp22/../hct238.mkr NEWFILE44
temp/xxnedtmp22/../power.mkr NEWFILE45
temp/xxnedtmp22/../general_utilities.mkr NEWFILE46
temp/xxnedtmp22/../mtca_mimic.mkr NEWFILE47
temp/xxnedtmp22/../clocks.mkr NEWFILE48
temp/xxnedtmp22/../lo_gen.mkr NEWFILE49
temp/xxnedtmp22/../baseline_buffer.mkr NEWFILE50
temp/xxnedtmp22/../tubii_spkr.mkr NEWFILE51
temp/xxnedtmp22/../cntrl_register.mkr NEWFILE52
temp/xxnedtmp22/../microzed_module.mkr NEWFILE53
C:\Users\QGPWindowsVB\Documents\ANUSTART\worklib\tubii_pcb\sch_1\page1.csa FILE54
C:\Users\QGPWindowsVB\Documents\ANUSTART\worklib\tubii_pcb\sch_1\page1.csv FILE55
C:/Users/QGPWindowsVB/Documents/ANUSTART/worklib/tubii_pcb/sch_1/tubii_pcb_xcon.lck NEWFILE56
C:/Users/QGPWindowsVB/Documents/ANUSTART/worklib/tubii_pcb/sch_1/tubii_pcb_dcf.lck NEWFILE57
temp/xxnedtmp22/csnetlister.mkr NEWFILE58
C:\Users\QGPWindowsVB\Documents\ANUSTART\worklib\microzed_module\sch_1\page1.csb FILE59
C:\Users\QGPWindowsVB\Documents\ANUSTART\worklib\microzed_module\sch_1\page1_csb.lck FILE60
C:\Users\QGPWindowsVB\Documents\ANUSTART\worklib\tubii_pcb\sch_1\page1_csa.lck NEWFILE61
C:\Users\QGPWindowsVB\Documents\ANUSTART\Parts\parts\misc\fci_61083#2d101400lf\sym_1\symbol.css FILE62
C:\Users\QGPWindowsVB\Documents\ANUSTART\Parts\parts\misc\led_l\sym_1\symbol.css FILE63
temp/xxnedtmp22/../fci_61083#2d101400lf.mkr NEWFILE64
temp/xxnedtmp22/../led_l.mkr NEWFILE65
C:\Users\QGPWindowsVB\Documents\ANUSTART\worklib\microzed_module\sch_1\page1.csa FILE66
C:\Users\QGPWindowsVB\Documents\ANUSTART\worklib\microzed_module\sch_1\page1.csv FILE67
C:/Users/QGPWindowsVB/Documents/ANUSTART/worklib/microzed_module/sch_1/microzed_module_xcon.lck NEWFILE68
C:/Users/QGPWindowsVB/Documents/ANUSTART/worklib/microzed_module/sch_1/microzed_module_dcf.lck NEWFILE69
C:\Users\QGPWindowsVB\Documents\ANUSTART\worklib\clocks\sch_1\page1.csb FILE70
C:\Users\QGPWindowsVB\Documents\ANUSTART\worklib\clocks\sch_1\page1_csb.lck NEWFILE71
C:\Users\QGPWindowsVB\Documents\ANUSTART\worklib\microzed_module\sch_1\page1_csa.lck NEWFILE72
C:\Users\QGPWindowsVB\Documents\ANUSTART\Parts\parts\ecl\mc10h124\sym_1\symbol.css FILE73
C:\Users\QGPWindowsVB\Documents\ANUSTART\Parts\parts\misc\74f164\sym_2\symbol.css FILE74
C:\Users\QGPWindowsVB\Documents\ANUSTART\worklib\change_clks\sym_1\symbol.css FILE75
C:\Users\QGPWindowsVB\Documents\ANUSTART\Parts\parts\resistors\rsmd0805\sym_1\symbol.css FILE76
C:\Users\QGPWindowsVB\Documents\ANUSTART\Parts\parts\ttl\sn74s32\sym_1\symbol.css FILE77
C:\Users\QGPWindowsVB\Documents\ANUSTART\Parts\parts\misc\dr610f1_button\sym_1\symbol.css FILE78
C:\Users\QGPWindowsVB\Documents\ANUSTART\worklib\fault_detection\sym_1\symbol.css FILE79
C:\Users\QGPWindowsVB\Documents\ANUSTART\Parts\parts\capacitors\csmd0603\sym_1\symbol.css FILE80
C:\Cadence\SPB_16.6\share\library\standard\8#20merge\sym_1\symbol.css FILE81
C:\Users\QGPWindowsVB\Documents\ANUSTART\worklib\default_clk_sel\sym_1\symbol.css FILE82
temp/xxnedtmp22/../mc10h124.mkr NEWFILE83
temp/xxnedtmp22/../74f164.mkr NEWFILE84
temp/xxnedtmp22/../change_clks.mkr NEWFILE85
temp/xxnedtmp22/../rsmd0805.mkr NEWFILE86
temp/xxnedtmp22/../sn74s32.mkr NEWFILE87
temp/xxnedtmp22/../dr610f1_button.mkr NEWFILE88
temp/xxnedtmp22/../fault_detection.mkr NEWFILE89
temp/xxnedtmp22/../csmd0603.mkr NEWFILE90
temp/xxnedtmp22/../8#20merge.mkr NEWFILE91
temp/xxnedtmp22/../default_clk_sel.mkr NEWFILE92
C:\Users\QGPWindowsVB\Documents\ANUSTART\worklib\clocks\sch_1\page1.csa FILE93
C:\Users\QGPWindowsVB\Documents\ANUSTART\worklib\clocks\sch_1\page1.csv FILE94
C:/Users/QGPWindowsVB/Documents/ANUSTART/worklib/clocks/sch_1/clocks_xcon.lck NEWFILE95
C:/Users/QGPWindowsVB/Documents/ANUSTART/worklib/clocks/sch_1/clocks_dcf.lck NEWFILE96
C:\Users\QGPWindowsVB\Documents\ANUSTART\worklib\default_clk_sel\sch_1\page1.csb FILE97
C:\Users\QGPWindowsVB\Documents\ANUSTART\worklib\default_clk_sel\sch_1\page1_csb.lck NEWFILE98
C:\Users\QGPWindowsVB\Documents\ANUSTART\worklib\clocks\sch_1\page1_csa.lck NEWFILE99
C:\Users\QGPWindowsVB\Documents\ANUSTART\Parts\parts\misc\testpoint_l\sym_1\symbol.css FILE100
C:\Users\QGPWindowsVB\Documents\ANUSTART\Parts\parts\ecl\mc10h104\sym_1\symbol.css FILE101
C:\Users\QGPWindowsVB\Documents\ANUSTART\Parts\parts\misc\sy100el34l\sym_1\symbol.css FILE102
C:\Users\QGPWindowsVB\Documents\ANUSTART\Parts\parts\ecl\sy100el91l\sym_1\symbol.css FILE103
C:\Users\QGPWindowsVB\Documents\ANUSTART\Parts\parts\misc\foxclock\sym_1\symbol.css FILE104
temp/xxnedtmp22/../testpoint_l.mkr NEWFILE105
temp/xxnedtmp22/../mc10h104.mkr NEWFILE106
temp/xxnedtmp22/../sy100el34l.mkr NEWFILE107
temp/xxnedtmp22/../sy100el91l.mkr NEWFILE108
temp/xxnedtmp22/../foxclock.mkr NEWFILE109
C:\Users\QGPWindowsVB\Documents\ANUSTART\worklib\default_clk_sel\sch_1\page1.csa FILE110
C:\Users\QGPWindowsVB\Documents\ANUSTART\worklib\default_clk_sel\sch_1\page1.csv FILE111
C:/Users/QGPWindowsVB/Documents/ANUSTART/worklib/default_clk_sel/sch_1/default_clk_sel_xcon.lck NEWFILE112
C:/Users/QGPWindowsVB/Documents/ANUSTART/worklib/default_clk_sel/sch_1/default_clk_sel_dcf.lck NEWFILE113
C:\Users\QGPWindowsVB\Documents\ANUSTART\worklib\fault_detection\sch_1\page1.csb FILE114
C:\Users\QGPWindowsVB\Documents\ANUSTART\worklib\fault_detection\sch_1\page1_csb.lck NEWFILE115
C:\Users\QGPWindowsVB\Documents\ANUSTART\worklib\default_clk_sel\sch_1\page1_csa.lck NEWFILE116
C:\Users\QGPWindowsVB\Documents\ANUSTART\Parts\parts\misc\sip_header_2pin\sym_1\symbol.css FILE117
C:\Users\QGPWindowsVB\Documents\ANUSTART\Parts\parts\capacitors\csmd0805\sym_1\symbol.css FILE118
C:\Users\QGPWindowsVB\Documents\ANUSTART\Parts\parts\ecl\mc10h131\sym_1\symbol.css FILE119
C:\Users\QGPWindowsVB\Documents\ANUSTART\Parts\parts\ecl\mc10e016\sym_1\symbol.css FILE120
C:\Users\QGPWindowsVB\Documents\ANUSTART\Parts\parts\ttl\sy100el05\sym_1\symbol.css FILE121
C:\Users\QGPWindowsVB\Documents\ANUSTART\Parts\parts\ttl\74hct273\sym_1\symbol.css FILE122
C:\Users\QGPWindowsVB\Documents\ANUSTART\Parts\parts\misc\hct123\sym_1\symbol.css FILE123
C:\Users\QGPWindowsVB\Documents\ANUSTART\Parts\parts\ecl\mc10h125\sym_1\symbol.css FILE124
C:\Users\QGPWindowsVB\Documents\ANUSTART\Parts\parts\ecl\mc10e116\sym_1\symbol.css FILE125
temp/xxnedtmp22/../sip_header_2pin.mkr NEWFILE126
temp/xxnedtmp22/../csmd0805.mkr NEWFILE127
temp/xxnedtmp22/../mc10h131.mkr NEWFILE128
temp/xxnedtmp22/../mc10e016.mkr NEWFILE129
temp/xxnedtmp22/../sy100el05.mkr NEWFILE130
temp/xxnedtmp22/../74hct273.mkr NEWFILE131
temp/xxnedtmp22/../hct123.mkr NEWFILE132
temp/xxnedtmp22/../mc10h125.mkr NEWFILE133
temp/xxnedtmp22/../mc10e116.mkr NEWFILE134
C:\Users\QGPWindowsVB\Documents\ANUSTART\worklib\fault_detection\sch_1\page1.csa FILE135
C:\Users\QGPWindowsVB\Documents\ANUSTART\worklib\fault_detection\sch_1\page1.csv FILE136
C:/Users/QGPWindowsVB/Documents/ANUSTART/worklib/fault_detection/sch_1/fault_detection_xcon.lck NEWFILE137
C:/Users/QGPWindowsVB/Documents/ANUSTART/worklib/fault_detection/sch_1/fault_detection_dcf.lck NEWFILE138
C:\Users\QGPWindowsVB\Documents\ANUSTART\worklib\change_clks\sch_1\page1.csb FILE139
C:\Users\QGPWindowsVB\Documents\ANUSTART\worklib\change_clks\sch_1\page1_csb.lck NEWFILE140
C:\Users\QGPWindowsVB\Documents\ANUSTART\worklib\fault_detection\sch_1\page1_csa.lck NEWFILE141
C:\Users\QGPWindowsVB\Documents\ANUSTART\Parts\parts\misc\ss22sdp2\sym_1\symbol.css FILE142
temp/xxnedtmp22/../ss22sdp2.mkr NEWFILE143
C:\Users\QGPWindowsVB\Documents\ANUSTART\worklib\change_clks\sch_1\page1.csa FILE144
C:\Users\QGPWindowsVB\Documents\ANUSTART\worklib\change_clks\sch_1\page1.csv FILE145
C:/Users/QGPWindowsVB/Documents/ANUSTART/worklib/change_clks/sch_1/change_clks_xcon.lck NEWFILE146
C:/Users/QGPWindowsVB/Documents/ANUSTART/worklib/change_clks/sch_1/change_clks_dcf.lck NEWFILE147
C:\Users\QGPWindowsVB\Documents\ANUSTART\worklib\pulse_inverter\sch_1\page1.csb FILE148
C:\Users\QGPWindowsVB\Documents\ANUSTART\worklib\pulse_inverter\sch_1\page1_csb.lck NEWFILE149
C:\Users\QGPWindowsVB\Documents\ANUSTART\worklib\change_clks\sch_1\page1_csa.lck NEWFILE150
C:\Users\QGPWindowsVB\Documents\ANUSTART\Parts\parts\misc\ad8009\sym_1\symbol.css FILE151
temp/xxnedtmp22/../ad8009.mkr NEWFILE152
C:\Users\QGPWindowsVB\Documents\ANUSTART\worklib\pulse_inverter\sch_1\page1.csa FILE153
C:\Users\QGPWindowsVB\Documents\ANUSTART\worklib\pulse_inverter\sch_1\page1.csv FILE154
C:/Users/QGPWindowsVB/Documents/ANUSTART/worklib/pulse_inverter/sch_1/pulse_inverter_xcon.lck NEWFILE155
C:/Users/QGPWindowsVB/Documents/ANUSTART/worklib/pulse_inverter/sch_1/pulse_inverter_dcf.lck NEWFILE156
C:\Users\QGPWindowsVB\Documents\ANUSTART\worklib\ribbon_delay\sch_1\page1.csb FILE157
C:\Users\QGPWindowsVB\Documents\ANUSTART\worklib\ribbon_delay\sch_1\page1_csb.lck NEWFILE158
C:\Users\QGPWindowsVB\Documents\ANUSTART\worklib\pulse_inverter\sch_1\page1_csa.lck NEWFILE159
C:\Users\QGPWindowsVB\Documents\ANUSTART\Parts\parts\ecl\mc10h116\sym_1\symbol.css FILE160
C:\Users\QGPWindowsVB\Documents\ANUSTART\Parts\parts\misc\ids_c10\sym_1\symbol.css FILE161
temp/xxnedtmp22/../mc10h116.mkr NEWFILE162
temp/xxnedtmp22/../ids_c10.mkr NEWFILE163
C:\Users\QGPWindowsVB\Documents\ANUSTART\worklib\ribbon_delay\sch_1\page1.csa FILE164
C:\Users\QGPWindowsVB\Documents\ANUSTART\worklib\ribbon_delay\sch_1\page1.csv FILE165
C:/Users/QGPWindowsVB/Documents/ANUSTART/worklib/ribbon_delay/sch_1/ribbon_delay_xcon.lck NEWFILE166
C:/Users/QGPWindowsVB/Documents/ANUSTART/worklib/ribbon_delay/sch_1/ribbon_delay_dcf.lck NEWFILE167
C:\Users\QGPWindowsVB\Documents\ANUSTART\worklib\generic_delays\sch_1\page1.csb FILE168
C:\Users\QGPWindowsVB\Documents\ANUSTART\worklib\generic_delays\sch_1\page1_csb.lck NEWFILE169
C:\Users\QGPWindowsVB\Documents\ANUSTART\worklib\ribbon_delay\sch_1\page1_csa.lck NEWFILE170
C:\Users\QGPWindowsVB\Documents\ANUSTART\Parts\parts\ttl\ds102350\sym_1\symbol.css FILE171
temp/xxnedtmp22/../ds102350.mkr NEWFILE172
C:\Users\QGPWindowsVB\Documents\ANUSTART\worklib\generic_delays\sch_1\page1.csa FILE173
C:\Users\QGPWindowsVB\Documents\ANUSTART\worklib\generic_delays\sch_1\page1.csv FILE174
C:/Users/QGPWindowsVB/Documents/ANUSTART/worklib/generic_delays/sch_1/generic_delays_xcon.lck NEWFILE175
C:/Users/QGPWindowsVB/Documents/ANUSTART/worklib/generic_delays/sch_1/generic_delays_dcf.lck NEWFILE176
C:\Users\QGPWindowsVB\Documents\ANUSTART\worklib\ecl_translation\sch_1\page1.csb FILE177
C:\Users\QGPWindowsVB\Documents\ANUSTART\worklib\ecl_translation\sch_1\page1_csb.lck NEWFILE178
C:\Users\QGPWindowsVB\Documents\ANUSTART\worklib\generic_delays\sch_1\page1_csa.lck NEWFILE179
C:\Users\QGPWindowsVB\Documents\ANUSTART\Parts\parts\transistors\mmbth10\sym_1\symbol.css FILE180
C:\Users\QGPWindowsVB\Documents\ANUSTART\Parts\parts\transistors\mpsh81\sym_1\symbol.css FILE181
C:\Users\QGPWindowsVB\Documents\ANUSTART\Parts\parts\misc\ds90lv019\sym_1\symbol.css FILE182
temp/xxnedtmp22/../mmbth10.mkr NEWFILE183
temp/xxnedtmp22/../mpsh81.mkr NEWFILE184
temp/xxnedtmp22/../ds90lv019.mkr NEWFILE185
C:\Users\QGPWindowsVB\Documents\ANUSTART\worklib\ecl_translation\sch_1\page1.csa FILE186
C:\Users\QGPWindowsVB\Documents\ANUSTART\worklib\ecl_translation\sch_1\page1.csv FILE187
C:/Users/QGPWindowsVB/Documents/ANUSTART/worklib/ecl_translation/sch_1/ecl_translation_xcon.lck NEWFILE188
C:/Users/QGPWindowsVB/Documents/ANUSTART/worklib/ecl_translation/sch_1/ecl_translation_dcf.lck NEWFILE189
C:\Users\QGPWindowsVB\Documents\ANUSTART\worklib\power\sch_1\page1.csb FILE190
C:\Users\QGPWindowsVB\Documents\ANUSTART\worklib\power\sch_1\page1_csb.lck NEWFILE191
C:\Users\QGPWindowsVB\Documents\ANUSTART\worklib\ecl_translation\sch_1\page1_csa.lck NEWFILE192
C:\Users\QGPWindowsVB\Documents\ANUSTART\Parts\parts\capacitors\tant0805\sym_1\symbol.css FILE193
C:\Users\QGPWindowsVB\Documents\ANUSTART\Parts\parts\misc\inductor_l\sym_1\symbol.css FILE194
C:\Users\QGPWindowsVB\Documents\ANUSTART\Parts\parts\misc\ostoq047150\sym_1\symbol.css FILE195
C:\Users\QGPWindowsVB\Documents\ANUSTART\Parts\parts\regulators\7915_l\sym_1\symbol.css FILE196
C:\Users\QGPWindowsVB\Documents\ANUSTART\Parts\parts\regulators\7815s_l\sym_1\symbol.css FILE197
C:\Users\QGPWindowsVB\Documents\ANUSTART\Parts\parts\regulators\lm337t_l\sym_1\symbol.css FILE198
C:\Users\QGPWindowsVB\Documents\ANUSTART\Parts\parts\regulators\lm1117\sym_1\symbol.css FILE199
temp/xxnedtmp22/../tant0805.mkr NEWFILE200
temp/xxnedtmp22/../inductor_l.mkr NEWFILE201
temp/xxnedtmp22/../ostoq047150.mkr NEWFILE202
temp/xxnedtmp22/../7915_l.mkr NEWFILE203
temp/xxnedtmp22/../7815s_l.mkr NEWFILE204
temp/xxnedtmp22/../lm337t_l.mkr NEWFILE205
temp/xxnedtmp22/../lm1117.mkr NEWFILE206
C:\Users\QGPWindowsVB\Documents\ANUSTART\worklib\power\sch_1\page1.csa FILE207
C:\Users\QGPWindowsVB\Documents\ANUSTART\worklib\power\sch_1\page1.csv FILE208
C:/Users/QGPWindowsVB/Documents/ANUSTART/worklib/power/sch_1/power_xcon.lck NEWFILE209
C:/Users/QGPWindowsVB/Documents/ANUSTART/worklib/power/sch_1/power_dcf.lck NEWFILE210
C:\Users\QGPWindowsVB\Documents\ANUSTART\worklib\ecal_control\sch_1\page1.csb FILE211
C:\Users\QGPWindowsVB\Documents\ANUSTART\worklib\ecal_control\sch_1\page1_csb.lck NEWFILE212
C:\Users\QGPWindowsVB\Documents\ANUSTART\worklib\power\sch_1\page1_csa.lck NEWFILE213
C:\Users\QGPWindowsVB\Documents\ANUSTART\worklib\ecal_control\sch_1\page1.csa FILE214
C:\Users\QGPWindowsVB\Documents\ANUSTART\worklib\ecal_control\sch_1\page1.csv FILE215
C:/Users/QGPWindowsVB/Documents/ANUSTART/worklib/ecal_control/sch_1/ecal_control_xcon.lck NEWFILE216
C:/Users/QGPWindowsVB/Documents/ANUSTART/worklib/ecal_control/sch_1/ecal_control_dcf.lck NEWFILE217
C:\Users\QGPWindowsVB\Documents\ANUSTART\worklib\caen_analog_coms\sch_1\page1.csb FILE218
C:\Users\QGPWindowsVB\Documents\ANUSTART\worklib\caen_analog_coms\sch_1\page1_csb.lck NEWFILE219
C:\Users\QGPWindowsVB\Documents\ANUSTART\worklib\ecal_control\sch_1\page1_csa.lck NEWFILE220
C:\Users\QGPWindowsVB\Documents\ANUSTART\Parts\parts\misc\pickering113fc\sym_1\symbol.css FILE221
C:\Users\QGPWindowsVB\Documents\ANUSTART\worklib\vref_gen\sym_1\symbol.css FILE222
C:\Users\QGPWindowsVB\Documents\ANUSTART\worklib\caen_buffer\sym_1\symbol.css FILE223
C:\Users\QGPWindowsVB\Documents\ANUSTART\Parts\parts\ttl\hct374\sym_1\symbol.css FILE224
C:\Users\QGPWindowsVB\Documents\ANUSTART\Parts\parts\ttl\74f07\sym_1\symbol.css FILE225
temp/xxnedtmp22/../pickering113fc.mkr NEWFILE226
temp/xxnedtmp22/../vref_gen.mkr NEWFILE227
temp/xxnedtmp22/../caen_buffer.mkr NEWFILE228
temp/xxnedtmp22/../hct374.mkr NEWFILE229
temp/xxnedtmp22/../74f07.mkr NEWFILE230
C:\Users\QGPWindowsVB\Documents\ANUSTART\worklib\caen_analog_coms\sch_1\page1.csa FILE231
C:\Users\QGPWindowsVB\Documents\ANUSTART\worklib\caen_analog_coms\sch_1\page1.csv FILE232
C:/Users/QGPWindowsVB/Documents/ANUSTART/worklib/caen_analog_coms/sch_1/caen_analog_coms_xcon.lck NEWFILE233
C:/Users/QGPWindowsVB/Documents/ANUSTART/worklib/caen_analog_coms/sch_1/caen_analog_coms_dcf.lck NEWFILE234
