Allegro Design Entry HDL 16.6-p007 (v16-6-112F) 10/10/2012


mpsdeclare
mpsdeclare
mpsdeclare
mpsdeclare
mpsdeclare
mpsdeclare
mpsdeclare
set
set
set
set
set
set
set
set
set
set
set
set
set
set
set
set
set
set
set
set
set
set
set
set
set
set
set
set
set
set
set
set
set
set
set
set
set
set
set
set
set
set
set
set
set
set
set
set
set
set
set
set
set
set
set
set
set
set
set
set
set
set
set
set
set
set
set
set
set
set
set
set
set
set
set
set
set
set
set
set
set
set
set
set
WARNING(SPCOCN-2040): Specify the command "page forcereset all" to reset logical page numbers of all pages of this block.
set
set
set
set
set
set
set
set
set
set
set
set
set
set
set
set
set
set
set
set
set
set
set
set
set
set
set
set
set
WARNING(SPCOCN-1523): Invalid set option: <OFF>
set
set
set
set
set
set
set
set
set
WARNING(SPCOCN-1523): Invalid set option: <on>
set
set
set
WARNING(SPCOCN-1523): Invalid set option: <off>
set
set
set
set
set
set
WARNING(SPCOCN-1523): Invalid set option: <search_history_count>
INFO(SPCOCN-1177): Unexpected text: <5>
set
WARNING(SPCOCN-1523): Invalid set option: <search_history>
INFO(SPCOCN-1177): Unexpected text: <DATA_RDY>
set
WARNING(SPCOCN-1523): Invalid set option: <search_toolbar_lookin>
INFO(SPCOCN-1177): Unexpected text: <PAGE>
set
set
set
set
set
set
set
WARNING(SPCOCN-1523): Invalid set option: <modify_quick_reset_filters>
INFO(SPCOCN-1177): Unexpected text: <OFF>
set
set
set
set
set
set
set
set
set
WARNING(SPCOCN-1523): Invalid set option: <hss_distribute_ports_count>
INFO(SPCOCN-1177): Unexpected text: <25>
set
WARNING(SPCOCN-1523): Invalid set option: <hss_distribute_port_pattern>
set
set
set
set
WARNING(SPCOCN-1523): Invalid set option: <hss_distribute_property_name>
set
set
set
INFO(SPCOCN-1737): Reading C:\Users\QGPWindowsVB\Documents\ANUSTART\cds.lib file.
nmapedit
_!editincontext
INFO(SPCOCN-1446): New schematic TUBII.SCH.1.1 started as drawing #1.
library
library
library
library
library
library
library
library
library
library
library
library
library
library
library
library
library
get
INFO(SPCOCN-1445): Reading TUBII.SCH.1.1 into drawing #1.
backannotate
INFO(SPCOCN-1445): Reading TUBII_PCB.SCH.1.1 into drawing #1.
INFO(SPCOCN-1028): writing <tubii_tk2_lib>TUBII_PCB.SCH.1.1:
INFO(SPCOCN-1044): writing binary file...
INFO(SPCOCN-1049): writing ASCII file...
INFO(SPCOCN-1053): writing connectivity file...
INFO(SPCOCN-1054): ...written

CSDirect Allegro Design Entry HDL 16.6-p007 (v16-6-112F) 10/10/2012

Netlisting block tubii_pcb

Processing page 1

No netlisting errors found. 

INFO(SPCOCN-1054): ...written
INFO(SPCOCN-1445): Reading MICROZED_MODULE.SCH.1.1 into drawing #1.
INFO(SPCOCN-1350): User 'QGPWindowsVB' has an existing lock on the file 'C:\Users\QGPWindowsVB\Documents\ANUSTART\worklib\microzed_module\sch_1\page1.csb'. Removing it.
INFO(SPCOCN-1028): writing <tubii_tk2_lib>MICROZED_MODULE.SCH.1.1:
INFO(SPCOCN-1044): writing binary file...
INFO(SPCOCN-1049): writing ASCII file...
INFO(SPCOCN-1053): writing connectivity file...
INFO(SPCOCN-1054): ...written

CSDirect Allegro Design Entry HDL 16.6-p007 (v16-6-112F) 10/10/2012

Netlisting block microzed_module

Processing page 1

No netlisting errors found. 

INFO(SPCOCN-1054): ...written
INFO(SPCOCN-1445): Reading CLOCKS.SCH.1.1 into drawing #1.
INFO(SPCOCN-1028): writing <tubii_tk2_lib>CLOCKS.SCH.1.1:
INFO(SPCOCN-1044): writing binary file...
INFO(SPCOCN-1049): writing ASCII file...
INFO(SPCOCN-1053): writing connectivity file...
INFO(SPCOCN-1054): ...written

CSDirect Allegro Design Entry HDL 16.6-p007 (v16-6-112F) 10/10/2012

Netlisting block clocks

Processing page 1

No netlisting errors found. 

INFO(SPCOCN-1054): ...written
INFO(SPCOCN-1445): Reading DEFAULT_CLK_SEL.SCH.1.1 into drawing #1.
INFO(SPCOCN-1028): writing <tubii_tk2_lib>DEFAULT_CLK_SEL.SCH.1.1:
INFO(SPCOCN-1044): writing binary file...
INFO(SPCOCN-1049): writing ASCII file...
INFO(SPCOCN-1053): writing connectivity file...
INFO(SPCOCN-1054): ...written

CSDirect Allegro Design Entry HDL 16.6-p007 (v16-6-112F) 10/10/2012

Netlisting block default_clk_sel

Processing page 1

No netlisting errors found. 

INFO(SPCOCN-1054): ...written
INFO(SPCOCN-1445): Reading FAULT_DETECTION.SCH.1.1 into drawing #1.
INFO(SPCOCN-1028): writing <tubii_tk2_lib>FAULT_DETECTION.SCH.1.1:
INFO(SPCOCN-1044): writing binary file...
INFO(SPCOCN-1049): writing ASCII file...
INFO(SPCOCN-1053): writing connectivity file...
INFO(SPCOCN-1054): ...written

CSDirect Allegro Design Entry HDL 16.6-p007 (v16-6-112F) 10/10/2012

Netlisting block fault_detection

Processing page 1

No netlisting errors found. 

INFO(SPCOCN-1054): ...written
INFO(SPCOCN-1445): Reading CHANGE_CLKS.SCH.1.1 into drawing #1.
INFO(SPCOCN-1028): writing <tubii_tk2_lib>CHANGE_CLKS.SCH.1.1:
INFO(SPCOCN-1044): writing binary file...
INFO(SPCOCN-1049): writing ASCII file...
INFO(SPCOCN-1053): writing connectivity file...
INFO(SPCOCN-1054): ...written

CSDirect Allegro Design Entry HDL 16.6-p007 (v16-6-112F) 10/10/2012

Netlisting block change_clks

Processing page 1

No netlisting errors found. 

INFO(SPCOCN-1054): ...written
INFO(SPCOCN-1445): Reading PULSE_INVERTER.SCH.1.1 into drawing #1.
INFO(SPCOCN-1028): writing <tubii_tk2_lib>PULSE_INVERTER.SCH.1.1:
INFO(SPCOCN-1044): writing binary file...
INFO(SPCOCN-1049): writing ASCII file...
INFO(SPCOCN-1053): writing connectivity file...
INFO(SPCOCN-1054): ...written

CSDirect Allegro Design Entry HDL 16.6-p007 (v16-6-112F) 10/10/2012

Netlisting block pulse_inverter

Processing page 1

No netlisting errors found. 

INFO(SPCOCN-1054): ...written
INFO(SPCOCN-1445): Reading RIBBON_DELAY.SCH.1.1 into drawing #1.
INFO(SPCOCN-1028): writing <tubii_tk2_lib>RIBBON_DELAY.SCH.1.1:
INFO(SPCOCN-1044): writing binary file...
INFO(SPCOCN-1049): writing ASCII file...
INFO(SPCOCN-1053): writing connectivity file...
INFO(SPCOCN-1054): ...written

CSDirect Allegro Design Entry HDL 16.6-p007 (v16-6-112F) 10/10/2012

Netlisting block ribbon_delay

Processing page 1

No netlisting errors found. 

INFO(SPCOCN-1054): ...written
INFO(SPCOCN-1445): Reading GENERIC_DELAYS.SCH.1.1 into drawing #1.
INFO(SPCOCN-1028): writing <tubii_tk2_lib>GENERIC_DELAYS.SCH.1.1:
INFO(SPCOCN-1044): writing binary file...
INFO(SPCOCN-1049): writing ASCII file...
INFO(SPCOCN-1053): writing connectivity file...
INFO(SPCOCN-1054): ...written

CSDirect Allegro Design Entry HDL 16.6-p007 (v16-6-112F) 10/10/2012

Netlisting block generic_delays

Processing page 1

No netlisting errors found. 

INFO(SPCOCN-1054): ...written
INFO(SPCOCN-1445): Reading ECL_TRANSLATION.SCH.1.1 into drawing #1.
INFO(SPCOCN-1028): writing <tubii_tk2_lib>ECL_TRANSLATION.SCH.1.1:
INFO(SPCOCN-1044): writing binary file...
INFO(SPCOCN-1049): writing ASCII file...
INFO(SPCOCN-1053): writing connectivity file...
INFO(SPCOCN-1054): ...written

CSDirect Allegro Design Entry HDL 16.6-p007 (v16-6-112F) 10/10/2012

Netlisting block ecl_translation

Processing page 1

No netlisting errors found. 

INFO(SPCOCN-1054): ...written
INFO(SPCOCN-1445): Reading POWER.SCH.1.1 into drawing #1.
INFO(SPCOCN-1028): writing <tubii_tk2_lib>POWER.SCH.1.1:
INFO(SPCOCN-1044): writing binary file...
INFO(SPCOCN-1049): writing ASCII file...
INFO(SPCOCN-1053): writing connectivity file...
INFO(SPCOCN-1054): ...written

CSDirect Allegro Design Entry HDL 16.6-p007 (v16-6-112F) 10/10/2012

Netlisting block power

Processing page 1

No netlisting errors found. 

INFO(SPCOCN-1054): ...written
INFO(SPCOCN-1445): Reading ECAL_CONTROL.SCH.1.1 into drawing #1.
INFO(SPCOCN-1028): writing <tubii_tk2_lib>ECAL_CONTROL.SCH.1.1:
INFO(SPCOCN-1044): writing binary file...
INFO(SPCOCN-1049): writing ASCII file...
INFO(SPCOCN-1053): writing connectivity file...
INFO(SPCOCN-1054): ...written

CSDirect Allegro Design Entry HDL 16.6-p007 (v16-6-112F) 10/10/2012

Netlisting block ecal_control

Processing page 1

No netlisting errors found. 

INFO(SPCOCN-1054): ...written
INFO(SPCOCN-1445): Reading CAEN_ANALOG_COMS.SCH.1.1 into drawing #1.
INFO(SPCOCN-1028): writing <tubii_tk2_lib>CAEN_ANALOG_COMS.SCH.1.1:
INFO(SPCOCN-1044): writing binary file...
INFO(SPCOCN-1049): writing ASCII file...
INFO(SPCOCN-1053): writing connectivity file...
INFO(SPCOCN-1054): ...written

CSDirect Allegro Design Entry HDL 16.6-p007 (v16-6-112F) 10/10/2012

Netlisting block caen_analog_coms

Processing page 1

