temp/xxnedtmp19/event.log NEWFILE1
temp/xxnedtmp19/text.log NEWFILE2
temp/xxnedtmp19/environ.log NEWFILE3
C:\Cadence\SPB_16.6\share\cdssetup/concept/concepthdl.scr FILE4
C:\Users\QGPWindowsVB\Documents\ANUSTART\cds.lib FILE5
C:\Users\QGPWindowsVB\Documents\ANUSTART\worklib\tubii\sch_1\page1.csb FILE6
C:\Users\QGPWindowsVB\Documents\ANUSTART\worklib\tubii\sch_1\page1_csb.lck NEWFILE7
temp/xxnedtmp19/undo1.log NEWFILE8
C:\Users\QGPWindowsVB\Documents\ANUSTART\Parts\parts\misc\penn#20b#20size#20page\sym_1\symbol.css FILE9
C:\Users\QGPWindowsVB\Documents\ANUSTART\worklib\back_ports\sym_1\symbol.css FILE10
C:\Users\QGPWindowsVB\Documents\ANUSTART\worklib\front_ports\sym_1\symbol.css FILE11
C:\Users\QGPWindowsVB\Documents\ANUSTART\worklib\tubii_pcb\sym_1\symbol.css FILE12
C:\Users\QGPWindowsVB\Documents\ANUSTART\worklib\tubii_pcb\sch_1\page1.csb FILE13
C:\Users\QGPWindowsVB\Documents\ANUSTART\worklib\tubii_pcb\sch_1\page1_csb.lck NEWFILE14
C:\Users\QGPWindowsVB\Documents\ANUSTART\worklib\tubii\sch_1\page1_csa.lck NEWFILE15
C:\Users\QGPWindowsVB\Documents\ANUSTART\worklib\ellie_coms\sym_1\symbol.css FILE16
C:\Cadence\SPB_16.6\share\library\standard\outport\sym_1\symbol.css FILE17
C:\Users\QGPWindowsVB\Documents\ANUSTART\worklib\caen_coms\sym_1\symbol.css FILE18
C:\Cadence\SPB_16.6\share\library\standard\inport\sym_1\symbol.css FILE19
C:\Users\QGPWindowsVB\Documents\ANUSTART\worklib\ext_trigs\sym_1\symbol.css FILE20
C:\Users\QGPWindowsVB\Documents\ANUSTART\worklib\ecal_control\sym_1\symbol.css FILE21
C:\Users\QGPWindowsVB\Documents\ANUSTART\Parts\parts\ttl\hct238\sym_1\symbol.css FILE22
C:\Users\QGPWindowsVB\Documents\ANUSTART\worklib\power\sym_1\symbol.css FILE23
C:\Users\QGPWindowsVB\Documents\ANUSTART\worklib\general_utilities\sym_1\symbol.css FILE24
C:\Users\QGPWindowsVB\Documents\ANUSTART\worklib\mtca_mimic\sym_1\symbol.css FILE25
C:\Users\QGPWindowsVB\Documents\ANUSTART\worklib\clocks\sym_1\symbol.css FILE26
C:\Users\QGPWindowsVB\Documents\ANUSTART\worklib\lo_gen\sym_1\symbol.css FILE27
C:\Users\QGPWindowsVB\Documents\ANUSTART\worklib\baseline_buffer\sym_1\symbol.css FILE28
C:\Users\QGPWindowsVB\Documents\ANUSTART\worklib\tubii_spkr\sym_1\symbol.css FILE29
C:\Users\QGPWindowsVB\Documents\ANUSTART\worklib\cntrl_register\sym_1\symbol.css FILE30
C:\Users\QGPWindowsVB\Documents\ANUSTART\worklib\microzed_module\sym_1\symbol.css FILE31
C:\Users\QGPWindowsVB\Documents\ANUSTART\worklib\microzed_module\sch_1\page1.csb FILE32
C:\Users\QGPWindowsVB\Documents\ANUSTART\worklib\microzed_module\sch_1\page1_csb.lck FILE33
C:\Users\QGPWindowsVB\Documents\ANUSTART\worklib\tubii_pcb\sch_1\page1_csa.lck NEWFILE34
C:\Users\QGPWindowsVB\Documents\ANUSTART\Parts\parts\misc\fci_61083#2d101400lf\sym_1\symbol.css FILE35
C:\Users\QGPWindowsVB\Documents\ANUSTART\worklib\microzed_module\sch_1\page1_csa.lck NEWFILE36
C:/Users/QGPWindowsVB/Documents/ANUSTART/worklib/tubii/sch_1/tubii.xcon FILE37
C:/Users/QGPWindowsVB/Documents/ANUSTART/worklib/tubii/sch_1/tubii.dcf FILE38
C:\Users\QGPWindowsVB\Documents\ANUSTART\worklib\tubii\packaged/pstback.dat FILE39
C:/Cadence/SPB_16.6/tools/language/config.dat FILE40
temp/xxnedtmp19/../penn#20b#20size#20page.mkr NEWFILE41
temp/xxnedtmp19/../ellie_coms.mkr NEWFILE42
temp/xxnedtmp19/../outport.mkr NEWFILE43
temp/xxnedtmp19/../caen_coms.mkr NEWFILE44
temp/xxnedtmp19/../inport.mkr NEWFILE45
temp/xxnedtmp19/../ext_trigs.mkr NEWFILE46
temp/xxnedtmp19/../ecal_control.mkr NEWFILE47
temp/xxnedtmp19/../hct238.mkr NEWFILE48
temp/xxnedtmp19/../power.mkr NEWFILE49
temp/xxnedtmp19/../general_utilities.mkr NEWFILE50
temp/xxnedtmp19/../mtca_mimic.mkr NEWFILE51
temp/xxnedtmp19/../clocks.mkr NEWFILE52
temp/xxnedtmp19/../lo_gen.mkr NEWFILE53
temp/xxnedtmp19/../baseline_buffer.mkr NEWFILE54
temp/xxnedtmp19/../tubii_spkr.mkr NEWFILE55
temp/xxnedtmp19/../cntrl_register.mkr NEWFILE56
temp/xxnedtmp19/../microzed_module.mkr NEWFILE57
C:\Users\QGPWindowsVB\Documents\ANUSTART\worklib\tubii_pcb\sch_1\page1.csa FILE58
C:\Users\QGPWindowsVB\Documents\ANUSTART\worklib\tubii_pcb\sch_1\page1.csv FILE59
C:/Users/QGPWindowsVB/Documents/ANUSTART/worklib/tubii_pcb/sch_1/tubii_pcb_xcon.lck NEWFILE60
C:/Users/QGPWindowsVB/Documents/ANUSTART/worklib/tubii_pcb/sch_1/tubii_pcb_dcf.lck NEWFILE61
temp/xxnedtmp19/csnetlister.mkr NEWFILE62
temp/xxnedtmp19/../fci_61083#2d101400lf.mkr NEWFILE63
C:\Users\QGPWindowsVB\Documents\ANUSTART\worklib\microzed_module\sch_1\page1.csa FILE64
C:\Users\QGPWindowsVB\Documents\ANUSTART\worklib\microzed_module\sch_1\page1.csv FILE65
C:/Users/QGPWindowsVB/Documents/ANUSTART/worklib/microzed_module/sch_1/microzed_module_xcon.lck NEWFILE66
C:/Users/QGPWindowsVB/Documents/ANUSTART/worklib/microzed_module/sch_1/microzed_module_dcf.lck NEWFILE67
C:\Users\QGPWindowsVB\Documents\ANUSTART\worklib\clocks\sch_1\page1.csb FILE68
C:\Users\QGPWindowsVB\Documents\ANUSTART\worklib\clocks\sch_1\page1_csb.lck NEWFILE69
C:\Users\QGPWindowsVB\Documents\ANUSTART\Parts\parts\ecl\mc10h124\sym_1\symbol.css FILE70
C:\Users\QGPWindowsVB\Documents\ANUSTART\Parts\parts\misc\74f164\sym_2\symbol.css FILE71
C:\Users\QGPWindowsVB\Documents\ANUSTART\worklib\change_clks\sym_1\symbol.css FILE72
C:\Users\QGPWindowsVB\Documents\ANUSTART\Parts\parts\resistors\rsmd0805\sym_1\symbol.css FILE73
C:\Users\QGPWindowsVB\Documents\ANUSTART\Parts\parts\ttl\sn74s32\sym_1\symbol.css FILE74
C:\Users\QGPWindowsVB\Documents\ANUSTART\Parts\parts\misc\dr610f1_button\sym_1\symbol.css FILE75
C:\Users\QGPWindowsVB\Documents\ANUSTART\worklib\fault_detection\sym_1\symbol.css FILE76
C:\Users\QGPWindowsVB\Documents\ANUSTART\Parts\parts\capacitors\csmd0603\sym_1\symbol.css FILE77
C:\Cadence\SPB_16.6\share\library\standard\8#20merge\sym_1\symbol.css FILE78
C:\Users\QGPWindowsVB\Documents\ANUSTART\worklib\default_clk_sel\sym_1\symbol.css FILE79
temp/xxnedtmp19/../mc10h124.mkr NEWFILE80
temp/xxnedtmp19/../74f164.mkr NEWFILE81
temp/xxnedtmp19/../change_clks.mkr NEWFILE82
temp/xxnedtmp19/../rsmd0805.mkr NEWFILE83
temp/xxnedtmp19/../sn74s32.mkr NEWFILE84
temp/xxnedtmp19/../dr610f1_button.mkr NEWFILE85
temp/xxnedtmp19/../fault_detection.mkr NEWFILE86
temp/xxnedtmp19/../csmd0603.mkr NEWFILE87
temp/xxnedtmp19/../8#20merge.mkr NEWFILE88
temp/xxnedtmp19/../default_clk_sel.mkr NEWFILE89
C:\Users\QGPWindowsVB\Documents\ANUSTART\worklib\clocks\sch_1\page1.csa FILE90
C:\Users\QGPWindowsVB\Documents\ANUSTART\worklib\clocks\sch_1\page1.csv FILE91
C:/Users/QGPWindowsVB/Documents/ANUSTART/worklib/clocks/sch_1/clocks_xcon.lck NEWFILE92
C:/Users/QGPWindowsVB/Documents/ANUSTART/worklib/clocks/sch_1/clocks_dcf.lck NEWFILE93
C:\Users\QGPWindowsVB\Documents\ANUSTART\worklib\default_clk_sel\sch_1\page1.csb FILE94
C:\Users\QGPWindowsVB\Documents\ANUSTART\worklib\default_clk_sel\sch_1\page1_csb.lck NEWFILE95
C:\Users\QGPWindowsVB\Documents\ANUSTART\worklib\clocks\sch_1\page1_csa.lck NEWFILE96
C:\Users\QGPWindowsVB\Documents\ANUSTART\Parts\parts\misc\testpoint_l\sym_1\symbol.css FILE97
C:\Users\QGPWindowsVB\Documents\ANUSTART\Parts\parts\ecl\mc10h104\sym_1\symbol.css FILE98
C:\Users\QGPWindowsVB\Documents\ANUSTART\Parts\parts\misc\sy100el34l\sym_1\symbol.css FILE99
C:\Users\QGPWindowsVB\Documents\ANUSTART\Parts\parts\ecl\sy100el91l\sym_1\symbol.css FILE100
C:\Users\QGPWindowsVB\Documents\ANUSTART\Parts\parts\misc\foxclock\sym_1\symbol.css FILE101
temp/xxnedtmp19/../testpoint_l.mkr NEWFILE102
temp/xxnedtmp19/../mc10h104.mkr NEWFILE103
temp/xxnedtmp19/../sy100el34l.mkr NEWFILE104
temp/xxnedtmp19/../sy100el91l.mkr NEWFILE105
temp/xxnedtmp19/../foxclock.mkr NEWFILE106
C:\Users\QGPWindowsVB\Documents\ANUSTART\worklib\default_clk_sel\sch_1\page1.csa FILE107
C:\Users\QGPWindowsVB\Documents\ANUSTART\worklib\default_clk_sel\sch_1\page1.csv FILE108
C:/Users/QGPWindowsVB/Documents/ANUSTART/worklib/default_clk_sel/sch_1/default_clk_sel_xcon.lck NEWFILE109
C:/Users/QGPWindowsVB/Documents/ANUSTART/worklib/default_clk_sel/sch_1/default_clk_sel_dcf.lck NEWFILE110
C:\Users\QGPWindowsVB\Documents\ANUSTART\worklib\fault_detection\sch_1\page1.csb FILE111
C:\Users\QGPWindowsVB\Documents\ANUSTART\worklib\fault_detection\sch_1\page1_csb.lck NEWFILE112
C:\Users\QGPWindowsVB\Documents\ANUSTART\worklib\default_clk_sel\sch_1\page1_csa.lck NEWFILE113
C:\Users\QGPWindowsVB\Documents\ANUSTART\Parts\parts\misc\sip_header_2pin\sym_1\symbol.css FILE114
C:\Users\QGPWindowsVB\Documents\ANUSTART\Parts\parts\capacitors\csmd0805\sym_1\symbol.css FILE115
C:\Users\QGPWindowsVB\Documents\ANUSTART\Parts\parts\ecl\mc10h131\sym_1\symbol.css FILE116
C:\Users\QGPWindowsVB\Documents\ANUSTART\Parts\parts\ecl\mc10e016\sym_1\symbol.css FILE117
C:\Users\QGPWindowsVB\Documents\ANUSTART\Parts\parts\ttl\sy100el05\sym_1\symbol.css FILE118
C:\Users\QGPWindowsVB\Documents\ANUSTART\Parts\parts\misc\led_l\sym_1\symbol.css FILE119
C:\Users\QGPWindowsVB\Documents\ANUSTART\Parts\parts\ttl\74hct273\sym_1\symbol.css FILE120
C:\Users\QGPWindowsVB\Documents\ANUSTART\Parts\parts\misc\hct123\sym_1\symbol.css FILE121
C:\Users\QGPWindowsVB\Documents\ANUSTART\Parts\parts\ecl\mc10h125\sym_1\symbol.css FILE122
C:\Users\QGPWindowsVB\Documents\ANUSTART\Parts\parts\ecl\mc10e116\sym_1\symbol.css FILE123
temp/xxnedtmp19/../sip_header_2pin.mkr NEWFILE124
temp/xxnedtmp19/../csmd0805.mkr NEWFILE125
temp/xxnedtmp19/../mc10h131.mkr NEWFILE126
temp/xxnedtmp19/../mc10e016.mkr NEWFILE127
temp/xxnedtmp19/../sy100el05.mkr NEWFILE128
temp/xxnedtmp19/../led_l.mkr NEWFILE129
temp/xxnedtmp19/../74hct273.mkr NEWFILE130
temp/xxnedtmp19/../hct123.mkr NEWFILE131
temp/xxnedtmp19/../mc10h125.mkr NEWFILE132
temp/xxnedtmp19/../mc10e116.mkr NEWFILE133
C:\Users\QGPWindowsVB\Documents\ANUSTART\worklib\fault_detection\sch_1\page1.csa FILE134
C:\Users\QGPWindowsVB\Documents\ANUSTART\worklib\fault_detection\sch_1\page1.csv FILE135
C:/Users/QGPWindowsVB/Documents/ANUSTART/worklib/fault_detection/sch_1/fault_detection_xcon.lck NEWFILE136
C:/Users/QGPWindowsVB/Documents/ANUSTART/worklib/fault_detection/sch_1/fault_detection_dcf.lck NEWFILE137
C:\Users\QGPWindowsVB\Documents\ANUSTART\worklib\change_clks\sch_1\page1.csb FILE138
C:\Users\QGPWindowsVB\Documents\ANUSTART\worklib\change_clks\sch_1\page1_csb.lck NEWFILE139
C:\Users\QGPWindowsVB\Documents\ANUSTART\worklib\fault_detection\sch_1\page1_csa.lck NEWFILE140
C:\Users\QGPWindowsVB\Documents\ANUSTART\Parts\parts\misc\ss22sdp2\sym_1\symbol.css FILE141
temp/xxnedtmp19/../ss22sdp2.mkr NEWFILE142
C:\Users\QGPWindowsVB\Documents\ANUSTART\worklib\change_clks\sch_1\page1.csa FILE143
C:\Users\QGPWindowsVB\Documents\ANUSTART\worklib\change_clks\sch_1\page1.csv FILE144
C:/Users/QGPWindowsVB/Documents/ANUSTART/worklib/change_clks/sch_1/change_clks_xcon.lck NEWFILE145
C:/Users/QGPWindowsVB/Documents/ANUSTART/worklib/change_clks/sch_1/change_clks_dcf.lck NEWFILE146
C:\Users\QGPWindowsVB\Documents\ANUSTART\worklib\pulse_inverter\sch_1\page1.csb FILE147
C:\Users\QGPWindowsVB\Documents\ANUSTART\worklib\pulse_inverter\sch_1\page1_csb.lck NEWFILE148
C:\Users\QGPWindowsVB\Documents\ANUSTART\worklib\change_clks\sch_1\page1_csa.lck NEWFILE149
C:\Users\QGPWindowsVB\Documents\ANUSTART\Parts\parts\misc\ad8009\sym_1\symbol.css FILE150
temp/xxnedtmp19/../ad8009.mkr NEWFILE151
C:\Users\QGPWindowsVB\Documents\ANUSTART\worklib\pulse_inverter\sch_1\page1.csa FILE152
C:\Users\QGPWindowsVB\Documents\ANUSTART\worklib\pulse_inverter\sch_1\page1.csv FILE153
C:/Users/QGPWindowsVB/Documents/ANUSTART/worklib/pulse_inverter/sch_1/pulse_inverter_xcon.lck NEWFILE154
C:/Users/QGPWindowsVB/Documents/ANUSTART/worklib/pulse_inverter/sch_1/pulse_inverter_dcf.lck NEWFILE155
C:\Users\QGPWindowsVB\Documents\ANUSTART\worklib\ribbon_delay\sch_1\page1.csb FILE156
C:\Users\QGPWindowsVB\Documents\ANUSTART\worklib\ribbon_delay\sch_1\page1_csb.lck NEWFILE157
C:\Users\QGPWindowsVB\Documents\ANUSTART\worklib\pulse_inverter\sch_1\page1_csa.lck NEWFILE158
C:\Users\QGPWindowsVB\Documents\ANUSTART\Parts\parts\ecl\mc10h116\sym_1\symbol.css FILE159
C:\Users\QGPWindowsVB\Documents\ANUSTART\Parts\parts\misc\ids_c10\sym_1\symbol.css FILE160
temp/xxnedtmp19/../mc10h116.mkr NEWFILE161
temp/xxnedtmp19/../ids_c10.mkr NEWFILE162
C:\Users\QGPWindowsVB\Documents\ANUSTART\worklib\ribbon_delay\sch_1\page1.csa FILE163
C:\Users\QGPWindowsVB\Documents\ANUSTART\worklib\ribbon_delay\sch_1\page1.csv FILE164
C:/Users/QGPWindowsVB/Documents/ANUSTART/worklib/ribbon_delay/sch_1/ribbon_delay_xcon.lck NEWFILE165
C:/Users/QGPWindowsVB/Documents/ANUSTART/worklib/ribbon_delay/sch_1/ribbon_delay_dcf.lck NEWFILE166
C:\Users\QGPWindowsVB\Documents\ANUSTART\worklib\generic_delays\sch_1\page1.csb FILE167
C:\Users\QGPWindowsVB\Documents\ANUSTART\worklib\generic_delays\sch_1\page1_csb.lck NEWFILE168
C:\Users\QGPWindowsVB\Documents\ANUSTART\worklib\ribbon_delay\sch_1\page1_csa.lck NEWFILE169
C:\Users\QGPWindowsVB\Documents\ANUSTART\Parts\parts\ttl\ds102350\sym_1\symbol.css FILE170
temp/xxnedtmp19/../ds102350.mkr NEWFILE171
C:\Users\QGPWindowsVB\Documents\ANUSTART\worklib\generic_delays\sch_1\page1.csa FILE172
C:\Users\QGPWindowsVB\Documents\ANUSTART\worklib\generic_delays\sch_1\page1.csv FILE173
C:/Users/QGPWindowsVB/Documents/ANUSTART/worklib/generic_delays/sch_1/generic_delays_xcon.lck NEWFILE174
C:/Users/QGPWindowsVB/Documents/ANUSTART/worklib/generic_delays/sch_1/generic_delays_dcf.lck NEWFILE175
C:\Users\QGPWindowsVB\Documents\ANUSTART\worklib\ecl_translation\sch_1\page1.csb FILE176
C:\Users\QGPWindowsVB\Documents\ANUSTART\worklib\ecl_translation\sch_1\page1_csb.lck NEWFILE177
C:\Users\QGPWindowsVB\Documents\ANUSTART\worklib\generic_delays\sch_1\page1_csa.lck NEWFILE178
C:\Users\QGPWindowsVB\Documents\ANUSTART\Parts\parts\transistors\mmbth10\sym_1\symbol.css FILE179
C:\Users\QGPWindowsVB\Documents\ANUSTART\Parts\parts\transistors\mpsh81\sym_1\symbol.css FILE180
C:\Users\QGPWindowsVB\Documents\ANUSTART\Parts\parts\misc\ds90lv019\sym_1\symbol.css FILE181
temp/xxnedtmp19/../mmbth10.mkr NEWFILE182
temp/xxnedtmp19/../mpsh81.mkr NEWFILE183
temp/xxnedtmp19/../ds90lv019.mkr NEWFILE184
C:\Users\QGPWindowsVB\Documents\ANUSTART\worklib\ecl_translation\sch_1\page1.csa FILE185
C:\Users\QGPWindowsVB\Documents\ANUSTART\worklib\ecl_translation\sch_1\page1.csv FILE186
C:/Users/QGPWindowsVB/Documents/ANUSTART/worklib/ecl_translation/sch_1/ecl_translation_xcon.lck NEWFILE187
C:/Users/QGPWindowsVB/Documents/ANUSTART/worklib/ecl_translation/sch_1/ecl_translation_dcf.lck NEWFILE188
C:\Users\QGPWindowsVB\Documents\ANUSTART\worklib\power\sch_1\page1.csb FILE189
C:\Users\QGPWindowsVB\Documents\ANUSTART\worklib\power\sch_1\page1_csb.lck NEWFILE190
C:\Users\QGPWindowsVB\Documents\ANUSTART\worklib\ecl_translation\sch_1\page1_csa.lck NEWFILE191
C:\Users\QGPWindowsVB\Documents\ANUSTART\Parts\parts\capacitors\tant0805\sym_1\symbol.css FILE192
C:\Users\QGPWindowsVB\Documents\ANUSTART\Parts\parts\misc\inductor_l\sym_1\symbol.css FILE193
C:\Users\QGPWindowsVB\Documents\ANUSTART\Parts\parts\misc\ostoq047150\sym_1\symbol.css FILE194
C:\Users\QGPWindowsVB\Documents\ANUSTART\Parts\parts\regulators\7915_l\sym_1\symbol.css FILE195
C:\Users\QGPWindowsVB\Documents\ANUSTART\Parts\parts\regulators\7815s_l\sym_1\symbol.css FILE196
C:\Users\QGPWindowsVB\Documents\ANUSTART\Parts\parts\regulators\lm337t_l\sym_1\symbol.css FILE197
C:\Users\QGPWindowsVB\Documents\ANUSTART\Parts\parts\regulators\lm1117\sym_1\symbol.css FILE198
temp/xxnedtmp19/../tant0805.mkr NEWFILE199
temp/xxnedtmp19/../inductor_l.mkr NEWFILE200
temp/xxnedtmp19/../ostoq047150.mkr NEWFILE201
temp/xxnedtmp19/../7915_l.mkr NEWFILE202
temp/xxnedtmp19/../7815s_l.mkr NEWFILE203
temp/xxnedtmp19/../lm337t_l.mkr NEWFILE204
temp/xxnedtmp19/../lm1117.mkr NEWFILE205
C:\Users\QGPWindowsVB\Documents\ANUSTART\worklib\power\sch_1\page1.csa FILE206
C:\Users\QGPWindowsVB\Documents\ANUSTART\worklib\power\sch_1\page1.csv FILE207
C:/Users/QGPWindowsVB/Documents/ANUSTART/worklib/power/sch_1/power_xcon.lck NEWFILE208
C:/Users/QGPWindowsVB/Documents/ANUSTART/worklib/power/sch_1/power_dcf.lck NEWFILE209
C:\Users\QGPWindowsVB\Documents\ANUSTART\worklib\ecal_control\sch_1\page1.csb FILE210
C:\Users\QGPWindowsVB\Documents\ANUSTART\worklib\ecal_control\sch_1\page1_csb.lck NEWFILE211
C:\Users\QGPWindowsVB\Documents\ANUSTART\worklib\power\sch_1\page1_csa.lck NEWFILE212
C:\Users\QGPWindowsVB\Documents\ANUSTART\worklib\ecal_control\sch_1\page1.csa FILE213
C:\Users\QGPWindowsVB\Documents\ANUSTART\worklib\ecal_control\sch_1\page1.csv FILE214
C:/Users/QGPWindowsVB/Documents/ANUSTART/worklib/ecal_control/sch_1/ecal_control_xcon.lck NEWFILE215
C:/Users/QGPWindowsVB/Documents/ANUSTART/worklib/ecal_control/sch_1/ecal_control_dcf.lck NEWFILE216
C:\Users\QGPWindowsVB\Documents\ANUSTART\worklib\caen_analog_coms\sch_1\page1.csb FILE217
C:\Users\QGPWindowsVB\Documents\ANUSTART\worklib\caen_analog_coms\sch_1\page1_csb.lck NEWFILE218
C:\Users\QGPWindowsVB\Documents\ANUSTART\worklib\ecal_control\sch_1\page1_csa.lck NEWFILE219
C:\Users\QGPWindowsVB\Documents\ANUSTART\Parts\parts\misc\pickering113fc\sym_1\symbol.css FILE220
C:\Users\QGPWindowsVB\Documents\ANUSTART\worklib\vref_gen\sym_1\symbol.css FILE221
C:\Users\QGPWindowsVB\Documents\ANUSTART\worklib\caen_buffer\sym_1\symbol.css FILE222
C:\Users\QGPWindowsVB\Documents\ANUSTART\Parts\parts\ttl\hct374\sym_1\symbol.css FILE223
C:\Users\QGPWindowsVB\Documents\ANUSTART\Parts\parts\ttl\74f07\sym_1\symbol.css FILE224
temp/xxnedtmp19/../pickering113fc.mkr NEWFILE225
temp/xxnedtmp19/../vref_gen.mkr NEWFILE226
temp/xxnedtmp19/../caen_buffer.mkr NEWFILE227
temp/xxnedtmp19/../hct374.mkr NEWFILE228
temp/xxnedtmp19/../74f07.mkr NEWFILE229
C:\Users\QGPWindowsVB\Documents\ANUSTART\worklib\caen_analog_coms\sch_1\page1.csa FILE230
C:\Users\QGPWindowsVB\Documents\ANUSTART\worklib\caen_analog_coms\sch_1\page1.csv FILE231
C:/Users/QGPWindowsVB/Documents/ANUSTART/worklib/caen_analog_coms/sch_1/caen_analog_coms_xcon.lck NEWFILE232
C:/Users/QGPWindowsVB/Documents/ANUSTART/worklib/caen_analog_coms/sch_1/caen_analog_coms_dcf.lck NEWFILE233
C:\Users\QGPWindowsVB\Documents\ANUSTART\worklib\vref_gen\sch_1\page1.csb FILE234
C:\Users\QGPWindowsVB\Documents\ANUSTART\worklib\vref_gen\sch_1\page1_csb.lck NEWFILE235
C:\Users\QGPWindowsVB\Documents\ANUSTART\worklib\caen_analog_coms\sch_1\page1_csa.lck NEWFILE236
C:\Users\QGPWindowsVB\Documents\ANUSTART\Parts\parts\misc\opa277\sym_1\symbol.css FILE237
C:\Users\QGPWindowsVB\Documents\ANUSTART\Parts\parts\misc\ref02\sym_1\symbol.css FILE238
temp/xxnedtmp19/../opa277.mkr NEWFILE239
temp/xxnedtmp19/../ref02.mkr NEWFILE240
C:\Users\QGPWindowsVB\Documents\ANUSTART\worklib\vref_gen\sch_1\page1.csa FILE241
C:\Users\QGPWindowsVB\Documents\ANUSTART\worklib\vref_gen\sch_1\page1.csv FILE242
C:/Users/QGPWindowsVB/Documents/ANUSTART/worklib/vref_gen/sch_1/vref_gen_xcon.lck NEWFILE243
C:/Users/QGPWindowsVB/Documents/ANUSTART/worklib/vref_gen/sch_1/vref_gen_dcf.lck NEWFILE244
C:\Users\QGPWindowsVB\Documents\ANUSTART\worklib\caen_dig_coms\sch_1\page1.csb FILE245
C:\Users\QGPWindowsVB\Documents\ANUSTART\worklib\caen_dig_coms\sch_1\page1_csb.lck NEWFILE246
C:\Users\QGPWindowsVB\Documents\ANUSTART\worklib\vref_gen\sch_1\page1_csa.lck NEWFILE247
C:\Users\QGPWindowsVB\Documents\ANUSTART\Parts\parts\transistors\mmbth81\sym_1\symbol.css FILE248
C:\Users\QGPWindowsVB\Documents\ANUSTART\Parts\parts\misc\ds90lv027\sym_1\symbol.css FILE249
temp/xxnedtmp19/../mmbth81.mkr NEWFILE250
temp/xxnedtmp19/../ds90lv027.mkr NEWFILE251
C:\Users\QGPWindowsVB\Documents\ANUSTART\worklib\caen_dig_coms\sch_1\page1.csa FILE252
C:\Users\QGPWindowsVB\Documents\ANUSTART\worklib\caen_dig_coms\sch_1\page1.csv FILE253
C:/Users/QGPWindowsVB/Documents/ANUSTART/worklib/caen_dig_coms/sch_1/caen_dig_coms_xcon.lck NEWFILE254
C:/Users/QGPWindowsVB/Documents/ANUSTART/worklib/caen_dig_coms/sch_1/caen_dig_coms_dcf.lck NEWFILE255
C:\Users\QGPWindowsVB\Documents\ANUSTART\worklib\ellie_coms\sch_1\page1.csb FILE256
C:\Users\QGPWindowsVB\Documents\ANUSTART\worklib\ellie_coms\sch_1\page1_csb.lck NEWFILE257
C:\Users\QGPWindowsVB\Documents\ANUSTART\worklib\caen_dig_coms\sch_1\page1_csa.lck NEWFILE258
C:\Users\QGPWindowsVB\Documents\ANUSTART\worklib\ellie_coms\sch_1\page1.csa FILE259
C:\Users\QGPWindowsVB\Documents\ANUSTART\worklib\ellie_coms\sch_1\page1.csv FILE260
C:/Users/QGPWindowsVB/Documents/ANUSTART/worklib/ellie_coms/sch_1/ellie_coms_xcon.lck NEWFILE261
C:/Users/QGPWindowsVB/Documents/ANUSTART/worklib/ellie_coms/sch_1/ellie_coms_dcf.lck NEWFILE262
C:\Users\QGPWindowsVB\Documents\ANUSTART\worklib\cntrl_register\sch_1\page1.csb FILE263
C:\Users\QGPWindowsVB\Documents\ANUSTART\worklib\cntrl_register\sch_1\page1_csb.lck NEWFILE264
C:\Users\QGPWindowsVB\Documents\ANUSTART\worklib\ellie_coms\sch_1\page1_csa.lck NEWFILE265
C:\Users\QGPWindowsVB\Documents\ANUSTART\Parts\parts\ttl\74hct165\sym_1\symbol.css FILE266
temp/xxnedtmp19/../74hct165.mkr NEWFILE267
C:\Users\QGPWindowsVB\Documents\ANUSTART\worklib\cntrl_register\sch_1\page1.csa FILE268
C:\Users\QGPWindowsVB\Documents\ANUSTART\worklib\cntrl_register\sch_1\page1.csv FILE269
C:/Users/QGPWindowsVB/Documents/ANUSTART/worklib/cntrl_register/sch_1/cntrl_register_xcon.lck NEWFILE270
C:/Users/QGPWindowsVB/Documents/ANUSTART/worklib/cntrl_register/sch_1/cntrl_register_dcf.lck NEWFILE271
C:\Users\QGPWindowsVB\Documents\ANUSTART\worklib\tubii_spkr\sch_1\page1.csb FILE272
C:\Users\QGPWindowsVB\Documents\ANUSTART\worklib\tubii_spkr\sch_1\page1_csb.lck NEWFILE273
C:\Users\QGPWindowsVB\Documents\ANUSTART\worklib\cntrl_register\sch_1\page1_csa.lck NEWFILE274
C:\Users\QGPWindowsVB\Documents\ANUSTART\Parts\parts\resistors\3006p_trimpot\sym_1\symbol.css FILE275
C:\Users\QGPWindowsVB\Documents\ANUSTART\Parts\parts\ttl\74f06\sym_1\symbol.css FILE276
C:\Users\QGPWindowsVB\Documents\ANUSTART\Parts\parts\misc\led_1206\sym_1\symbol.css FILE277
temp/xxnedtmp19/../3006p_trimpot.mkr NEWFILE278
temp/xxnedtmp19/../74f06.mkr NEWFILE279
temp/xxnedtmp19/../led_1206.mkr NEWFILE280
C:\Users\QGPWindowsVB\Documents\ANUSTART\worklib\tubii_spkr\sch_1\page1.csa FILE281
C:\Users\QGPWindowsVB\Documents\ANUSTART\worklib\tubii_spkr\sch_1\page1.csv FILE282
C:/Users/QGPWindowsVB/Documents/ANUSTART/worklib/tubii_spkr/sch_1/tubii_spkr_xcon.lck NEWFILE283
C:/Users/QGPWindowsVB/Documents/ANUSTART/worklib/tubii_spkr/sch_1/tubii_spkr_dcf.lck NEWFILE284
C:\Users\QGPWindowsVB\Documents\ANUSTART\worklib\baseline_buffer\sch_1\page1.csb FILE285
C:\Users\QGPWindowsVB\Documents\ANUSTART\worklib\baseline_buffer\sch_1\page1_csb.lck NEWFILE286
C:\Users\QGPWindowsVB\Documents\ANUSTART\worklib\tubii_spkr\sch_1\page1_csa.lck NEWFILE287
C:\Users\QGPWindowsVB\Documents\ANUSTART\Parts\parts\misc\opa2277\sym_1\symbol.css FILE288
C:\Users\QGPWindowsVB\Documents\ANUSTART\Parts\parts\misc\opa4277\sym_1\symbol.css FILE289
temp/xxnedtmp19/../opa2277.mkr NEWFILE290
temp/xxnedtmp19/../opa4277.mkr NEWFILE291
C:\Users\QGPWindowsVB\Documents\ANUSTART\worklib\baseline_buffer\sch_1\page1.csa FILE292
C:\Users\QGPWindowsVB\Documents\ANUSTART\worklib\baseline_buffer\sch_1\page1.csv FILE293
C:/Users/QGPWindowsVB/Documents/ANUSTART/worklib/baseline_buffer/sch_1/baseline_buffer_xcon.lck NEWFILE294
C:/Users/QGPWindowsVB/Documents/ANUSTART/worklib/baseline_buffer/sch_1/baseline_buffer_dcf.lck NEWFILE295
C:\Users\QGPWindowsVB\Documents\ANUSTART\worklib\lo_gen\sch_1\page1.csb FILE296
C:\Users\QGPWindowsVB\Documents\ANUSTART\worklib\lo_gen\sch_1\page1_csb.lck NEWFILE297
C:\Users\QGPWindowsVB\Documents\ANUSTART\worklib\baseline_buffer\sch_1\page1_csa.lck NEWFILE298
C:\Users\QGPWindowsVB\Documents\ANUSTART\worklib\select_lo_src\sym_1\symbol.css FILE299
C:\Users\QGPWindowsVB\Documents\ANUSTART\worklib\gt_delays\sym_1\symbol.css FILE300
temp/xxnedtmp19/../select_lo_src.mkr NEWFILE301
temp/xxnedtmp19/../gt_delays.mkr NEWFILE302
C:\Users\QGPWindowsVB\Documents\ANUSTART\worklib\lo_gen\sch_1\page1.csa FILE303
C:\Users\QGPWindowsVB\Documents\ANUSTART\worklib\lo_gen\sch_1\page1.csv FILE304
C:/Users/QGPWindowsVB/Documents/ANUSTART/worklib/lo_gen/sch_1/lo_gen_xcon.lck NEWFILE305
C:/Users/QGPWindowsVB/Documents/ANUSTART/worklib/lo_gen/sch_1/lo_gen_dcf.lck NEWFILE306
C:\Users\QGPWindowsVB\Documents\ANUSTART\worklib\gt_delays\sch_1\page1.csb FILE307
C:\Users\QGPWindowsVB\Documents\ANUSTART\worklib\gt_delays\sch_1\page1_csb.lck NEWFILE308
C:\Users\QGPWindowsVB\Documents\ANUSTART\worklib\lo_gen\sch_1\page1_csa.lck NEWFILE309
C:\Users\QGPWindowsVB\Documents\ANUSTART\Parts\parts\ttl\ds1023500\sym_1\symbol.css FILE310
C:\Users\QGPWindowsVB\Documents\ANUSTART\Parts\parts\ttl\ds1023200\sym_1\symbol.css FILE311
temp/xxnedtmp19/../ds1023500.mkr NEWFILE312
temp/xxnedtmp19/../ds1023200.mkr NEWFILE313
C:\Users\QGPWindowsVB\Documents\ANUSTART\worklib\gt_delays\sch_1\page1.csa FILE314
C:\Users\QGPWindowsVB\Documents\ANUSTART\worklib\gt_delays\sch_1\page1.csv FILE315
C:/Users/QGPWindowsVB/Documents/ANUSTART/worklib/gt_delays/sch_1/gt_delays_xcon.lck NEWFILE316
C:/Users/QGPWindowsVB/Documents/ANUSTART/worklib/gt_delays/sch_1/gt_delays_dcf.lck NEWFILE317
C:\Users\QGPWindowsVB\Documents\ANUSTART\worklib\select_lo_src\sch_1\page1.csb FILE318
C:\Users\QGPWindowsVB\Documents\ANUSTART\worklib\select_lo_src\sch_1\page1_csb.lck NEWFILE319
C:\Users\QGPWindowsVB\Documents\ANUSTART\worklib\gt_delays\sch_1\page1_csa.lck NEWFILE320
C:\Users\QGPWindowsVB\Documents\ANUSTART\worklib\select_lo_src\sch_1\page1.csa FILE321
C:\Users\QGPWindowsVB\Documents\ANUSTART\worklib\select_lo_src\sch_1\page1.csv FILE322
C:/Users/QGPWindowsVB/Documents/ANUSTART/worklib/select_lo_src/sch_1/select_lo_src_xcon.lck NEWFILE323
C:/Users/QGPWindowsVB/Documents/ANUSTART/worklib/select_lo_src/sch_1/select_lo_src_dcf.lck NEWFILE324
C:\Users\QGPWindowsVB\Documents\ANUSTART\worklib\mtca_mimic\sch_1\page1.csb FILE325
C:\Users\QGPWindowsVB\Documents\ANUSTART\worklib\mtca_mimic\sch_1\page1_csb.lck NEWFILE326
C:\Users\QGPWindowsVB\Documents\ANUSTART\worklib\select_lo_src\sch_1\page1_csa.lck NEWFILE327
C:\Users\QGPWindowsVB\Documents\ANUSTART\Parts\parts\misc\ad7243\sym_1\symbol.css FILE328
C:\Users\QGPWindowsVB\Documents\ANUSTART\worklib\trigger_logic\sym_1\symbol.css FILE329
C:\Users\QGPWindowsVB\Documents\ANUSTART\Parts\parts\misc\ad96687\sym_1\symbol.css FILE330
temp/xxnedtmp19/../ad7243.mkr NEWFILE331
temp/xxnedtmp19/../trigger_logic.mkr NEWFILE332
temp/xxnedtmp19/../ad96687.mkr NEWFILE333
C:\Users\QGPWindowsVB\Documents\ANUSTART\worklib\mtca_mimic\sch_1\page1.csa FILE334
C:\Users\QGPWindowsVB\Documents\ANUSTART\worklib\mtca_mimic\sch_1\page1.csv FILE335
C:/Users/QGPWindowsVB/Documents/ANUSTART/worklib/mtca_mimic/sch_1/mtca_mimic_xcon.lck NEWFILE336
C:/Users/QGPWindowsVB/Documents/ANUSTART/worklib/mtca_mimic/sch_1/mtca_mimic_dcf.lck NEWFILE337
C:\Users\QGPWindowsVB\Documents\ANUSTART\worklib\trigger_logic\sch_1\page1.csb FILE338
C:\Users\QGPWindowsVB\Documents\ANUSTART\worklib\trigger_logic\sch_1\page1_csb.lck NEWFILE339
C:\Users\QGPWindowsVB\Documents\ANUSTART\worklib\mtca_mimic\sch_1\page1_csa.lck NEWFILE340
C:\Users\QGPWindowsVB\Documents\ANUSTART\Parts\parts\ecl\mc10e101\sym_1\symbol.css FILE341
temp/xxnedtmp19/../mc10e101.mkr NEWFILE342
C:\Users\QGPWindowsVB\Documents\ANUSTART\worklib\trigger_logic\sch_1\page1.csa FILE343
C:\Users\QGPWindowsVB\Documents\ANUSTART\worklib\trigger_logic\sch_1\page1.csv FILE344
C:/Users/QGPWindowsVB/Documents/ANUSTART/worklib/trigger_logic/sch_1/trigger_logic_xcon.lck NEWFILE345
C:/Users/QGPWindowsVB/Documents/ANUSTART/worklib/trigger_logic/sch_1/trigger_logic_dcf.lck NEWFILE346
C:\Users\QGPWindowsVB\Documents\ANUSTART\worklib\ext_trigs\sch_1\page1.csb FILE347
C:\Users\QGPWindowsVB\Documents\ANUSTART\worklib\ext_trigs\sch_1\page1_csb.lck NEWFILE348
C:\Users\QGPWindowsVB\Documents\ANUSTART\worklib\trigger_logic\sch_1\page1_csa.lck NEWFILE349
C:\Users\QGPWindowsVB\Documents\ANUSTART\worklib\ext_trigs\sch_1\page1.csa FILE350
C:\Users\QGPWindowsVB\Documents\ANUSTART\worklib\ext_trigs\sch_1\page1.csv FILE351
C:/Users/QGPWindowsVB/Documents/ANUSTART/worklib/ext_trigs/sch_1/ext_trigs_xcon.lck NEWFILE352
C:/Users/QGPWindowsVB/Documents/ANUSTART/worklib/ext_trigs/sch_1/ext_trigs_dcf.lck NEWFILE353
C:\Users\QGPWindowsVB\Documents\ANUSTART\worklib\translation_ports\sch_1\page1.csb FILE354
C:\Users\QGPWindowsVB\Documents\ANUSTART\worklib\translation_ports\sch_1\page1_csb.lck NEWFILE355
C:\Users\QGPWindowsVB\Documents\ANUSTART\worklib\ext_trigs\sch_1\page1_csa.lck NEWFILE356
C:\Users\QGPWindowsVB\Documents\ANUSTART\Parts\parts\misc\conn34\sym_1\symbol.css FILE357
temp/xxnedtmp19/../conn34.mkr NEWFILE358
C:\Users\QGPWindowsVB\Documents\ANUSTART\worklib\translation_ports\sch_1\page1.csa FILE359
C:\Users\QGPWindowsVB\Documents\ANUSTART\worklib\translation_ports\sch_1\page1.csv FILE360
C:/Users/QGPWindowsVB/Documents/ANUSTART/worklib/translation_ports/sch_1/translation_ports_xcon.lck NEWFILE361
C:/Users/QGPWindowsVB/Documents/ANUSTART/worklib/translation_ports/sch_1/translation_ports_dcf.lck NEWFILE362
C:\Users\QGPWindowsVB\Documents\ANUSTART\worklib\mtca_mimic_ports\sch_1\page1.csb FILE363
C:\Users\QGPWindowsVB\Documents\ANUSTART\worklib\mtca_mimic_ports\sch_1\page1_csb.lck NEWFILE364
C:\Users\QGPWindowsVB\Documents\ANUSTART\worklib\translation_ports\sch_1\page1_csa.lck NEWFILE365
C:\Users\QGPWindowsVB\Documents\ANUSTART\worklib\mtca_mimic_ports\sch_1\page1.csa FILE366
C:\Users\QGPWindowsVB\Documents\ANUSTART\worklib\mtca_mimic_ports\sch_1\page1.csv FILE367
C:/Users/QGPWindowsVB/Documents/ANUSTART/worklib/mtca_mimic_ports/sch_1/mtca_mimic_ports_xcon.lck NEWFILE368
C:/Users/QGPWindowsVB/Documents/ANUSTART/worklib/mtca_mimic_ports/sch_1/mtca_mimic_ports_dcf.lck NEWFILE369
C:\Users\QGPWindowsVB\Documents\ANUSTART\worklib\ellie_ports\sch_1\page1.csb FILE370
C:\Users\QGPWindowsVB\Documents\ANUSTART\worklib\ellie_ports\sch_1\page1_csb.lck NEWFILE371
C:\Users\QGPWindowsVB\Documents\ANUSTART\worklib\mtca_mimic_ports\sch_1\page1_csa.lck NEWFILE372
C:\Users\QGPWindowsVB\Documents\ANUSTART\worklib\ellie_ports\sch_1\page1.csa FILE373
C:\Users\QGPWindowsVB\Documents\ANUSTART\worklib\ellie_ports\sch_1\page1.csv FILE374
C:/Users/QGPWindowsVB/Documents/ANUSTART/worklib/ellie_ports/sch_1/ellie_ports_xcon.lck NEWFILE375
C:/Users/QGPWindowsVB/Documents/ANUSTART/worklib/ellie_ports/sch_1/ellie_ports_dcf.lck NEWFILE376
C:\Users\QGPWindowsVB\Documents\ANUSTART\worklib\clock_ports\sch_1\page1.csb FILE377
C:\Users\QGPWindowsVB\Documents\ANUSTART\worklib\clock_ports\sch_1\page1_csb.lck NEWFILE378
C:\Users\QGPWindowsVB\Documents\ANUSTART\worklib\ellie_ports\sch_1\page1_csa.lck NEWFILE379
C:\Users\QGPWindowsVB\Documents\ANUSTART\worklib\clock_ports\sch_1\page1.csa FILE380
C:\Users\QGPWindowsVB\Documents\ANUSTART\worklib\clock_ports\sch_1\page1.csv FILE381
C:/Users/QGPWindowsVB/Documents/ANUSTART/worklib/clock_ports/sch_1/clock_ports_xcon.lck NEWFILE382
C:/Users/QGPWindowsVB/Documents/ANUSTART/worklib/clock_ports/sch_1/clock_ports_dcf.lck NEWFILE383
C:\Users\QGPWindowsVB\Documents\ANUSTART\worklib\time_bus_ports\sch_1\page1.csb FILE384
C:\Users\QGPWindowsVB\Documents\ANUSTART\worklib\time_bus_ports\sch_1\page1_csb.lck NEWFILE385
C:\Users\QGPWindowsVB\Documents\ANUSTART\worklib\clock_ports\sch_1\page1_csa.lck NEWFILE386
C:\Users\QGPWindowsVB\Documents\ANUSTART\worklib\time_bus_ports\sch_1\page1.csa FILE387
C:\Users\QGPWindowsVB\Documents\ANUSTART\worklib\time_bus_ports\sch_1\page1.csv FILE388
C:/Users/QGPWindowsVB/Documents/ANUSTART/worklib/time_bus_ports/sch_1/time_bus_ports_xcon.lck NEWFILE389
C:/Users/QGPWindowsVB/Documents/ANUSTART/worklib/time_bus_ports/sch_1/time_bus_ports_dcf.lck NEWFILE390
C:\Users\QGPWindowsVB\Documents\ANUSTART\worklib\general_utilities_ports\sch_1\page1.csb FILE391
C:\Users\QGPWindowsVB\Documents\ANUSTART\worklib\general_utilities_ports\sch_1\page1_csb.lck NEWFILE392
C:\Users\QGPWindowsVB\Documents\ANUSTART\worklib\time_bus_ports\sch_1\page1_csa.lck NEWFILE393
C:\Users\QGPWindowsVB\Documents\ANUSTART\worklib\general_utilities_ports\sch_1\page1.csa FILE394
C:\Users\QGPWindowsVB\Documents\ANUSTART\worklib\general_utilities_ports\sch_1\page1.csv FILE395
C:/Users/QGPWindowsVB/Documents/ANUSTART/worklib/general_utilities_ports/sch_1/general_utilities_ports_xcon.lck NEWFILE396
C:/Users/QGPWindowsVB/Documents/ANUSTART/worklib/general_utilities_ports/sch_1/general_utilities_ports_dcf.lck NEWFILE397
C:\Users\QGPWindowsVB\Documents\ANUSTART\worklib\caen_digital_ports\sch_1\page1.csb FILE398
C:\Users\QGPWindowsVB\Documents\ANUSTART\worklib\caen_digital_ports\sch_1\page1_csb.lck NEWFILE399
C:\Users\QGPWindowsVB\Documents\ANUSTART\worklib\general_utilities_ports\sch_1\page1_csa.lck NEWFILE400
C:\Users\QGPWindowsVB\Documents\ANUSTART\worklib\caen_digital_ports\sch_1\page1.csa FILE401
C:\Users\QGPWindowsVB\Documents\ANUSTART\worklib\caen_digital_ports\sch_1\page1.csv FILE402
C:/Users/QGPWindowsVB/Documents/ANUSTART/worklib/caen_digital_ports/sch_1/caen_digital_ports_xcon.lck NEWFILE403
C:/Users/QGPWindowsVB/Documents/ANUSTART/worklib/caen_digital_ports/sch_1/caen_digital_ports_dcf.lck NEWFILE404
C:\Users\QGPWindowsVB\Documents\ANUSTART\worklib\caen_analog_ports\sch_1\page1.csb FILE405
C:\Users\QGPWindowsVB\Documents\ANUSTART\worklib\caen_analog_ports\sch_1\page1_csb.lck NEWFILE406
C:\Users\QGPWindowsVB\Documents\ANUSTART\worklib\caen_digital_ports\sch_1\page1_csa.lck NEWFILE407
C:\Users\QGPWindowsVB\Documents\ANUSTART\worklib\caen_analog_ports\sch_1\page1.csa FILE408
C:\Users\QGPWindowsVB\Documents\ANUSTART\worklib\caen_analog_ports\sch_1\page1.csv FILE409
C:/Users/QGPWindowsVB/Documents/ANUSTART/worklib/caen_analog_ports/sch_1/caen_analog_ports_xcon.lck NEWFILE410
C:/Users/QGPWindowsVB/Documents/ANUSTART/worklib/caen_analog_ports/sch_1/caen_analog_ports_dcf.lck NEWFILE411
C:\Users\QGPWindowsVB\Documents\ANUSTART\worklib\scaler_ports\sch_1\page1.csb FILE412
C:\Users\QGPWindowsVB\Documents\ANUSTART\worklib\scaler_ports\sch_1\page1_csb.lck NEWFILE413
C:\Users\QGPWindowsVB\Documents\ANUSTART\worklib\caen_analog_ports\sch_1\page1_csa.lck NEWFILE414
C:\Users\QGPWindowsVB\Documents\ANUSTART\Parts\parts\misc\sip_header_16pin\sym_1\symbol.css FILE415
temp/xxnedtmp19/../sip_header_16pin.mkr NEWFILE416
C:\Users\QGPWindowsVB\Documents\ANUSTART\worklib\scaler_ports\sch_1\page1.csa FILE417
C:\Users\QGPWindowsVB\Documents\ANUSTART\worklib\scaler_ports\sch_1\page1.csv FILE418
C:/Users/QGPWindowsVB/Documents/ANUSTART/worklib/scaler_ports/sch_1/scaler_ports_xcon.lck NEWFILE419
C:/Users/QGPWindowsVB/Documents/ANUSTART/worklib/scaler_ports/sch_1/scaler_ports_dcf.lck NEWFILE420
C:\Users\QGPWindowsVB\Documents\ANUSTART\worklib\ext_trig_ports\sch_1\page1.csb FILE421
C:\Users\QGPWindowsVB\Documents\ANUSTART\worklib\ext_trig_ports\sch_1\page1_csb.lck NEWFILE422
C:\Users\QGPWindowsVB\Documents\ANUSTART\worklib\scaler_ports\sch_1\page1_csa.lck NEWFILE423
C:\Users\QGPWindowsVB\Documents\ANUSTART\Parts\parts\misc\conn32\sym_1\symbol.css FILE424
temp/xxnedtmp19/../conn32.mkr NEWFILE425
C:\Users\QGPWindowsVB\Documents\ANUSTART\worklib\ext_trig_ports\sch_1\page1.csa FILE426
C:\Users\QGPWindowsVB\Documents\ANUSTART\worklib\ext_trig_ports\sch_1\page1.csv FILE427
C:/Users/QGPWindowsVB/Documents/ANUSTART/worklib/ext_trig_ports/sch_1/ext_trig_ports_xcon.lck NEWFILE428
C:/Users/QGPWindowsVB/Documents/ANUSTART/worklib/ext_trig_ports/sch_1/ext_trig_ports_dcf.lck NEWFILE429
C:\Users\QGPWindowsVB\Documents\ANUSTART\worklib\gt_delays_ports\sch_1\page1.csb FILE430
C:\Users\QGPWindowsVB\Documents\ANUSTART\worklib\gt_delays_ports\sch_1\page1_csb.lck NEWFILE431
C:\Users\QGPWindowsVB\Documents\ANUSTART\worklib\ext_trig_ports\sch_1\page1_csa.lck NEWFILE432
C:\Users\QGPWindowsVB\Documents\ANUSTART\worklib\gt_delays_ports\sch_1\page1.csa FILE433
C:\Users\QGPWindowsVB\Documents\ANUSTART\worklib\gt_delays_ports\sch_1\page1.csv FILE434
C:/Users/QGPWindowsVB/Documents/ANUSTART/worklib/gt_delays_ports/sch_1/gt_delays_ports_xcon.lck NEWFILE435
C:/Users/QGPWindowsVB/Documents/ANUSTART/worklib/gt_delays_ports/sch_1/gt_delays_ports_dcf.lck NEWFILE436
C:\Users\QGPWindowsVB\Documents\ANUSTART\worklib\gt_delays_ports\sch_1\page1_csa.lck NEWFILE437
temp/xxnedtmp19/concept.mkr NEWFILE438
C:/Cadence/SPB_16.6/tools/language/pack_type_rename.dat NEWFILE439
C:\Users\QGPWindowsVB\Documents\ANUSTART\worklib\microzed_module\sch_1\pc.db FILE440
C:/Users/QGPWIN~1/AppData/Local/Temp/con3338.tmp FILE441
C:/Users/QGPWIN~1/AppData/Local/Temp/con165F.tmp FILE442
C:/Users/QGPWIN~1/AppData/Local/Temp/conBD35.tmp FILE443
C:/Users/QGPWIN~1/AppData/Local/Temp/conE6A8.tmp FILE444
C:/Users/QGPWIN~1/AppData/Local/Temp/con95EF.tmp FILE445
C:/Users/QGPWIN~1/AppData/Local/Temp/conD182.tmp FILE446
temp/xxnedtmp19/undo2.log NEWFILE447
C:/Users/QGPWIN~1/AppData/Local/Temp/conA175.tmp FILE448
C:/Users/QGPWIN~1/AppData/Local/Temp/conBE64.tmp FILE449
