temp/xxnedtmp11/event.log NEWFILE1
temp/xxnedtmp11/text.log NEWFILE2
temp/xxnedtmp11/environ.log NEWFILE3
C:\Cadence\SPB_16.6\share\cdssetup/concept/concepthdl.scr FILE4
C:\Users\QGPWindowsVB\Documents\ANUSTART\cds.lib FILE5
C:\Users\QGPWindowsVB\Documents\ANUSTART\worklib\tubii\sch_1\page1.csb FILE6
C:\Users\QGPWindowsVB\Documents\ANUSTART\worklib\tubii\sch_1\page1_csb.lck NEWFILE7
temp/xxnedtmp11/undo1.log NEWFILE8
C:\Users\QGPWindowsVB\Documents\ANUSTART\Parts\parts\misc\penn#20b#20size#20page\sym_1\symbol.css FILE9
C:\Users\QGPWindowsVB\Documents\ANUSTART\worklib\back_ports\sym_1\symbol.css FILE10
C:\Users\QGPWindowsVB\Documents\ANUSTART\worklib\front_ports\sym_1\symbol.css FILE11
C:\Users\QGPWindowsVB\Documents\ANUSTART\worklib\tubii_pcb\sym_1\symbol.css FILE12
C:\Users\QGPWindowsVB\Documents\ANUSTART\worklib\tubii\sch_1\page1_csa.lck NEWFILE13
C:/Users/QGPWindowsVB/Documents/ANUSTART/worklib/tubii/sch_1/tubii.xcon FILE14
C:/Users/QGPWindowsVB/Documents/ANUSTART/worklib/tubii/sch_1/tubii.dcf FILE15
C:\Users\QGPWindowsVB\Documents\ANUSTART\worklib\tubii_pcb\sch_1\page1.csb FILE16
C:\Users\QGPWindowsVB\Documents\ANUSTART\worklib\tubii_pcb\sch_1\page1_csb.lck NEWFILE17
C:\Users\QGPWindowsVB\Documents\ANUSTART\worklib\ellie_coms\sym_1\symbol.css FILE18
C:\Cadence\SPB_16.6\share\library\standard\outport\sym_1\symbol.css FILE19
C:\Users\QGPWindowsVB\Documents\ANUSTART\worklib\caen_coms\sym_1\symbol.css FILE20
C:\Cadence\SPB_16.6\share\library\standard\inport\sym_1\symbol.css FILE21
C:\Users\QGPWindowsVB\Documents\ANUSTART\worklib\ext_trigs\sym_1\symbol.css FILE22
C:\Users\QGPWindowsVB\Documents\ANUSTART\worklib\ecal_control\sym_1\symbol.css FILE23
C:\Users\QGPWindowsVB\Documents\ANUSTART\Parts\parts\ttl\hct238\sym_1\symbol.css FILE24
C:\Users\QGPWindowsVB\Documents\ANUSTART\worklib\power\sym_1\symbol.css FILE25
C:\Users\QGPWindowsVB\Documents\ANUSTART\worklib\general_utilities\sym_1\symbol.css FILE26
C:\Users\QGPWindowsVB\Documents\ANUSTART\worklib\mtca_mimic\sym_1\symbol.css FILE27
C:\Users\QGPWindowsVB\Documents\ANUSTART\worklib\clocks\sym_1\symbol.css FILE28
C:\Users\QGPWindowsVB\Documents\ANUSTART\worklib\lo_gen\sym_1\symbol.css FILE29
C:\Users\QGPWindowsVB\Documents\ANUSTART\worklib\baseline_buffer\sym_1\symbol.css FILE30
C:\Users\QGPWindowsVB\Documents\ANUSTART\worklib\tubii_spkr\sym_1\symbol.css FILE31
C:\Users\QGPWindowsVB\Documents\ANUSTART\worklib\cntrl_register\sym_1\symbol.css FILE32
C:\Users\QGPWindowsVB\Documents\ANUSTART\worklib\microzed_module\sym_1\symbol.css FILE33
C:\Users\QGPWindowsVB\Documents\ANUSTART\worklib\clocks\sch_1\page1.csb FILE34
C:\Users\QGPWindowsVB\Documents\ANUSTART\worklib\clocks\sch_1\page1_csb.lck NEWFILE35
C:\Users\QGPWindowsVB\Documents\ANUSTART\worklib\tubii_pcb\sch_1\page1_csa.lck NEWFILE36
C:\Users\QGPWindowsVB\Documents\ANUSTART\Parts\parts\ecl\mc10h124\sym_1\symbol.css FILE37
C:\Users\QGPWindowsVB\Documents\ANUSTART\Parts\parts\misc\74f164\sym_2\symbol.css FILE38
C:\Users\QGPWindowsVB\Documents\ANUSTART\worklib\change_clks\sym_1\symbol.css FILE39
C:\Users\QGPWindowsVB\Documents\ANUSTART\worklib\fault_detection\sym_1\symbol.css FILE40
C:\Users\QGPWindowsVB\Documents\ANUSTART\Parts\parts\capacitors\csmd0603\sym_1\symbol.css FILE41
C:\Cadence\SPB_16.6\share\library\standard\8#20merge\sym_1\symbol.css FILE42
C:\Users\QGPWindowsVB\Documents\ANUSTART\worklib\default_clk_sel\sym_1\symbol.css FILE43
C:\Users\QGPWindowsVB\Documents\ANUSTART\worklib\fault_detection\sch_1\page1.csb FILE44
C:\Users\QGPWindowsVB\Documents\ANUSTART\worklib\fault_detection\sch_1\page1_csb.lck NEWFILE45
C:\Users\QGPWindowsVB\Documents\ANUSTART\worklib\clocks\sch_1\page1_csa.lck NEWFILE46
C:\Users\QGPWindowsVB\Documents\ANUSTART\Parts\parts\misc\sip_header_2pin\sym_1\symbol.css FILE47
C:\Users\QGPWindowsVB\Documents\ANUSTART\Parts\parts\capacitors\csmd0805\sym_1\symbol.css FILE48
C:\Users\QGPWindowsVB\Documents\ANUSTART\Parts\parts\resistors\rsmd0805\sym_1\symbol.css FILE49
C:\Users\QGPWindowsVB\Documents\ANUSTART\Parts\parts\ecl\mc10h104\sym_1\symbol.css FILE50
C:\Users\QGPWindowsVB\Documents\ANUSTART\Parts\parts\ecl\mc10h131\sym_1\symbol.css FILE51
C:\Users\QGPWindowsVB\Documents\ANUSTART\Parts\parts\ecl\mc10e016\sym_1\symbol.css FILE52
C:\Users\QGPWindowsVB\Documents\ANUSTART\Parts\parts\ttl\sy100el05\sym_1\symbol.css FILE53
C:\Users\QGPWindowsVB\Documents\ANUSTART\Parts\parts\misc\sy100el34l\sym_1\symbol.css FILE54
C:\Users\QGPWindowsVB\Documents\ANUSTART\Parts\parts\misc\led_l\sym_1\symbol.css FILE55
C:\Users\QGPWindowsVB\Documents\ANUSTART\Parts\parts\ttl\74hct273\sym_1\symbol.css FILE56
C:\Users\QGPWindowsVB\Documents\ANUSTART\Parts\parts\misc\hct123\sym_1\symbol.css FILE57
C:\Users\QGPWindowsVB\Documents\ANUSTART\Parts\parts\ecl\mc10h125\sym_1\symbol.css FILE58
C:\Users\QGPWindowsVB\Documents\ANUSTART\Parts\parts\ecl\mc10e116\sym_1\symbol.css FILE59
