FILE_TYPE=LIBRARY_PARTS;
primitive 'IDS_C34';
  pin
    'PIN5':
      PIN_NUMBER='(5)';
      PIN_TYPE='ANALOG';
      NO_LOAD_CHECK='Both';
      UNKNOWN_LOADING='TRUE';
    'PIN6':
      PIN_NUMBER='(6)';
      PIN_TYPE='ANALOG';
      NO_LOAD_CHECK='Both';
      UNKNOWN_LOADING='TRUE';
    'PIN7':
      PIN_NUMBER='(7)';
      PIN_TYPE='ANALOG';
      NO_LOAD_CHECK='Both';
      UNKNOWN_LOADING='TRUE';
    'PIN4':
      PIN_NUMBER='(4)';
      PIN_TYPE='ANALOG';
      NO_LOAD_CHECK='Both';
      UNKNOWN_LOADING='TRUE';
    'PIN1':
      PIN_NUMBER='(1)';
      PIN_TYPE='ANALOG';
      NO_LOAD_CHECK='Both';
      UNKNOWN_LOADING='TRUE';
    'PIN2':
      PIN_NUMBER='(2)';
      PIN_TYPE='ANALOG';
      NO_LOAD_CHECK='Both';
      UNKNOWN_LOADING='TRUE';
    'PIN3':
      PIN_NUMBER='(3)';
      PIN_TYPE='ANALOG';
      NO_LOAD_CHECK='Both';
      UNKNOWN_LOADING='TRUE';
    'PIN8':
      PIN_NUMBER='(8)';
      PIN_TYPE='ANALOG';
      NO_LOAD_CHECK='Both';
      UNKNOWN_LOADING='TRUE';
    'PIN9':
      PIN_NUMBER='(9)';
      PIN_TYPE='ANALOG';
      NO_LOAD_CHECK='Both';
      UNKNOWN_LOADING='TRUE';
    'PIN10':
      PIN_NUMBER='(10)';
      PIN_TYPE='ANALOG';
      NO_LOAD_CHECK='Both';
      UNKNOWN_LOADING='TRUE';
    'PIN11':
      PIN_NUMBER='(11)';
      PIN_TYPE='ANALOG';
      NO_LOAD_CHECK='Both';
      UNKNOWN_LOADING='TRUE';
    'PIN12':
      PIN_NUMBER='(12)';
      PIN_TYPE='ANALOG';
      NO_LOAD_CHECK='Both';
      UNKNOWN_LOADING='TRUE';
    'PIN14':
      PIN_NUMBER='(14)';
      PIN_TYPE='ANALOG';
      NO_LOAD_CHECK='Both';
      UNKNOWN_LOADING='TRUE';
    'PIN13':
      PIN_NUMBER='(13)';
      PIN_TYPE='ANALOG';
      NO_LOAD_CHECK='Both';
      UNKNOWN_LOADING='TRUE';
    'PIN15':
      PIN_NUMBER='(15)';
      PIN_TYPE='ANALOG';
      NO_LOAD_CHECK='Both';
      UNKNOWN_LOADING='TRUE';
    'PIN16':
      PIN_NUMBER='(16)';
      PIN_TYPE='ANALOG';
      NO_LOAD_CHECK='Both';
      UNKNOWN_LOADING='TRUE';
    'PIN17':
      PIN_NUMBER='(17)';
      PIN_TYPE='ANALOG';
      NO_LOAD_CHECK='Both';
      UNKNOWN_LOADING='TRUE';
    'PIN18':
      PIN_NUMBER='(18)';
      PIN_TYPE='ANALOG';
      NO_LOAD_CHECK='Both';
      UNKNOWN_LOADING='TRUE';
    'PIN19':
      PIN_NUMBER='(19)';
      PIN_TYPE='ANALOG';
      NO_LOAD_CHECK='Both';
      UNKNOWN_LOADING='TRUE';
    'PIN20':
      PIN_NUMBER='(20)';
      PIN_TYPE='ANALOG';
      NO_LOAD_CHECK='Both';
      UNKNOWN_LOADING='TRUE';
    'PIN21':
      PIN_NUMBER='(21)';
      PIN_TYPE='ANALOG';
      NO_LOAD_CHECK='Both';
      UNKNOWN_LOADING='TRUE';
    'PIN22':
      PIN_NUMBER='(22)';
      PIN_TYPE='ANALOG';
      NO_LOAD_CHECK='Both';
      UNKNOWN_LOADING='TRUE';
    'PIN23':
      PIN_NUMBER='(23)';
      PIN_TYPE='ANALOG';
      NO_LOAD_CHECK='Both';
      UNKNOWN_LOADING='TRUE';
    'PIN24':
      PIN_NUMBER='(24)';
      PIN_TYPE='ANALOG';
      NO_LOAD_CHECK='Both';
      UNKNOWN_LOADING='TRUE';
    'PIN25':
      PIN_NUMBER='(25)';
      PIN_TYPE='ANALOG';
      NO_LOAD_CHECK='Both';
      UNKNOWN_LOADING='TRUE';
    'PIN26':
      PIN_NUMBER='(26)';
      PIN_TYPE='ANALOG';
      NO_LOAD_CHECK='Both';
      UNKNOWN_LOADING='TRUE';
    'PIN27':
      PIN_NUMBER='(27)';
      PIN_TYPE='ANALOG';
      NO_LOAD_CHECK='Both';
      UNKNOWN_LOADING='TRUE';
    'PIN28':
      PIN_NUMBER='(28)';
      PIN_TYPE='ANALOG';
      NO_LOAD_CHECK='Both';
      UNKNOWN_LOADING='TRUE';
    'PIN29':
      PIN_NUMBER='(29)';
      PIN_TYPE='ANALOG';
      NO_LOAD_CHECK='Both';
      UNKNOWN_LOADING='TRUE';
    'PIN30':
      PIN_NUMBER='(30)';
      PIN_TYPE='ANALOG';
      NO_LOAD_CHECK='Both';
      UNKNOWN_LOADING='TRUE';
    'PIN31':
      PIN_NUMBER='(31)';
      PIN_TYPE='ANALOG';
      NO_LOAD_CHECK='Both';
      UNKNOWN_LOADING='TRUE';
    'PIN32':
      PIN_NUMBER='(32)';
      PIN_TYPE='ANALOG';
      NO_LOAD_CHECK='Both';
      UNKNOWN_LOADING='TRUE';
    'PIN33':
      PIN_NUMBER='(33)';
      PIN_TYPE='ANALOG';
      NO_LOAD_CHECK='Both';
      UNKNOWN_LOADING='TRUE';
    'PIN34':
      PIN_NUMBER='(34)';
      PINUSE='UNSPEC';
      NO_LOAD_CHECK='Both';
      UNKNOWN_LOADING='TRUE';
  end_pin;
  body
    PART_NAME='IDS_C34';
    BODY_NAME='IDS_C34';
    JEDEC_TYPE='conn34';
    CLASS='DISCRETE';
    NC_PINS='(35,36)';
  end_body;
end_primitive;

END.
