FILE_TYPE=LIBRARY_PARTS;
TIME=' COMPILATION ON THU JAN 10 08:34:28 1991  ';
primitive '10E101','10E101_PLCC';
  pin
    'Y'<0>:
      OUTPUT_LOAD='(-7.6,-22.4)';
      OUTPUT_TYPE='(OE,OR)';
      PIN_NUMBER='(19,17,14,12)';
    'D'<0>:
      INPUT_LOAD='(0.0005,0.15)';
      PIN_NUMBER='(22,26,3,7)';
      PIN_GROUP='1';
    'C'<0>:
      INPUT_LOAD='(0.0005,0.15)';
      PIN_NUMBER='(23,27,4,8)';
      PIN_GROUP='1';
    'B'<0>:
      INPUT_LOAD='(0.0005,0.15)';
      PIN_NUMBER='(24,28,5,9)';
      PIN_GROUP='1';
    'A'<0>:
      INPUT_LOAD='(0.0005,0.15)';
      PIN_NUMBER='(25,2,6,10)';
      PIN_GROUP='1';
    '-Y'<0>:
      OUTPUT_LOAD='(-7.6,-22.4)';
      OUTPUT_TYPE='(OE,OR)';
      PIN_NUMBER='(20,18,15,13)';
  end_pin;
  body
    FAMILY='ECL10E';
    PART_NAME='10E101';
    POWER_PINS='(GND:16;GND:11,21;VEE:1)';
    JEDEC_TYPE='PLCC28';
    CLASS='IC';
    TECH='10E';  
  end_body;
end_primitive;
END.
