FILE_TYPE=LIBRARY_PARTS;
primitive 'AD7243';
  pin
    '-SYNC':
      PIN_NUMBER='(7)';
      INPUT_LOAD='(-0.01,0.01)';
    'SCLK':
      PIN_NUMBER='(5)';
      INPUT_LOAD='(-0.01,0.01)';
    'SDIN':
      PIN_NUMBER='(6)';
      INPUT_LOAD='(-0.01,0.01)';
    'ROFS':
      PIN_NUMBER='(13)';
      PINUSE='POWER';
      NO_LOAD_CHECK='Both';
      UNKNOWN_LOADING='TRUE';
    'REFOUT':
      PIN_NUMBER='(2)';
      OUTPUT_LOAD='(1.0,-1.0)';
    'REFIN':
      PIN_NUMBER='(1)';
      INPUT_LOAD='(-0.01,0.01)';
    'VSS':
      PIN_NUMBER='(15)';
      PINUSE='POWER';
      NO_LOAD_CHECK='Both';
      UNKNOWN_LOADING='TRUE';
    'VDD':
      PIN_NUMBER='(16)';
      PINUSE='POWER';
      NO_LOAD_CHECK='Both';
      UNKNOWN_LOADING='TRUE';
    'DGND':
      PIN_NUMBER='(8)';
      PINUSE='POWER';
      NO_LOAD_CHECK='Both';
      UNKNOWN_LOADING='TRUE';
    'AGND':
      PIN_NUMBER='(12)';
      PINUSE='POWER';
      NO_LOAD_CHECK='Both';
      UNKNOWN_LOADING='TRUE';
    'DCEN':
      PIN_NUMBER='(10)';
      INPUT_LOAD='(-0.01,0.01)';
    'VOUT':
      PIN_NUMBER='(14)';
      OUTPUT_LOAD='(1.0,-1.0)';
    'SDO':
      PIN_NUMBER='(11)';
      OUTPUT_LOAD='(1.0,-1.0)';
    '-LDAC':
      PIN_NUMBER='(9)';
      INPUT_LOAD='(-0.01,0.01)';
    '-CLR':
      PIN_NUMBER='(3)';
      INPUT_LOAD='(-0.01,0.01)';
    'BNCP':
      PIN_NUMBER='(4)';
      INPUT_LOAD='(-0.01,0.01)';
  end_pin;
  body
    PART_NAME='AD7243';
    BODY_NAME='AD7243';
    JEDEC_TYPE='soic16w';
    CLASS='DISCRETE';
  end_body;
end_primitive;

END.
