	(Comment
		(Time 10/06/10,10:18:34 AM)
		(User mastbaum)
		(MsgId ECO_081)
		(Text "Symbol sym_2 added to cell")
		(Param1 sym_2)
	)
	(Comment
		(Time 10/06/10,10:19:15 AM)
		(User mastbaum)
		(MsgId ECO_082)
		(Text "Symbol sym_2 deleted from cell")
		(Param1 sym_2)
	)
	(Comment
		(Time 02/28/15,01:04:31)
		(User Eric Marzec)
		(MsgId ECO_022)
		(Text "Package 74HCT123 deleted from cell")
		(Param1 "74HCT123")
	)
	(Comment
		(Time 02/28/15,01:04:35)
		(User Eric Marzec)
		(MsgId ECO_082)
		(Text "Symbol sym_1 deleted from cell")
		(Param1 "sym_1")
	)
	(Comment
		(Time 02/28/15,01:04:39)
		(User Eric Marzec)
		(MsgId ECO_142)
		(Text "Verilog map view vlog_map deleted from cell")
		(Param1 "vlog_map")
	)
	(Comment
		(Time 02/28/15,01:04:42)
		(User Eric Marzec)
		(MsgId ECO_142)
		(Text "Verilog map view swift_map deleted from cell")
		(Param1 "swift_map")
	)
	(Comment
		(Time 02/28/15,01:04:45)
		(User Eric Marzec)
		(MsgId ECO_152)
		(Text "Verilog wrapper vlog_model deleted from cell")
		(Param1 "vlog_model")
	)
	(Comment
		(Time 02/28/15,01:04:47)
		(User Eric Marzec)
		(MsgId ECO_152)
		(Text "Verilog wrapper swift_model deleted from cell")
		(Param1 "swift_model")
	)
	(Comment
		(Time 02/28/15,01:04:51)
		(User Eric Marzec)
		(MsgId ECO_022)
		(Text "Package 74HCT123_SOIC deleted from cell")
		(Param1 "74HCT123_SOIC")
	)
	(Comment
		(Time 02/28/15,01:04:52)
		(User Eric Marzec)
		(MsgId ECO_021)
		(Text "Package HCT123 added to cell")
		(Param1 "HCT123")
	)
	(Comment
		(Time 02/28/15,01:21:41)
		(User Eric Marzec)
		(MsgId ECO_081)
		(Text "Symbol sym_1 added to cell")
		(Param1 "sym_1")
	)
	(Comment
		(Time 02/28/15,01:24:28)
		(User Eric Marzec)
		(MsgId ECO_081)
		(Text "Symbol sym_2 added to cell")
		(Param1 "sym_2")
	)
	(Comment
		(Time 02/28/15,01:24:34)
		(User Eric Marzec)
		(MsgId ECO_082)
		(Text "Symbol sym_2 deleted from cell")
		(Param1 "sym_2")
	)
