temp/xxnedtmp24/event.log NEWFILE1
temp/xxnedtmp24/text.log NEWFILE2
temp/xxnedtmp24/environ.log NEWFILE3
C:\Cadence\SPB_16.6\share\cdssetup/concept/concepthdl.scr FILE4
C:\Users\QGPWindowsVB\Documents\ANUSTART\cds.lib FILE5
C:\Users\QGPWindowsVB\Documents\ANUSTART\worklib\tubii\sch_1\page1.csb FILE6
C:\Users\QGPWindowsVB\Documents\ANUSTART\worklib\tubii\sch_1\page1_csb.lck NEWFILE7
temp/xxnedtmp24/undo1.log NEWFILE8
C:\Users\QGPWindowsVB\Documents\ANUSTART\Parts\parts\misc\penn#20b#20size#20page\sym_1\symbol.css FILE9
C:\Users\QGPWindowsVB\Documents\ANUSTART\worklib\tubii\sch_1\page2.csb FILE10
C:\Users\QGPWindowsVB\Documents\ANUSTART\worklib\tubii\sch_1\page2_csb.lck NEWFILE11
C:\Users\QGPWindowsVB\Documents\ANUSTART\worklib\tubii\sch_1\page1_csa.lck NEWFILE12
C:\Users\QGPWindowsVB\Documents\ANUSTART\worklib\back_ports\sym_1\symbol.css FILE13
C:\Users\QGPWindowsVB\Documents\ANUSTART\worklib\front_ports\sym_1\symbol.css FILE14
C:\Users\QGPWindowsVB\Documents\ANUSTART\worklib\tubii_pcb\sym_1\symbol.css FILE15
C:\Users\QGPWindowsVB\Documents\ANUSTART\worklib\tubii\sch_1\page2_csa.lck NEWFILE16
C:/Users/QGPWindowsVB/Documents/ANUSTART/worklib/tubii/sch_1/tubii.xcon FILE17
C:/Users/QGPWindowsVB/Documents/ANUSTART/worklib/tubii/sch_1/tubii.dcf FILE18
C:\Users\QGPWindowsVB\Documents\ANUSTART\worklib\tubii_pcb\sym_1\symbol_css.lck NEWFILE19
temp/xxnedtmp24/undo2.log NEWFILE20
C:\Users\QGPWindowsVB\Documents\ANUSTART\worklib\origin\sym_1\symbol.css FILE21
C:/Cadence/SPB_16.6/tools/language/config.dat FILE22
temp/xxnedtmp24/concept.mkr NEWFILE23
C:/Cadence/SPB_16.6/tools/language/pack_type_rename.dat NEWFILE24
temp/xxnedtmp24/csnetlister.mkr NEWFILE25
temp/xxnedtmp24/../tubii_pcb.mkr FILE26
temp/xxnedtmp24/../front_ports.mkr NEWFILE27
temp/xxnedtmp24/../penn#20b#20size#20page.mkr NEWFILE28
temp/xxnedtmp24/../back_ports.mkr NEWFILE29
C:\Users\QGPWindowsVB\Documents\ANUSTART\worklib\tubii\sch_1\page2.csa FILE30
C:\Users\QGPWindowsVB\Documents\ANUSTART\worklib\tubii\sch_1\page2.csv FILE31
C:/Users/QGPWindowsVB/Documents/ANUSTART/worklib/tubii/sch_1/tubii_xcon.lck NEWFILE32
C:/Users/QGPWindowsVB/Documents/ANUSTART/worklib/tubii/sch_1/tubii_dcf.lck NEWFILE33
C:\Users\QGPWindowsVB\Documents\ANUSTART\worklib\tubii_pcb\sch_1\page1.csb FILE34
C:\Users\QGPWindowsVB\Documents\ANUSTART\worklib\tubii_pcb\sch_1\page1_csb.lck NEWFILE35
C:\Users\QGPWindowsVB\Documents\ANUSTART\worklib\ellie_coms\sym_1\symbol.css FILE36
C:\Cadence\SPB_16.6\share\library\standard\outport\sym_1\symbol.css FILE37
C:\Users\QGPWindowsVB\Documents\ANUSTART\worklib\caen_coms\sym_1\symbol.css FILE38
C:\Cadence\SPB_16.6\share\library\standard\inport\sym_1\symbol.css FILE39
C:\Users\QGPWindowsVB\Documents\ANUSTART\worklib\ext_trigs\sym_1\symbol.css FILE40
C:\Users\QGPWindowsVB\Documents\ANUSTART\worklib\ecal_control\sym_1\symbol.css FILE41
C:\Users\QGPWindowsVB\Documents\ANUSTART\Parts\parts\ttl\hct238\sym_1\symbol.css FILE42
C:\Users\QGPWindowsVB\Documents\ANUSTART\worklib\power\sym_1\symbol.css FILE43
C:\Users\QGPWindowsVB\Documents\ANUSTART\worklib\general_utilities\sym_1\symbol.css FILE44
C:\Users\QGPWindowsVB\Documents\ANUSTART\worklib\mtca_mimic\sym_1\symbol.css FILE45
C:\Users\QGPWindowsVB\Documents\ANUSTART\worklib\clocks\sym_1\symbol.css FILE46
C:\Users\QGPWindowsVB\Documents\ANUSTART\worklib\lo_gen\sym_1\symbol.css FILE47
C:\Users\QGPWindowsVB\Documents\ANUSTART\worklib\baseline_buffer\sym_1\symbol.css FILE48
C:\Users\QGPWindowsVB\Documents\ANUSTART\worklib\tubii_spkr\sym_1\symbol.css FILE49
C:\Users\QGPWindowsVB\Documents\ANUSTART\worklib\cntrl_register\sym_1\symbol.css FILE50
C:\Users\QGPWindowsVB\Documents\ANUSTART\worklib\microzed_module\sym_1\symbol.css FILE51
C:\Users\QGPWindowsVB\Documents\ANUSTART\worklib\clocks\sym_1\symbol_css.lck NEWFILE52
C:/Users/QGPWIN~1/AppData/Local/Temp/con37F9.tmp FILE53
C:/Users/QGPWIN~1/AppData/Local/Temp/con4911.tmp FILE54
C:\Users\QGPWindowsVB\Documents\ANUSTART\worklib\clocks\sch_1\page1.csb FILE55
C:\Users\QGPWindowsVB\Documents\ANUSTART\worklib\clocks\sch_1\page1_csb.lck NEWFILE56
temp/xxnedtmp24/undo3.log NEWFILE57
C:\Users\QGPWindowsVB\Documents\ANUSTART\Parts\parts\ecl\mc10h124\sym_1\symbol.css FILE58
C:\Users\QGPWindowsVB\Documents\ANUSTART\Parts\parts\misc\74f164\sym_2\symbol.css FILE59
C:\Users\QGPWindowsVB\Documents\ANUSTART\worklib\change_clks\sym_1\symbol.css FILE60
C:\Users\QGPWindowsVB\Documents\ANUSTART\Parts\parts\resistors\rsmd0805\sym_1\symbol.css FILE61
C:\Users\QGPWindowsVB\Documents\ANUSTART\Parts\parts\ttl\sn74s32\sym_1\symbol.css FILE62
C:\Users\QGPWindowsVB\Documents\ANUSTART\Parts\parts\misc\dr610f1_button\sym_1\symbol.css FILE63
C:\Users\QGPWindowsVB\Documents\ANUSTART\worklib\fault_detection\sym_1\symbol.css FILE64
C:\Users\QGPWindowsVB\Documents\ANUSTART\Parts\parts\capacitors\csmd0603\sym_1\symbol.css FILE65
C:\Cadence\SPB_16.6\share\library\standard\8#20merge\sym_1\symbol.css FILE66
C:\Users\QGPWindowsVB\Documents\ANUSTART\worklib\default_clk_sel\sym_1\symbol.css FILE67
C:/Users/QGPWIN~1/AppData/Local/Temp/conCBB0.tmp FILE68
C:\Users\QGPWindowsVB\Documents\ANUSTART\worklib\default_clk_sel\sym_1\symbol_css.lck NEWFILE69
temp/xxnedtmp24/undo4.log NEWFILE70
C:\Users\QGPWindowsVB\Documents\ANUSTART\worklib\default_clk_sel\sch_1\page1.csb FILE71
C:\Users\QGPWindowsVB\Documents\ANUSTART\worklib\default_clk_sel\sch_1\page1_csb.lck NEWFILE72
temp/xxnedtmp24/undo5.log NEWFILE73
C:\Users\QGPWindowsVB\Documents\ANUSTART\Parts\parts\misc\testpoint_l\sym_1\symbol.css FILE74
C:\Users\QGPWindowsVB\Documents\ANUSTART\Parts\parts\ecl\mc10h104\sym_1\symbol.css FILE75
C:\Users\QGPWindowsVB\Documents\ANUSTART\Parts\parts\misc\sy100el34l\sym_1\symbol.css FILE76
C:\Users\QGPWindowsVB\Documents\ANUSTART\Parts\parts\ecl\sy100el91l\sym_1\symbol.css FILE77
C:\Users\QGPWindowsVB\Documents\ANUSTART\Parts\parts\misc\foxclock\sym_1\symbol.css FILE78
C:\Users\QGPWindowsVB\Documents\ANUSTART\worklib\change_clks\sch_1\page1.csb FILE79
C:\Users\QGPWindowsVB\Documents\ANUSTART\worklib\change_clks\sch_1\page1_csb.lck NEWFILE80
C:\Users\QGPWindowsVB\Documents\ANUSTART\worklib\default_clk_sel\sch_1\page1_csa.lck NEWFILE81
C:\Users\QGPWindowsVB\Documents\ANUSTART\Parts\parts\ecl\mc10h125\sym_1\symbol.css FILE82
C:\Users\QGPWindowsVB\Documents\ANUSTART\Parts\parts\misc\ss22sdp2\sym_1\symbol.css FILE83
C:\Users\QGPWindowsVB\Documents\ANUSTART\Parts\parts\ttl\sy100el05\sym_1\symbol.css FILE84
C:\Users\QGPWindowsVB\Documents\ANUSTART\Parts\parts\ecl\mc10e116\sym_1\symbol.css FILE85
C:\Users\QGPWindowsVB\Documents\ANUSTART\worklib\fault_detection\sch_1\page1.csb FILE86
C:\Users\QGPWindowsVB\Documents\ANUSTART\worklib\fault_detection\sch_1\page1_csb.lck NEWFILE87
C:\Users\QGPWindowsVB\Documents\ANUSTART\worklib\change_clks\sch_1\page1_csa.lck NEWFILE88
C:\Users\QGPWindowsVB\Documents\ANUSTART\Parts\parts\misc\sip_header_2pin\sym_1\symbol.css FILE89
C:\Users\QGPWindowsVB\Documents\ANUSTART\Parts\parts\capacitors\csmd0805\sym_1\symbol.css FILE90
C:\Users\QGPWindowsVB\Documents\ANUSTART\Parts\parts\ecl\mc10h131\sym_1\symbol.css FILE91
C:\Users\QGPWindowsVB\Documents\ANUSTART\Parts\parts\ecl\mc10e016\sym_1\symbol.css FILE92
C:\Users\QGPWindowsVB\Documents\ANUSTART\Parts\parts\misc\led_l\sym_1\symbol.css FILE93
C:\Users\QGPWindowsVB\Documents\ANUSTART\Parts\parts\ttl\74hct273\sym_1\symbol.css FILE94
C:\Users\QGPWindowsVB\Documents\ANUSTART\Parts\parts\misc\hct123\sym_1\symbol.css FILE95
C:\Users\QGPWindowsVB\Documents\ANUSTART\worklib\fault_detection\sch_1\page1_csa.lck NEWFILE96
C:\Users\QGPWindowsVB\Documents\ANUSTART\worklib\clocks\sch_1\page1.csa FILE97
C:\Users\QGPWindowsVB\Documents\ANUSTART\worklib\clocks\sch_1\page1_csa.lck NEWFILE98
C:\Users\QGPWindowsVB\Documents\ANUSTART\worklib\clocks\sch_1\page1.csv FILE99
C:\Users\QGPWindowsVB\Documents\ANUSTART\worklib\clocks\sch_1\pc.db FILE100
C:/Users/QGPWindowsVB/Documents/ANUSTART/worklib/clocks/sch_1/clocks_xcon.lck NEWFILE101
C:/Users/QGPWindowsVB/Documents/ANUSTART/worklib/clocks/sch_1/clocks_dcf.lck NEWFILE102
temp/xxnedtmp24/../clocks.mkr NEWFILE103
temp/xxnedtmp24/../inport.mkr NEWFILE104
temp/xxnedtmp24/../general_utilities.mkr NEWFILE105
temp/xxnedtmp24/../microzed_module.mkr NEWFILE106
temp/xxnedtmp24/../ellie_coms.mkr NEWFILE107
temp/xxnedtmp24/../outport.mkr NEWFILE108
temp/xxnedtmp24/../caen_coms.mkr NEWFILE109
temp/xxnedtmp24/../ext_trigs.mkr NEWFILE110
temp/xxnedtmp24/../ecal_control.mkr NEWFILE111
temp/xxnedtmp24/../hct238.mkr NEWFILE112
temp/xxnedtmp24/../power.mkr NEWFILE113
temp/xxnedtmp24/../mtca_mimic.mkr NEWFILE114
temp/xxnedtmp24/../lo_gen.mkr NEWFILE115
temp/xxnedtmp24/../baseline_buffer.mkr NEWFILE116
temp/xxnedtmp24/../tubii_spkr.mkr NEWFILE117
temp/xxnedtmp24/../cntrl_register.mkr NEWFILE118
C:\Users\QGPWindowsVB\Documents\ANUSTART\worklib\tubii_pcb\sch_1\page1.csa FILE119
C:\Users\QGPWindowsVB\Documents\ANUSTART\worklib\tubii_pcb\sch_1\page1.csv FILE120
C:\Users\QGPWindowsVB\Documents\ANUSTART\worklib\tubii_pcb\sch_1\pc.db FILE121
C:/Users/QGPWindowsVB/Documents/ANUSTART/worklib/tubii_pcb/sch_1/tubii_pcb_xcon.lck NEWFILE122
C:/Users/QGPWindowsVB/Documents/ANUSTART/worklib/tubii_pcb/sch_1/tubii_pcb_dcf.lck NEWFILE123
C:\Users\QGPWindowsVB\Documents\ANUSTART\worklib\tubii_pcb\sch_1\page1_csa.lck NEWFILE124
temp/xxnedtmp24/../default_clk_sel.mkr NEWFILE125
temp/xxnedtmp24/../csmd0603.mkr NEWFILE126
temp/xxnedtmp24/../8#20merge.mkr NEWFILE127
temp/xxnedtmp24/../fault_detection.mkr NEWFILE128
temp/xxnedtmp24/../dr610f1_button.mkr NEWFILE129
temp/xxnedtmp24/../sn74s32.mkr NEWFILE130
temp/xxnedtmp24/../rsmd0805.mkr NEWFILE131
temp/xxnedtmp24/../change_clks.mkr NEWFILE132
temp/xxnedtmp24/../74f164.mkr NEWFILE133
temp/xxnedtmp24/../mc10h124.mkr NEWFILE134
