Allegro Design Entry HDL 16.6-p007 (v16-6-112F) 10/10/2012
Copyright 2011 Cadence Design Systems, Inc

WARNING(SPCOCN-1474): You must specify a window that contains a drawing.
WARNING(SPCOCN-1474): You must specify a window that contains a drawing.
WARNING(SPCOCN-1474): You must specify a window that contains a drawing.
WARNING(SPCOCN-1474): You must specify a window that contains a drawing.
WARNING(SPCOCN-1474): You must specify a window that contains a drawing.
WARNING(SPCOCN-1474): You must specify a window that contains a drawing.
WARNING(SPCOCN-1474): You must specify a window that contains a drawing.
WARNING(SPCOCN-2040): Specify the command "page forcereset all" to reset logical page numbers of all pages of this block.
WARNING(SPCOCN-1523): Invalid set option: <search_history_count>
INFO(SPCOCN-1177): Unexpected text: <5>
WARNING(SPCOCN-1523): Invalid set option: <search_history>
INFO(SPCOCN-1177): Unexpected text: <DATA_RDY>
WARNING(SPCOCN-1523): Invalid set option: <search_toolbar_lookin>
INFO(SPCOCN-1177): Unexpected text: <PAGE>
WARNING(SPCOCN-1523): Invalid set option: <modify_quick_reset_filters>
INFO(SPCOCN-1177): Unexpected text: <OFF>
WARNING(SPCOCN-1523): Invalid set option: <hss_distribute_ports_count>
INFO(SPCOCN-1177): Unexpected text: <25>
WARNING(SPCOCN-1523): Invalid set option: <hss_distribute_port_pattern>
WARNING(SPCOCN-1523): Invalid set option: <hss_distribute_property_name>
WARNING(SPCOCN-1474): You must specify a window that contains a drawing.
WARNING(SPCOCN-1474): You must specify a window that contains a drawing.
WARNING(SPCOCN-1474): You must specify a window that contains a drawing.
WARNING(SPCOCN-1474): You must specify a window that contains a drawing.
WARNING(SPCOCN-1474): You must specify a window that contains a drawing.
WARNING(SPCOCN-1474): You must specify a window that contains a drawing.
INFO(SPCOCN-1737): Reading C:\Users\QGPWindowsVB\Documents\ANUSTART\cds.lib file.
WARNING(SPCOCN-1474): You must specify a window that contains a drawing.
INFO(SPCOCN-1445): Reading TUBII.SCH.1.1 into drawing #1.
INFO(SPCOCN-195): The following file will be used to identify the list of modules to be excluded: 'C:\Cadence\SPB_16.6\share\cdssetup\xmodules.dat'.
INFO(SPCOCN-1445): Reading TUBII.SCH.1.2 into drawing #1.
INFO(SPCOCN-1445): Reading TUBII.SCH.1.2 into drawing #1.
WARNING(SPCOCN-973): The pin could not be moved because a pin already exists at the selected location. You cannot have two pins at the same location. Ensure that each pin is located at a unique location on the block.
INFO(SPCOCN-1070): Checking drawing...
INFO(SPCOCN-1028): writing <tubii_tk2_lib>TUBII_PCB.SYM.1.1:
INFO(SPCOCN-1051): writing body file...
INFO(SPCOCN-1054): ...written
WARNING(SPCOCN-1080): Block 'TUBII_PCB' Errors/Warnings found during save operation.  Load the following marker file:temp/tubii_pcb.mkr.
INFO(SPCOCN-1070): Checking drawing...
INFO(SPCOCN-1028): writing <tubii_tk2_lib>TUBII.SCH.1.2:
INFO(SPCOCN-1044): writing binary file...
INFO(SPCOCN-1049): writing ASCII file...
INFO(SPCOCN-1053): writing connectivity file...
INFO(SPCOCN-1054): ...written

CSDirect 16.6-p007 (v16-6-112F)

Netlisting block tubii

Processing page 2

No netlisting errors found. 

INFO(SPCOCN-1640): writing occurrence data...
INFO(SPCOCN-1054): ...written
INFO(SPCOCN-1001): Component: I1 selected.
INFO(SPCOCN-1445): Reading TUBII_PCB.SCH.1.1 into drawing #1.
INFO(SPCOCN-1001): Component: I67 selected.
WARNING(SPCOCN-1455): Cutting a component/block from one schematic page and pasting it to another schematic page 
affects the packaging information of the design. If you paste the component/block 
on a different schematic page, you would need to regenerate the packaging information.
INFO(SPCOCN-1001): Component: I67 selected.
INFO(SPCOCN-1001): Component: I2 selected.
INFO(SPCOCN-1854): The drawing TUBII_PCB.SCH.1.1
INFO(SPCOCN-578): will be retained as drawing #1.
INFO(SPCOCN-1445): Reading CLOCKS.SCH.1.1 into drawing #3.
INFO(SPCOCN-1001): Component: I23 selected.
INFO(SPCOCN-999): Signal: TUB_CLK_IN selected.
INFO(SPCOCN-999): Signal: TUB_CLK_IN selected.
WARNING(SPCOCN-964): The block pin could not be renamed because you clicked on an area that lies outside of the block. Ensure that you click only on the pin that needs to be renamed.
INFO(SPCOCN-1001): Component: I1 selected.
INFO(SPCOCN-1854): The drawing CLOCKS.SCH.1.1
INFO(SPCOCN-578): will be retained as drawing #3.
INFO(SPCOCN-1445): Reading DEFAULT_CLK_SEL.SCH.1.1 into drawing #5.
INFO(SPCOCN-1000): Pin: I5.C_IN selected.
INFO(SPCOCN-1445): Reading CHANGE_CLKS.SCH.1.1 into drawing #5.
INFO(SPCOCN-1445): Reading FAULT_DETECTION.SCH.1.1 into drawing #5.
INFO(SPCOCN-999): Signal: UN$1$MC10E116$I1$Q0 selected.
INFO(SPCOCN-1445): Reading CHANGE_CLKS.SCH.1.1 into drawing #5.
INFO(SPCOCN-1445): Reading FAULT_DETECTION.SCH.1.1 into drawing #5.
INFO(SPCOCN-1445): Reading CHANGE_CLKS.SCH.1.1 into drawing #5.
INFO(SPCOCN-1001): Component: I1 selected.
INFO(SPCOCN-1443): CLOCKS.SCH.1.1 has been previously edited as drawing #3.
INFO(SPCOCN-1854): The drawing CLOCKS.SCH.1.1
INFO(SPCOCN-578): will be retained as drawing #3.
INFO(SPCOCN-1445): Reading CHANGE_CLKS.SCH.1.1 into drawing #5.
INFO(SPCOCN-1443): CLOCKS.SCH.1.1 has been previously edited as drawing #3.
INFO(SPCOCN-1070): Checking drawing...
INFO(SPCOCN-1028): writing <tubii_tk2_lib>CLOCKS.SYM.1.1:
INFO(SPCOCN-1051): writing body file...
INFO(SPCOCN-1054): ...written
INFO(SPCOCN-1640): writing occurrence data...
INFO(SPCOCN-1028): writing <tubii_tk2_lib>CLOCKS.SCH.1.1:
INFO(SPCOCN-1044): writing binary file...
INFO(SPCOCN-1049): writing ASCII file...
INFO(SPCOCN-1053): writing connectivity file...
INFO(SPCOCN-1054): ...written

CSDirect 16.6-p007 (v16-6-112F)

Netlisting block clocks

Processing page 1

INFO(SPCOCN-1054): ...written
INFO(SPCOCN-1070): Checking drawing...
INFO(SPCOCN-1028): writing <tubii_tk2_lib>DEFAULT_CLK_SEL.SYM.1.1:
INFO(SPCOCN-1051): writing body file...
INFO(SPCOCN-1054): ...written
Following ports were added to the block 'clocks' : 
		tub_clk_in_n
		tub_clk_in_p
The connectivity of parent blocks will be updated by saving the following pages:
		Block: tubii_pcb	Page: 1

INFO(SPCOCN-1640): writing occurrence data...
INFO(SPCOCN-1054): ...written
INFO(SPCOCN-1070): Checking drawing...
INFO(SPCOCN-1028): writing <tubii_tk2_lib>TUBII_PCB.SCH.1.1:
INFO(SPCOCN-1044): writing binary file...
INFO(SPCOCN-1049): writing ASCII file...
INFO(SPCOCN-1053): writing connectivity file...
INFO(SPCOCN-1054): ...written

CSDirect 16.6-p007 (v16-6-112F)

Netlisting block tubii_pcb

Processing page 1

No netlisting errors found. 

Following ports were added to the block 'tubii_pcb' : 
		tub_clk_in_n
		tub_clk_in_p
The connectivity of parent blocks will be updated by saving the following pages:
		Block: tubii	Page: 2

INFO(SPCOCN-1028): writing <tubii_tk2_lib>tubii.SCH.1.2:
INFO(SPCOCN-1044): writing binary file...
INFO(SPCOCN-1049): writing ASCII file...
INFO(SPCOCN-1053): writing connectivity file...
INFO(SPCOCN-1054): ...written

CSDirect 16.6-p007 (v16-6-112F)

Netlisting block tubii

Processing page 2

No netlisting errors found. 

INFO(SPCOCN-1640): writing occurrence data...
INFO(SPCOCN-1054): ...written
INFO(SPCOCN-1070): Checking drawing...
INFO(SPCOCN-1028): writing <tubii_tk2_lib>CLOCKS.SCH.1.1:
INFO(SPCOCN-1044): writing binary file...
INFO(SPCOCN-1049): writing ASCII file...
INFO(SPCOCN-1053): writing connectivity file...
INFO(SPCOCN-1054): ...written

CSDirect 16.6-p007 (v16-6-112F)

Netlisting block clocks

Processing page 1

No netlisting errors found. 

INFO(SPCOCN-1640): writing occurrence data...
INFO(SPCOCN-1054): ...written
INFO(SPCOCN-1019): Save All completed.
