TITLE: Bill of Materials
DATE: 09/22/2015
DESIGN: tubii
TEMPLATE: C:/Cadence/SPB_16.6/share/cdssetup/template.bom
CALLOUT: 

Part Name,Ref Des,Qty,Unit Price,Cost,VALUE
1N4448-BASE,U145,1,?,?,?
1N4448-BASE,U144,1,?,?,?
1N4448-BASE,U140,1,?,?,?
1N4448-BASE,U139,1,?,?,?
1N4448-BASE,U135,1,?,?,?
1N4448-BASE,U134,1,?,?,?
1N4448-BASE,U130,1,?,?,?
1N4448-BASE,U129,1,?,?,?
1N4448-BASE,U125,1,?,?,?
1N4448-BASE,U124,1,?,?,?
1N4448-BASE,U120,1,?,?,?
1N4448-BASE,U119,1,?,?,?
1N4448-BASE,U115,1,?,?,?
1N4448-BASE,U114,1,?,?,?
1N4448-BASE,U110,1,?,?,?
1N4448-BASE,U109,1,?,?,?
1N5822,U227,1,?,?,?
3006P_TRIMPOT,U149,1,?,?,?
3006P_TRIMPOT,U150,1,?,?,?
74F06,U64,1,?,?,?
74F06,U63,1,?,?,?
74F07,U101,1,?,?,?
74HCT164,U66,1,?,?,?
74HCT164,U98,1,?,?,?
74HCT164,U97,1,?,?,?
74HCT164,U2,1,?,?,?
74HCT165,U3,1,?,?,?
74HCT273,U96,1,?,?,?
74LV06A,U219,1,?,?,?
74LV07A,U225,1,?,?,?
74LV07A,U224,1,?,?,?
74LV07A,U223,1,?,?,?
74LV07A,U222,1,?,?,?
74LV07A,U221,1,?,?,?
74LV07A,U161,1,?,?,?
74LV07A,U76,1,?,?,?
74LV07A,U160,1,?,?,?
74LV07A,U159,1,?,?,?
74LV07A,U158,1,?,?,?
74LV07A,U77,1,?,?,?
74LV07A,U164,1,?,?,?
74LV07A,U163,1,?,?,?
74LVC07A,U226,1,?,?,?
7815S_L,Q2,1,?,?,?
7915_L,Q1,1,?,?,?
AD7243,U69,1,?,?,?
AD8009_SOIC,U50,1,?,?,?
AD96687,U70,1,?,?,?
BAS16LT1,D22,1,?,?,?
BAS16LT1,D21,1,?,?,?
BAS16LT1,D20,1,?,?,?
BAS16LT1,D19,1,?,?,?
BSS138,U218,1,?,?,?
"CAP_1210-100UF,20%,16V,X7S",C226,1,4.95,4.95,100UF
"CAP_1210-220UF,20%,6.3V,X5R",C225,1,1.65,1.65,220UF
CONN12,J2,1,?,?,?
CONN14,U16,1,?,?,?
CONN14,U6,1,?,?,?
CONN16,J5,1,?,?,?
CONN16,J4,1,?,?,?
CONN20,J3,1,?,?,?
CONN32,U148,1,?,?,?
COTO2342,U142,1,?,?,?
COTO2342,U137,1,?,?,?
COTO2342,U132,1,?,?,?
COTO2342,U127,1,?,?,?
COTO2342,U122,1,?,?,?
COTO2342,U117,1,?,?,?
COTO2342,U112,1,?,?,?
COTO2342,U107,1,?,?,?
"CSMD0603-0.1UF,10%,0603,50V",C224,1,?,?,0.1UF
"CSMD0603-0.1UF,10%,0603,50V",C223,1,?,?,0.1UF
"CSMD0603-0.1UF,10%,0603,50V",C222,1,?,?,0.1UF
"CSMD0603-0.1UF,10%,0603,50V",C221,1,?,?,0.1UF
"CSMD0603-0.1UF,10%,0603,50V",C220,1,?,?,0.1UF
"CSMD0603-0.1UF,10%,0603,50V",C219,1,?,?,0.1UF
"CSMD0603-0.1UF,10%,0603,50V",C218,1,?,?,0.1UF
"CSMD0603-0.1UF,10%,0603,50V",C206,1,?,?,0.1UF
"CSMD0603-0.1UF,10%,0603,50V",C203,1,?,?,0.1UF
"CSMD0603-0.1UF,10%,0603,50V",C205,1,?,?,0.1UF
"CSMD0603-0.1UF,10%,0603,50V",C204,1,?,?,0.1UF
"CSMD0603-0.1UF,10%,0603,50V",C122,1,?,?,0.1UF
"CSMD0603-0.1UF,10%,0603,50V",C121,1,?,?,0.1UF
"CSMD0603-0.1UF,10%,0603,50V",C120,1,?,?,0.1UF
"CSMD0603-0.1UF,10%,0603,50V",C119,1,?,?,0.1UF
"CSMD0603-0.1UF,10%,0603,50V",C118,1,?,?,0.1UF
"CSMD0603-0.1UF,10%,0603,50V",C117,1,?,?,0.1UF
"CSMD0603-0.1UF,10%,0603,50V",C116,1,?,?,0.1UF
"CSMD0603-0.1UF,10%,0603,50V",C115,1,?,?,0.1UF
"CSMD0603-0.1UF,10%,0603,50V",C114,1,?,?,0.1UF
"CSMD0603-0.1UF,10%,0603,50V",C113,1,?,?,0.1UF
"CSMD0603-0.1UF,10%,0603,50V",C112,1,?,?,0.1UF
"CSMD0603-0.1UF,10%,0603,50V",C111,1,?,?,0.1UF
"CSMD0603-0.1UF,10%,0603,50V",C110,1,?,?,0.1UF
"CSMD0603-0.1UF,10%,0603,50V",C89,1,?,?,0.1UF
"CSMD0603-0.1UF,10%,0603,50V",C87,1,?,?,0.1UF
"CSMD0603-0.1UF,10%,0603,50V",C86,1,?,?,0.1UF
"CSMD0603-0.1UF,10%,0603,50V",C85,1,?,?,0.1UF
"CSMD0603-0.1UF,10%,0603,50V",C84,1,?,?,0.1UF
"CSMD0603-0.1UF,10%,0603,50V",C48,1,?,?,0.1UF
"CSMD0603-0.1UF,10%,0603,50V",C47,1,?,?,0.1UF
"CSMD0603-0.1UF,10%,0603,50V",C46,1,?,?,0.1UF
"CSMD0603-0.1UF,10%,0603,50V",C45,1,?,?,0.1UF
"CSMD0603-0.1UF,10%,0603,50V",C44,1,?,?,0.1UF
"CSMD0603-0.1UF,10%,0603,50V",C43,1,?,?,0.1UF
"CSMD0603-0.1UF,10%,0603,50V",C42,1,?,?,0.1UF
"CSMD0603-0.1UF,10%,0603,50V",C41,1,?,?,0.1UF
"CSMD0603-0.1UF,10%,0603,50V",C40,1,?,?,0.1UF
"CSMD0603-0.1UF,10%,0603,50V",C39,1,?,?,0.1UF
"CSMD0603-0.1UF,10%,0603,50V",C38,1,?,?,0.1UF
"CSMD0603-0.1UF,10%,0603,50V",C208,1,?,?,0.1UF
"CSMD0603-0.1UF,10%,0603,50V",C105,1,?,?,0.1UF
"CSMD0603-0.1UF,10%,0603,50V",C104,1,?,?,0.1UF
"CSMD0603-0.1UF,10%,0603,50V",C103,1,?,?,0.1UF
"CSMD0603-0.1UF,10%,0603,50V",C102,1,?,?,0.1UF
"CSMD0603-0.1UF,10%,0603,50V",C101,1,?,?,0.1UF
"CSMD0603-0.1UF,10%,0603,50V",C136,1,?,?,0.1UF
"CSMD0603-0.1UF,10%,0603,50V",C135,1,?,?,0.1UF
"CSMD0603-0.1UF,10%,0603,50V",C133,1,?,?,0.1UF
"CSMD0603-0.1UF,10%,0603,50V",C132,1,?,?,0.1UF
"CSMD0603-0.1UF,10%,0603,50V",C131,1,?,?,0.1UF
"CSMD0603-0.1UF,10%,0603,50V",C130,1,?,?,0.1UF
"CSMD0603-0.1UF,10%,0603,50V",C129,1,?,?,0.1UF
"CSMD0603-0.1UF,10%,0603,50V",C128,1,?,?,0.1UF
"CSMD0603-0.1UF,10%,0603,50V",C127,1,?,?,0.1UF
"CSMD0603-0.1UF,10%,0603,50V",C126,1,?,?,0.1UF
"CSMD0603-0.1UF,10%,0603,50V",C125,1,?,?,0.1UF
"CSMD0603-0.1UF,10%,0603,50V",C124,1,?,?,0.1UF
"CSMD0603-0.1UF,10%,0603,50V",C184,1,?,?,0.1UF
"CSMD0603-0.1UF,10%,0603,50V",C37,1,?,?,0.1UF
"CSMD0603-0.1UF,10%,0603,50V",C36,1,?,?,0.1UF
"CSMD0603-0.1UF,10%,0603,50V",C35,1,?,?,0.1UF
"CSMD0603-0.1UF,10%,0603,50V",C34,1,?,?,0.1UF
"CSMD0603-0.1UF,10%,0603,50V",C33,1,?,?,0.1UF
"CSMD0603-0.1UF,10%,0603,50V",C32,1,?,?,0.1UF
"CSMD0603-0.1UF,10%,0603,50V",C30,1,?,?,0.1UF
"CSMD0603-0.1UF,10%,0603,50V",C29,1,?,?,0.1UF
"CSMD0603-0.1UF,10%,0603,50V",C28,1,?,?,0.1UF
"CSMD0603-0.1UF,10%,0603,50V",C27,1,?,?,0.1UF
"CSMD0603-0.1UF,10%,0603,50V",C26,1,?,?,0.1UF
"CSMD0603-0.1UF,10%,0603,50V",C214,1,?,?,0.1UF
"CSMD0603-0.1UF,10%,0603,50V",C207,1,?,?,0.1UF
"CSMD0603-0.1UF,10%,0603,50V",C216,1,?,?,0.1UF
"CSMD0603-0.1UF,10%,0603,50V",C215,1,?,?,0.1UF
"CSMD0603-0.1UF,10%,0603,50V",C25,1,?,?,0.1UF
"CSMD0603-0.1UF,10%,0603,50V",C24,1,?,?,0.1UF
"CSMD0603-0.1UF,10%,0603,50V",C23,1,?,?,0.1UF
"CSMD0603-0.1UF,10%,0603,50V",C22,1,?,?,0.1UF
"CSMD0603-0.1UF,10%,0603,50V",C15,1,?,?,0.1UF
"CSMD0603-0.1UF,10%,0603,50V",C14,1,?,?,0.1UF
"CSMD0603-0.1UF,10%,0603,50V",C13,1,?,?,0.1UF
"CSMD0603-0.1UF,10%,0603,50V",C12,1,?,?,0.1UF
"CSMD0603-0.1UF,10%,0603,50V",C11,1,?,?,0.1UF
"CSMD0603-0.1UF,10%,0603,50V",C3,1,?,?,0.1UF
"CSMD0603-0.1UF,10%,0603,50V",C2,1,?,?,0.1UF
"CSMD0603-0.1UF,10%,0603,50V",C1,1,?,?,0.1UF
"CSMD0603-0.1UF,5%,0603,50V",C98,1,?,?,0.1UF
"CSMD0603-0.1UF,5%,0603,50V",C97,1,?,?,0.1UF
"CSMD0603-0.1UF,5%,0603,50V",C96,1,?,?,0.1UF
"CSMD0603-0.1UF,5%,0603,50V",C183,1,?,?,0.1UF
"CSMD0603-0.1UF,5%,0603,50V",C66,1,?,?,0.1UF
"CSMD0603-0.1UF,5%,0603,50V",C63,1,?,?,0.1UF
"CSMD0603-0.1UF,5%,0603,50V",C62,1,?,?,0.1UF
"CSMD0603-0.1UF,5%,0603,50V",C60,1,?,?,0.1UF
"CSMD0603-0.1UF,5%,0603,50V",C57,1,?,?,0.1UF
"CSMD0603-0.1UF,5%,0603,50V",C56,1,?,?,0.1UF
"CSMD0603-0.1UF,5%,0603,50V",C55,1,?,?,0.1UF
"CSMD0603-0.1UF,5%,0603,50V",C54,1,?,?,0.1UF
"CSMD0603-0.1UF,5%,0603,50V",C53,1,?,?,0.1UF
"CSMD0603-0.1UF,5%,0603,50V",C52,1,?,?,0.1UF
"CSMD0603-1.0UF,10%,0603,25V",C50,1,?,?,1.0UF
"CSMD0603-1.0UF,10%,0603,25V",C9,1,?,?,1.0UF
"CSMD0603-1.0UF,10%,0603,25V",C7,1,?,?,1.0UF
"CSMD0603-1.0UF,10%,0603,25V",C6,1,?,?,1.0UF
"CSMD0603-1.0UF,10%,0603,25V",C5,1,?,?,1.0UF
"CSMD0603-1.0UF,10%,0603,25V",C4,1,?,?,1.0UF
"CSMD0603-10NF,10%,0603,25V",C31,1,?,?,10NF
"CSMD0805-0.01UF,10%,0805,25V",C202,1,?,?,0.01UF
"CSMD0805-0.1UF,5%,0805,50V",C100,1,?,?,0.1UF
"CSMD0805-0.1UF,5%,0805,50V",C99,1,?,?,0.1UF
"CSMD0805-0.1UF,5%,0805,50V",C78,1,?,?,0.1UF
"CSMD0805-0.1UF,5%,0805,50V",C76,1,?,?,0.1UF
"CSMD0805-0.1UF,5%,0805,50V",C65,1,?,?,0.1UF
"CSMD0805-0.1UF,5%,0805,50V",C64,1,?,?,0.1UF
"CSMD0805-0.1UF,5%,0805,50V",C61,1,?,?,0.1UF
"CSMD0805-0.1UF,5%,0805,50V",C59,1,?,?,0.1UF
"CSMD0805-0.1UF,5%,0805,50V",C58,1,?,?,0.1UF
"CSMD0805-0.1UF,5%,0805,50V",C94,1,?,?,0.1UF
"CSMD0805-0.1UF,5%,0805,50V",C93,1,?,?,0.1UF
"CSMD0805-0.1UF,5%,0805,50V",C92,1,?,?,0.1UF
"CSMD0805-0.1UF,5%,0805,50V",C91,1,?,?,0.1UF
"CSMD0805-0.1UF,5%,0805,50V",C90,1,?,?,0.1UF
"CSMD0805-0.1UF,5%,0805,50V",C88,1,?,?,0.1UF
"CSMD0805-0.1UF,5%,0805,50V",C209,1,?,?,0.1UF
"CSMD0805-0.1UF,5%,0805,50V",C51,1,?,?,0.1UF
"CSMD0805-0.1UF,5%,0805,50V",C49,1,?,?,0.1UF
"CSMD0805-0.1UF,5%,0805,50V",C123,1,?,?,0.1UF
"CSMD0805-0.1UF,5%,0805,50V",C182,1,?,?,0.1UF
"CSMD0805-0.1UF,5%,0805,50V",C140,1,?,?,0.1UF
"CSMD0805-0.1UF,5%,0805,50V",C139,1,?,?,0.1UF
"CSMD0805-0.1UF,5%,0805,50V",C138,1,?,?,0.1UF
"CSMD0805-0.1UF,5%,0805,50V",C137,1,?,?,0.1UF
"CSMD0805-0.1UF,5%,0805,50V",C213,1,?,?,0.1UF
"CSMD0805-0.1UF,5%,0805,50V",C211,1,?,?,0.1UF
"CSMD0805-0.1UF,5%,0805,50V",C181,1,?,?,0.1UF
"CSMD0805-0.1UF,5%,0805,50V",C10,1,?,?,0.1UF
"CSMD0805-0.1UF,5%,0805,50V",C8,1,?,?,0.1UF
"CSMD0805-0.33UF,10%,0805,25V",C72,1,?,?,0.33UF
"CSMD0805-0.33UF,10%,0805,25V",C71,1,?,?,0.33UF
"CSMD0805-1.0UF,10%,0805,25V",C21,1,?,?,1.0UF
"CSMD0805-1.0UF,10%,0805,25V",C20,1,?,?,1.0UF
"CSMD0805-1.0UF,10%,0805,25V",C19,1,?,?,1.0UF
"CSMD0805-1.0UF,10%,0805,25V",C18,1,?,?,1.0UF
"CSMD0805-1.0UF,10%,0805,25V",C17,1,?,?,1.0UF
"CSMD0805-1.0UF,10%,0805,25V",C16,1,?,?,1.0UF
"CSMD0805-100NF,10%,0805,25V",C95,1,?,?,100NF
"CSMD0805-10NF,10%,0805,25V",C83,1,?,?,10NF
"CSMD0805-15PF,10%,0805,25V",C134,1,?,?,15PF
"CSMD0805-1UF,10%,0805,25V",C109,1,?,?,1UF
"CSMD0805-1UF,10%,0805,25V",C108,1,?,?,1UF
"CSMD0805-1UF,10%,0805,25V",C107,1,?,?,1UF
"CSMD0805-1UF,10%,0805,25V",C106,1,?,?,1UF
"CSMD0805-1UF,10%,0805,25V",C180,1,?,?,1UF
"CSMD0805-1UF,10%,0805,25V",C179,1,?,?,1UF
"CSMD0805-1UF,10%,0805,25V",C178,1,?,?,1UF
"CSMD0805-1UF,10%,0805,25V",C177,1,?,?,1UF
"CSMD0805-1UF,10%,0805,25V",C176,1,?,?,1UF
"CSMD0805-1UF,10%,0805,25V",C175,1,?,?,1UF
"CSMD0805-1UF,10%,0805,25V",C174,1,?,?,1UF
"CSMD0805-1UF,10%,0805,25V",C173,1,?,?,1UF
"CSMD0805-1UF,10%,0805,25V",C172,1,?,?,1UF
"CSMD0805-1UF,10%,0805,25V",C171,1,?,?,1UF
"CSMD0805-1UF,10%,0805,25V",C170,1,?,?,1UF
"CSMD0805-1UF,10%,0805,25V",C169,1,?,?,1UF
"CSMD0805-1UF,10%,0805,25V",C168,1,?,?,1UF
"CSMD0805-1UF,10%,0805,25V",C167,1,?,?,1UF
"CSMD0805-1UF,10%,0805,25V",C166,1,?,?,1UF
"CSMD0805-1UF,10%,0805,25V",C165,1,?,?,1UF
"CSMD0805-1UF,10%,0805,25V",C164,1,?,?,1UF
"CSMD0805-1UF,10%,0805,25V",C163,1,?,?,1UF
"CSMD0805-1UF,10%,0805,25V",C162,1,?,?,1UF
"CSMD0805-1UF,10%,0805,25V",C161,1,?,?,1UF
"CSMD0805-1UF,10%,0805,25V",C160,1,?,?,1UF
"CSMD0805-1UF,10%,0805,25V",C159,1,?,?,1UF
"CSMD0805-1UF,10%,0805,25V",C158,1,?,?,1UF
"CSMD0805-1UF,10%,0805,25V",C157,1,?,?,1UF
"CSMD0805-1UF,10%,0805,25V",C156,1,?,?,1UF
"CSMD0805-1UF,10%,0805,25V",C155,1,?,?,1UF
"CSMD0805-1UF,10%,0805,25V",C154,1,?,?,1UF
"CSMD0805-1UF,10%,0805,25V",C153,1,?,?,1UF
"CSMD0805-1UF,10%,0805,25V",C152,1,?,?,1UF
"CSMD0805-1UF,10%,0805,25V",C151,1,?,?,1UF
"CSMD0805-1UF,10%,0805,25V",C150,1,?,?,1UF
"CSMD0805-1UF,10%,0805,25V",C149,1,?,?,1UF
"CSMD0805-1UF,10%,0805,25V",C148,1,?,?,1UF
"CSMD0805-1UF,10%,0805,25V",C147,1,?,?,1UF
"CSMD0805-1UF,10%,0805,25V",C146,1,?,?,1UF
"CSMD0805-1UF,10%,0805,25V",C145,1,?,?,1UF
"CSMD0805-1UF,10%,0805,25V",C144,1,?,?,1UF
"CSMD0805-1UF,10%,0805,25V",C143,1,?,?,1UF
"CSMD0805-1UF,10%,0805,25V",C142,1,?,?,1UF
"CSMD0805-1UF,10%,0805,25V",C141,1,?,?,1UF
"CSMD0805-5PF,5%,0805,50V",C217,1,?,?,5PF
"CSMD0805-NS,10%,0805,25V",C210,1,?,?,NO STUFF
"CSMD0805-NS,10%,0805,25V",C212,1,?,?,NO STUFF
"CSMD0805-NS,10%,0805,25V",C201,1,?,?,NO STUFF
"CSMD0805-NS,10%,0805,25V",C200,1,?,?,NO STUFF
"CSMD0805-NS,10%,0805,25V",C199,1,?,?,NO STUFF
"CSMD0805-NS,10%,0805,25V",C198,1,?,?,NO STUFF
"CSMD0805-NS,10%,0805,25V",C197,1,?,?,NO STUFF
"CSMD0805-NS,10%,0805,25V",C196,1,?,?,NO STUFF
"CSMD0805-NS,10%,0805,25V",C195,1,?,?,NO STUFF
"CSMD0805-NS,10%,0805,25V",C194,1,?,?,NO STUFF
"CSMD0805-NS,10%,0805,25V",C193,1,?,?,NO STUFF
"CSMD0805-NS,10%,0805,25V",C192,1,?,?,NO STUFF
"CSMD0805-NS,10%,0805,25V",C191,1,?,?,NO STUFF
"CSMD0805-NS,10%,0805,25V",C190,1,?,?,NO STUFF
"CSMD0805-NS,10%,0805,25V",C189,1,?,?,NO STUFF
"CSMD0805-NS,10%,0805,25V",C188,1,?,?,NO STUFF
"CSMD0805-NS,10%,0805,25V",C187,1,?,?,NO STUFF
"CSMD0805-NS,10%,0805,25V",C186,1,?,?,NO STUFF
DR610F1_BUTTON,U151,1,?,?,?
DS1023200,U1,1,?,?,?
DS102350,U37,1,?,?,?
DS102350,U36,1,?,?,?
DS1023500,U7,1,?,?,?
DS90LV019,U58,1,?,?,?
DS90LV027,U20,1,?,?,?
FCI_61083-101400LF,U65,1,?,?,?
FCI_61083-101400LF,U5,1,?,?,?
FOXCLOCK,U26,1,?,?,?
HCT123,U62,1,?,?,?
HCT123,U47,1,?,?,?
HCT123,U38,1,?,?,?
HCT123,U95,1,?,?,?
HCT123,U9,1,?,?,?
HCT238_TSSOP,U61,1,?,?,?
HCT374_1,U100,1,?,?,?
HCT374_1,U99,1,?,?,?
HCT374_1,U4,1,?,?,?
IDS_C10,U165,1,?,?,?
IDS_C10,U80,1,?,?,?
IDS_C10,U54,1,?,?,?
IDS_C10,U53,1,?,?,?
INDUCTOR_L,L6,1,?,?,33UH
INDUCTOR_L,L5,1,?,?,0.1
INDUCTOR_L,L4,1,?,?,0.1
INDUCTOR_L,L3,1,?,?,0.1
INDUCTOR_L,L2,1,?,?,0.1
INDUCTOR_L,L1,1,?,?,0.1
"LED_1206-GREEN,GREEN,1206,16V",LED17,1,?,?,Green
"LED_1206-GREEN,GREEN,1206,16V",LED15,1,?,?,Green
"LED_1206-GREEN,GREEN,1206,16V",LED13,1,?,?,Green
"LED_1206-GREEN,GREEN,1206,16V",LED11,1,?,?,Green
"LED_1206-GREEN,GREEN,1206,16V",LED9,1,?,?,Green
"LED_1206-GREEN,GREEN,1206,16V",LED7,1,?,?,Green
"LED_1206-GREEN,GREEN,1206,16V",LED5,1,?,?,Green
"LED_1206-GREEN,GREEN,1206,16V",LED3,1,?,?,Green
"LED_1206-RED,RED,1206,16V",LED4,1,?,?,Red
"LED_1206-RED,RED,1206,16V",LED2,1,?,?,Red
"LED_1206-RED,RED,1206,16V",LED1,1,?,?,Red
LED_L,D15,1,?,?,?
LED_L,D14,1,?,?,?
LED_L,D13,1,?,?,?
LED_L,D12,1,?,?,?
LED_L,D11,1,?,?,?
LED_L,D10,1,?,?,?
LED_L,D9,1,?,?,?
LED_L,D8,1,?,?,?
LED_L,D7,1,?,?,?
LED_L,D6,1,?,?,?
LED_L,D5,1,?,?,?
LED_L,D4,1,?,?,?
LED_L,D18,1,?,?,?
LED_L,D17,1,?,?,?
LED_L,D16,1,?,?,?
LED_L,D3,1,?,?,?
LED_L,D2,1,?,?,?
LED_L,D1,1,?,?,?
LM2595,U220,1,?,?,?
LT1085CT,U162,1,?,?,?
MC10E016,U82,1,?,?,?
MC10E101,U44,1,?,?,?
MC10E116,U75,1,?,?,?
MC10E116,U74,1,?,?,?
MC10E116,U43,1,?,?,?
MC10E116,U55,1,?,?,?
MC10E116,U83,1,?,?,?
MC10E116,U21,1,?,?,?
MC10E116,U17,1,?,?,?
MC10E116,U11,1,?,?,?
MC10H104,U40,1,?,?,?
MC10H104,U39,1,?,?,?
MC10H104,U32,1,?,?,?
MC10H104,U84,1,?,?,?
MC10H104,U30,1,?,?,?
MC10H104,U12,1,?,?,?
MC10H116,U52,1,?,?,?
MC10H116,U51,1,?,?,?
MC10H116,U34,1,?,?,?
MC10H116,U153,1,?,?,?
MC10H124,U57,1,?,?,?
MC10H124,U33,1,?,?,?
MC10H124,U31,1,?,?,?
MC10H124,U68,1,?,?,?
MC10H124,U67,1,?,?,?
MC10H124,U94,1,?,?,?
MC10H124,U29,1,?,?,?
MC10H124,U10,1,?,?,?
MC10H124,U8,1,?,?,?
MC10H125,U79,1,?,?,?
MC10H125,U78,1,?,?,?
MC10H125,U45,1,?,?,?
MC10H125,U56,1,?,?,?
MC10H125,U35,1,?,?,?
MC10H125,U93,1,?,?,?
MC10H125,U24,1,?,?,?
MC10H125,U18,1,?,?,?
MC10H131,U73,1,?,?,?
MC10H131,U46,1,?,?,?
MC10H131,U42,1,?,?,?
MC10H131,U41,1,?,?,?
MC10H131,U85,1,?,?,?
MMBTH10,U59,1,?,?,?
MMBTH81,U19,1,?,?,?
MPSH81,U60,1,?,?,?
OPA2277_SOIC,U15,1,?,?,?
OPA277,U147,1,?,?,?
OPA4277,U14,1,?,?,?
OPA4277,U13,1,?,?,?
OSTOQ027150,U154,1,?,?,?
OSTOQ047150,U49,1,?,?,?
OSTOQ047150,U48,1,?,?,?
PICKERING113FC,U105,1,?,?,?
PICKERING113FC,U104,1,?,?,?
PICKERING113FC,U103,1,?,?,?
PICKERING113FC,U102,1,?,?,?
REF02,U146,1,?,?,?
RES_L,R327,1,?,?,1.2K
RES_L,R323,1,?,?,1.2K
RES_L,R322,1,?,?,1.2K
RES_L,R320,1,?,?,1.2K
RES_L,R317,1,?,?,1.2K
RES_L,R316,1,?,?,1.2K
RES_L,R315,1,?,?,1.2K
RES_L,R314,1,?,?,1.2K
RES_L,R313,1,?,?,1.2K
RES_L,R310,1,?,?,1.2K
RES_L,R306,1,?,?,1.2K
RES_L,R305,1,?,?,1.2K
RES_L,R303,1,?,?,1.2K
RES_L,R300,1,?,?,1.2K
RES_L,R299,1,?,?,1.2K
RES_L,R298,1,?,?,1.2K
RES_L,R297,1,?,?,1.2K
RES_L,R296,1,?,?,1.2K
RES_L,R293,1,?,?,1.2K
RES_L,R289,1,?,?,1.2K
RES_L,R288,1,?,?,1.2K
RES_L,R286,1,?,?,1.2K
RES_L,R283,1,?,?,1.2K
RES_L,R282,1,?,?,1.2K
RES_L,R281,1,?,?,1.2K
RES_L,R280,1,?,?,1.2K
RES_L,R279,1,?,?,1.2K
RES_L,R276,1,?,?,1.2K
RES_L,R272,1,?,?,1.2K
RES_L,R271,1,?,?,1.2K
RES_L,R269,1,?,?,1.2K
RES_L,R266,1,?,?,1.2K
RES_L,R265,1,?,?,1.2K
RES_L,R264,1,?,?,1.2K
RES_L,R263,1,?,?,1.2K
RES_L,R262,1,?,?,1.2K
RES_L,R259,1,?,?,1.2K
RES_L,R255,1,?,?,1.2K
RES_L,R254,1,?,?,1.2K
RES_L,R252,1,?,?,1.2K
RES_L,R249,1,?,?,1.2K
RES_L,R248,1,?,?,1.2K
RES_L,R247,1,?,?,1.2K
RES_L,R246,1,?,?,1.2K
RES_L,R245,1,?,?,1.2K
RES_L,R242,1,?,?,1.2K
RES_L,R238,1,?,?,1.2K
RES_L,R237,1,?,?,1.2K
RES_L,R235,1,?,?,1.2K
RES_L,R232,1,?,?,1.2K
RES_L,R231,1,?,?,1.2K
RES_L,R230,1,?,?,1.2K
RES_L,R229,1,?,?,1.2K
RES_L,R228,1,?,?,1.2K
RES_L,R225,1,?,?,1.2K
RES_L,R221,1,?,?,1.2K
RES_L,R220,1,?,?,1.2K
RES_L,R218,1,?,?,1.2K
RES_L,R215,1,?,?,1.2K
RES_L,R214,1,?,?,1.2K
RES_L,R213,1,?,?,1.2K
RES_L,R212,1,?,?,1.2K
RES_L,R211,1,?,?,1.2K
RES_L,R208,1,?,?,1.2K
RES_L,R204,1,?,?,1.2K
RES_L,R203,1,?,?,1.2K
RES_L,R201,1,?,?,1.2K
RES_L,R198,1,?,?,1.2K
RES_L,R197,1,?,?,1.2K
RES_L,R196,1,?,?,1.2K
RES_L,R195,1,?,?,1.2K
RES_L,R194,1,?,?,1.2K
"RSMD0603-4K,0.1%,0603",R450,1,?,?,4K
"RSMD0603-4K,0.1%,0603",R449,1,?,?,4K
"RSMD0603-4K,0.1%,0603",R448,1,?,?,4K
"RSMD0603-4K,0.1%,0603",R447,1,?,?,4K
"RSMD0603-4K,0.1%,0603",R446,1,?,?,4K
"RSMD0603-4K,0.1%,0603",R445,1,?,?,4K
"RSMD0603-4K,0.1%,0603",R444,1,?,?,4K
"RSMD0603-4K,0.1%,0603",R443,1,?,?,4K
"RSMD0603-4K,0.1%,0603",R442,1,?,?,4K
"RSMD0603-4K,0.1%,0603",R441,1,?,?,4K
"RSMD0603-4K,0.1%,0603",R440,1,?,?,4K
"RSMD0603-4K,0.1%,0603",R439,1,?,?,4K
"RSMD0603-4K,0.1%,0603",R438,1,?,?,4K
"RSMD0603-4K,0.1%,0603",R437,1,?,?,4K
"RSMD0603-4K,0.1%,0603",R421,1,?,?,4K
"RSMD0603-4K,0.1%,0603",R144,1,?,?,4K
"RSMD0603-4K,0.1%,0603",R143,1,?,?,4K
"RSMD0603-4K,0.1%,0603",R142,1,?,?,4K
"RSMD0603-4K,0.1%,0603",R141,1,?,?,4K
"RSMD0603-4K,0.1%,0603",R140,1,?,?,4K
"RSMD0603-4K,0.1%,0603",R403,1,?,?,4K
"RSMD0603-4K,0.1%,0603",R402,1,?,?,4K
"RSMD0603-4K,0.1%,0603",R401,1,?,?,4K
"RSMD0603-4K,0.1%,0603",R400,1,?,?,4K
"RSMD0603-4K,0.1%,0603",R399,1,?,?,4K
"RSMD0603-4K,0.1%,0603",R398,1,?,?,4K
"RSMD0603-4K,0.1%,0603",R397,1,?,?,4K
"RSMD0603-4K,0.1%,0603",R396,1,?,?,4K
"RSMD0603-4K,0.1%,0603",R395,1,?,?,4K
"RSMD0603-4K,0.1%,0603",R394,1,?,?,4K
"RSMD0603-4K,0.1%,0603",R393,1,?,?,4K
"RSMD0603-4K,0.1%,0603",R392,1,?,?,4K
"RSMD0603-4K,0.1%,0603",R391,1,?,?,4K
"RSMD0603-4K,0.1%,0603",R147,1,?,?,4K
"RSMD0603-4K,0.1%,0603",R146,1,?,?,4K
"RSMD0603-4K,0.1%,0603",R145,1,?,?,4K
"RSMD0805-0,1%,0805",R328,1,?,?,0
"RSMD0805-0,1%,0805",R326,1,?,?,0
"RSMD0805-0,1%,0805",R325,1,?,?,0
"RSMD0805-0,1%,0805",R324,1,?,?,0
"RSMD0805-0,1%,0805",R311,1,?,?,0
"RSMD0805-0,1%,0805",R309,1,?,?,0
"RSMD0805-0,1%,0805",R308,1,?,?,0
"RSMD0805-0,1%,0805",R307,1,?,?,0
"RSMD0805-0,1%,0805",R294,1,?,?,0
"RSMD0805-0,1%,0805",R292,1,?,?,0
"RSMD0805-0,1%,0805",R291,1,?,?,0
"RSMD0805-0,1%,0805",R290,1,?,?,0
"RSMD0805-0,1%,0805",R277,1,?,?,0
"RSMD0805-0,1%,0805",R275,1,?,?,0
"RSMD0805-0,1%,0805",R274,1,?,?,0
"RSMD0805-0,1%,0805",R273,1,?,?,0
"RSMD0805-0,1%,0805",R260,1,?,?,0
"RSMD0805-0,1%,0805",R258,1,?,?,0
"RSMD0805-0,1%,0805",R257,1,?,?,0
"RSMD0805-0,1%,0805",R256,1,?,?,0
"RSMD0805-0,1%,0805",R243,1,?,?,0
"RSMD0805-0,1%,0805",R241,1,?,?,0
"RSMD0805-0,1%,0805",R240,1,?,?,0
"RSMD0805-0,1%,0805",R239,1,?,?,0
"RSMD0805-0,1%,0805",R226,1,?,?,0
"RSMD0805-0,1%,0805",R224,1,?,?,0
"RSMD0805-0,1%,0805",R223,1,?,?,0
"RSMD0805-0,1%,0805",R222,1,?,?,0
"RSMD0805-0,1%,0805",R209,1,?,?,0
"RSMD0805-0,1%,0805",R207,1,?,?,0
"RSMD0805-0,1%,0805",R206,1,?,?,0
"RSMD0805-0,1%,0805",R205,1,?,?,0
"RSMD0805-10,1%,0805",R406,1,?,?,10
"RSMD0805-10,1%,0805",R407,1,?,?,10
"RSMD0805-10,1%,0805",R319,1,?,?,10
"RSMD0805-10,1%,0805",R302,1,?,?,10
"RSMD0805-10,1%,0805",R285,1,?,?,10
"RSMD0805-10,1%,0805",R268,1,?,?,10
"RSMD0805-10,1%,0805",R251,1,?,?,10
"RSMD0805-10,1%,0805",R234,1,?,?,10
"RSMD0805-10,1%,0805",R217,1,?,?,10
"RSMD0805-10,1%,0805",R200,1,?,?,10
"RSMD0805-100,1%,0805",R367,1,?,?,100
"RSMD0805-100,1%,0805",R417,1,?,?,100
"RSMD0805-100,1%,0805",R416,1,?,?,100
"RSMD0805-100,1%,0805",R390,1,?,?,100
"RSMD0805-100,1%,0805",R389,1,?,?,100
"RSMD0805-100,1%,0805",R388,1,?,?,100
"RSMD0805-100,1%,0805",R387,1,?,?,100
"RSMD0805-100,1%,0805",R386,1,?,?,100
"RSMD0805-100,1%,0805",R385,1,?,?,100
"RSMD0805-100,1%,0805",R384,1,?,?,100
"RSMD0805-100,1%,0805",R383,1,?,?,100
"RSMD0805-100,1%,0805",R382,1,?,?,100
"RSMD0805-100,1%,0805",R381,1,?,?,100
"RSMD0805-100,1%,0805",R112,1,?,?,100
"RSMD0805-100,1%,0805",R110,1,?,?,100
"RSMD0805-100,1%,0805",R77,1,?,?,100
"RSMD0805-100,1%,0805",R76,1,?,?,100
"RSMD0805-100,1%,0805",R368,1,?,?,100
"RSMD0805-100,1%,0805",R41,1,?,?,100
"RSMD0805-100,1%,0805",R40,1,?,?,100
"RSMD0805-100,1%,0805",R28,1,?,?,100
"RSMD0805-100,1%,0805",R182,1,?,?,100
"RSMD0805-100,1%,0805",R181,1,?,?,100
"RSMD0805-100,1%,0805",R186,1,?,?,100
"RSMD0805-100,1%,0805",R185,1,?,?,100
"RSMD0805-100,1%,0805",R184,1,?,?,100
"RSMD0805-100,1%,0805",R183,1,?,?,100
"RSMD0805-100,1%,0805",R12,1,?,?,100
"RSMD0805-100,1%,0805",R5,1,?,?,100
"RSMD0805-100,1%,0805",R4,1,?,?,100
"RSMD0805-100,1%,0805",R3,1,?,?,100
"RSMD0805-1000,1%,0805",R418,1,?,?,1000
"RSMD0805-1000,1%,0805",R115,1,?,?,1000
"RSMD0805-1000,1%,0805",R114,1,?,?,1000
"RSMD0805-1000,1%,0805",R113,1,?,?,1000
"RSMD0805-1000,1%,0805",R111,1,?,?,1000
"RSMD0805-1000,1%,0805",R85,1,?,?,1000
"RSMD0805-1000,1%,0805",R84,1,?,?,1000
"RSMD0805-1000,1%,0805",R83,1,?,?,1000
"RSMD0805-1000,1%,0805",R82,1,?,?,1000
"RSMD0805-1000,1%,0805",R79,1,?,?,1000
"RSMD0805-1000,1%,0805",R78,1,?,?,1000
"RSMD0805-1000,1%,0805",R68,1,?,?,1000
"RSMD0805-1000,1%,0805",R66,1,?,?,1000
"RSMD0805-1000,1%,0805",R109,1,?,?,1000
"RSMD0805-1000,1%,0805",R108,1,?,?,1000
"RSMD0805-1000,1%,0805",R87,1,?,?,1000
"RSMD0805-1000,1%,0805",R86,1,?,?,1000
"RSMD0805-1000,1%,0805",R19,1,?,?,1000
"RSMD0805-1000,1%,0805",R18,1,?,?,1000
"RSMD0805-10K,1%,0805",R75,1,?,?,10K
"RSMD0805-10K,1%,0805",R72,1,?,?,10K
"RSMD0805-10K,1%,0805",R39,1,?,?,10K
"RSMD0805-10K,1%,0805",R38,1,?,?,10K
"RSMD0805-10K,1%,0805",R355,1,?,?,10K
"RSMD0805-10K,1%,0805",R354,1,?,?,10K
"RSMD0805-10K,1%,0805",R2,1,?,?,10K
"RSMD0805-10K,1%,0805",R1,1,?,?,10K
"RSMD0805-111,1%,0805",R318,1,?,?,111
"RSMD0805-111,1%,0805",R301,1,?,?,111
"RSMD0805-111,1%,0805",R284,1,?,?,111
"RSMD0805-111,1%,0805",R267,1,?,?,111
"RSMD0805-111,1%,0805",R250,1,?,?,111
"RSMD0805-111,1%,0805",R233,1,?,?,111
"RSMD0805-111,1%,0805",R216,1,?,?,111
"RSMD0805-111,1%,0805",R199,1,?,?,111
"RSMD0805-2K,1%,0805",R180,1,?,?,2K
"RSMD0805-2K,1%,0805",R312,1,?,?,2K
"RSMD0805-2K,1%,0805",R295,1,?,?,2K
"RSMD0805-2K,1%,0805",R278,1,?,?,2K
"RSMD0805-2K,1%,0805",R261,1,?,?,2K
"RSMD0805-2K,1%,0805",R244,1,?,?,2K
"RSMD0805-2K,1%,0805",R227,1,?,?,2K
"RSMD0805-2K,1%,0805",R210,1,?,?,2K
"RSMD0805-2K,1%,0805",R193,1,?,?,2K
"RSMD0805-499,1%,0805",R167,1,?,?,499
"RSMD0805-499,1%,0805",R321,1,?,?,499
"RSMD0805-499,1%,0805",R304,1,?,?,499
"RSMD0805-499,1%,0805",R287,1,?,?,499
"RSMD0805-499,1%,0805",R270,1,?,?,499
"RSMD0805-499,1%,0805",R253,1,?,?,499
"RSMD0805-499,1%,0805",R236,1,?,?,499
"RSMD0805-499,1%,0805",R219,1,?,?,499
"RSMD0805-499,1%,0805",R202,1,?,?,499
"RSMD0805-4K,1%,0805",R436,1,?,?,4K
"RSMD0805-4K,1%,0805",R435,1,?,?,4K
"RSMD0805-4K,1%,0805",R434,1,?,?,4K
"RSMD0805-4K,1%,0805",R433,1,?,?,4K
"RSMD0805-4K,1%,0805",R432,1,?,?,4K
"RSMD0805-4K,1%,0805",R431,1,?,?,4K
"RSMD0805-4K,1%,0805",R430,1,?,?,4K
"RSMD0805-4K,1%,0805",R429,1,?,?,4K
"RSMD0805-4K,1%,0805",R428,1,?,?,4K
"RSMD0805-4K,1%,0805",R427,1,?,?,4K
"RSMD0805-4K,1%,0805",R426,1,?,?,4K
"RSMD0805-4K,1%,0805",R425,1,?,?,4K
"RSMD0805-4K,1%,0805",R424,1,?,?,4K
"RSMD0805-4K,1%,0805",R419,1,?,?,4K
"RSMD0805-5.1K,1%,0805",R413,1,?,?,5.1K
"RSMD0805-5.1K,1%,0805",R412,1,?,?,5.1K
"RSMD0805-5.1K,1%,0805",R411,1,?,?,5.1K
"RSMD0805-5.1K,1%,0805",R410,1,?,?,5.1K
"RSMD0805-5.1K,1%,0805",R409,1,?,?,5.1K
"RSMD0805-5.1K,1%,0805",R408,1,?,?,5.1K
"RSMD0805-5.1K,1%,0805",R404,1,?,?,5.1K
"RSMD0805-5.1K,1%,0805",R358,1,?,?,5.1K
"RSMD0805-5.1K,1%,0805",R357,1,?,?,5.1K
"RSMD0805-5.1K,1%,0805",R356,1,?,?,5.1K
"RSMD0805-5.1K,1%,0805",R80,1,?,?,5.1K
"RSMD0805-5.1K,1%,0805",R47,1,?,?,5.1K
"RSMD0805-5.1K,1%,0805",R353,1,?,?,5.1K
"RSMD0805-5.1K,1%,0805",R352,1,?,?,5.1K
"RSMD0805-5.1K,1%,0805",R351,1,?,?,5.1K
"RSMD0805-5.1K,1%,0805",R415,1,?,?,5.1K
"RSMD0805-5.1K,1%,0805",R414,1,?,?,5.1K
"RSMD0805-5.1K,1%,0805",R362,1,?,?,5.1K
"RSMD0805-5.1K,1%,0805",R361,1,?,?,5.1K
"RSMD0805-5.1K,1%,0805",R360,1,?,?,5.1K
"RSMD0805-5.1K,1%,0805",R359,1,?,?,5.1K
"RSMD0805-50,1%,0805",R363,1,?,?,50
"RSMD0805-50,1%,0805",R139,1,?,?,50
"RSMD0805-50,1%,0805",R138,1,?,?,50
"RSMD0805-50,1%,0805",R137,1,?,?,50
"RSMD0805-50,1%,0805",R136,1,?,?,50
"RSMD0805-50,1%,0805",R135,1,?,?,50
"RSMD0805-50,1%,0805",R134,1,?,?,50
"RSMD0805-50,1%,0805",R133,1,?,?,50
"RSMD0805-50,1%,0805",R132,1,?,?,50
"RSMD0805-50,1%,0805",R131,1,?,?,50
"RSMD0805-50,1%,0805",R130,1,?,?,50
"RSMD0805-50,1%,0805",R129,1,?,?,50
"RSMD0805-50,1%,0805",R128,1,?,?,50
"RSMD0805-50,1%,0805",R127,1,?,?,50
"RSMD0805-50,1%,0805",R126,1,?,?,50
"RSMD0805-50,1%,0805",R125,1,?,?,50
"RSMD0805-50,1%,0805",R124,1,?,?,50
"RSMD0805-50,1%,0805",R123,1,?,?,50
"RSMD0805-50,1%,0805",R122,1,?,?,50
"RSMD0805-50,1%,0805",R121,1,?,?,50
"RSMD0805-50,1%,0805",R120,1,?,?,50
"RSMD0805-50,1%,0805",R119,1,?,?,50
"RSMD0805-50,1%,0805",R118,1,?,?,50
"RSMD0805-50,1%,0805",R117,1,?,?,50
"RSMD0805-50,1%,0805",R366,1,?,?,50
"RSMD0805-50,1%,0805",R365,1,?,?,50
"RSMD0805-50,1%,0805",R116,1,?,?,50
"RSMD0805-50,1%,0805",R74,1,?,?,50
"RSMD0805-50,1%,0805",R73,1,?,?,50
"RSMD0805-50,1%,0805",R71,1,?,?,50
"RSMD0805-50,1%,0805",R70,1,?,?,50
"RSMD0805-50,1%,0805",R69,1,?,?,50
"RSMD0805-50,1%,0805",R67,1,?,?,50
"RSMD0805-50,1%,0805",R65,1,?,?,50
"RSMD0805-50,1%,0805",R64,1,?,?,50
"RSMD0805-50,1%,0805",R63,1,?,?,50
"RSMD0805-50,1%,0805",R62,1,?,?,50
"RSMD0805-50,1%,0805",R61,1,?,?,50
"RSMD0805-50,1%,0805",R60,1,?,?,50
"RSMD0805-50,1%,0805",R59,1,?,?,50
"RSMD0805-50,1%,0805",R58,1,?,?,50
"RSMD0805-50,1%,0805",R57,1,?,?,50
"RSMD0805-50,1%,0805",R56,1,?,?,50
"RSMD0805-50,1%,0805",R55,1,?,?,50
"RSMD0805-50,1%,0805",R54,1,?,?,50
"RSMD0805-50,1%,0805",R53,1,?,?,50
"RSMD0805-50,1%,0805",R52,1,?,?,50
"RSMD0805-50,1%,0805",R51,1,?,?,50
"RSMD0805-50,1%,0805",R50,1,?,?,50
"RSMD0805-50,1%,0805",R49,1,?,?,50
"RSMD0805-50,1%,0805",R48,1,?,?,50
"RSMD0805-50,1%,0805",R46,1,?,?,50
"RSMD0805-50,1%,0805",R45,1,?,?,50
"RSMD0805-50,1%,0805",R44,1,?,?,50
"RSMD0805-50,1%,0805",R43,1,?,?,50
"RSMD0805-50,1%,0805",R42,1,?,?,50
"RSMD0805-50,1%,0805",R107,1,?,?,50
"RSMD0805-50,1%,0805",R106,1,?,?,50
"RSMD0805-50,1%,0805",R105,1,?,?,50
"RSMD0805-50,1%,0805",R104,1,?,?,50
"RSMD0805-50,1%,0805",R103,1,?,?,50
"RSMD0805-50,1%,0805",R102,1,?,?,50
"RSMD0805-50,1%,0805",R101,1,?,?,50
"RSMD0805-50,1%,0805",R100,1,?,?,50
"RSMD0805-50,1%,0805",R99,1,?,?,50
"RSMD0805-50,1%,0805",R98,1,?,?,50
"RSMD0805-50,1%,0805",R97,1,?,?,50
"RSMD0805-50,1%,0805",R96,1,?,?,50
"RSMD0805-50,1%,0805",R95,1,?,?,50
"RSMD0805-50,1%,0805",R94,1,?,?,50
"RSMD0805-50,1%,0805",R93,1,?,?,50
"RSMD0805-50,1%,0805",R92,1,?,?,50
"RSMD0805-50,1%,0805",R91,1,?,?,50
"RSMD0805-50,1%,0805",R90,1,?,?,50
"RSMD0805-50,1%,0805",R89,1,?,?,50
"RSMD0805-50,1%,0805",R88,1,?,?,50
"RSMD0805-50,1%,0805",R405,1,?,?,50
"RSMD0805-50,1%,0805",R37,1,?,?,50
"RSMD0805-50,1%,0805",R36,1,?,?,50
"RSMD0805-50,1%,0805",R35,1,?,?,50
"RSMD0805-50,1%,0805",R34,1,?,?,50
"RSMD0805-50,1%,0805",R33,1,?,?,50
"RSMD0805-50,1%,0805",R32,1,?,?,50
"RSMD0805-50,1%,0805",R31,1,?,?,50
"RSMD0805-50,1%,0805",R30,1,?,?,50
"RSMD0805-50,1%,0805",R29,1,?,?,50
"RSMD0805-50,1%,0805",R179,1,?,?,50
"RSMD0805-50,1%,0805",R178,1,?,?,50
"RSMD0805-50,1%,0805",R177,1,?,?,50
"RSMD0805-50,1%,0805",R176,1,?,?,50
"RSMD0805-50,1%,0805",R175,1,?,?,50
"RSMD0805-50,1%,0805",R166,1,?,?,50
"RSMD0805-50,1%,0805",R165,1,?,?,50
"RSMD0805-50,1%,0805",R164,1,?,?,50
"RSMD0805-50,1%,0805",R163,1,?,?,50
"RSMD0805-50,1%,0805",R162,1,?,?,50
"RSMD0805-50,1%,0805",R161,1,?,?,50
"RSMD0805-50,1%,0805",R160,1,?,?,50
"RSMD0805-50,1%,0805",R159,1,?,?,50
"RSMD0805-50,1%,0805",R158,1,?,?,50
"RSMD0805-50,1%,0805",R157,1,?,?,50
"RSMD0805-50,1%,0805",R156,1,?,?,50
"RSMD0805-50,1%,0805",R155,1,?,?,50
"RSMD0805-50,1%,0805",R154,1,?,?,50
"RSMD0805-50,1%,0805",R153,1,?,?,50
"RSMD0805-50,1%,0805",R152,1,?,?,50
"RSMD0805-50,1%,0805",R151,1,?,?,50
"RSMD0805-50,1%,0805",R150,1,?,?,50
"RSMD0805-50,1%,0805",R149,1,?,?,50
"RSMD0805-50,1%,0805",R148,1,?,?,50
"RSMD0805-50,1%,0805",R380,1,?,?,50
"RSMD0805-50,1%,0805",R379,1,?,?,50
"RSMD0805-50,1%,0805",R370,1,?,?,50
"RSMD0805-50,1%,0805",R369,1,?,?,50
"RSMD0805-50,1%,0805",R349,1,?,?,50
"RSMD0805-50,1%,0805",R27,1,?,?,50
"RSMD0805-50,1%,0805",R26,1,?,?,50
"RSMD0805-50,1%,0805",R25,1,?,?,50
"RSMD0805-50,1%,0805",R24,1,?,?,50
"RSMD0805-50,1%,0805",R23,1,?,?,50
"RSMD0805-50,1%,0805",R22,1,?,?,50
"RSMD0805-50,1%,0805",R21,1,?,?,50
"RSMD0805-50,1%,0805",R20,1,?,?,50
"RSMD0805-50,1%,0805",R348,1,?,?,50
"RSMD0805-50,1%,0805",R347,1,?,?,50
"RSMD0805-50,1%,0805",R346,1,?,?,50
"RSMD0805-50,1%,0805",R345,1,?,?,50
"RSMD0805-50,1%,0805",R344,1,?,?,50
"RSMD0805-50,1%,0805",R343,1,?,?,50
"RSMD0805-50,1%,0805",R342,1,?,?,50
"RSMD0805-50,1%,0805",R341,1,?,?,50
"RSMD0805-50,1%,0805",R340,1,?,?,50
"RSMD0805-50,1%,0805",R339,1,?,?,50
"RSMD0805-50,1%,0805",R338,1,?,?,50
"RSMD0805-50,1%,0805",R337,1,?,?,50
"RSMD0805-50,1%,0805",R336,1,?,?,50
"RSMD0805-50,1%,0805",R335,1,?,?,50
"RSMD0805-50,1%,0805",R334,1,?,?,50
"RSMD0805-50,1%,0805",R333,1,?,?,50
"RSMD0805-50,1%,0805",R332,1,?,?,50
"RSMD0805-50,1%,0805",R331,1,?,?,50
"RSMD0805-50,1%,0805",R364,1,?,?,50
"RSMD0805-50,1%,0805",R174,1,?,?,50
"RSMD0805-50,1%,0805",R173,1,?,?,50
"RSMD0805-50,1%,0805",R172,1,?,?,50
"RSMD0805-50,1%,0805",R171,1,?,?,50
"RSMD0805-50,1%,0805",R170,1,?,?,50
"RSMD0805-50,1%,0805",R169,1,?,?,50
"RSMD0805-50,1%,0805",R168,1,?,?,50
"RSMD0805-50,1%,0805",R330,1,?,?,50
"RSMD0805-50,1%,0805",R329,1,?,?,50
"RSMD0805-50,1%,0805",R192,1,?,?,50
"RSMD0805-50,1%,0805",R191,1,?,?,50
"RSMD0805-50,1%,0805",R190,1,?,?,50
"RSMD0805-50,1%,0805",R189,1,?,?,50
"RSMD0805-50,1%,0805",R188,1,?,?,50
"RSMD0805-50,1%,0805",R187,1,?,?,50
"RSMD0805-50,1%,0805",R17,1,?,?,50
"RSMD0805-50,1%,0805",R16,1,?,?,50
"RSMD0805-50,1%,0805",R15,1,?,?,50
"RSMD0805-50,1%,0805",R14,1,?,?,50
"RSMD0805-50,1%,0805",R13,1,?,?,50
"RSMD0805-50,1%,0805",R11,1,?,?,50
"RSMD0805-50,1%,0805",R10,1,?,?,50
"RSMD0805-50,1%,0805",R9,1,?,?,50
"RSMD0805-50,1%,0805",R8,1,?,?,50
"RSMD0805-50,1%,0805",R7,1,?,?,50
"RSMD0805-50,1%,0805",R6,1,?,?,50
"RSMD0805-NS,1%,0805",R420,1,?,?,NO STUFF
"RSMD0805-NS,1%,0805",R378,1,?,?,NO STUFF
"RSMD0805-NS,1%,0805",R377,1,?,?,NO STUFF
"RSMD0805-NS,1%,0805",R376,1,?,?,NO STUFF
"RSMD0805-NS,1%,0805",R375,1,?,?,NO STUFF
"RSMD0805-NS,1%,0805",R374,1,?,?,NO STUFF
"RSMD0805-NS,1%,0805",R373,1,?,?,NO STUFF
"RSMD0805-NS,1%,0805",R372,1,?,?,NO STUFF
"RSMD0805-NS,1%,0805",R371,1,?,?,NO STUFF
"RSMD0805-NS,1%,0805",R350,1,?,?,NO STUFF
"RSMD0805-NS,1%,0805",R81,1,?,?,NO STUFF
SIP_HEADER_16PIN,J1,1,?,?,?
SIP_HEADER_2PIN,U166,1,?,?,?
SIP_HEADER_2PIN,U217,1,?,?,?
SIP_HEADER_2PIN,U216,1,?,?,?
SIP_HEADER_2PIN,U215,1,?,?,?
SIP_HEADER_2PIN,U214,1,?,?,?
SIP_HEADER_2PIN,U213,1,?,?,?
SIP_HEADER_2PIN,U212,1,?,?,?
SIP_HEADER_2PIN,U211,1,?,?,?
SIP_HEADER_2PIN,U210,1,?,?,?
SIP_HEADER_2PIN,U209,1,?,?,?
SIP_HEADER_2PIN,U208,1,?,?,?
SIP_HEADER_2PIN,U207,1,?,?,?
SIP_HEADER_2PIN,U206,1,?,?,?
SIP_HEADER_2PIN,U205,1,?,?,?
SIP_HEADER_2PIN,U204,1,?,?,?
SIP_HEADER_2PIN,U203,1,?,?,?
SIP_HEADER_2PIN,U202,1,?,?,?
SIP_HEADER_2PIN,U201,1,?,?,?
SIP_HEADER_2PIN,U200,1,?,?,?
SIP_HEADER_2PIN,U199,1,?,?,?
SIP_HEADER_2PIN,U198,1,?,?,?
SIP_HEADER_2PIN,U197,1,?,?,?
SIP_HEADER_2PIN,U196,1,?,?,?
SIP_HEADER_2PIN,U195,1,?,?,?
SIP_HEADER_2PIN,U194,1,?,?,?
SIP_HEADER_2PIN,U193,1,?,?,?
SIP_HEADER_2PIN,U192,1,?,?,?
SIP_HEADER_2PIN,U191,1,?,?,?
SIP_HEADER_2PIN,U190,1,?,?,?
SIP_HEADER_2PIN,U189,1,?,?,?
SIP_HEADER_2PIN,U188,1,?,?,?
SIP_HEADER_2PIN,U187,1,?,?,?
SIP_HEADER_2PIN,U181,1,?,?,?
SIP_HEADER_2PIN,U180,1,?,?,?
SIP_HEADER_2PIN,U179,1,?,?,?
SIP_HEADER_2PIN,U186,1,?,?,?
SIP_HEADER_2PIN,U185,1,?,?,?
SIP_HEADER_2PIN,U184,1,?,?,?
SIP_HEADER_2PIN,U183,1,?,?,?
SIP_HEADER_2PIN,U182,1,?,?,?
SIP_HEADER_2PIN,U178,1,?,?,?
SIP_HEADER_2PIN,U177,1,?,?,?
SIP_HEADER_2PIN,U176,1,?,?,?
SIP_HEADER_2PIN,U175,1,?,?,?
SIP_HEADER_2PIN,U174,1,?,?,?
SIP_HEADER_2PIN,U173,1,?,?,?
SIP_HEADER_2PIN,U172,1,?,?,?
SIP_HEADER_2PIN,U171,1,?,?,?
SIP_HEADER_2PIN,U170,1,?,?,?
SIP_HEADER_2PIN,U169,1,?,?,?
SIP_HEADER_2PIN,U168,1,?,?,?
SIP_HEADER_2PIN,U167,1,?,?,?
SIP_HEADER_2PIN,U242,1,?,?,?
SIP_HEADER_2PIN,U241,1,?,?,?
SIP_HEADER_2PIN,U240,1,?,?,?
SIP_HEADER_2PIN,U239,1,?,?,?
SIP_HEADER_2PIN,U238,1,?,?,?
SIP_HEADER_2PIN,U237,1,?,?,?
SIP_HEADER_2PIN,U236,1,?,?,?
SIP_HEADER_2PIN,U235,1,?,?,?
SIP_HEADER_2PIN,U234,1,?,?,?
SIP_HEADER_2PIN,U233,1,?,?,?
SIP_HEADER_2PIN,U232,1,?,?,?
SIP_HEADER_2PIN,U231,1,?,?,?
SIP_HEADER_2PIN,U230,1,?,?,?
SIP_HEADER_2PIN,U229,1,?,?,?
SIP_HEADER_2PIN,U228,1,?,?,?
SIP_HEADER_2PIN,U92,1,?,?,?
SIP_HEADER_2PIN,U91,1,?,?,?
SIP_HEADER_2PIN,U90,1,?,?,?
SIP_HEADER_2PIN,U89,1,?,?,?
SIP_HEADER_2PIN,U88,1,?,?,?
SIP_HEADER_2PIN,U87,1,?,?,?
SN74S32,U152,1,?,?,?
SS22SDP2,U72,1,?,?,?
SS22SDP2,U71,1,?,?,?
SS22SDP2,U25,1,?,?,?
SY100EL05,U81,1,?,?,?
SY100EL05,U23,1,?,?,?
SY100EL05,U22,1,?,?,?
SY100EL34L,U86,1,?,?,?
SY100EL34L,U28,1,?,?,?
SY100EL91L,U27,1,?,?,?
"TANT0805-0.1UF,5%,0805,50V",C185,1,?,?,0.1UF
"TANT0805-0.1UF,5%,0805,50V",C82,1,?,?,0.1UF
"TANT0805-0.1UF,5%,0805,50V",C74,1,?,?,0.1UF
"TANT0805-0.1UF,5%,0805,50V",C73,1,?,?,0.1UF
"TANT0805-10UF,5%,0805,25V",C80,1,?,?,10UF
"TANT0805-10UF,5%,0805,25V",C77,1,?,?,10UF
"TANT0805-10UF,5%,0805,25V",C75,1,?,?,10UF
"TANT0805-10UF,5%,0805,25V",C68,1,?,?,10UF
"TANT0805-10UF,5%,0805,25V",C67,1,?,?,10UF
"TANT0805-1UF,10%,0805,25V",C81,1,?,?,1UF
"TANT0805-1UF,10%,0805,25V",C79,1,?,?,1UF
"TANT0805-1UF,10%,0805,25V",C70,1,?,?,1UF
"TANT0805-1UF,10%,0805,25V",C69,1,?,?,1UF
TESTPOINT_L,TP57,1,?,?,?
TESTPOINT_L,TP56,1,?,?,?
TESTPOINT_L,TP29,1,?,?,?
TESTPOINT_L,TP28,1,?,?,?
TESTPOINT_L,TP27,1,?,?,?
TESTPOINT_L,TP20,1,?,?,?
TESTPOINT_L,TP19,1,?,?,?
TESTPOINT_L,TP55,1,?,?,?
TESTPOINT_L,TP18,1,?,?,?
TESTPOINT_L,TP72,1,?,?,?
TESTPOINT_L,TP71,1,?,?,?
TESTPOINT_L,TP70,1,?,?,?
TESTPOINT_L,TP69,1,?,?,?
TESTPOINT_L,TP68,1,?,?,?
TESTPOINT_L,TP67,1,?,?,?
TESTPOINT_L,TP66,1,?,?,?
TESTPOINT_L,TP65,1,?,?,?
TESTPOINT_L,TP64,1,?,?,?
TESTPOINT_L,TP63,1,?,?,?
TESTPOINT_L,TP62,1,?,?,?
TESTPOINT_L,TP61,1,?,?,?
TESTPOINT_L,TP60,1,?,?,?
TESTPOINT_L,TP59,1,?,?,?
TESTPOINT_L,TP54,1,?,?,?
TESTPOINT_L,TP53,1,?,?,?
TESTPOINT_L,TP52,1,?,?,?
TESTPOINT_L,TP41,1,?,?,?
TESTPOINT_L,TP40,1,?,?,?
TESTPOINT_L,TP26,1,?,?,?
TESTPOINT_L,TP25,1,?,?,?
TESTPOINT_L,TP24,1,?,?,?
TESTPOINT_L,TP23,1,?,?,?
TESTPOINT_L,TP22,1,?,?,?
TESTPOINT_L,TP21,1,?,?,?
TESTPOINT_L,TP58,1,?,?,?
TESTPOINT_L,TP42,1,?,?,?
TESTPOINT_L,TP17,1,?,?,?
TESTPOINT_L,TP16,1,?,?,?
TESTPOINT_L,TP15,1,?,?,?
TESTPOINT_L,TP14,1,?,?,?
TESTPOINT_L,TP13,1,?,?,?
TESTPOINT_L,TP39,1,?,?,?
TESTPOINT_L,TP38,1,?,?,?
TESTPOINT_L,TP37,1,?,?,?
TESTPOINT_L,TP36,1,?,?,?
TESTPOINT_L,TP35,1,?,?,?
TESTPOINT_L,TP34,1,?,?,?
TESTPOINT_L,TP33,1,?,?,?
TESTPOINT_L,TP32,1,?,?,?
TESTPOINT_L,TP31,1,?,?,?
TESTPOINT_L,TP30,1,?,?,?
TESTPOINT_L,TP136,1,?,?,?
TESTPOINT_L,TP135,1,?,?,?
TESTPOINT_L,TP134,1,?,?,?
TESTPOINT_L,TP133,1,?,?,?
TESTPOINT_L,TP132,1,?,?,?
TESTPOINT_L,TP131,1,?,?,?
TESTPOINT_L,TP130,1,?,?,?
TESTPOINT_L,TP129,1,?,?,?
TESTPOINT_L,TP128,1,?,?,?
TESTPOINT_L,TP127,1,?,?,?
TESTPOINT_L,TP126,1,?,?,?
TESTPOINT_L,TP125,1,?,?,?
TESTPOINT_L,TP124,1,?,?,?
TESTPOINT_L,TP123,1,?,?,?
TESTPOINT_L,TP122,1,?,?,?
TESTPOINT_L,TP12,1,?,?,?
TESTPOINT_L,TP11,1,?,?,?
TESTPOINT_L,TP10,1,?,?,?
TESTPOINT_L,TP9,1,?,?,?
TESTPOINT_L,TP8,1,?,?,?
TESTPOINT_L,TP7,1,?,?,?
TESTPOINT_L,TP6,1,?,?,?
TESTPOINT_L,TP5,1,?,?,?
TESTPOINT_L,TP4,1,?,?,?
TESTPOINT_L,TP3,1,?,?,?
TESTPOINT_L,TP2,1,?,?,?
TESTPOINT_L,TP1,1,?,?,?
THS3061,U143,1,?,?,?
THS3061,U141,1,?,?,?
THS3061,U138,1,?,?,?
THS3061,U136,1,?,?,?
THS3061,U133,1,?,?,?
THS3061,U131,1,?,?,?
THS3061,U128,1,?,?,?
THS3061,U126,1,?,?,?
THS3061,U123,1,?,?,?
THS3061,U121,1,?,?,?
THS3061,U118,1,?,?,?
THS3061,U116,1,?,?,?
THS3061,U113,1,?,?,?
THS3061,U111,1,?,?,?
THS3061,U108,1,?,?,?
THS3061,U106,1,?,?,?
Z4KE,U157,1,?,?,?
Z4KE,U156,1,?,?,?
Z4KE,U155,1,?,?,?
TOTAL, ,1040, ,6.600, 
