FILE_TYPE=LIBRARY_PARTS;
primitive 'RSMD0805SIZE';
  pin
    'A'<0>:
      PIN_NUMBER='(1)';
      PINUSE='UNSPEC';
      PIN_GROUP='1';
    'B'<0>:
      PIN_NUMBER='(@)';
      PINUSE='UNSPEC';
  end_pin;
  body
    PART_NAME='RSMD0805SIZE';
    COMP_TYPE='RES';
    PATH='2P';
    DRAWING='ELEMENTCHIPS.LOGIC.1.1';
    PRIM_TYPE='CHIPS_PRT';
    PRIM_FILE='/modeler/build/awbged/element/resistor/chips_prt';
    VER='1';
    XY='(1350,1350)';
    DIR='ELEMENT.LIB';
    ROT='0';
    PINCOUNT='2';
    SIZE='1';
    BODY_NAME='RSMD0805SIZE';
    JEDEC_TYPE='res805';
    PHYS_DES_PREFIX='R';
    CLASS='DISCRETE';
    CDS_LMAN_UNMAPPED_PHYS_PIN='(2)';
  end_body;
end_primitive;

END.
