FILE_TYPE=LIBRARY_PARTS;
primitive 'MC10H124';
  pin
    'A_IN':
      PIN_NUMBER='(7)';
      INPUT_LOAD='(-0.01,0.01)';
    'B_IN':
      PIN_NUMBER='(9)';
      INPUT_LOAD='(-0.01,0.01)';
    'C_IN':
      PIN_NUMBER='(13)';
      INPUT_LOAD='(-0.01,0.01)';
    'D_IN':
      PIN_NUMBER='(14)';
      INPUT_LOAD='(-0.01,0.01)';
    'A_OUT':
      PIN_NUMBER='(3)';
      OUTPUT_LOAD='(1.0,-1.0)';
      DIFF_PAIR_PINS_POS='dp_a_out';
    'B_OUT':
      PIN_NUMBER='(2)';
      OUTPUT_LOAD='(1.0,-1.0)';
      DIFF_PAIR_PINS_POS='dp_b_out';
    'C_OUT':
      PIN_NUMBER='(19)';
      OUTPUT_LOAD='(1.0,-1.0)';
      DIFF_PAIR_PINS_POS='dp_c_out';
    'D_OUT':
      PIN_NUMBER='(18)';
      OUTPUT_LOAD='(1.0,-1.0)';
      DIFF_PAIR_PINS_POS='dp_d_out';
    '-A_OUT':
      PIN_NUMBER='(5)';
      OUTPUT_LOAD='(1.0,-1.0)';
      DIFF_PAIR_PINS_NEG='dp_a_out';
    '-B_OUT':
      PIN_NUMBER='(4)';
      OUTPUT_LOAD='(1.0,-1.0)';
      DIFF_PAIR_PINS_NEG='dp_b_out';
    '-C_OUT':
      PIN_NUMBER='(15)';
      OUTPUT_LOAD='(1.0,-1.0)';
      DIFF_PAIR_PINS_NEG='dp_c_out';
    '-D_OUT':
      PIN_NUMBER='(17)';
      OUTPUT_LOAD='(1.0,-1.0)';
      DIFF_PAIR_PINS_NEG='dp_d_out';
    'VEE':
      PIN_NUMBER='(10)';
      PINUSE='POWER';
      NO_LOAD_CHECK='Both';
      NO_IO_CHECK='Both';
      NO_ASSERT_CHECK='TRUE';
      NO_DIR_CHECK='TRUE';
      ALLOW_CONNECT='TRUE';
    'VCC':
      PIN_NUMBER='(12)';
      PINUSE='POWER';
      NO_LOAD_CHECK='Both';
      NO_IO_CHECK='Both';
      NO_ASSERT_CHECK='TRUE';
      NO_DIR_CHECK='TRUE';
      ALLOW_CONNECT='TRUE';
    'GND':
      PIN_NUMBER='(20)';
      PINUSE='POWER';
      NO_LOAD_CHECK='Both';
      NO_IO_CHECK='Both';
      NO_ASSERT_CHECK='TRUE';
      NO_DIR_CHECK='TRUE';
      ALLOW_CONNECT='TRUE';
    'COMMON':
      PIN_NUMBER='(8)';
      INPUT_LOAD='(-0.01,0.01)';
  end_pin;
  body
    PART_NAME='MC10H124';
    BODY_NAME='MC10H124';
    JEDEC_TYPE='plcc20';
    PHYS_DES_PREFIX='U';
    CLASS='IC';
  end_body;
end_primitive;

END.
