	(Comment
		(Time 07/08/11,17:36:51)
		(User GabrielOG)
		(MsgId ECO_021)
		(Text "Package AD7249 added to cell")
		(Param1 AD7249)
	)
	(Comment
		(Time 07/08/11,17:48:45)
		(User GabrielOG)
		(MsgId ECO_081)
		(Text "Symbol sym_1 added to cell")
		(Param1 sym_1)
	)
	(Comment
		(Time 07/08/11,17:53:11)
		(User GabrielOG)
		(MsgId ECO_081)
		(Text "Symbol sym_2 added to cell")
		(Param1 sym_2)
	)
	(Comment
		(Time 07/08/11,17:53:17)
		(User GabrielOG)
		(MsgId ECO_082)
		(Text "Symbol sym_2 deleted from cell")
		(Param1 sym_2)
	)
	(Comment
		(Time 07/11/11,15:02:16)
		(User GabrielOG)
		(MsgId ECO_081)
		(Text "Symbol sym_2 added to cell")
		(Param1 sym_2)
	)
	(Comment
		(Time 07/11/11,15:03:03)
		(User GabrielOG)
		(MsgId ECO_082)
		(Text "Symbol sym_2 deleted from cell")
		(Param1 sym_2)
	)
