FILE_TYPE=LIBRARY_PARTS;
primitive '10H116','10H116_DIP';
  pin
    'A'<0>:
      PIN_NUMBER='(13,10,5)';
      INPUT_LOAD='(-0.01,0.01)';
    '-B'<0>:
      PIN_NUMBER='(12,9,4)';
      INPUT_LOAD='(-0.01,0.01)';
    'Y'<0>:
      PIN_NUMBER='(15,7,3)';
      OUTPUT_LOAD='(1.0,-1.0)';
    '-Y'<0>:
      PIN_NUMBER='(14,6,2)';
      OUTPUT_LOAD='(1.0,-1.0)';
    'V':
      PIN_NUMBER='(11,11,11)';
      PINUSE='POWER';
      NO_LOAD_CHECK='Both';
      NO_IO_CHECK='Both';
      NO_ASSERT_CHECK='TRUE';
      NO_DIR_CHECK='TRUE';
      ALLOW_CONNECT='TRUE';
  end_pin;
  body
    PART_NAME='10H116';
    BODY_NAME='10H116';
    FAMILY='ECL10KH';
    SECTION='1';
    TECH='10KH';
    JEDEC_TYPE='DIP16_3';
    PHYS_DES_PREFIX='U';
    CLASS='IC';
    POWER_PINS='(GND2:1)';
    POWER_PINS='(GND1:16)';
    POWER_PINS='(VEE:8)';
  end_body;
end_primitive;

primitive '10H116_PLCC';
  pin
    'A'<0>:
      PIN_NUMBER='(17,13,7)';
      INPUT_LOAD='(-0.01,0.01)';
    '-B'<0>:
      PIN_NUMBER='(15,12,5)';
      INPUT_LOAD='(-0.01,0.01)';
    'Y'<0>:
      PIN_NUMBER='(19,9,4)';
      OUTPUT_LOAD='(1.0,-1.0)';
    '-Y'<0>:
      PIN_NUMBER='(18,8,3)';
      OUTPUT_LOAD='(1.0,-1.0)';
    'V':
      PIN_NUMBER='(14,14,14)';
      PINUSE='POWER';
      NO_LOAD_CHECK='Both';
      NO_IO_CHECK='Both';
      NO_ASSERT_CHECK='TRUE';
      NO_DIR_CHECK='TRUE';
      ALLOW_CONNECT='TRUE';
  end_pin;
  body
    PART_NAME='10H116';
    BODY_NAME='10H116';
    FAMILY='ECL10KH';
    SECTION='1';
    TECH='10KH';
    JEDEC_TYPE='PLCC20';
    PHYS_DES_PREFIX='U';
    CLASS='IC';
    POWER_PINS='(GND2:2)';
    POWER_PINS='(GND1:20)';
    POWER_PINS='(VEE:10)';
    NC_PINS='(16,11,6,1)';
  end_body;
end_primitive;

END.
