FILE_TYPE=LIBRARY_PARTS;
primitive 'AD96687';
  pin
    'Q1':
      PIN_NUMBER='(1)';
      OUTPUT_LOAD='(1.0,-1.0)';
      DIFF_PAIR_PINS_POS='dp_q1';
    'Q2':
      PIN_NUMBER='(16)';
      OUTPUT_LOAD='(1.0,-1.0)';
      DIFF_PAIR_PINS_POS='dp_q2';
    '-Q1':
      PIN_NUMBER='(2)';
      OUTPUT_LOAD='(1.0,-1.0)';
      DIFF_PAIR_PINS_NEG='dp_q1';
    '-Q2':
      PIN_NUMBER='(15)';
      OUTPUT_LOAD='(1.0,-1.0)';
      DIFF_PAIR_PINS_NEG='dp_q2';
    'LE1':
      PIN_NUMBER='(4)';
      INPUT_LOAD='(-0.01,0.01)';
    'LE2':
      PIN_NUMBER='(13)';
      INPUT_LOAD='(-0.01,0.01)';
    'GND1':
      PIN_NUMBER='(3)';
      PINUSE='GROUND';
      NO_LOAD_CHECK='Both';
      NO_IO_CHECK='Both';
      NO_ASSERT_CHECK='TRUE';
      NO_DIR_CHECK='TRUE';
      ALLOW_CONNECT='TRUE';
    'GND2':
      PIN_NUMBER='(14)';
      PINUSE='GROUND';
      NO_LOAD_CHECK='Both';
      NO_IO_CHECK='Both';
      NO_ASSERT_CHECK='TRUE';
      NO_DIR_CHECK='TRUE';
      ALLOW_CONNECT='TRUE';
    'VS-':
      PIN_NUMBER='(6)';
      PINUSE='POWER';
      NO_LOAD_CHECK='Both';
      NO_IO_CHECK='Both';
      NO_ASSERT_CHECK='TRUE';
      NO_DIR_CHECK='TRUE';
      ALLOW_CONNECT='TRUE';
    'VS+':
      PIN_NUMBER='(11)';
      PINUSE='POWER';
      NO_LOAD_CHECK='Both';
      NO_IO_CHECK='Both';
      NO_ASSERT_CHECK='TRUE';
      NO_DIR_CHECK='TRUE';
      ALLOW_CONNECT='TRUE';
    '-LE1':
      PIN_NUMBER='(5)';
      INPUT_LOAD='(-0.01,0.01)';
    '-LE2':
      PIN_NUMBER='(12)';
      INPUT_LOAD='(-0.01,0.01)';
    'IN_P1':
      PIN_NUMBER='(8)';
      PIN_TYPE='ANALOG';
      NO_LOAD_CHECK='Both';
      NO_IO_CHECK='Both';
      NO_ASSERT_CHECK='TRUE';
      NO_DIR_CHECK='TRUE';
      ALLOW_CONNECT='TRUE';
    'IN_P2':
      PIN_NUMBER='(9)';
      PIN_TYPE='ANALOG';
      NO_LOAD_CHECK='Both';
      NO_IO_CHECK='Both';
      NO_ASSERT_CHECK='TRUE';
      NO_DIR_CHECK='TRUE';
      ALLOW_CONNECT='TRUE';
    'IN_N1':
      PIN_NUMBER='(7)';
      PIN_TYPE='ANALOG';
      NO_LOAD_CHECK='Both';
      NO_IO_CHECK='Both';
      NO_ASSERT_CHECK='TRUE';
      NO_DIR_CHECK='TRUE';
      ALLOW_CONNECT='TRUE';
    'IN_N2':
      PIN_NUMBER='(10)';
      PIN_TYPE='ANALOG';
      NO_LOAD_CHECK='Both';
      NO_IO_CHECK='Both';
      NO_ASSERT_CHECK='TRUE';
      NO_DIR_CHECK='TRUE';
      ALLOW_CONNECT='TRUE';
  end_pin;
  body
    PART_NAME='AD96687';
    BODY_NAME='AD96687';
    JEDEC_TYPE='soic16';
    PHYS_DES_PREFIX='U';
    CLASS='IC';
  end_body;
end_primitive;

END.
