FILE_TYPE=LIBRARY_PARTS;
primitive 'LED_L';
  pin
    'B':
      PIN_NUMBER='(1)';
      BIDIRECTIONAL='TRUE';
      INPUT_LOAD='(*,*)';
      OUTPUT_LOAD='(*,*)';
    'A':
      PIN_NUMBER='(2)';
      BIDIRECTIONAL='TRUE';
      INPUT_LOAD='(*,*)';
      OUTPUT_LOAD='(*,*)';
  end_pin;
  body
    PART_NAME='LED_L';
    ROT='0';
    PATH='11P';
    VER='1';
    DIR='DISCRETE.LIB';
    XY='(-1650,1150)';
    SIZE='1';
    BODY_NAME='LED_L';
    JEDEC_TYPE='led_ssflxh1031d';
    PHYS_DES_PREFIX='D';
    CLASS='DISCRETE';
  end_body;
end_primitive;

END.
