	(Comment
		(Time 10/20/14,16:57:31)
		(User QGPWindowsVB)
		(MsgId ECO_082)
		(Text "Symbol sym_2 deleted from cell")
		(Param1 "sym_2")
	)
	(Comment
		(Time 10/20/14,16:57:36)
		(User QGPWindowsVB)
		(MsgId ECO_082)
		(Text "Symbol sym_11 deleted from cell")
		(Param1 "sym_11")
	)
	(Comment
		(Time 10/20/14,16:57:41)
		(User QGPWindowsVB)
		(MsgId ECO_082)
		(Text "Symbol sym_12 deleted from cell")
		(Param1 "sym_12")
	)
	(Comment
		(Time 10/20/14,16:57:47)
		(User QGPWindowsVB)
		(MsgId ECO_082)
		(Text "Symbol sym_13 deleted from cell")
		(Param1 "sym_13")
	)
