temp/xxnedtmp/event.log NEWFILE1
temp/xxnedtmp/text.log NEWFILE2
temp/xxnedtmp/environ.log NEWFILE3
C:\Cadence\SPB_16.6\share\cdssetup/concept/concepthdl.scr FILE4
C:\Users\Eric Marzec\Documents\Tubii_Tk2\cds.lib FILE5
C:\Users\Eric Marzec\Documents\Tubii_Tk2\worklib\tubii\sch_1\page1.csb FILE6
C:\Users\Eric Marzec\Documents\Tubii_Tk2\worklib\tubii\sch_1\page1_csb.lck NEWFILE7
temp/xxnedtmp/undo1.log NEWFILE8
C:\Users\Eric Marzec\Documents\Tubii_Tk2\Parts\parts\misc\penn#20b#20size#20page\sym_1\symbol.css FILE9
C:\Users\Eric Marzec\Documents\Tubii_Tk2\worklib\back_ports\sym_1\symbol.css FILE10
C:\Users\Eric Marzec\Documents\Tubii_Tk2\worklib\front_ports\sym_1\symbol.css FILE11
C:\Users\Eric Marzec\Documents\Tubii_Tk2\worklib\tubii_pcb\sym_1\symbol.css FILE12
C:\Users\Eric Marzec\Documents\Tubii_Tk2\worklib\tubii\sch_1\page1_csa.lck NEWFILE13
C:/Users/Eric Marzec/Documents/Tubii_Tk2/worklib/tubii/sch_1/tubii.xcon FILE14
C:/Users/Eric Marzec/Documents/Tubii_Tk2/worklib/tubii/sch_1/tubii.dcf FILE15
C:\Users\Eric Marzec\Documents\Tubii_Tk2\worklib\tubii_pcb\sch_1\page1.csb FILE16
C:\Users\Eric Marzec\Documents\Tubii_Tk2\worklib\tubii_pcb\sch_1\page1_csb.lck NEWFILE17
C:\Users\Eric Marzec\Documents\Tubii_Tk2\worklib\ellie_coms\sym_1\symbol.css FILE18
C:\Users\Eric Marzec\Documents\Tubii_Tk2\worklib\caen_coms\sym_1\symbol.css FILE19
C:\Users\Eric Marzec\Documents\Tubii_Tk2\worklib\ecal_control\sym_1\symbol.css FILE20
C:\Users\Eric Marzec\Documents\Tubii_Tk2\worklib\power\sym_1\symbol.css FILE21
C:\Users\Eric Marzec\Documents\Tubii_Tk2\worklib\general_utilities\sym_1\symbol.css FILE22
C:\Users\Eric Marzec\Documents\Tubii_Tk2\worklib\comparators\sym_1\symbol.css FILE23
C:\Users\Eric Marzec\Documents\Tubii_Tk2\worklib\clocks\sym_1\symbol.css FILE24
C:\Users\Eric Marzec\Documents\Tubii_Tk2\worklib\lo_gen\sym_1\symbol.css FILE25
C:\Users\Eric Marzec\Documents\Tubii_Tk2\worklib\baseline_buffer\sym_1\symbol.css FILE26
C:\Users\Eric Marzec\Documents\Tubii_Tk2\worklib\tubii_spkr\sym_1\symbol.css FILE27
C:\Users\Eric Marzec\Documents\Tubii_Tk2\worklib\cntrl_register\sym_1\symbol.css FILE28
C:\Users\Eric Marzec\Documents\Tubii_Tk2\worklib\microzed_module\sym_1\symbol.css FILE29
C:\Users\Eric Marzec\Documents\Tubii_Tk2\worklib\general_utilities\sch_1\page1.csb FILE30
C:\Users\Eric Marzec\Documents\Tubii_Tk2\worklib\general_utilities\sch_1\page1_csb.lck NEWFILE31
C:\Users\Eric Marzec\Documents\Tubii_Tk2\worklib\tubii_pcb\sch_1\page1_csa.lck NEWFILE32
C:\Users\Eric Marzec\Documents\Tubii_Tk2\worklib\ribbon_delay\sym_1\symbol.css FILE33
C:\Users\Eric Marzec\Documents\Tubii_Tk2\worklib\pulse_inverter\sym_1\symbol.css FILE34
C:\Users\Eric Marzec\Documents\Tubii_Tk2\worklib\ribbon_delay\sch_1\page1.csb FILE35
C:\Users\Eric Marzec\Documents\Tubii_Tk2\worklib\ribbon_delay\sch_1\page1_csb.lck NEWFILE36
C:\Users\Eric Marzec\Documents\Tubii_Tk2\worklib\general_utilities\sch_1\page1_csa.lck NEWFILE37
C:\Cadence\SPB_16.6\share\library\standard\inport\sym_1\symbol.css FILE38
C:\Users\Eric Marzec\Documents\Tubii_Tk2\Parts\parts\ecl\mc10h116\sym_1\symbol.css FILE39
C:\Users\Eric Marzec\Documents\Tubii_Tk2\Parts\parts\misc\ids_c10\sym_1\symbol.css FILE40
C:\Users\Eric Marzec\Documents\Tubii_Tk2\Parts\parts\capacitors\csmd0603\sym_1\symbol.css FILE41
C:\Users\Eric Marzec\Documents\Tubii_Tk2\Parts\parts\resistors\rsmd0805\sym_1\symbol.css FILE42
C:/Users/ERICMA~1/AppData/Local/Temp/con6A00.tmp FILE43
C:\Cadence\SPB_16.6\share\library\standard\outport\sym_1\symbol.css FILE44
C:/Cadence/SPB_16.6/tools/language/config.dat FILE45
temp/xxnedtmp/concept.mkr NEWFILE46
C:/Cadence/SPB_16.6/tools/language/pack_type_rename.dat NEWFILE47
temp/xxnedtmp/../penn#20b#20size#20page.mkr NEWFILE48
temp/xxnedtmp/../csmd0603.mkr NEWFILE49
temp/xxnedtmp/../mc10h116.mkr NEWFILE50
temp/xxnedtmp/../ids_c10.mkr NEWFILE51
temp/xxnedtmp/../outport.mkr NEWFILE52
temp/xxnedtmp/../rsmd0805.mkr NEWFILE53
temp/xxnedtmp/../inport.mkr NEWFILE54
C:\Users\Eric Marzec\Documents\Tubii_Tk2\worklib\ribbon_delay\sch_1\page1.csa FILE55
C:\Users\Eric Marzec\Documents\Tubii_Tk2\worklib\ribbon_delay\sch_1\page1.csv FILE56
C:\Users\Eric Marzec\Documents\Tubii_Tk2\worklib\ribbon_delay\sch_1\pc.db FILE57
C:/Users/Eric Marzec/Documents/Tubii_Tk2/worklib/ribbon_delay/sch_1/ribbon_delay_xcon.lck NEWFILE58
C:/Users/Eric Marzec/Documents/Tubii_Tk2/worklib/ribbon_delay/sch_1/ribbon_delay_dcf.lck NEWFILE59
temp/xxnedtmp/csnetlister.mkr NEWFILE60
temp/xxnedtmp/undo2.log NEWFILE61
C:\Users\Eric Marzec\Documents\Tubii_Tk2\worklib\general_utilities\sch_1\page1.csa FILE62
C:\Users\Eric Marzec\Documents\Tubii_Tk2\worklib\general_utilities\sch_1\page1.csv FILE63
C:/Users/Eric Marzec/Documents/Tubii_Tk2/worklib/general_utilities/sch_1/general_utilities_xcon.lck NEWFILE64
C:/Users/Eric Marzec/Documents/Tubii_Tk2/worklib/general_utilities/sch_1/general_utilities_dcf.lck NEWFILE65
C:\Users\Eric Marzec\Documents\Tubii_Tk2\worklib\ribbon_delay\sch_1\page1_csa.lck NEWFILE66
C:\Users\Eric Marzec\Documents\Tubii_Tk2\worklib\baseline_buffer\sch_1\page1.csb FILE67
C:\Users\Eric Marzec\Documents\Tubii_Tk2\worklib\baseline_buffer\sch_1\page1_csb.lck NEWFILE68
C:\Users\Eric Marzec\Documents\Tubii_Tk2\worklib\baseline_buffer\sch_1\page1_csa.lck NEWFILE69
C:\Users\Eric Marzec\Documents\Tubii_Tk2\worklib\ribbon_delay\sym_1\symbol_css.lck NEWFILE70
C:\Users\Eric Marzec\Documents\Tubii_Tk2\worklib\origin\sym_1\symbol.css FILE71
temp/xxnedtmp/../ribbon_delay.mkr NEWFILE72
temp/xxnedtmp/../pulse_inverter.mkr NEWFILE73
