Allegro Design Entry HDL 16.6-p007 (v16-6-112F) 10/10/2012
Copyright 2011 Cadence Design Systems, Inc

WARNING(SPCOCN-1474): You must specify a window that contains a drawing.
WARNING(SPCOCN-1474): You must specify a window that contains a drawing.
WARNING(SPCOCN-1474): You must specify a window that contains a drawing.
WARNING(SPCOCN-1474): You must specify a window that contains a drawing.
WARNING(SPCOCN-1474): You must specify a window that contains a drawing.
WARNING(SPCOCN-1474): You must specify a window that contains a drawing.
WARNING(SPCOCN-1474): You must specify a window that contains a drawing.
WARNING(SPCOCN-2040): Specify the command "page forcereset all" to reset logical page numbers of all pages of this block.
WARNING(SPCOCN-1523): Invalid set option: <search_history_count>
INFO(SPCOCN-1177): Unexpected text: <5>
WARNING(SPCOCN-1523): Invalid set option: <search_history>
WARNING(SPCOCN-1523): Invalid set option: <search_toolbar_lookin>
INFO(SPCOCN-1177): Unexpected text: <PAGE>
WARNING(SPCOCN-1523): Invalid set option: <modify_quick_reset_filters>
INFO(SPCOCN-1177): Unexpected text: <OFF>
WARNING(SPCOCN-1523): Invalid set option: <hss_distribute_ports_count>
INFO(SPCOCN-1177): Unexpected text: <25>
WARNING(SPCOCN-1523): Invalid set option: <hss_distribute_port_pattern>
WARNING(SPCOCN-1523): Invalid set option: <hss_distribute_property_name>
WARNING(SPCOCN-1474): You must specify a window that contains a drawing.
WARNING(SPCOCN-1474): You must specify a window that contains a drawing.
WARNING(SPCOCN-1474): You must specify a window that contains a drawing.
WARNING(SPCOCN-1474): You must specify a window that contains a drawing.
WARNING(SPCOCN-1474): You must specify a window that contains a drawing.
WARNING(SPCOCN-1474): You must specify a window that contains a drawing.
INFO(SPCOCN-1737): Reading C:\Users\Eric Marzec\Documents\Tubii_Tk2\cds.lib file.
WARNING(SPCOCN-1474): You must specify a window that contains a drawing.
INFO(SPCOCN-1445): Reading TUBII.SCH.1.1 into drawing #1.
INFO(SPCOCN-195): The following file will be used to identify the list of modules to be excluded: 'C:\Cadence\SPB_16.6\share\cdssetup\xmodules.dat'.
INFO(SPCOCN-1445): Reading TUBII.SCH.1.1 into drawing #1.
INFO(SPCOCN-1001): Component: I1 selected.
INFO(SPCOCN-1445): Reading TUBII_PCB.SCH.1.1 into drawing #1.
INFO(SPCOCN-1001): Component: I4 selected.
INFO(SPCOCN-1445): Reading GENERAL_UTILITIES.SCH.1.1 into drawing #1.
INFO(SPCOCN-1001): Component: I2 selected.
INFO(SPCOCN-1001): Component: I2 selected.
INFO(SPCOCN-1001): Component: I2 selected.
INFO(SPCOCN-1001): Component: I2 selected.
INFO(SPCOCN-1445): Reading RIBBON_DELAY.SCH.1.1 into drawing #1.
INFO(SPCOCN-1507): Adding version 1 of part CSMD0603 from library capacitors
INFO(SPCOCN-1507): Adding version 1 of part CSMD0603 from library capacitors
INFO(SPCOCN-1507): Adding version 1 of part RSMD0805 from library resistors
INFO(SPCOCN-1507): Adding version 1 of part RSMD0805 from library resistors
INFO(SPCOCN-1507): Adding version 1 of part RSMD0805 from library resistors
INFO(SPCOCN-1507): Adding version 1 of part RSMD0805 from library resistors
INFO(SPCOCN-1507): Adding version 1 of part RSMD0805 from library resistors
INFO(SPCOCN-1507): Adding version 1 of part RSMD0805 from library resistors
INFO(SPCOCN-1001): Component: I14 selected.
WARNING(SPCOCN-1200): Using group A
;
;
WARNING(SPCOCN-503): The specified stroke shape '65525' is not recognized. Ensure that you specify a known shape.
WARNING(SPCOCN-1200): Using group A
INFO(SPCOCN-1195): Group "A" contains:   6 bodies   112 properties   0 notes   0 wires   0 dots   0 images
INFO(SPCOCN-1507): Adding version 1 of part OUTPORT from library standard
INFO(SPCOCN-1507): Adding version 1 of part OUTPORT from library standard
INFO(SPCOCN-1070): Checking drawing...
INFO(SPCOCN-1028): writing <tubii_tk2_lib>RIBBON_DELAY.SCH.1.1:
INFO(SPCOCN-1044): writing binary file...
INFO(SPCOCN-1049): writing ASCII file...
INFO(SPCOCN-1053): writing connectivity file...
INFO(SPCOCN-1054): ...written

CSDirect 16.6-p007 (v16-6-112F)

Netlisting block ribbon_delay

Processing page 1

Following ports were added to the block 'ribbon_delay' : 
		pulse_out_n
		pulse_out_p
The connectivity of parent blocks will be updated by saving the following pages:
		Block: general_utilities	Page: 1

INFO(SPCOCN-1028): writing <tubii_tk2_lib>general_utilities.SCH.1.1:
INFO(SPCOCN-1044): writing binary file...
INFO(SPCOCN-1049): writing ASCII file...
INFO(SPCOCN-1053): writing connectivity file...
INFO(SPCOCN-1054): ...written

CSDirect 16.6-p007 (v16-6-112F)

Netlisting block general_utilities

Processing page 1

No netlisting errors found. 

WARNING(SPCOCN-2106): Errors and warnings were found while updating connectivity of pages due to port addition. 
Check the following markers file for errors and warnings:
temp/ribbon_delay.sch_1.mkr


INFO(SPCOCN-1640): writing occurrence data...
INFO(SPCOCN-1054): ...written
INFO(SPCOCN-1445): Reading GENERAL_UTILITIES.SCH.1.1 into drawing #1.
INFO(SPCOCN-1001): Component: I2 selected.
INFO(SPCOCN-1445): Reading RIBBON_DELAY.SCH.1.1 into drawing #1.
INFO(SPCOCN-1070): Checking drawing...
INFO(SPCOCN-1028): writing <tubii_tk2_lib>RIBBON_DELAY.SCH.1.1:
INFO(SPCOCN-1044): writing binary file...
INFO(SPCOCN-1049): writing ASCII file...
INFO(SPCOCN-1053): writing connectivity file...
INFO(SPCOCN-1054): ...written

CSDirect 16.6-p007 (v16-6-112F)

Netlisting block ribbon_delay

Processing page 1

Following ports were added to the block 'ribbon_delay' : 
		pulse_in_n
		pulse_in_p
The connectivity of parent blocks will be updated by saving the following pages:
		Block: general_utilities	Page: 1

INFO(SPCOCN-1028): writing <tubii_tk2_lib>general_utilities.SCH.1.1:
INFO(SPCOCN-1044): writing binary file...
INFO(SPCOCN-1049): writing ASCII file...
INFO(SPCOCN-1053): writing connectivity file...
INFO(SPCOCN-1054): ...written

CSDirect 16.6-p007 (v16-6-112F)

Netlisting block general_utilities

Processing page 1

No netlisting errors found. 

WARNING(SPCOCN-2106): Errors and warnings were found while updating connectivity of pages due to port addition. 
Check the following markers file for errors and warnings:
temp/ribbon_delay.sch_1.mkr


INFO(SPCOCN-1640): writing occurrence data...
INFO(SPCOCN-1054): ...written
INFO(SPCOCN-1445): Reading BASELINE_BUFFER.SCH.1.1 into drawing #1.
INFO(SPCOCN-1445): Reading TUBII_PCB.SCH.1.1 into drawing #1.
INFO(SPCOCN-1445): Reading BASELINE_BUFFER.SCH.1.1 into drawing #1.
INFO(SPCOCN-1445): Reading RIBBON_DELAY.SCH.1.1 into drawing #1.
INFO(SPCOCN-1445): Reading GENERAL_UTILITIES.SCH.1.1 into drawing #1.
INFO(SPCOCN-1070): Checking drawing...
INFO(SPCOCN-1028): writing <tubii_tk2_lib>RIBBON_DELAY.SYM.1.1:
INFO(SPCOCN-1051): writing body file...
INFO(SPCOCN-1054): ...written
No netlisting errors found. 

INFO(SPCOCN-1640): writing occurrence data...
INFO(SPCOCN-1054): ...written
INFO(SPCOCN-1070): Checking drawing...
INFO(SPCOCN-1028): writing <tubii_tk2_lib>GENERAL_UTILITIES.SCH.1.1:
INFO(SPCOCN-1044): writing binary file...
INFO(SPCOCN-1049): writing ASCII file...
INFO(SPCOCN-1053): writing connectivity file...
INFO(SPCOCN-1054): ...written

CSDirect 16.6-p007 (v16-6-112F)

Netlisting block general_utilities

Processing page 1

No netlisting errors found. 

INFO(SPCOCN-1640): writing occurrence data...
INFO(SPCOCN-1054): ...written
INFO(SPCOCN-1019): Save All completed.
INFO(SPCOCN-1001): Component: I2 selected.
INFO(SPCOCN-1445): Reading RIBBON_DELAY.SCH.1.1 into drawing #1.
WARNING(SPCOCN-1200): Using group A
INFO(SPCOCN-1195): Group "A" contains:   22 bodies   368 properties   0 notes   164 wires   24 dots   0 images
INFO(SPCOCN-1070): Checking drawing...
INFO(SPCOCN-1028): writing <tubii_tk2_lib>RIBBON_DELAY.SCH.1.1:
INFO(SPCOCN-1044): writing binary file...
INFO(SPCOCN-1049): writing ASCII file...
INFO(SPCOCN-1053): writing connectivity file...
INFO(SPCOCN-1054): ...written

CSDirect 16.6-p007 (v16-6-112F)

Netlisting block ribbon_delay

Processing page 1

No netlisting errors found. 

INFO(SPCOCN-1640): writing occurrence data...
INFO(SPCOCN-1054): ...written
INFO(SPCOCN-1445): Reading GENERAL_UTILITIES.SCH.1.1 into drawing #1.
INFO(SPCOCN-1001): Component: I3 selected.
INFO(SPCOCN-1443): GENERIC_ASYNC_PULSE.SYM.1.1 has been previously edited as drawing #2.
INFO(SPCOCN-1195): Group contains:   1 bodies   0 properties   1 notes   5 wires   0 dots   0 images
INFO(SPCOCN-1070): Checking drawing...
INFO(SPCOCN-1028): writing <tubii_tk2_lib>GENERIC_ASYNC_PULSE.SYM.1.1:
INFO(SPCOCN-1051): writing body file...
INFO(SPCOCN-1054): ...written
No netlisting errors found. 

INFO(SPCOCN-1640): writing occurrence data...
INFO(SPCOCN-1028): writing <tubii_tk2_lib>GENERIC_ASYNC_PULSE.SCH.1.1:
INFO(SPCOCN-1044): writing binary file...
INFO(SPCOCN-1049): writing ASCII file...
INFO(SPCOCN-1053): writing connectivity file...
INFO(SPCOCN-1054): ...written

CSDirect 16.6-p007 (v16-6-112F)

Netlisting block generic_async_pulse

Processing page 1

No netlisting errors found. 

INFO(SPCOCN-1054): ...written
INFO(SPCOCN-1443): GENERAL_UTILITIES.SCH.1.1 has been previously edited as drawing #1.
INFO(SPCOCN-1001): Component: I3 selected.
INFO(SPCOCN-1854): The drawing GENERAL_UTILITIES.SCH.1.1
INFO(SPCOCN-578): will be retained as drawing #1.
INFO(SPCOCN-1445): Reading GENERIC_ASYNC_PULSE.SCH.1.1 into drawing #2.
INFO(SPCOCN-1507): Adding version 1 of part PENN B SIZE PAGE from library misc
INFO(SPCOCN-1507): Adding version 1 of part PENN B SIZE PAGE from library misc
INFO(SPCOCN-1070): Checking drawing...
INFO(SPCOCN-1028): writing <tubii_tk2_lib>GENERIC_ASYNC_PULSE.SCH.1.1:
INFO(SPCOCN-1044): writing binary file...
INFO(SPCOCN-1049): writing ASCII file...
INFO(SPCOCN-1053): writing connectivity file...
INFO(SPCOCN-1054): ...written

CSDirect 16.6-p007 (v16-6-112F)

Netlisting block generic_async_pulse

Processing page 1

No netlisting errors found. 

INFO(SPCOCN-1640): writing occurrence data...
INFO(SPCOCN-1054): ...written
INFO(SPCOCN-1507): Adding version 1 of part CSMD0603 from library capacitors
INFO(SPCOCN-1443): GENERAL_UTILITIES.SCH.1.1 has been previously edited as drawing #1.
INFO(SPCOCN-1001): Component: I3 selected.
INFO(SPCOCN-1001): Component: I3 selected.
INFO(SPCOCN-1001): Component: I3 selected.
INFO(SPCOCN-1443): GENERIC_ASYNC_PULSE.SCH.1.1 has been previously edited as drawing #2.
INFO(SPCOCN-1443): GENERAL_UTILITIES.SCH.1.1 has been previously edited as drawing #1.
INFO(SPCOCN-1001): Component: I5 selected.
INFO(SPCOCN-1443): GENERIC_DELAYS.SYM.1.1 has been previously edited as drawing #3.
INFO(SPCOCN-1070): Checking drawing...
INFO(SPCOCN-1028): writing <tubii_tk2_lib>GENERIC_DELAYS.SYM.1.1:
INFO(SPCOCN-1051): writing body file...
INFO(SPCOCN-1054): ...written
No netlisting errors found. 

INFO(SPCOCN-1640): writing occurrence data...
INFO(SPCOCN-1028): writing <tubii_tk2_lib>GENERIC_DELAYS.SCH.1.1:
INFO(SPCOCN-1044): writing binary file...
INFO(SPCOCN-1049): writing ASCII file...
INFO(SPCOCN-1053): writing connectivity file...
INFO(SPCOCN-1054): ...written

CSDirect 16.6-p007 (v16-6-112F)

Netlisting block generic_delays

Processing page 1

No netlisting errors found. 

INFO(SPCOCN-1195): Group contains:   1 bodies   0 properties   1 notes   5 wires   0 dots   0 images
INFO(SPCOCN-1054): ...written
INFO(SPCOCN-1443): GENERAL_UTILITIES.SCH.1.1 has been previously edited as drawing #1.
INFO(SPCOCN-1001): Component: I5 selected.
INFO(SPCOCN-1854): The drawing GENERAL_UTILITIES.SCH.1.1
INFO(SPCOCN-578): will be retained as drawing #1.
INFO(SPCOCN-1445): Reading GENERIC_DELAYS.SCH.1.1 into drawing #3.
INFO(SPCOCN-1507): Adding version 1 of part PENN B SIZE PAGE from library misc
select 
WARNING(SPCOCN-1200): Using group A
INFO(SPCOCN-1195): Group "A" contains:   2 bodies   44 properties   0 notes   17 wires   0 dots   0 images
; 
INFO(SPCOCN-1070): Checking drawing...
INFO(SPCOCN-1024): Drawing not written.
INFO(SPCOCN-1070): Checking drawing...
INFO(SPCOCN-1028): writing <tubii_tk2_lib>GENERIC_DELAYS.SCH.1.1:
INFO(SPCOCN-1044): writing binary file...
INFO(SPCOCN-1049): writing ASCII file...
INFO(SPCOCN-1053): writing connectivity file...
INFO(SPCOCN-1054): ...written

CSDirect 16.6-p007 (v16-6-112F)

Netlisting block generic_delays

Processing page 1

No netlisting errors found. 

INFO(SPCOCN-1640): writing occurrence data...
INFO(SPCOCN-1054): ...written
INFO(SPCOCN-1443): GENERAL_UTILITIES.SCH.1.1 has been previously edited as drawing #1.
zoom right; 
INFO(SPCOCN-1001): Component: I5 selected.
INFO(SPCOCN-1854): The drawing GENERAL_UTILITIES.SCH.1.1
INFO(SPCOCN-578): will be retained as drawing #1.
INFO(SPCOCN-1445): Reading GENERIC_DELAYS.SCH.1.1 into drawing #3.
WARNING(SPCOCN-982): The operation could not be performed because no object on the drawing was selected.
INFO(SPCOCN-1507): Adding version 1 of part INPORT from library standard
INFO(SPCOCN-1507): Adding version 1 of part INPORT from library standard
INFO(SPCOCN-1507): Adding version 1 of part INPORT from library standard
INFO(SPCOCN-1507): Adding version 1 of part INPORT from library standard
INFO(SPCOCN-1507): Adding version 1 of part INPORT from library standard
INFO(SPCOCN-1507): Adding version 1 of part INPORT from library standard
INFO(SPCOCN-1507): Adding version 1 of part OUTPORT from library standard
INFO(SPCOCN-1507): Adding version 1 of part OUTPORT from library standard
INFO(SPCOCN-1443): GENERAL_UTILITIES.SCH.1.1 has been previously edited as drawing #1.
INFO(SPCOCN-1443): GENERIC_DELAYS.SCH.1.1 has been previously edited as drawing #3.
INFO(SPCOCN-1443): GENERAL_UTILITIES.SCH.1.1 has been previously edited as drawing #1.
INFO(SPCOCN-1854): The drawing GENERAL_UTILITIES.SCH.1.1
INFO(SPCOCN-578): will be retained as drawing #1.
INFO(SPCOCN-1445): Reading TUBII_PCB.SCH.1.1 into drawing #6.
INFO(SPCOCN-1001): Component: I13 selected.
INFO(SPCOCN-1445): Reading LO_GEN.SCH.1.1 into drawing #6.
INFO(SPCOCN-1001): Component: I1 selected.
INFO(SPCOCN-1445): Reading GT_DELAYS.SCH.1.1 into drawing #6.
WARNING(SPCOCN-1200): Using group A
INFO(SPCOCN-1195): Group "A" contains:   10 bodies   218 properties   0 notes   34 wires   5 dots   0 images
INFO(SPCOCN-1443): GENERAL_UTILITIES.SCH.1.1 has been previously edited as drawing #1.
INFO(SPCOCN-1001): Component: I5 selected.
INFO(SPCOCN-1443): GENERIC_DELAYS.SCH.1.1 has been previously edited as drawing #3.
INFO(SPCOCN-1445): Reading GT_DELAYS.SCH.1.1 into drawing #6.
WARNING(SPCOCN-1200): Using group A
INFO(SPCOCN-1195): Group "A" contains:   10 bodies   230 properties   0 notes   37 wires   6 dots   0 images
WARNING(SPCOCN-938): While copying a group of objects on the schematic, one property was left out because the component to which the property is attached (property owner) was not selected. Ensure that when copying properties, you always select the component to which the properties are attached.
INFO(SPCOCN-1001): Component: I16 selected.
WARNING(SPCOCN-1200): Using group A
INFO(SPCOCN-1195): Group "A" contains:   12 bodies   174 properties   0 notes   38 wires   6 dots   0 images
INFO(SPCOCN-1000): Pin: I19.A<0> selected.
WARNING(SPCOCN-982): The operation could not be performed because no object on the drawing was selected.
WARNING(SPCOCN-1200): Using group A
INFO(SPCOCN-1195): Group "A" contains:   22 bodies   300 properties   0 notes   84 wires   10 dots   0 images
INFO(SPCOCN-1070): Checking drawing...
INFO(SPCOCN-1028): writing <tubii_tk2_lib>GENERIC_DELAYS.SCH.1.1:
INFO(SPCOCN-1044): writing binary file...
INFO(SPCOCN-1049): writing ASCII file...
INFO(SPCOCN-1053): writing connectivity file...
INFO(SPCOCN-1054): ...written

CSDirect 16.6-p007 (v16-6-112F)

Netlisting block generic_delays

Processing page 1

INFO(SPCOCN-1640): writing occurrence data...
INFO(SPCOCN-1054): ...written
INFO(SPCOCN-1445): Reading GENERIC_DELAYS.SCH.1.1 into drawing #3.
WARNING(SPCOCN-1200): Using group A
INFO(SPCOCN-1195): Group "A" contains:   21 bodies   313 properties   0 notes   84 wires   10 dots   0 images
INFO(SPCOCN-1070): Checking drawing...
INFO(SPCOCN-1028): writing <tubii_tk2_lib>GENERIC_DELAYS.SCH.1.1:
INFO(SPCOCN-1044): writing binary file...
INFO(SPCOCN-1049): writing ASCII file...
INFO(SPCOCN-1053): writing connectivity file...
INFO(SPCOCN-1054): ...written

CSDirect 16.6-p007 (v16-6-112F)

Netlisting block generic_delays

Processing page 1

INFO(SPCOCN-1640): writing occurrence data...
INFO(SPCOCN-1054): ...written
INFO(SPCOCN-1443): GENERAL_UTILITIES.SCH.1.1 has been previously edited as drawing #1.
INFO(SPCOCN-1001): Component: I5 selected.
INFO(SPCOCN-1854): The drawing GENERAL_UTILITIES.SCH.1.1
INFO(SPCOCN-578): will be retained as drawing #1.
INFO(SPCOCN-1445): Reading GENERIC_DELAYS.SCH.1.1 into drawing #6.
INFO(SPCOCN-1001): Component: I12 selected.
INFO(SPCOCN-1070): Checking drawing...
INFO(SPCOCN-1028): writing <tubii_tk2_lib>GENERIC_DELAYS.SCH.1.1:
INFO(SPCOCN-1044): writing binary file...
INFO(SPCOCN-1049): writing ASCII file...
INFO(SPCOCN-1053): writing connectivity file...
INFO(SPCOCN-1054): ...written

CSDirect 16.6-p007 (v16-6-112F)

Netlisting block generic_delays

Processing page 1

INFO(SPCOCN-1640): writing occurrence data...
INFO(SPCOCN-1054): ...written
INFO(SPCOCN-1443): GENERAL_UTILITIES.SCH.1.1 has been previously edited as drawing #1.
INFO(SPCOCN-1070): Checking drawing...
INFO(SPCOCN-1028): writing <tubii_tk2_lib>GENERIC_DELAYS.SYM.1.1:
INFO(SPCOCN-1051): writing body file...
INFO(SPCOCN-1054): ...written
No netlisting errors found. 

INFO(SPCOCN-1070): Checking drawing...
INFO(SPCOCN-1028): writing <tubii_tk2_lib>GENERAL_UTILITIES.SCH.1.1:
INFO(SPCOCN-1044): writing binary file...
INFO(SPCOCN-1049): writing ASCII file...
INFO(SPCOCN-1053): writing connectivity file...
INFO(SPCOCN-1054): ...written

CSDirect 16.6-p007 (v16-6-112F)

Netlisting block general_utilities

Processing page 1

No netlisting errors found. 

INFO(SPCOCN-1640): writing occurrence data...
INFO(SPCOCN-1054): ...written
INFO(SPCOCN-1001): Component: I5 selected.
INFO(SPCOCN-1001): Component: I5 selected.
INFO(SPCOCN-1001): Component: I5 selected.
INFO(SPCOCN-1445): Reading GENERIC_DELAYS.SCH.1.1 into drawing #1.
INFO(SPCOCN-1070): Checking drawing...
INFO(SPCOCN-1028): writing <tubii_tk2_lib>GENERIC_DELAYS.SCH.1.1:
INFO(SPCOCN-1044): writing binary file...
INFO(SPCOCN-1049): writing ASCII file...
INFO(SPCOCN-1053): writing connectivity file...
INFO(SPCOCN-1054): ...written

CSDirect 16.6-p007 (v16-6-112F)

Netlisting block generic_delays

Processing page 1

No netlisting errors found. 

INFO(SPCOCN-1640): writing occurrence data...
INFO(SPCOCN-1054): ...written
INFO(SPCOCN-1445): Reading GENERAL_UTILITIES.SCH.1.1 into drawing #1.
INFO(SPCOCN-1001): Component: I5 selected.
INFO(SPCOCN-1001): Component: I5 selected.
INFO(SPCOCN-1001): Component: I5 selected.
INFO(SPCOCN-1445): Reading GENERIC_DELAYS.SCH.1.1 into drawing #1.
INFO(SPCOCN-1070): Checking drawing...
INFO(SPCOCN-1028): writing <tubii_tk2_lib>GENERIC_DELAYS.SCH.1.1:
INFO(SPCOCN-1044): writing binary file...
INFO(SPCOCN-1049): writing ASCII file...
INFO(SPCOCN-1053): writing connectivity file...
INFO(SPCOCN-1054): ...written

CSDirect 16.6-p007 (v16-6-112F)

Netlisting block generic_delays

Processing page 1

No netlisting errors found. 

INFO(SPCOCN-1640): writing occurrence data...
INFO(SPCOCN-1054): ...written
INFO(SPCOCN-1445): Reading GENERAL_UTILITIES.SCH.1.1 into drawing #1.
INFO(SPCOCN-1507): Adding version 1 of part INPORT from library standard
INFO(SPCOCN-1507): Adding version 1 of part INPORT from library standard
INFO(SPCOCN-1507): Adding version 1 of part INPORT from library standard
INFO(SPCOCN-1507): Adding version 1 of part INPORT from library standard
INFO(SPCOCN-1507): Adding version 1 of part INPORT from library standard
INFO(SPCOCN-1507): Adding version 1 of part INPORT from library standard
INFO(SPCOCN-1507): Adding version 1 of part INPORT from library standard
INFO(SPCOCN-1507): Adding version 1 of part INPORT from library standard
INFO(SPCOCN-1507): Adding version 1 of part OUTPORT from library standard
INFO(SPCOCN-1507): Adding version 1 of part OUTPORT from library standard
INFO(SPCOCN-1507): Adding version 1 of part OUTPORT from library standard
INFO(SPCOCN-1507): Adding version 1 of part OUTPORT from library standard
INFO(SPCOCN-1507): Adding version 1 of part OUTPORT from library standard
ERROR(SPCOCN-1521): Specify a signal name before selecting point.
INFO(SPCOCN-1195): Group contains:   2 bodies   2 properties   0 notes   2 wires   0 dots   0 images
INFO(SPCOCN-1854): The drawing GENERAL_UTILITIES.SCH.1.1
INFO(SPCOCN-578): will be retained as drawing #1.
INFO(SPCOCN-1445): Reading TUBII_PCB.SCH.1.1 into drawing #3.
INFO(SPCOCN-1001): Component: I4 selected.
INFO(SPCOCN-1443): GENERAL_UTILITIES.SCH.1.1 has been previously edited as drawing #1.
INFO(SPCOCN-1854): The drawing GENERAL_UTILITIES.SCH.1.1
INFO(SPCOCN-578): will be retained as drawing #1.
INFO(SPCOCN-1445): Reading TUBII_PCB.SCH.1.1 into drawing #3.
INFO(SPCOCN-1445): Reading TUBII.SCH.1.1 into drawing #3.
INFO(SPCOCN-1001): Component: I1 selected.
INFO(SPCOCN-1001): Component: I1 selected.
INFO(SPCOCN-1001): Component: I1 selected.
INFO(SPCOCN-1001): Component: I1 selected.
INFO(SPCOCN-1445): Reading TUBII_PCB.SCH.1.1 into drawing #3.
INFO(SPCOCN-1001): Component: I3 selected.
INFO(SPCOCN-1001): Component: I4 selected.
INFO(SPCOCN-1443): GENERAL_UTILITIES.SCH.1.1 has been previously edited as drawing #1.
INFO(SPCOCN-1195): Group contains:   8 bodies   7 properties   0 notes   7 wires   0 dots   0 images
INFO(SPCOCN-1854): The drawing GENERAL_UTILITIES.SCH.1.1
INFO(SPCOCN-578): will be retained as drawing #1.
INFO(SPCOCN-1445): Reading TUBII_PCB.SCH.1.1 into drawing #3.
WARNING(SPCOCN-966): The pin could not be added because a pin already exists at the selected location. You cannot have two pins at the same location on a block. Ensure that you add each pin at a unique location on the block.
ERROR(SPCOCN-961): The pin could not be added because a pin name was not specified. Specify a block pin name in the Block Pin Add dialog box before selecting the point on the block where you want to add the pin.
INFO(SPCOCN-1070): Checking drawing...
INFO(SPCOCN-1028): writing <tubii_tk2_lib>GENERAL_UTILITIES.SYM.1.1:
INFO(SPCOCN-1051): writing body file...
INFO(SPCOCN-1054): ...written
INFO(SPCOCN-1028): writing <tubii_tk2_lib>GENERAL_UTILITIES.SCH.1.1:
INFO(SPCOCN-1044): writing binary file...
INFO(SPCOCN-1049): writing ASCII file...
INFO(SPCOCN-1053): writing connectivity file...
INFO(SPCOCN-1054): ...written

CSDirect 16.6-p007 (v16-6-112F)

Netlisting block general_utilities

Processing page 1

WARNING(SPCOCN-1080): Block 'GENERAL_UTILITIES' Errors/Warnings found during save operation.  Load the following marker file:temp/general_utilities.mkr.
INFO(SPCOCN-1070): Checking drawing...
INFO(SPCOCN-1028): writing <tubii_tk2_lib>TUBII_PCB.SCH.1.1:
INFO(SPCOCN-1044): writing binary file...
INFO(SPCOCN-1049): writing ASCII file...
INFO(SPCOCN-1053): writing connectivity file...
INFO(SPCOCN-1054): ...written

CSDirect 16.6-p007 (v16-6-112F)

Netlisting block tubii_pcb

Processing page 1

No netlisting errors found. 

Following ports were added to the block 'general_utilities' : 
		clk
		data
		generic_delay_in
		generic_delay_out
		generic_pulse_in
		generic_pulse_out
		le
		pulse_inv_in
		pulse_inv_out
		ribbon_pulse_in_n
		ribbon_pulse_in_p
		ribbon_pulse_out_n
		ribbon_pulse_out_p
The connectivity of parent blocks will be updated by saving the following pages:
		Block: tubii_pcb	Page: 1

INFO(SPCOCN-1028): writing <tubii_tk2_lib>tubii_pcb.SCH.1.1:
INFO(SPCOCN-1044): writing binary file...
INFO(SPCOCN-1049): writing ASCII file...
INFO(SPCOCN-1053): writing connectivity file...
INFO(SPCOCN-1054): ...written

CSDirect 16.6-p007 (v16-6-112F)

Netlisting block tubii_pcb

Processing page 1

No netlisting errors found. 

INFO(SPCOCN-1640): writing occurrence data...
INFO(SPCOCN-1054): ...written
INFO(SPCOCN-1001): Component: I4 selected.
INFO(SPCOCN-1445): Reading GENERAL_UTILITIES.SCH.1.1 into drawing #3.
INFO(SPCOCN-1445): Reading TUBII_PCB.SCH.1.1 into drawing #3.
INFO(SPCOCN-1195): Group contains:   2 bodies   1 properties   0 notes   0 wires   0 dots   0 images
INFO(SPCOCN-1070): Checking drawing...
INFO(SPCOCN-1028): writing <tubii_tk2_lib>GENERAL_UTILITIES.SYM.1.1:
INFO(SPCOCN-1051): writing body file...
INFO(SPCOCN-1054): ...written
No netlisting errors found. 

INFO(SPCOCN-1070): Checking drawing...
INFO(SPCOCN-1028): writing <tubii_tk2_lib>TUBII_PCB.SCH.1.1:
INFO(SPCOCN-1044): writing binary file...
INFO(SPCOCN-1049): writing ASCII file...
INFO(SPCOCN-1053): writing connectivity file...
INFO(SPCOCN-1054): ...written

CSDirect 16.6-p007 (v16-6-112F)

Netlisting block tubii_pcb

Processing page 1

No netlisting errors found. 

INFO(SPCOCN-1640): writing occurrence data...
INFO(SPCOCN-1054): ...written
INFO(SPCOCN-1070): Checking drawing...
INFO(SPCOCN-1028): writing <tubii_tk2_lib>GENERIC_ASYNC_DELAY.SYM.1.1:
INFO(SPCOCN-1051): writing body file...
INFO(SPCOCN-1054): ...written
No netlisting errors found. 

INFO(SPCOCN-1640): writing occurrence data...
INFO(SPCOCN-1028): writing <tubii_tk2_lib>GENERIC_ASYNC_DELAY.SCH.1.1:
INFO(SPCOCN-1044): writing binary file...
INFO(SPCOCN-1049): writing ASCII file...
INFO(SPCOCN-1053): writing connectivity file...
INFO(SPCOCN-1054): ...written

CSDirect 16.6-p007 (v16-6-112F)

Netlisting block generic_async_delay

Processing page 1

No netlisting errors found. 

INFO(SPCOCN-1054): ...written
INFO(SPCOCN-1070): Checking drawing...
INFO(SPCOCN-1019): Save All completed.
INFO(SPCOCN-1001): Component: I4 selected.
INFO(SPCOCN-1445): Reading GENERAL_UTILITIES.SCH.1.1 into drawing #3.
INFO(SPCOCN-1001): Component: I5 selected.
INFO(SPCOCN-1001): Component: I5 selected.
INFO(SPCOCN-1001): Component: I5 selected.
INFO(SPCOCN-1445): Reading GENERIC_DELAYS.SCH.1.1 into drawing #3.
INFO(SPCOCN-1070): Checking drawing...
INFO(SPCOCN-1028): writing <tubii_tk2_lib>GENERIC_DELAYS.SCH.1.1:
INFO(SPCOCN-1044): writing binary file...
INFO(SPCOCN-1049): writing ASCII file...
INFO(SPCOCN-1053): writing connectivity file...
INFO(SPCOCN-1054): ...written

CSDirect 16.6-p007 (v16-6-112F)

Netlisting block generic_delays

Processing page 1

No netlisting errors found. 

INFO(SPCOCN-1640): writing occurrence data...
INFO(SPCOCN-1054): ...written
INFO(SPCOCN-1070): Checking drawing...
INFO(SPCOCN-1019): Save All completed.
INFO(SPCOCN-1445): Reading GENERAL_UTILITIES.SCH.1.1 into drawing #3.
INFO(SPCOCN-1070): Checking drawing...
INFO(SPCOCN-1028): writing <tubii_tk2_lib>GENERIC_ASYNC_PULSE.SCH.1.1:
INFO(SPCOCN-1044): writing binary file...
INFO(SPCOCN-1049): writing ASCII file...
INFO(SPCOCN-1053): writing connectivity file...
INFO(SPCOCN-1054): ...written

CSDirect 16.6-p007 (v16-6-112F)

Netlisting block generic_async_pulse

Processing page 1

No netlisting errors found. 

INFO(SPCOCN-1640): writing occurrence data...
INFO(SPCOCN-1054): ...written
INFO(SPCOCN-1019): Save All completed.
