temp/xxnedtmp1/event.log NEWFILE1
temp/xxnedtmp1/text.log NEWFILE2
temp/xxnedtmp1/environ.log NEWFILE3
C:\Cadence\SPB_16.6\share\cdssetup/concept/concepthdl.scr FILE4
C:\Users\Eric Marzec\Documents\Tubii_Tk2\cds.lib FILE5
C:\Users\Eric Marzec\Documents\Tubii_Tk2\worklib\tubii\sch_1\page1.csb FILE6
C:\Users\Eric Marzec\Documents\Tubii_Tk2\worklib\tubii\sch_1\page1_csb.lck NEWFILE7
temp/xxnedtmp1/undo1.log NEWFILE8
C:\Users\Eric Marzec\Documents\Tubii_Tk2\Parts\parts\misc\penn#20b#20size#20page\sym_1\symbol.css FILE9
C:\Users\Eric Marzec\Documents\Tubii_Tk2\worklib\back_ports\sym_1\symbol.css FILE10
C:\Users\Eric Marzec\Documents\Tubii_Tk2\worklib\front_ports\sym_1\symbol.css FILE11
C:\Users\Eric Marzec\Documents\Tubii_Tk2\worklib\tubii_pcb\sym_1\symbol.css FILE12
C:\Users\Eric Marzec\Documents\Tubii_Tk2\worklib\tubii_pcb\sch_1\page1.csb FILE13
C:\Users\Eric Marzec\Documents\Tubii_Tk2\worklib\tubii_pcb\sch_1\page1_csb.lck NEWFILE14
C:\Users\Eric Marzec\Documents\Tubii_Tk2\worklib\tubii\sch_1\page1_csa.lck NEWFILE15
C:\Users\Eric Marzec\Documents\Tubii_Tk2\worklib\ellie_coms\sym_1\symbol.css FILE16
C:\Users\Eric Marzec\Documents\Tubii_Tk2\worklib\caen_coms\sym_1\symbol.css FILE17
C:\Users\Eric Marzec\Documents\Tubii_Tk2\worklib\ecal_control\sym_1\symbol.css FILE18
C:\Users\Eric Marzec\Documents\Tubii_Tk2\worklib\power\sym_1\symbol.css FILE19
C:\Users\Eric Marzec\Documents\Tubii_Tk2\worklib\general_utilities\sym_1\symbol.css FILE20
C:\Users\Eric Marzec\Documents\Tubii_Tk2\worklib\mtca_mimic\sym_1\symbol.css FILE21
C:\Users\Eric Marzec\Documents\Tubii_Tk2\worklib\clocks\sym_1\symbol.css FILE22
C:\Users\Eric Marzec\Documents\Tubii_Tk2\worklib\lo_gen\sym_1\symbol.css FILE23
C:\Users\Eric Marzec\Documents\Tubii_Tk2\worklib\baseline_buffer\sym_1\symbol.css FILE24
C:\Users\Eric Marzec\Documents\Tubii_Tk2\worklib\tubii_spkr\sym_1\symbol.css FILE25
C:\Users\Eric Marzec\Documents\Tubii_Tk2\worklib\cntrl_register\sym_1\symbol.css FILE26
C:\Users\Eric Marzec\Documents\Tubii_Tk2\worklib\microzed_module\sym_1\symbol.css FILE27
C:\Users\Eric Marzec\Documents\Tubii_Tk2\worklib\tubii_pcb\sch_1\page1_csa.lck NEWFILE28
C:/Users/Eric Marzec/Documents/Tubii_Tk2/worklib/tubii/sch_1/tubii.xcon FILE29
C:/Users/Eric Marzec/Documents/Tubii_Tk2/worklib/tubii/sch_1/tubii.dcf FILE30
C:\Users\Eric Marzec\Documents\Tubii_Tk2\worklib\clocks\sch_1\page1.csb FILE31
C:\Users\Eric Marzec\Documents\Tubii_Tk2\worklib\clocks\sch_1\page1_csb.lck NEWFILE32
C:\Users\Eric Marzec\Documents\Tubii_Tk2\worklib\default_clk_sel\sym_1\symbol.css FILE33
C:\Users\Eric Marzec\Documents\Tubii_Tk2\worklib\default_clk_sel\sch_1\page1.csb FILE34
C:\Users\Eric Marzec\Documents\Tubii_Tk2\worklib\default_clk_sel\sch_1\page1_csb.lck NEWFILE35
C:\Users\Eric Marzec\Documents\Tubii_Tk2\worklib\clocks\sch_1\page1_csa.lck NEWFILE36
C:\Users\Eric Marzec\Documents\Tubii_Tk2\Parts\parts\misc\foxclock\sym_1\symbol.css FILE37
C:\Users\Eric Marzec\Documents\Tubii_Tk2\Parts\parts\ecl\sy100el91l\sym_1\symbol.css FILE38
C:\Users\Eric Marzec\Documents\Tubii_Tk2\Parts\parts\misc\sy100el34l\sym_1\symbol.css FILE39
C:\Users\Eric Marzec\Documents\Tubii_Tk2\Parts\parts\ecl\mc10h104\sym_1\symbol.css FILE40
C:\Users\Eric Marzec\Documents\Tubii_Tk2\Parts\parts\ecl\mc10h124\sym_1\symbol.css FILE41
C:\Cadence\SPB_16.6\share\library\standard\inport\sym_1\symbol.css FILE42
C:\Users\Eric Marzec\Documents\Tubii_Tk2\Parts\parts\misc\sy100el34l\sym_1\symbol_css.lck NEWFILE43
temp/xxnedtmp1/undo2.log NEWFILE44
C:\Users\Eric Marzec\Documents\Tubii_Tk2\worklib\origin\sym_1\symbol.css FILE45
temp/xxnedtmp1/concept.mkr NEWFILE46
temp/xxnedtmp1/csnetlister.mkr NEWFILE47
C:\Users\Eric Marzec\Documents\Tubii_Tk2\Parts\parts\ecl\sy100el91l\sym_1\symbol_css.lck NEWFILE48
C:\Users\Eric Marzec\Documents\Tubii_Tk2\Parts\parts\misc\testpoint_l\sym_1\symbol.css FILE49
C:\Users\Eric Marzec\Documents\Tubii_Tk2\Parts\parts\resistors\rsmd0805\sym_1\symbol.css FILE50
C:/Users/ERICMA~1/AppData/Local/Temp/con4882.tmp FILE51
C:/Users/ERICMA~1/AppData/Local/Temp/con5A9C.tmp FILE52
C:\Cadence\SPB_16.6\share\library\standard\outport\sym_1\symbol.css FILE53
C:/Users/ERICMA~1/AppData/Local/Temp/con402A.tmp FILE54
C:/Users/ERICMA~1/AppData/Local/Temp/conA87F.tmp FILE55
C:/Users/ERICMA~1/AppData/Local/Temp/con4164.tmp FILE56
C:\Users\Eric Marzec\Documents\Tubii_Tk2\Parts\parts\capacitors\csmd0603\sym_1\symbol.css FILE57
C:/Users/ERICMA~1/AppData/Local/Temp/con8F18.tmp FILE58
C:/Cadence/SPB_16.6/tools/language/config.dat FILE59
C:/Cadence/SPB_16.6/tools/language/pack_type_rename.dat NEWFILE60
temp/xxnedtmp1/../sy100el34l.mkr NEWFILE61
temp/xxnedtmp1/../rsmd0805.mkr NEWFILE62
temp/xxnedtmp1/../csmd0603.mkr NEWFILE63
temp/xxnedtmp1/../sy100el91l.mkr NEWFILE64
temp/xxnedtmp1/../outport.mkr NEWFILE65
temp/xxnedtmp1/../inport.mkr NEWFILE66
temp/xxnedtmp1/../mc10h104.mkr NEWFILE67
temp/xxnedtmp1/../mc10h124.mkr NEWFILE68
temp/xxnedtmp1/../testpoint_l.mkr NEWFILE69
temp/xxnedtmp1/../penn#20b#20size#20page.mkr NEWFILE70
temp/xxnedtmp1/../foxclock.mkr NEWFILE71
C:\Users\Eric Marzec\Documents\Tubii_Tk2\worklib\default_clk_sel\sch_1\page1.csa FILE72
C:\Users\Eric Marzec\Documents\Tubii_Tk2\worklib\default_clk_sel\sch_1\page1.csv FILE73
C:\Users\Eric Marzec\Documents\Tubii_Tk2\worklib\default_clk_sel\sch_1\pc.db FILE74
C:/Users/Eric Marzec/Documents/Tubii_Tk2/worklib/default_clk_sel/sch_1/default_clk_sel_xcon.lck NEWFILE75
C:/Users/Eric Marzec/Documents/Tubii_Tk2/worklib/default_clk_sel/sch_1/default_clk_sel_dcf.lck NEWFILE76
C:\Users\Eric Marzec\Documents\Tubii_Tk2\worklib\clocks\sch_1\page1.csa FILE77
C:\Users\Eric Marzec\Documents\Tubii_Tk2\worklib\clocks\sch_1\page1.csv FILE78
C:/Users/Eric Marzec/Documents/Tubii_Tk2/worklib/clocks/sch_1/clocks_xcon.lck NEWFILE79
C:/Users/Eric Marzec/Documents/Tubii_Tk2/worklib/clocks/sch_1/clocks_dcf.lck NEWFILE80
C:\Users\Eric Marzec\Documents\Tubii_Tk2\worklib\default_clk_sel\sch_1\page1_csa.lck NEWFILE81
C:\Users\Eric Marzec\Documents\Tubii_Tk2\worklib\default_clk_sel\sym_1\symbol_css.lck NEWFILE82
temp/xxnedtmp1/../default_clk_sel.mkr NEWFILE83
temp/xxnedtmp1/undo3.log NEWFILE84
C:\Users\Eric Marzec\Documents\Tubii_Tk2\worklib\fault_detection\sym_1\symbol.css NEWFILE85
C:\Users\Eric Marzec\Documents\Tubii_Tk2\worklib\fault_detection\sym_1\symbol_css.lck NEWFILE86
C:\Users\Eric Marzec\Documents\Tubii_Tk2\worklib\fault_detection\sch_1\page1.csa NEWFILE87
C:\Users\Eric Marzec\Documents\Tubii_Tk2\worklib\fault_detection\sch_1\page1.csv NEWFILE88
C:\Users\Eric Marzec\Documents\Tubii_Tk2\worklib\fault_detection\sch_1\pc.db NEWFILE89
C:\Users\Eric Marzec\Documents\Tubii_Tk2\worklib\fault_detection\sch_1\page1_csa.lck NEWFILE90
C:/Users/Eric Marzec/Documents/Tubii_Tk2/worklib/fault_detection/sch_1/fault_detection_xcon.lck NEWFILE91
C:/Users/Eric Marzec/Documents/Tubii_Tk2/worklib/fault_detection/sch_1/fault_detection_dcf.lck NEWFILE92
C:\Users\Eric Marzec\Documents\Tubii_Tk2\worklib\fault_detection\sch_1\page1.csb NEWFILE93
C:\Users\Eric Marzec\Documents\Tubii_Tk2\worklib\fault_detection\sch_1\page1_csb.lck NEWFILE94
temp/xxnedtmp1/../fault_detection.mkr NEWFILE95
C:\Users\Eric Marzec\Documents\Tubii_Tk2\worklib\clocks\sch_1\pc.db FILE96
