Allegro Design Entry HDL 16.6-p007 (v16-6-112F) 10/10/2012
Copyright 2011 Cadence Design Systems, Inc

WARNING(SPCOCN-1474): You must specify a window that contains a drawing.
WARNING(SPCOCN-1474): You must specify a window that contains a drawing.
WARNING(SPCOCN-1474): You must specify a window that contains a drawing.
WARNING(SPCOCN-1474): You must specify a window that contains a drawing.
WARNING(SPCOCN-1474): You must specify a window that contains a drawing.
WARNING(SPCOCN-1474): You must specify a window that contains a drawing.
WARNING(SPCOCN-1474): You must specify a window that contains a drawing.
WARNING(SPCOCN-2040): Specify the command "page forcereset all" to reset logical page numbers of all pages of this block.
WARNING(SPCOCN-1523): Invalid set option: <search_history_count>
INFO(SPCOCN-1177): Unexpected text: <5>
WARNING(SPCOCN-1523): Invalid set option: <search_history>
WARNING(SPCOCN-1523): Invalid set option: <search_toolbar_lookin>
INFO(SPCOCN-1177): Unexpected text: <PAGE>
WARNING(SPCOCN-1523): Invalid set option: <modify_quick_reset_filters>
INFO(SPCOCN-1177): Unexpected text: <OFF>
WARNING(SPCOCN-1523): Invalid set option: <hss_distribute_ports_count>
INFO(SPCOCN-1177): Unexpected text: <25>
WARNING(SPCOCN-1523): Invalid set option: <hss_distribute_port_pattern>
WARNING(SPCOCN-1523): Invalid set option: <hss_distribute_property_name>
WARNING(SPCOCN-1474): You must specify a window that contains a drawing.
WARNING(SPCOCN-1474): You must specify a window that contains a drawing.
WARNING(SPCOCN-1474): You must specify a window that contains a drawing.
WARNING(SPCOCN-1474): You must specify a window that contains a drawing.
WARNING(SPCOCN-1474): You must specify a window that contains a drawing.
WARNING(SPCOCN-1474): You must specify a window that contains a drawing.
INFO(SPCOCN-1737): Reading C:\Users\Eric Marzec\Documents\Tubii_Tk2\cds.lib file.
WARNING(SPCOCN-1474): You must specify a window that contains a drawing.
INFO(SPCOCN-1445): Reading TUBII.SCH.1.1 into drawing #1.
INFO(SPCOCN-195): The following file will be used to identify the list of modules to be excluded: 'C:\Cadence\SPB_16.6\share\cdssetup\xmodules.dat'.
INFO(SPCOCN-1001): Component: I1 selected.
INFO(SPCOCN-1445): Reading TUBII_PCB.SCH.1.1 into drawing #1.
INFO(SPCOCN-1445): Reading TUBII_PCB.SCH.1.1 into drawing #1.
INFO(SPCOCN-1001): Component: I2 selected.
INFO(SPCOCN-1445): Reading CLOCKS.SCH.1.1 into drawing #1.
INFO(SPCOCN-1001): Component: I1 selected.
INFO(SPCOCN-1001): Component: I1 selected.
INFO(SPCOCN-1445): Reading DEFAULT_CLK_SEL.SCH.1.1 into drawing #1.
INFO(SPCOCN-1507): Adding version 1 of part SY100EL91L from library ecl
INFO(SPCOCN-1507): Adding version 1 of part SY100EL34L from library misc
INFO(SPCOCN-1507): Adding version 1 of part MC10H104 from library ecl
INFO(SPCOCN-1507): Adding version 1 of part MC10H124 from library ecl
INFO(SPCOCN-1507): Adding version 1 of part INPORT from library standard
INFO(SPCOCN-1507): Adding version 1 of part INPORT from library standard
INFO(SPCOCN-1001): Component: I3 selected.
INFO(SPCOCN-1854): The drawing DEFAULT_CLK_SEL.SCH.1.1
INFO(SPCOCN-578): will be retained as drawing #1.
INFO(SPCOCN-1445): Reading SY100EL34L.SYM.1.1 into drawing #2.
INFO(SPCOCN-1070): Checking drawing...
INFO(SPCOCN-1028): writing <misc>SY100EL34L.SYM.1.1:
INFO(SPCOCN-1051): writing body file...
INFO(SPCOCN-1054): ...written
No netlisting errors found. 

INFO(SPCOCN-1640): writing occurrence data...
INFO(SPCOCN-1054): ...written
INFO(SPCOCN-1443): DEFAULT_CLK_SEL.SCH.1.1 has been previously edited as drawing #1.
INFO(SPCOCN-1001): Component: I2 selected.
INFO(SPCOCN-1001): Component: I2 selected.
INFO(SPCOCN-1001): Component: I2 selected.
INFO(SPCOCN-1854): The drawing DEFAULT_CLK_SEL.SCH.1.1
INFO(SPCOCN-578): will be retained as drawing #1.
INFO(SPCOCN-1445): Reading SY100EL91L.SYM.1.1 into drawing #2.
INFO(SPCOCN-1443): DEFAULT_CLK_SEL.SCH.1.1 has been previously edited as drawing #1.
INFO(SPCOCN-1507): Adding version 1 of part TESTPOINT_L from library misc
INFO(SPCOCN-1507): Adding version 1 of part RSMD0805 from library resistors
INFO(SPCOCN-1001): Component: I9 selected.
WARNING(SPCOCN-1553): Wire split has multiple signal names, which might short the component.
WARNING(SPCOCN-1553): Wire split has multiple signal names, which might short the component.
INFO(SPCOCN-1507): Adding version 1 of part OUTPORT from library standard
INFO(SPCOCN-1507): Adding version 1 of part OUTPORT from library standard
INFO(SPCOCN-1001): Component: I10 selected.
INFO(SPCOCN-1001): Component: I17 selected.
INFO(SPCOCN-1507): Adding version 1 of part INPORT from library standard
INFO(SPCOCN-999): Signal: RESET_CLK_DIV_ECL selected.
WARNING(SPCOCN-1200): Using group A
INFO(SPCOCN-1195): Group "A" contains:   19 bodies   257 properties   0 notes   78 wires   20 dots   0 images
WARNING(SPCOCN-1202): Including in group A
INFO(SPCOCN-1195): Group "A" contains:   19 bodies   257 properties   0 notes   78 wires   20 dots   0 images
INFO(SPCOCN-1195): Group "A" contains:   19 bodies   258 properties   0 notes   78 wires   20 dots   0 images
INFO(SPCOCN-1507): Adding version 1 of part CSMD0603 from library capacitors
INFO(SPCOCN-1507): Adding version 1 of part CSMD0603 from library capacitors
INFO(SPCOCN-1507): Adding version 1 of part CSMD0603 from library capacitors
INFO(SPCOCN-1507): Adding version 1 of part CSMD0603 from library capacitors
INFO(SPCOCN-1507): Adding version 1 of part CSMD0603 from library capacitors
INFO(SPCOCN-1507): Adding version 1 of part CSMD0603 from library capacitors
ERROR(SPCOCN-1521): Specify a signal name before selecting point.
INFO(SPCOCN-1001): Component: I26 selected.
WARNING(SPCOCN-1200): Using group A
INFO(SPCOCN-1195): Group "A" contains:   26 bodies   407 properties   0 notes   109 wires   24 dots   0 images
WARNING(SPCOCN-1203): Excluding from group A
INFO(SPCOCN-1195): Group "A" contains:   26 bodies   407 properties   0 notes   109 wires   24 dots   0 images
INFO(SPCOCN-1195): Group "A" contains:   25 bodies   407 properties   0 notes   109 wires   24 dots   0 images
INFO(SPCOCN-1195): Group "A" contains:   24 bodies   407 properties   0 notes   109 wires   24 dots   0 images
INFO(SPCOCN-1195): Group "A" contains:   23 bodies   407 properties   0 notes   109 wires   24 dots   0 images
INFO(SPCOCN-1195): Group "A" contains:   22 bodies   407 properties   0 notes   109 wires   24 dots   0 images
INFO(SPCOCN-1195): Group "A" contains:   21 bodies   407 properties   0 notes   109 wires   24 dots   0 images
INFO(SPCOCN-1195): Group contains:   14 bodies   64 properties   0 notes   49 wires   6 dots   0 images
INFO(SPCOCN-1001): Component: I13 selected.
INFO(SPCOCN-1070): Checking drawing...
INFO(SPCOCN-1024): Drawing not written.
INFO(SPCOCN-999): Signal: FOX_100MHZ_P selected.
INFO(SPCOCN-1070): Checking drawing...
INFO(SPCOCN-1028): writing <tubii_tk2_lib>DEFAULT_CLK_SEL.SCH.1.1:
INFO(SPCOCN-1044): writing binary file...
INFO(SPCOCN-1049): writing ASCII file...
INFO(SPCOCN-1053): writing connectivity file...
INFO(SPCOCN-1054): ...written

CSDirect 16.6-p007 (v16-6-112F)

Netlisting block default_clk_sel

Processing page 1

Following ports were added to the block 'default_clk_sel' : 
		bckp_clk
		clk_sel
		default_clk
		reset
		tub_clk_in
The connectivity of parent blocks will be updated by saving the following pages:
		Block: clocks	Page: 1

INFO(SPCOCN-1028): writing <tubii_tk2_lib>clocks.SCH.1.1:
INFO(SPCOCN-1044): writing binary file...
INFO(SPCOCN-1049): writing ASCII file...
INFO(SPCOCN-1053): writing connectivity file...
INFO(SPCOCN-1054): ...written

CSDirect 16.6-p007 (v16-6-112F)

Netlisting block clocks

Processing page 1

No netlisting errors found. 

WARNING(SPCOCN-2106): Errors and warnings were found while updating connectivity of pages due to port addition. 
Check the following markers file for errors and warnings:
temp/default_clk_sel.sch_1.mkr


INFO(SPCOCN-1640): writing occurrence data...
INFO(SPCOCN-1054): ...written
INFO(SPCOCN-1445): Reading CLOCKS.SCH.1.1 into drawing #1.
INFO(SPCOCN-1070): Checking drawing...
INFO(SPCOCN-1028): writing <tubii_tk2_lib>DEFAULT_CLK_SEL.SYM.1.1:
INFO(SPCOCN-1051): writing body file...
INFO(SPCOCN-1054): ...written
No netlisting errors found. 

INFO(SPCOCN-1070): Checking drawing...
INFO(SPCOCN-1028): writing <tubii_tk2_lib>CLOCKS.SCH.1.1:
INFO(SPCOCN-1044): writing binary file...
INFO(SPCOCN-1049): writing ASCII file...
INFO(SPCOCN-1053): writing connectivity file...
INFO(SPCOCN-1054): ...written

CSDirect 16.6-p007 (v16-6-112F)

Netlisting block clocks

Processing page 1

No netlisting errors found. 

INFO(SPCOCN-1640): writing occurrence data...
INFO(SPCOCN-1054): ...written
INFO(SPCOCN-1001): Component: I1 selected.
INFO(SPCOCN-1445): Reading DEFAULT_CLK_SEL.SCH.1.1 into drawing #1.
INFO(SPCOCN-1445): Reading CLOCKS.SCH.1.1 into drawing #1.
INFO(SPCOCN-1001): Component: I2 selected.
INFO(SPCOCN-1443): FAULT_DETECTION.SYM.1.1 has been previously edited as drawing #2.
INFO(SPCOCN-1070): Checking drawing...
INFO(SPCOCN-1028): writing <tubii_tk2_lib>FAULT_DETECTION.SYM.1.1:
INFO(SPCOCN-1051): writing body file...
INFO(SPCOCN-1054): ...written
No netlisting errors found. 

INFO(SPCOCN-1640): writing occurrence data...
INFO(SPCOCN-1028): writing <tubii_tk2_lib>FAULT_DETECTION.SCH.1.1:
INFO(SPCOCN-1044): writing binary file...
INFO(SPCOCN-1049): writing ASCII file...
INFO(SPCOCN-1053): writing connectivity file...
INFO(SPCOCN-1054): ...written

CSDirect 16.6-p007 (v16-6-112F)

Netlisting block fault_detection

Processing page 1

No netlisting errors found. 

INFO(SPCOCN-1054): ...written
INFO(SPCOCN-1443): CLOCKS.SCH.1.1 has been previously edited as drawing #1.
INFO(SPCOCN-1001): Component: I2 selected.
INFO(SPCOCN-1854): The drawing CLOCKS.SCH.1.1
INFO(SPCOCN-578): will be retained as drawing #1.
INFO(SPCOCN-1445): Reading FAULT_DETECTION.SCH.1.1 into drawing #2.
INFO(SPCOCN-1507): Adding version 1 of part PENN B SIZE PAGE from library misc
INFO(SPCOCN-1070): Checking drawing...
INFO(SPCOCN-1028): writing <tubii_tk2_lib>FAULT_DETECTION.SCH.1.1:
INFO(SPCOCN-1044): writing binary file...
INFO(SPCOCN-1049): writing ASCII file...
INFO(SPCOCN-1053): writing connectivity file...
INFO(SPCOCN-1054): ...written

CSDirect 16.6-p007 (v16-6-112F)

Netlisting block fault_detection

Processing page 1

No netlisting errors found. 

INFO(SPCOCN-1640): writing occurrence data...
INFO(SPCOCN-1054): ...written
INFO(SPCOCN-1443): CLOCKS.SCH.1.1 has been previously edited as drawing #1.
INFO(SPCOCN-1070): Checking drawing...
INFO(SPCOCN-1028): writing <tubii_tk2_lib>CLOCKS.SCH.1.1:
INFO(SPCOCN-1044): writing binary file...
INFO(SPCOCN-1049): writing ASCII file...
INFO(SPCOCN-1053): writing connectivity file...
INFO(SPCOCN-1054): ...written

CSDirect 16.6-p007 (v16-6-112F)

Netlisting block clocks

Processing page 1

No netlisting errors found. 

INFO(SPCOCN-1640): writing occurrence data...
INFO(SPCOCN-1054): ...written
INFO(SPCOCN-1019): Save All completed.
