FILE_TYPE=LIBRARY_PARTS;
TIME=' COMPILATION ON FRI DEC  6 14:36:58 1996  ';
primitive 'MC10198','MC10198_DIP';
  pin
    'HSTRIG':
      INPUT_LOAD='(0.0005,0.35)';
      PIN_NUMBER='(15)';
    'TRIG':
      INPUT_LOAD='(0.0005,0.22)';
      PIN_NUMBER='(13)';
    '-ENEG':
      INPUT_LOAD='(0.0005,0.26)';
      PIN_NUMBER='(10)';
    'EPWC':
      INPUT_LOAD='(0.0005,0.26)';
      PIN_NUMBER='(7)'; 
    '-EPOS':
      INPUT_LOAD='(0.0005,0.26)';
      PIN_NUMBER='(5)';
    'REXT':
      INPUT_LOAD='(0.0005,0.26)';
      PIN_NUMBER='(6)';
    'CEXT':
      INPUT_LOAD='(0.0005,0.26)';
      PIN_NUMBER='(4)';
    'Q':
      OUTPUT_LOAD='(-7.0,-23.8)';
      OUTPUT_TYPE='(OE,OR)';
      PIN_NUMBER='(3)';
    '-Q':
      OUTPUT_LOAD='(-7.0,-23.8)';
      OUTPUT_TYPE='(OE,OR)';
      PIN_NUMBER='(2)';
  end_pin;
  body
    POWER_PINS='(GND:1;GND:16;VEE:8)';
    FAMILY='ECL10K';
    JEDEC_TYPE='DIP16_3';
    CLASS='IC';
    PART_NAME='MC10198';
    NC_PINS='(14,12,11,9)'; 
    TECH='10K';
  end_body;
end_primitive;
primitive 'MC10198_PLCC';
  pin
    '-EPOS':
      PIN_NUMBER='(7)';
      INPUT_LOAD='(-0.01,0.01)';
    '-ENEG':
      PIN_NUMBER='(13)';
      INPUT_LOAD='(-0.01,0.01)';
    'TRIG':
      PIN_NUMBER='(17)';
      INPUT_LOAD='(-0.01,0.01)';
    'HSTRIG':
      PIN_NUMBER='(19)';
      INPUT_LOAD='(-0.01,0.01)';
    'EPWC':
      PIN_NUMBER='(9)';
      INPUT_LOAD='(-0.01,0.01)';
    'REXT':
      PIN_NUMBER='(8)';
      INPUT_LOAD='(-0.01,0.01)';
    'CEXT':
      PIN_NUMBER='(5)';
      INPUT_LOAD='(-0.01,0.01)';
    'Q':
      PIN_NUMBER='(4)';
      OUTPUT_LOAD='(1.0,-1.0)';
    '-Q':
      PIN_NUMBER='(3)';
      OUTPUT_LOAD='(1.0,-1.0)';
  end_pin;
  body
    JEDEC_TYPE='PLCC20';
    POWER_PINS='(NC:1)';
    POWER_PINS='(NC:6)';
    POWER_PINS='(NC:11)';
    POWER_PINS='(NC:16)';
    POWER_PINS='(VEE:10)';
    POWER_PINS='(GND:2)';
    POWER_PINS='(GND:20)';
    POWER_PINS='(NC:12)';
    POWER_PINS='(NC:15)';
    POWER_PINS='(NC:18)';
    POWER_PINS='(NC:14)';
    FAMILY='ECL10K';
    CLASS='IC';
    PART_NAME='MC10198';
    TECH='10K';
  end_body;
end_primitive;
END.
