	(Comment
		(Time 01/29/15,10:34:00)
		(User QGPWindowsVB)
		(MsgId ECO_021)
		(Text "Package SIP_HEADER_2PIN added to cell")
		(Param1 "SIP_HEADER_2PIN")
	)
	(Comment
		(Time 01/29/15,10:34:30)
		(User QGPWindowsVB)
		(MsgId ECO_081)
		(Text "Symbol sym_1 added to cell")
		(Param1 "sym_1")
	)
	(Comment
		(Time 05/27/15,11:25:03)
		(User QGPWindowsVB)
		(MsgId ECO_081)
		(Text "Symbol sym_2 added to cell")
		(Param1 "sym_2")
	)
	(Comment
		(Time 05/27/15,11:25:11)
		(User QGPWindowsVB)
		(MsgId ECO_082)
		(Text "Symbol sym_2 deleted from cell")
		(Param1 "sym_2")
	)
	(Comment
		(Time 05/27/15,11:25:18)
		(User QGPWindowsVB)
		(MsgId ECO_081)
		(Text "Symbol sym_2 added to cell")
		(Param1 "sym_2")
	)
